
DevTools listening on ws://127.0.0.1:54602/devtools/browser/bb464362-8382-41fc-a58e-eb86420397de
Missing baseUrl in compilerOptions. tsconfig-paths will be skipped

ğŸš€ Fantasy Element Builder is running on port 3003
ğŸ“± Open http://localhost:3003 in your browser


Opening `/dev/tty` failed (6): Device not configured
================================================================================

  (Run Starting)

  â”Œâ”€â”€â”€â”€â”€â”€â”€â”€â”€â”€â”€â”€â”€â”€â”€â”€â”€â”€â”€â”€â”€â”€â”€â”€â”€â”€â”€â”€â”€â”€â”€â”€â”€â”€â”€â”€â”€â”€â”€â”€â”€â”€â”€â”€â”€â”€â”€â”€â”€â”€â”€â”€â”€â”€â”€â”€â”€â”€â”€â”€â”€â”€â”€â”€â”€â”€â”€â”€â”€â”€â”€â”€â”€â”€â”€â”€â”€â”€â”€â”€â”€â”€â”€â”€â”€â”€â”€â”€â”€â”€â”€â”€â”€â”€â”€â”€â”
  â”‚ Cypress:        14.5.4                                                                         â”‚
  â”‚ Browser:        Electron 130 (headless)                                                        â”‚
  â”‚ Node Version:   v20.19.3 (/Users/jacobstoragepug/.nvm/versions/node/v20.19.3/bin/node)         â”‚
  â”‚ Specs:          62 found (AutoSaveIndicator.cy.tsx, BaseElementForm.incremental.cy.tsx, BaseEl â”‚
  â”‚                 ementForm.isolated.cy.tsx, BaseElementForm.minimal.cy.tsx, BaseElementForm.sim â”‚
  â”‚                 ple.cy.tsx, BaseElementForm.stateless.cy.tsx, BasicQuestionsSelector.cy.tsx, B â”‚
  â”‚                 asicQuestionsSelector.s...)                                                    â”‚
  â”‚ Searched:       cypress/component/**/*.cy.{js,jsx,ts,tsx}                                      â”‚
  â””â”€â”€â”€â”€â”€â”€â”€â”€â”€â”€â”€â”€â”€â”€â”€â”€â”€â”€â”€â”€â”€â”€â”€â”€â”€â”€â”€â”€â”€â”€â”€â”€â”€â”€â”€â”€â”€â”€â”€â”€â”€â”€â”€â”€â”€â”€â”€â”€â”€â”€â”€â”€â”€â”€â”€â”€â”€â”€â”€â”€â”€â”€â”€â”€â”€â”€â”€â”€â”€â”€â”€â”€â”€â”€â”€â”€â”€â”€â”€â”€â”€â”€â”€â”€â”€â”€â”€â”€â”€â”€â”€â”€â”€â”€â”€â”€â”˜


â”€â”€â”€â”€â”€â”€â”€â”€â”€â”€â”€â”€â”€â”€â”€â”€â”€â”€â”€â”€â”€â”€â”€â”€â”€â”€â”€â”€â”€â”€â”€â”€â”€â”€â”€â”€â”€â”€â”€â”€â”€â”€â”€â”€â”€â”€â”€â”€â”€â”€â”€â”€â”€â”€â”€â”€â”€â”€â”€â”€â”€â”€â”€â”€â”€â”€â”€â”€â”€â”€â”€â”€â”€â”€â”€â”€â”€â”€â”€â”€â”€â”€â”€â”€â”€â”€â”€â”€â”€â”€â”€â”€â”€â”€â”€â”€â”€â”€â”€â”€
                                                                                                    
  Running:  AutoSaveIndicator.cy.tsx                                                       (1 of 62)
11 assets
264 modules
webpack 5.101.3 compiled [1m[32msuccessfully[39m[22m in 1057 ms
13 assets
266 modules
webpack 5.101.3 compiled [1m[32msuccessfully[39m[22m in 107 ms


  AutoSaveIndicator Component
    âœ“ should render idle state by default (21ms)
    1) should show saving state
    2) should show saved state
    3) should show error state
    4) should show custom error message
    5) should show timestamp for saved state
    6) should update timestamp text over time
    7) should handle click on retry for error state
    âœ“ should apply custom className (26ms)
    8) should transition between states smoothly
    9) should auto-hide saved state after delay
    10) should be accessible


  2 passing (42s)
  10 failing

  1) AutoSaveIndicator Component
       should show saving state:
     AssertionError: Timed out retrying after 4000ms: Expected to find element: `[data-cy="autosave-status"]`, but never found it.
      at Context.<anonymous> (webpack://FantasyWritingApp/./cypress/component/AutoSaveIndicator.cy.tsx:15:42)

  2) AutoSaveIndicator Component
       should show saved state:
     AssertionError: Timed out retrying after 4000ms: Expected to find element: `[data-cy="autosave-status"]`, but never found it.
      at Context.<anonymous> (webpack://FantasyWritingApp/./cypress/component/AutoSaveIndicator.cy.tsx:23:42)

  3) AutoSaveIndicator Component
       should show error state:
     AssertionError: Timed out retrying after 4000ms: Expected to find element: `[data-cy="autosave-status"]`, but never found it.
      at Context.<anonymous> (webpack://FantasyWritingApp/./cypress/component/AutoSaveIndicator.cy.tsx:32:42)

  4) AutoSaveIndicator Component
       should show custom error message:
     AssertionError: Timed out retrying after 4000ms: Expected to find element: `[data-cy="autosave-status"]`, but never found it.
      at Context.<anonymous> (webpack://FantasyWritingApp/./cypress/component/AutoSaveIndicator.cy.tsx:39:42)

  5) AutoSaveIndicator Component
       should show timestamp for saved state:
     AssertionError: Timed out retrying after 4000ms: Expected to find element: `[data-cy="autosave-timestamp"]`, but never found it.
      at Context.<anonymous> (webpack://FantasyWritingApp/./cypress/component/AutoSaveIndicator.cy.tsx:46:45)

  6) AutoSaveIndicator Component
       should update timestamp text over time:
     AssertionError: Timed out retrying after 4000ms: Expected to find element: `[data-cy="autosave-timestamp"]`, but never found it.
      at Context.<anonymous> (webpack://FantasyWritingApp/./cypress/component/AutoSaveIndicator.cy.tsx:54:45)

  7) AutoSaveIndicator Component
       should handle click on retry for error state:
     AssertionError: Timed out retrying after 4000ms: Expected to find element: `[data-cy="autosave-retry"]`, but never found it.
      at Context.<anonymous> (webpack://FantasyWritingApp/./cypress/component/AutoSaveIndicator.cy.tsx:61:41)

  8) AutoSaveIndicator Component
       should transition between states smoothly:
     AssertionError: Timed out retrying after 4000ms: Expected to find element: `[data-cy="autosave-status"]`, but never found it.
      at Context.<anonymous> (webpack://FantasyWritingApp/./cypress/component/AutoSaveIndicator.cy.tsx:81:42)

  9) AutoSaveIndicator Component
       should auto-hide saved state after delay:
     AssertionError: Timed out retrying after 4000ms: Expected <div> not to exist in the DOM, but it was continuously found.
      at Context.<anonymous> (webpack://FantasyWritingApp/./cypress/component/AutoSaveIndicator.cy.tsx:105:45)

  10) AutoSaveIndicator Component
       should be accessible:
     AssertionError: Timed out retrying after 4000ms: expected '<div>' to have attribute 'role'
      at Context.<anonymous> (webpack://FantasyWritingApp/./cypress/component/AutoSaveIndicator.cy.tsx:111:45)




  (Results)

  â”Œâ”€â”€â”€â”€â”€â”€â”€â”€â”€â”€â”€â”€â”€â”€â”€â”€â”€â”€â”€â”€â”€â”€â”€â”€â”€â”€â”€â”€â”€â”€â”€â”€â”€â”€â”€â”€â”€â”€â”€â”€â”€â”€â”€â”€â”€â”€â”€â”€â”€â”€â”€â”€â”€â”€â”€â”€â”€â”€â”€â”€â”€â”€â”€â”€â”€â”€â”€â”€â”€â”€â”€â”€â”€â”€â”€â”€â”€â”€â”€â”€â”€â”€â”€â”€â”€â”€â”€â”€â”€â”€â”€â”€â”€â”€â”€â”€â”
  â”‚ Tests:        12                                                                               â”‚
  â”‚ Passing:      2                                                                                â”‚
  â”‚ Failing:      10                                                                               â”‚
  â”‚ Pending:      0                                                                                â”‚
  â”‚ Skipped:      0                                                                                â”‚
  â”‚ Screenshots:  10                                                                               â”‚
  â”‚ Video:        false                                                                            â”‚
  â”‚ Duration:     41 seconds                                                                       â”‚
  â”‚ Spec Ran:     AutoSaveIndicator.cy.tsx                                                         â”‚
  â””â”€â”€â”€â”€â”€â”€â”€â”€â”€â”€â”€â”€â”€â”€â”€â”€â”€â”€â”€â”€â”€â”€â”€â”€â”€â”€â”€â”€â”€â”€â”€â”€â”€â”€â”€â”€â”€â”€â”€â”€â”€â”€â”€â”€â”€â”€â”€â”€â”€â”€â”€â”€â”€â”€â”€â”€â”€â”€â”€â”€â”€â”€â”€â”€â”€â”€â”€â”€â”€â”€â”€â”€â”€â”€â”€â”€â”€â”€â”€â”€â”€â”€â”€â”€â”€â”€â”€â”€â”€â”€â”€â”€â”€â”€â”€â”€â”˜


  (Screenshots)

  -  /Users/jacobstoragepug/Desktop/FantasyWritingApp/cypress/screenshots/AutoSaveInd    (2560x1440)
     icator.cy.tsx/AutoSaveIndicator Component -- should show saving state (failed).p               
     ng                                                                                             
  -  /Users/jacobstoragepug/Desktop/FantasyWritingApp/cypress/screenshots/AutoSaveInd    (2560x1440)
     icator.cy.tsx/AutoSaveIndicator Component -- should show saved state (failed).pn               
     g                                                                                              
  -  /Users/jacobstoragepug/Desktop/FantasyWritingApp/cypress/screenshots/AutoSaveInd    (2560x1440)
     icator.cy.tsx/AutoSaveIndicator Component -- should show error state (failed).pn               
     g                                                                                              
  -  /Users/jacobstoragepug/Desktop/FantasyWritingApp/cypress/screenshots/AutoSaveInd    (2560x1440)
     icator.cy.tsx/AutoSaveIndicator Component -- should show custom error message (f               
     ailed).png                                                                                     
  -  /Users/jacobstoragepug/Desktop/FantasyWritingApp/cypress/screenshots/AutoSaveInd    (2560x1440)
     icator.cy.tsx/AutoSaveIndicator Component -- should show timestamp for saved sta               
     te (failed).png                                                                                
  -  /Users/jacobstoragepug/Desktop/FantasyWritingApp/cypress/screenshots/AutoSaveInd    (2560x1440)
     icator.cy.tsx/AutoSaveIndicator Component -- should update timestamp text over t               
     ime (failed).png                                                                               
  -  /Users/jacobstoragepug/Desktop/FantasyWritingApp/cypress/screenshots/AutoSaveInd    (2560x1440)
     icator.cy.tsx/AutoSaveIndicator Component -- should handle click on retry for er               
     ror state (failed).png                                                                         
  -  /Users/jacobstoragepug/Desktop/FantasyWritingApp/cypress/screenshots/AutoSaveInd    (2560x1440)
     icator.cy.tsx/AutoSaveIndicator Component -- should transition between states sm               
     oothly (failed).png                                                                            
  -  /Users/jacobstoragepug/Desktop/FantasyWritingApp/cypress/screenshots/AutoSaveInd    (2560x1440)
     icator.cy.tsx/AutoSaveIndicator Component -- should auto-hide saved state after                
     delay (failed).png                                                                             
  -  /Users/jacobstoragepug/Desktop/FantasyWritingApp/cypress/screenshots/AutoSaveInd    (2560x1440)
     icator.cy.tsx/AutoSaveIndicator Component -- should be accessible (failed).png                 


â”€â”€â”€â”€â”€â”€â”€â”€â”€â”€â”€â”€â”€â”€â”€â”€â”€â”€â”€â”€â”€â”€â”€â”€â”€â”€â”€â”€â”€â”€â”€â”€â”€â”€â”€â”€â”€â”€â”€â”€â”€â”€â”€â”€â”€â”€â”€â”€â”€â”€â”€â”€â”€â”€â”€â”€â”€â”€â”€â”€â”€â”€â”€â”€â”€â”€â”€â”€â”€â”€â”€â”€â”€â”€â”€â”€â”€â”€â”€â”€â”€â”€â”€â”€â”€â”€â”€â”€â”€â”€â”€â”€â”€â”€â”€â”€â”€â”€â”€â”€
                                                                                                    
  Running:  BaseElementForm.incremental.cy.tsx                                             (2 of 62)
13 assets
265 modules

[1m[31mERROR[39m[22m in [1m./cypress/component/BaseElementForm.incremental.cy.tsx[39m[22m [1m[32m3:0-80[39m[22m
[1mModule [1m[31mnot found[39m[22m[1m: [1m[31mError[39m[22m[1m: Can't resolve '../../src/components/elements/BaseElementForm' in '/Users/jacobstoragepug/Desktop/FantasyWritingApp/cypress/component'[39m[22m

webpack 5.101.3 compiled with [1m[31m1 error[39m[22m in 93 ms


  1) An uncaught error was detected outside of a test

  0 passing (136ms)
  1 failing

  1) An uncaught error was detected outside of a test:
     Error: The following error originated from your test code, not from Cypress.

  > Cannot find module '../../src/components/elements/BaseElementForm'

When Cypress detects uncaught errors originating from your test code it will automatically fail the current test.

Cypress could not associate this error to any specific test.

We dynamically generated a new test to display this failure.
      at webpackMissingModule (http://localhost:3003/__cypress/src/spec-0.js:13:50)
      at ./cypress/component/BaseElementForm.incremental.cy.tsx (http://localhost:3003/__cypress/src/spec-0.js:13:170)
      at Function.__webpack_require__ (http://localhost:3003/__cypress/src/runtime.js:23:41)




  (Results)

  â”Œâ”€â”€â”€â”€â”€â”€â”€â”€â”€â”€â”€â”€â”€â”€â”€â”€â”€â”€â”€â”€â”€â”€â”€â”€â”€â”€â”€â”€â”€â”€â”€â”€â”€â”€â”€â”€â”€â”€â”€â”€â”€â”€â”€â”€â”€â”€â”€â”€â”€â”€â”€â”€â”€â”€â”€â”€â”€â”€â”€â”€â”€â”€â”€â”€â”€â”€â”€â”€â”€â”€â”€â”€â”€â”€â”€â”€â”€â”€â”€â”€â”€â”€â”€â”€â”€â”€â”€â”€â”€â”€â”€â”€â”€â”€â”€â”€â”
  â”‚ Tests:        1                                                                                â”‚
  â”‚ Passing:      0                                                                                â”‚
  â”‚ Failing:      1                                                                                â”‚
  â”‚ Pending:      0                                                                                â”‚
  â”‚ Skipped:      0                                                                                â”‚
  â”‚ Screenshots:  1                                                                                â”‚
  â”‚ Video:        false                                                                            â”‚
  â”‚ Duration:     0 seconds                                                                        â”‚
  â”‚ Spec Ran:     BaseElementForm.incremental.cy.tsx                                               â”‚
  â””â”€â”€â”€â”€â”€â”€â”€â”€â”€â”€â”€â”€â”€â”€â”€â”€â”€â”€â”€â”€â”€â”€â”€â”€â”€â”€â”€â”€â”€â”€â”€â”€â”€â”€â”€â”€â”€â”€â”€â”€â”€â”€â”€â”€â”€â”€â”€â”€â”€â”€â”€â”€â”€â”€â”€â”€â”€â”€â”€â”€â”€â”€â”€â”€â”€â”€â”€â”€â”€â”€â”€â”€â”€â”€â”€â”€â”€â”€â”€â”€â”€â”€â”€â”€â”€â”€â”€â”€â”€â”€â”€â”€â”€â”€â”€â”€â”˜


  (Screenshots)

  -  /Users/jacobstoragepug/Desktop/FantasyWritingApp/cypress/screenshots/BaseElement    (2560x1440)
     Form.incremental.cy.tsx/An uncaught error was detected outside of a test (failed               
     ).png                                                                                          


â”€â”€â”€â”€â”€â”€â”€â”€â”€â”€â”€â”€â”€â”€â”€â”€â”€â”€â”€â”€â”€â”€â”€â”€â”€â”€â”€â”€â”€â”€â”€â”€â”€â”€â”€â”€â”€â”€â”€â”€â”€â”€â”€â”€â”€â”€â”€â”€â”€â”€â”€â”€â”€â”€â”€â”€â”€â”€â”€â”€â”€â”€â”€â”€â”€â”€â”€â”€â”€â”€â”€â”€â”€â”€â”€â”€â”€â”€â”€â”€â”€â”€â”€â”€â”€â”€â”€â”€â”€â”€â”€â”€â”€â”€â”€â”€â”€â”€â”€â”€
                                                                                                    
  Running:  BaseElementForm.isolated.cy.tsx                                                (3 of 62)
13 assets
265 modules

[1m[31mERROR[39m[22m in [1m./cypress/component/BaseElementForm.isolated.cy.tsx[39m[22m [1m[32m3:0-80[39m[22m
[1mModule [1m[31mnot found[39m[22m[1m: [1m[31mError[39m[22m[1m: Can't resolve '../../src/components/elements/BaseElementForm' in '/Users/jacobstoragepug/Desktop/FantasyWritingApp/cypress/component'[39m[22m

webpack 5.101.3 compiled with [1m[31m1 error[39m[22m in 45 ms


  1) An uncaught error was detected outside of a test

  0 passing (121ms)
  1 failing

  1) An uncaught error was detected outside of a test:
     Error: The following error originated from your test code, not from Cypress.

  > Cannot find module '../../src/components/elements/BaseElementForm'

When Cypress detects uncaught errors originating from your test code it will automatically fail the current test.

Cypress could not associate this error to any specific test.

We dynamically generated a new test to display this failure.
      at webpackMissingModule (http://localhost:3003/__cypress/src/spec-0.js:13:50)
      at ./cypress/component/BaseElementForm.isolated.cy.tsx (http://localhost:3003/__cypress/src/spec-0.js:13:170)
      at Function.__webpack_require__ (http://localhost:3003/__cypress/src/runtime.js:23:41)




  (Results)

  â”Œâ”€â”€â”€â”€â”€â”€â”€â”€â”€â”€â”€â”€â”€â”€â”€â”€â”€â”€â”€â”€â”€â”€â”€â”€â”€â”€â”€â”€â”€â”€â”€â”€â”€â”€â”€â”€â”€â”€â”€â”€â”€â”€â”€â”€â”€â”€â”€â”€â”€â”€â”€â”€â”€â”€â”€â”€â”€â”€â”€â”€â”€â”€â”€â”€â”€â”€â”€â”€â”€â”€â”€â”€â”€â”€â”€â”€â”€â”€â”€â”€â”€â”€â”€â”€â”€â”€â”€â”€â”€â”€â”€â”€â”€â”€â”€â”€â”
  â”‚ Tests:        1                                                                                â”‚
  â”‚ Passing:      0                                                                                â”‚
  â”‚ Failing:      1                                                                                â”‚
  â”‚ Pending:      0                                                                                â”‚
  â”‚ Skipped:      0                                                                                â”‚
  â”‚ Screenshots:  1                                                                                â”‚
  â”‚ Video:        false                                                                            â”‚
  â”‚ Duration:     0 seconds                                                                        â”‚
  â”‚ Spec Ran:     BaseElementForm.isolated.cy.tsx                                                  â”‚
  â””â”€â”€â”€â”€â”€â”€â”€â”€â”€â”€â”€â”€â”€â”€â”€â”€â”€â”€â”€â”€â”€â”€â”€â”€â”€â”€â”€â”€â”€â”€â”€â”€â”€â”€â”€â”€â”€â”€â”€â”€â”€â”€â”€â”€â”€â”€â”€â”€â”€â”€â”€â”€â”€â”€â”€â”€â”€â”€â”€â”€â”€â”€â”€â”€â”€â”€â”€â”€â”€â”€â”€â”€â”€â”€â”€â”€â”€â”€â”€â”€â”€â”€â”€â”€â”€â”€â”€â”€â”€â”€â”€â”€â”€â”€â”€â”€â”˜


  (Screenshots)

  -  /Users/jacobstoragepug/Desktop/FantasyWritingApp/cypress/screenshots/BaseElement    (2560x1440)
     Form.isolated.cy.tsx/An uncaught error was detected outside of a test (failed).p               
     ng                                                                                             


â”€â”€â”€â”€â”€â”€â”€â”€â”€â”€â”€â”€â”€â”€â”€â”€â”€â”€â”€â”€â”€â”€â”€â”€â”€â”€â”€â”€â”€â”€â”€â”€â”€â”€â”€â”€â”€â”€â”€â”€â”€â”€â”€â”€â”€â”€â”€â”€â”€â”€â”€â”€â”€â”€â”€â”€â”€â”€â”€â”€â”€â”€â”€â”€â”€â”€â”€â”€â”€â”€â”€â”€â”€â”€â”€â”€â”€â”€â”€â”€â”€â”€â”€â”€â”€â”€â”€â”€â”€â”€â”€â”€â”€â”€â”€â”€â”€â”€â”€â”€
                                                                                                    
  Running:  BaseElementForm.minimal.cy.tsx                                                 (4 of 62)
13 assets
265 modules

[1m[31mERROR[39m[22m in [1m./cypress/component/BaseElementForm.minimal.cy.tsx[39m[22m [1m[32m3:0-80[39m[22m
[1mModule [1m[31mnot found[39m[22m[1m: [1m[31mError[39m[22m[1m: Can't resolve '../../src/components/elements/BaseElementForm' in '/Users/jacobstoragepug/Desktop/FantasyWritingApp/cypress/component'[39m[22m

webpack 5.101.3 compiled with [1m[31m1 error[39m[22m in 39 ms


  1) An uncaught error was detected outside of a test

  0 passing (121ms)
  1 failing

  1) An uncaught error was detected outside of a test:
     Error: The following error originated from your test code, not from Cypress.

  > Cannot find module '../../src/components/elements/BaseElementForm'

When Cypress detects uncaught errors originating from your test code it will automatically fail the current test.

Cypress could not associate this error to any specific test.

We dynamically generated a new test to display this failure.
      at webpackMissingModule (http://localhost:3003/__cypress/src/spec-0.js:13:50)
      at ./cypress/component/BaseElementForm.minimal.cy.tsx (http://localhost:3003/__cypress/src/spec-0.js:13:170)
      at Function.__webpack_require__ (http://localhost:3003/__cypress/src/runtime.js:23:41)




  (Results)

  â”Œâ”€â”€â”€â”€â”€â”€â”€â”€â”€â”€â”€â”€â”€â”€â”€â”€â”€â”€â”€â”€â”€â”€â”€â”€â”€â”€â”€â”€â”€â”€â”€â”€â”€â”€â”€â”€â”€â”€â”€â”€â”€â”€â”€â”€â”€â”€â”€â”€â”€â”€â”€â”€â”€â”€â”€â”€â”€â”€â”€â”€â”€â”€â”€â”€â”€â”€â”€â”€â”€â”€â”€â”€â”€â”€â”€â”€â”€â”€â”€â”€â”€â”€â”€â”€â”€â”€â”€â”€â”€â”€â”€â”€â”€â”€â”€â”€â”
  â”‚ Tests:        1                                                                                â”‚
  â”‚ Passing:      0                                                                                â”‚
  â”‚ Failing:      1                                                                                â”‚
  â”‚ Pending:      0                                                                                â”‚
  â”‚ Skipped:      0                                                                                â”‚
  â”‚ Screenshots:  1                                                                                â”‚
  â”‚ Video:        false                                                                            â”‚
  â”‚ Duration:     0 seconds                                                                        â”‚
  â”‚ Spec Ran:     BaseElementForm.minimal.cy.tsx                                                   â”‚
  â””â”€â”€â”€â”€â”€â”€â”€â”€â”€â”€â”€â”€â”€â”€â”€â”€â”€â”€â”€â”€â”€â”€â”€â”€â”€â”€â”€â”€â”€â”€â”€â”€â”€â”€â”€â”€â”€â”€â”€â”€â”€â”€â”€â”€â”€â”€â”€â”€â”€â”€â”€â”€â”€â”€â”€â”€â”€â”€â”€â”€â”€â”€â”€â”€â”€â”€â”€â”€â”€â”€â”€â”€â”€â”€â”€â”€â”€â”€â”€â”€â”€â”€â”€â”€â”€â”€â”€â”€â”€â”€â”€â”€â”€â”€â”€â”€â”˜


  (Screenshots)

  -  /Users/jacobstoragepug/Desktop/FantasyWritingApp/cypress/screenshots/BaseElement    (2560x1440)
     Form.minimal.cy.tsx/An uncaught error was detected outside of a test (failed).pn               
     g                                                                                              


â”€â”€â”€â”€â”€â”€â”€â”€â”€â”€â”€â”€â”€â”€â”€â”€â”€â”€â”€â”€â”€â”€â”€â”€â”€â”€â”€â”€â”€â”€â”€â”€â”€â”€â”€â”€â”€â”€â”€â”€â”€â”€â”€â”€â”€â”€â”€â”€â”€â”€â”€â”€â”€â”€â”€â”€â”€â”€â”€â”€â”€â”€â”€â”€â”€â”€â”€â”€â”€â”€â”€â”€â”€â”€â”€â”€â”€â”€â”€â”€â”€â”€â”€â”€â”€â”€â”€â”€â”€â”€â”€â”€â”€â”€â”€â”€â”€â”€â”€â”€
                                                                                                    
  Running:  BaseElementForm.simple.cy.tsx                                                  (5 of 62)
13 assets
266 modules

[1m[33mWARNING[39m[22m in [1m./cypress/component/BaseElementForm.simple.cy.tsx[39m[22m [1m[32m71:31-61[39m[22m
[1mexport 'MockWorldbuildingStoreProvider' (imported as 'MockWorldbuildingStoreProvider') was [1m[31mnot found[39m[22m[1m in '../support/component-test-helpers' (possible exports: [1m[32mAutoSaveIndicator, BaseElementForm, BasicQuestionsSelector, ErrorMessage, ErrorNotification, LoadingScreen, LoadingSpinner, ProgressBar, TagInput, TagMultiSelect, UtilityComponents, VirtualizedList[39m[22m[1m)[39m[22m

[1m[33mWARNING[39m[22m in [1m./cypress/component/BaseElementForm.simple.cy.tsx[39m[22m [1m[32m92:31-61[39m[22m
[1mexport 'MockWorldbuildingStoreProvider' (imported as 'MockWorldbuildingStoreProvider') was [1m[31mnot found[39m[22m[1m in '../support/component-test-helpers' (possible exports: [1m[32mAutoSaveIndicator, BaseElementForm, BasicQuestionsSelector, ErrorMessage, ErrorNotification, LoadingScreen, LoadingSpinner, ProgressBar, TagInput, TagMultiSelect, UtilityComponents, VirtualizedList[39m[22m[1m)[39m[22m

[1m[33mWARNING[39m[22m in [1m./cypress/component/BaseElementForm.simple.cy.tsx[39m[22m [1m[32m114:31-61[39m[22m
[1mexport 'MockWorldbuildingStoreProvider' (imported as 'MockWorldbuildingStoreProvider') was [1m[31mnot found[39m[22m[1m in '../support/component-test-helpers' (possible exports: [1m[32mAutoSaveIndicator, BaseElementForm, BasicQuestionsSelector, ErrorMessage, ErrorNotification, LoadingScreen, LoadingSpinner, ProgressBar, TagInput, TagMultiSelect, UtilityComponents, VirtualizedList[39m[22m[1m)[39m[22m

[1m[33mWARNING[39m[22m in [1m./cypress/component/BaseElementForm.simple.cy.tsx[39m[22m [1m[32m142:31-61[39m[22m
[1mexport 'MockWorldbuildingStoreProvider' (imported as 'MockWorldbuildingStoreProvider') was [1m[31mnot found[39m[22m[1m in '../support/component-test-helpers' (possible exports: [1m[32mAutoSaveIndicator, BaseElementForm, BasicQuestionsSelector, ErrorMessage, ErrorNotification, LoadingScreen, LoadingSpinner, ProgressBar, TagInput, TagMultiSelect, UtilityComponents, VirtualizedList[39m[22m[1m)[39m[22m

[1m[33mWARNING[39m[22m in [1m./cypress/component/BaseElementForm.simple.cy.tsx[39m[22m [1m[32m162:31-61[39m[22m
[1mexport 'MockWorldbuildingStoreProvider' (imported as 'MockWorldbuildingStoreProvider') was [1m[31mnot found[39m[22m[1m in '../support/component-test-helpers' (possible exports: [1m[32mAutoSaveIndicator, BaseElementForm, BasicQuestionsSelector, ErrorMessage, ErrorNotification, LoadingScreen, LoadingSpinner, ProgressBar, TagInput, TagMultiSelect, UtilityComponents, VirtualizedList[39m[22m[1m)[39m[22m

[1m[33mWARNING[39m[22m in [1m./cypress/component/BaseElementForm.simple.cy.tsx[39m[22m [1m[32m180:31-61[39m[22m
[1mexport 'MockWorldbuildingStoreProvider' (imported as 'MockWorldbuildingStoreProvider') was [1m[31mnot found[39m[22m[1m in '../support/component-test-helpers' (possible exports: [1m[32mAutoSaveIndicator, BaseElementForm, BasicQuestionsSelector, ErrorMessage, ErrorNotification, LoadingScreen, LoadingSpinner, ProgressBar, TagInput, TagMultiSelect, UtilityComponents, VirtualizedList[39m[22m[1m)[39m[22m

[1m[33mWARNING[39m[22m in [1m./cypress/component/BaseElementForm.simple.cy.tsx[39m[22m [1m[32m198:31-61[39m[22m
[1mexport 'MockWorldbuildingStoreProvider' (imported as 'MockWorldbuildingStoreProvider') was [1m[31mnot found[39m[22m[1m in '../support/component-test-helpers' (possible exports: [1m[32mAutoSaveIndicator, BaseElementForm, BasicQuestionsSelector, ErrorMessage, ErrorNotification, LoadingScreen, LoadingSpinner, ProgressBar, TagInput, TagMultiSelect, UtilityComponents, VirtualizedList[39m[22m[1m)[39m[22m

[1m[33mWARNING[39m[22m in [1m./cypress/component/BaseElementForm.simple.cy.tsx[39m[22m [1m[32m218:31-61[39m[22m
[1mexport 'MockWorldbuildingStoreProvider' (imported as 'MockWorldbuildingStoreProvider') was [1m[31mnot found[39m[22m[1m in '../support/component-test-helpers' (possible exports: [1m[32mAutoSaveIndicator, BaseElementForm, BasicQuestionsSelector, ErrorMessage, ErrorNotification, LoadingScreen, LoadingSpinner, ProgressBar, TagInput, TagMultiSelect, UtilityComponents, VirtualizedList[39m[22m[1m)[39m[22m

[1m[33mWARNING[39m[22m in [1m./cypress/component/BaseElementForm.simple.cy.tsx[39m[22m [1m[32m237:31-61[39m[22m
[1mexport 'MockWorldbuildingStoreProvider' (imported as 'MockWorldbuildingStoreProvider') was [1m[31mnot found[39m[22m[1m in '../support/component-test-helpers' (possible exports: [1m[32mAutoSaveIndicator, BaseElementForm, BasicQuestionsSelector, ErrorMessage, ErrorNotification, LoadingScreen, LoadingSpinner, ProgressBar, TagInput, TagMultiSelect, UtilityComponents, VirtualizedList[39m[22m[1m)[39m[22m

[1m[33mWARNING[39m[22m in [1m./cypress/component/BaseElementForm.simple.cy.tsx[39m[22m [1m[32m258:31-61[39m[22m
[1mexport 'MockWorldbuildingStoreProvider' (imported as 'MockWorldbuildingStoreProvider') was [1m[31mnot found[39m[22m[1m in '../support/component-test-helpers' (possible exports: [1m[32mAutoSaveIndicator, BaseElementForm, BasicQuestionsSelector, ErrorMessage, ErrorNotification, LoadingScreen, LoadingSpinner, ProgressBar, TagInput, TagMultiSelect, UtilityComponents, VirtualizedList[39m[22m[1m)[39m[22m

[1m[33mWARNING[39m[22m in [1m./cypress/component/BaseElementForm.simple.cy.tsx[39m[22m [1m[32m278:31-61[39m[22m
[1mexport 'MockWorldbuildingStoreProvider' (imported as 'MockWorldbuildingStoreProvider') was [1m[31mnot found[39m[22m[1m in '../support/component-test-helpers' (possible exports: [1m[32mAutoSaveIndicator, BaseElementForm, BasicQuestionsSelector, ErrorMessage, ErrorNotification, LoadingScreen, LoadingSpinner, ProgressBar, TagInput, TagMultiSelect, UtilityComponents, VirtualizedList[39m[22m[1m)[39m[22m

[1m[31mERROR[39m[22m in [1m./cypress/component/BaseElementForm.simple.cy.tsx[39m[22m [1m[32m3:0-80[39m[22m
[1mModule [1m[31mnot found[39m[22m[1m: [1m[31mError[39m[22m[1m: Can't resolve '../../src/components/elements/BaseElementForm' in '/Users/jacobstoragepug/Desktop/FantasyWritingApp/cypress/component'[39m[22m

webpack 5.101.3 compiled with [1m[31m1 error[39m[22m and [1m[33m11 warnings[39m[22m in 75 ms


  1) An uncaught error was detected outside of a test

  0 passing (133ms)
  1 failing

  1) An uncaught error was detected outside of a test:
     Error: The following error originated from your test code, not from Cypress.

  > Cannot find module '../../src/components/elements/BaseElementForm'

When Cypress detects uncaught errors originating from your test code it will automatically fail the current test.

Cypress could not associate this error to any specific test.

We dynamically generated a new test to display this failure.
      at webpackMissingModule (http://localhost:3003/__cypress/src/spec-0.js:13:50)
      at ./cypress/component/BaseElementForm.simple.cy.tsx (http://localhost:3003/__cypress/src/spec-0.js:13:170)
      at Function.__webpack_require__ (http://localhost:3003/__cypress/src/runtime.js:23:41)




  (Results)

  â”Œâ”€â”€â”€â”€â”€â”€â”€â”€â”€â”€â”€â”€â”€â”€â”€â”€â”€â”€â”€â”€â”€â”€â”€â”€â”€â”€â”€â”€â”€â”€â”€â”€â”€â”€â”€â”€â”€â”€â”€â”€â”€â”€â”€â”€â”€â”€â”€â”€â”€â”€â”€â”€â”€â”€â”€â”€â”€â”€â”€â”€â”€â”€â”€â”€â”€â”€â”€â”€â”€â”€â”€â”€â”€â”€â”€â”€â”€â”€â”€â”€â”€â”€â”€â”€â”€â”€â”€â”€â”€â”€â”€â”€â”€â”€â”€â”€â”
  â”‚ Tests:        1                                                                                â”‚
  â”‚ Passing:      0                                                                                â”‚
  â”‚ Failing:      1                                                                                â”‚
  â”‚ Pending:      0                                                                                â”‚
  â”‚ Skipped:      0                                                                                â”‚
  â”‚ Screenshots:  1                                                                                â”‚
  â”‚ Video:        false                                                                            â”‚
  â”‚ Duration:     0 seconds                                                                        â”‚
  â”‚ Spec Ran:     BaseElementForm.simple.cy.tsx                                                    â”‚
  â””â”€â”€â”€â”€â”€â”€â”€â”€â”€â”€â”€â”€â”€â”€â”€â”€â”€â”€â”€â”€â”€â”€â”€â”€â”€â”€â”€â”€â”€â”€â”€â”€â”€â”€â”€â”€â”€â”€â”€â”€â”€â”€â”€â”€â”€â”€â”€â”€â”€â”€â”€â”€â”€â”€â”€â”€â”€â”€â”€â”€â”€â”€â”€â”€â”€â”€â”€â”€â”€â”€â”€â”€â”€â”€â”€â”€â”€â”€â”€â”€â”€â”€â”€â”€â”€â”€â”€â”€â”€â”€â”€â”€â”€â”€â”€â”€â”˜


  (Screenshots)

  -  /Users/jacobstoragepug/Desktop/FantasyWritingApp/cypress/screenshots/BaseElement    (2560x1440)
     Form.simple.cy.tsx/An uncaught error was detected outside of a test (failed).png               


â”€â”€â”€â”€â”€â”€â”€â”€â”€â”€â”€â”€â”€â”€â”€â”€â”€â”€â”€â”€â”€â”€â”€â”€â”€â”€â”€â”€â”€â”€â”€â”€â”€â”€â”€â”€â”€â”€â”€â”€â”€â”€â”€â”€â”€â”€â”€â”€â”€â”€â”€â”€â”€â”€â”€â”€â”€â”€â”€â”€â”€â”€â”€â”€â”€â”€â”€â”€â”€â”€â”€â”€â”€â”€â”€â”€â”€â”€â”€â”€â”€â”€â”€â”€â”€â”€â”€â”€â”€â”€â”€â”€â”€â”€â”€â”€â”€â”€â”€â”€
                                                                                                    
  Running:  BaseElementForm.stateless.cy.tsx                                               (6 of 62)
13 assets
265 modules

[1m[31mERROR[39m[22m in [1m./cypress/component/BaseElementForm.stateless.cy.tsx[39m[22m [1m[32m3:0-80[39m[22m
[1mModule [1m[31mnot found[39m[22m[1m: [1m[31mError[39m[22m[1m: Can't resolve '../../src/components/elements/BaseElementForm' in '/Users/jacobstoragepug/Desktop/FantasyWritingApp/cypress/component'[39m[22m

webpack 5.101.3 compiled with [1m[31m1 error[39m[22m in 74 ms


  1) An uncaught error was detected outside of a test

  0 passing (137ms)
  1 failing

  1) An uncaught error was detected outside of a test:
     Error: The following error originated from your test code, not from Cypress.

  > Cannot find module '../../src/components/elements/BaseElementForm'

When Cypress detects uncaught errors originating from your test code it will automatically fail the current test.

Cypress could not associate this error to any specific test.

We dynamically generated a new test to display this failure.
      at webpackMissingModule (http://localhost:3003/__cypress/src/spec-0.js:13:50)
      at ./cypress/component/BaseElementForm.stateless.cy.tsx (http://localhost:3003/__cypress/src/spec-0.js:13:170)
      at Function.__webpack_require__ (http://localhost:3003/__cypress/src/runtime.js:23:41)




  (Results)

  â”Œâ”€â”€â”€â”€â”€â”€â”€â”€â”€â”€â”€â”€â”€â”€â”€â”€â”€â”€â”€â”€â”€â”€â”€â”€â”€â”€â”€â”€â”€â”€â”€â”€â”€â”€â”€â”€â”€â”€â”€â”€â”€â”€â”€â”€â”€â”€â”€â”€â”€â”€â”€â”€â”€â”€â”€â”€â”€â”€â”€â”€â”€â”€â”€â”€â”€â”€â”€â”€â”€â”€â”€â”€â”€â”€â”€â”€â”€â”€â”€â”€â”€â”€â”€â”€â”€â”€â”€â”€â”€â”€â”€â”€â”€â”€â”€â”€â”
  â”‚ Tests:        1                                                                                â”‚
  â”‚ Passing:      0                                                                                â”‚
  â”‚ Failing:      1                                                                                â”‚
  â”‚ Pending:      0                                                                                â”‚
  â”‚ Skipped:      0                                                                                â”‚
  â”‚ Screenshots:  1                                                                                â”‚
  â”‚ Video:        false                                                                            â”‚
  â”‚ Duration:     0 seconds                                                                        â”‚
  â”‚ Spec Ran:     BaseElementForm.stateless.cy.tsx                                                 â”‚
  â””â”€â”€â”€â”€â”€â”€â”€â”€â”€â”€â”€â”€â”€â”€â”€â”€â”€â”€â”€â”€â”€â”€â”€â”€â”€â”€â”€â”€â”€â”€â”€â”€â”€â”€â”€â”€â”€â”€â”€â”€â”€â”€â”€â”€â”€â”€â”€â”€â”€â”€â”€â”€â”€â”€â”€â”€â”€â”€â”€â”€â”€â”€â”€â”€â”€â”€â”€â”€â”€â”€â”€â”€â”€â”€â”€â”€â”€â”€â”€â”€â”€â”€â”€â”€â”€â”€â”€â”€â”€â”€â”€â”€â”€â”€â”€â”€â”˜


  (Screenshots)

  -  /Users/jacobstoragepug/Desktop/FantasyWritingApp/cypress/screenshots/BaseElement    (2560x1440)
     Form.stateless.cy.tsx/An uncaught error was detected outside of a test (failed).               
     png                                                                                            


â”€â”€â”€â”€â”€â”€â”€â”€â”€â”€â”€â”€â”€â”€â”€â”€â”€â”€â”€â”€â”€â”€â”€â”€â”€â”€â”€â”€â”€â”€â”€â”€â”€â”€â”€â”€â”€â”€â”€â”€â”€â”€â”€â”€â”€â”€â”€â”€â”€â”€â”€â”€â”€â”€â”€â”€â”€â”€â”€â”€â”€â”€â”€â”€â”€â”€â”€â”€â”€â”€â”€â”€â”€â”€â”€â”€â”€â”€â”€â”€â”€â”€â”€â”€â”€â”€â”€â”€â”€â”€â”€â”€â”€â”€â”€â”€â”€â”€â”€â”€
                                                                                                    
  Running:  BasicQuestionsSelector.cy.tsx                                                  (7 of 62)
13 assets
266 modules
webpack 5.101.3 compiled [1m[32msuccessfully[39m[22m in 203 ms


  BasicQuestionsSelector Component
    Rendering
      1) renders with title and description
      2) displays question statistics
      3) shows estimated completion times
      4) displays tip info box
      5) groups questions by category
      6) shows required badge for required questions
      7) shows help text when available
      8) shows star icon for suggested questions
    Quick Actions
      9) applies default suggestions when clicked
      10) [data-cy*="select"]s all questions when Select All is clicked
      11) de[data-cy*="select"]s all questions when Select None is clicked
      12) disables Apply Defaults when no suggestions exist
    Question Selection
      - toggles question [data-cy*="select"]ion when checkbox is clicked
      13) de[data-cy*="select"]s question when already [data-cy*="select"]ed
      - toggles question when label is clicked
      14) maintains [data-cy*="select"]ion state across categories
    Visual Feedback
      15) highlights [data-cy*="select"]ed questions
      - shows hover effect on un[data-cy*="select"]ed questions
      16) shows summary when questions are [data-cy*="select"]ed
      - hides summary when no questions are [data-cy*="select"]ed
    Initialization
      17) uses provided basicQuestionIds on mount
      - auto-[data-cy*="select"]s suggestions when no basicQuestionIds provided
      - does not auto-[data-cy*="select"] when basicQuestionIds are already set
    Edge Cases
      18) handles empty questions array
