
DevTools listening on ws://127.0.0.1:56632/devtools/browser/4cbf91ce-2ae8-4559-b971-4a97b210f962
Missing baseUrl in compilerOptions. tsconfig-paths will be skipped

ğŸš€ Fantasy Element Builder is running on port 3003
ğŸ“± Open http://localhost:3003 in your browser


Opening `/dev/tty` failed (6): Device not configured
================================================================================

  (Run Starting)

  â”Œâ”€â”€â”€â”€â”€â”€â”€â”€â”€â”€â”€â”€â”€â”€â”€â”€â”€â”€â”€â”€â”€â”€â”€â”€â”€â”€â”€â”€â”€â”€â”€â”€â”€â”€â”€â”€â”€â”€â”€â”€â”€â”€â”€â”€â”€â”€â”€â”€â”€â”€â”€â”€â”€â”€â”€â”€â”€â”€â”€â”€â”€â”€â”€â”€â”€â”€â”€â”€â”€â”€â”€â”€â”€â”€â”€â”€â”€â”€â”€â”€â”€â”€â”€â”€â”€â”€â”€â”€â”€â”€â”€â”€â”€â”€â”€â”€â”
  â”‚ Cypress:        14.5.4                                                                         â”‚
  â”‚ Browser:        Electron 130 (headless)                                                        â”‚
  â”‚ Node Version:   v20.19.3 (/Users/jacobstoragepug/.nvm/versions/node/v20.19.3/bin/node)         â”‚
  â”‚ Specs:          62 found (AutoSaveIndicator.cy.tsx, BaseElementForm.incremental.cy.tsx, BaseEl â”‚
  â”‚                 ementForm.isolated.cy.tsx, BaseElementForm.minimal.cy.tsx, BaseElementForm.sim â”‚
  â”‚                 ple.cy.tsx, BaseElementForm.stateless.cy.tsx, BasicQuestionsSelector.cy.tsx, B â”‚
  â”‚                 asicQuestionsSelector.s...)                                                    â”‚
  â”‚ Searched:       cypress/component/**/*.cy.{js,jsx,ts,tsx}                                      â”‚
  â””â”€â”€â”€â”€â”€â”€â”€â”€â”€â”€â”€â”€â”€â”€â”€â”€â”€â”€â”€â”€â”€â”€â”€â”€â”€â”€â”€â”€â”€â”€â”€â”€â”€â”€â”€â”€â”€â”€â”€â”€â”€â”€â”€â”€â”€â”€â”€â”€â”€â”€â”€â”€â”€â”€â”€â”€â”€â”€â”€â”€â”€â”€â”€â”€â”€â”€â”€â”€â”€â”€â”€â”€â”€â”€â”€â”€â”€â”€â”€â”€â”€â”€â”€â”€â”€â”€â”€â”€â”€â”€â”€â”€â”€â”€â”€â”€â”˜


â”€â”€â”€â”€â”€â”€â”€â”€â”€â”€â”€â”€â”€â”€â”€â”€â”€â”€â”€â”€â”€â”€â”€â”€â”€â”€â”€â”€â”€â”€â”€â”€â”€â”€â”€â”€â”€â”€â”€â”€â”€â”€â”€â”€â”€â”€â”€â”€â”€â”€â”€â”€â”€â”€â”€â”€â”€â”€â”€â”€â”€â”€â”€â”€â”€â”€â”€â”€â”€â”€â”€â”€â”€â”€â”€â”€â”€â”€â”€â”€â”€â”€â”€â”€â”€â”€â”€â”€â”€â”€â”€â”€â”€â”€â”€â”€â”€â”€â”€â”€
                                                                                                    
  Running:  AutoSaveIndicator.cy.tsx                                                       (1 of 62)
11 assets
264 modules
webpack 5.101.3 compiled [1m[32msuccessfully[39m[22m in 1136 ms
14 assets
274 modules
webpack 5.101.3 compiled [1m[32msuccessfully[39m[22m in 289 ms


  AutoSaveIndicator Component
    âœ“ should render idle state by default (21ms)
    1) should show saving state
    2) should show saved state
    3) should show error state
    4) should show custom error message
    5) should show timestamp for saved state
    6) should update timestamp text over time
    7) should handle click on retry for error state
    8) should apply custom className
    9) should transition between states smoothly
    10) should auto-hide saved state after delay
    11) should be accessible


  1 passing (38s)
  11 failing

  1) AutoSaveIndicator Component
       should show saving state:
     AssertionError: Timed out retrying after 4000ms: Expected to find element: `[data-cy="autosave-indicator"]`, but never found it.
      at Context.<anonymous> (webpack://FantasyWritingApp/./cypress/component/AutoSaveIndicator.cy.tsx:14:45)

  2) AutoSaveIndicator Component
       should show saved state:
     AssertionError: Timed out retrying after 4000ms: Expected to find element: `[data-cy="autosave-indicator"]`, but never found it.
      at Context.<anonymous> (webpack://FantasyWritingApp/./cypress/component/AutoSaveIndicator.cy.tsx:22:45)

  3) AutoSaveIndicator Component
       should show error state:
     AssertionError: Timed out retrying after 4000ms: Expected to find element: `[data-cy="autosave-indicator"]`, but never found it.
      at Context.<anonymous> (webpack://FantasyWritingApp/./cypress/component/AutoSaveIndicator.cy.tsx:31:45)

  4) AutoSaveIndicator Component
       should show custom error message:
     AssertionError: Timed out retrying after 4000ms: Expected to find element: `[data-cy="autosave-status"]`, but never found it.
      at Context.<anonymous> (webpack://FantasyWritingApp/./cypress/component/AutoSaveIndicator.cy.tsx:39:42)

  5) AutoSaveIndicator Component
       should show timestamp for saved state:
     Error: The following error originated from your application code, not from Cypress.

  > Objects are not valid as a React child (found: [object Date]). If you meant to render a collection of children, use an array instead.

When Cypress detects uncaught errors originating from your application it will automatically fail the current test.

This behavior is configurable, and you can choose to turn this off by listening to the `uncaught:exception` event.

https://on.cypress.io/uncaught-exception-from-application
      at throwOnInvalidObjectType (http://localhost:3003/__cypress/src/vendors-node_modules_cypress_react_dist_cypress-react_esm-bundler_js-node_modules_react-navig-8f0aa4.js:16236:13)
      at createChild (http://localhost:3003/__cypress/src/vendors-node_modules_cypress_react_dist_cypress-react_esm-bundler_js-node_modules_react-navig-8f0aa4.js:16514:11)
      at reconcileChildrenArray (http://localhost:3003/__cypress/src/vendors-node_modules_cypress_react_dist_cypress-react_esm-bundler_js-node_modules_react-navig-8f0aa4.js:16783:25)
      at reconcileChildFibersImpl (http://localhost:3003/__cypress/src/vendors-node_modules_cypress_react_dist_cypress-react_esm-bundler_js-node_modules_react-navig-8f0aa4.js:17106:30)
      at <unknown> (http://localhost:3003/__cypress/src/vendors-node_modules_cypress_react_dist_cypress-react_esm-bundler_js-node_modules_react-navig-8f0aa4.js:17211:33)
      at reconcileChildren (http://localhost:3003/__cypress/src/vendors-node_modules_cypress_react_dist_cypress-react_esm-bundler_js-node_modules_react-navig-8f0aa4.js:17775:13)
      at beginWork (http://localhost:3003/__cypress/src/vendors-node_modules_cypress_react_dist_cypress-react_esm-bundler_js-node_modules_react-navig-8f0aa4.js:19947:13)
      at runWithFiberInDEV (http://localhost:3003/__cypress/src/vendors-node_modules_cypress_react_dist_cypress-react_esm-bundler_js-node_modules_react-navig-8f0aa4.js:10674:30)
      at performUnitOfWork (http://localhost:3003/__cypress/src/vendors-node_modules_cypress_react_dist_cypress-react_esm-bundler_js-node_modules_react-navig-8f0aa4.js:24294:22)
      at workLoopSync (http://localhost:3003/__cypress/src/vendors-node_modules_cypress_react_dist_cypress-react_esm-bundler_js-node_modules_react-navig-8f0aa4.js:24110:41)

  6) AutoSaveIndicator Component
       should update timestamp text over time:
     Error: The following error originated from your application code, not from Cypress.

  > Objects are not valid as a React child (found: [object Date]). If you meant to render a collection of children, use an array instead.

When Cypress detects uncaught errors originating from your application it will automatically fail the current test.

This behavior is configurable, and you can choose to turn this off by listening to the `uncaught:exception` event.

https://on.cypress.io/uncaught-exception-from-application
      at throwOnInvalidObjectType (http://localhost:3003/__cypress/src/vendors-node_modules_cypress_react_dist_cypress-react_esm-bundler_js-node_modules_react-navig-8f0aa4.js:16236:13)
      at createChild (http://localhost:3003/__cypress/src/vendors-node_modules_cypress_react_dist_cypress-react_esm-bundler_js-node_modules_react-navig-8f0aa4.js:16514:11)
      at reconcileChildrenArray (http://localhost:3003/__cypress/src/vendors-node_modules_cypress_react_dist_cypress-react_esm-bundler_js-node_modules_react-navig-8f0aa4.js:16783:25)
      at reconcileChildFibersImpl (http://localhost:3003/__cypress/src/vendors-node_modules_cypress_react_dist_cypress-react_esm-bundler_js-node_modules_react-navig-8f0aa4.js:17106:30)
      at <unknown> (http://localhost:3003/__cypress/src/vendors-node_modules_cypress_react_dist_cypress-react_esm-bundler_js-node_modules_react-navig-8f0aa4.js:17211:33)
      at reconcileChildren (http://localhost:3003/__cypress/src/vendors-node_modules_cypress_react_dist_cypress-react_esm-bundler_js-node_modules_react-navig-8f0aa4.js:17775:13)
      at beginWork (http://localhost:3003/__cypress/src/vendors-node_modules_cypress_react_dist_cypress-react_esm-bundler_js-node_modules_react-navig-8f0aa4.js:19947:13)
      at runWithFiberInDEV (http://localhost:3003/__cypress/src/vendors-node_modules_cypress_react_dist_cypress-react_esm-bundler_js-node_modules_react-navig-8f0aa4.js:10674:30)
      at performUnitOfWork (http://localhost:3003/__cypress/src/vendors-node_modules_cypress_react_dist_cypress-react_esm-bundler_js-node_modules_react-navig-8f0aa4.js:24294:22)
      at workLoopSync (http://localhost:3003/__cypress/src/vendors-node_modules_cypress_react_dist_cypress-react_esm-bundler_js-node_modules_react-navig-8f0aa4.js:24110:41)

  7) AutoSaveIndicator Component
       should handle click on retry for error state:
     AssertionError: Timed out retrying after 4000ms: Expected to find element: `[data-cy="autosave-retry"]`, but never found it.
      at Context.<anonymous> (webpack://FantasyWritingApp/./cypress/component/AutoSaveIndicator.cy.tsx:61:41)

  8) AutoSaveIndicator Component
       should apply custom className:
     AssertionError: Timed out retrying after 4000ms: Expected to find element: `[data-cy="autosave-indicator"]`, but never found it.
      at Context.<anonymous> (webpack://FantasyWritingApp/./cypress/component/AutoSaveIndicator.cy.tsx:69:45)

  9) AutoSaveIndicator Component
       should transition between states smoothly:
     AssertionError: Timed out retrying after 4000ms: Expected to find element: `[data-cy="autosave-status"]`, but never found it.
      at Context.<anonymous> (webpack://FantasyWritingApp/./cypress/component/AutoSaveIndicator.cy.tsx:81:42)

  10) AutoSaveIndicator Component
       should auto-hide saved state after delay:
     AssertionError: Timed out retrying after 4000ms: Expected to find element: `[data-cy="autosave-indicator"]`, but never found it.
      at Context.<anonymous> (webpack://FantasyWritingApp/./cypress/component/AutoSaveIndicator.cy.tsx:97:45)

  11) AutoSaveIndicator Component
       should be accessible:
     AssertionError: Timed out retrying after 4000ms: Expected to find element: `[data-cy="autosave-indicator"]`, but never found it.
      at Context.<anonymous> (webpack://FantasyWritingApp/./cypress/component/AutoSaveIndicator.cy.tsx:111:45)




  (Results)

  â”Œâ”€â”€â”€â”€â”€â”€â”€â”€â”€â”€â”€â”€â”€â”€â”€â”€â”€â”€â”€â”€â”€â”€â”€â”€â”€â”€â”€â”€â”€â”€â”€â”€â”€â”€â”€â”€â”€â”€â”€â”€â”€â”€â”€â”€â”€â”€â”€â”€â”€â”€â”€â”€â”€â”€â”€â”€â”€â”€â”€â”€â”€â”€â”€â”€â”€â”€â”€â”€â”€â”€â”€â”€â”€â”€â”€â”€â”€â”€â”€â”€â”€â”€â”€â”€â”€â”€â”€â”€â”€â”€â”€â”€â”€â”€â”€â”€â”
  â”‚ Tests:        12                                                                               â”‚
  â”‚ Passing:      1                                                                                â”‚
  â”‚ Failing:      11                                                                               â”‚
  â”‚ Pending:      0                                                                                â”‚
  â”‚ Skipped:      0                                                                                â”‚
  â”‚ Screenshots:  11                                                                               â”‚
  â”‚ Video:        false                                                                            â”‚
  â”‚ Duration:     37 seconds                                                                       â”‚
  â”‚ Spec Ran:     AutoSaveIndicator.cy.tsx                                                         â”‚
  â””â”€â”€â”€â”€â”€â”€â”€â”€â”€â”€â”€â”€â”€â”€â”€â”€â”€â”€â”€â”€â”€â”€â”€â”€â”€â”€â”€â”€â”€â”€â”€â”€â”€â”€â”€â”€â”€â”€â”€â”€â”€â”€â”€â”€â”€â”€â”€â”€â”€â”€â”€â”€â”€â”€â”€â”€â”€â”€â”€â”€â”€â”€â”€â”€â”€â”€â”€â”€â”€â”€â”€â”€â”€â”€â”€â”€â”€â”€â”€â”€â”€â”€â”€â”€â”€â”€â”€â”€â”€â”€â”€â”€â”€â”€â”€â”€â”˜


  (Screenshots)

  -  /Users/jacobstoragepug/Desktop/FantasyWritingApp/cypress/screenshots/AutoSaveInd    (2560x1440)
     icator.cy.tsx/AutoSaveIndicator Component -- should show saving state (failed).p               
     ng                                                                                             
  -  /Users/jacobstoragepug/Desktop/FantasyWritingApp/cypress/screenshots/AutoSaveInd    (2560x1440)
     icator.cy.tsx/AutoSaveIndicator Component -- should show saved state (failed).pn               
     g                                                                                              
  -  /Users/jacobstoragepug/Desktop/FantasyWritingApp/cypress/screenshots/AutoSaveInd    (2560x1440)
     icator.cy.tsx/AutoSaveIndicator Component -- should show error state (failed).pn               
     g                                                                                              
  -  /Users/jacobstoragepug/Desktop/FantasyWritingApp/cypress/screenshots/AutoSaveInd    (2560x1440)
     icator.cy.tsx/AutoSaveIndicator Component -- should show custom error message (f               
     ailed).png                                                                                     
  -  /Users/jacobstoragepug/Desktop/FantasyWritingApp/cypress/screenshots/AutoSaveInd    (2560x1440)
     icator.cy.tsx/AutoSaveIndicator Component -- should show timestamp for saved sta               
     te (failed).png                                                                                
  -  /Users/jacobstoragepug/Desktop/FantasyWritingApp/cypress/screenshots/AutoSaveInd    (2560x1440)
     icator.cy.tsx/AutoSaveIndicator Component -- should update timestamp text over t               
     ime (failed).png                                                                               
  -  /Users/jacobstoragepug/Desktop/FantasyWritingApp/cypress/screenshots/AutoSaveInd    (2560x1440)
     icator.cy.tsx/AutoSaveIndicator Component -- should handle click on retry for er               
     ror state (failed).png                                                                         
  -  /Users/jacobstoragepug/Desktop/FantasyWritingApp/cypress/screenshots/AutoSaveInd    (2560x1440)
     icator.cy.tsx/AutoSaveIndicator Component -- should apply custom className (fail               
     ed).png                                                                                        
  -  /Users/jacobstoragepug/Desktop/FantasyWritingApp/cypress/screenshots/AutoSaveInd    (2560x1440)
     icator.cy.tsx/AutoSaveIndicator Component -- should transition between states sm               
     oothly (failed).png                                                                            
  -  /Users/jacobstoragepug/Desktop/FantasyWritingApp/cypress/screenshots/AutoSaveInd    (2560x1440)
     icator.cy.tsx/AutoSaveIndicator Component -- should auto-hide saved state after                
     delay (failed).png                                                                             
  -  /Users/jacobstoragepug/Desktop/FantasyWritingApp/cypress/screenshots/AutoSaveInd    (2560x1440)
     icator.cy.tsx/AutoSaveIndicator Component -- should be accessible (failed).png                 


â”€â”€â”€â”€â”€â”€â”€â”€â”€â”€â”€â”€â”€â”€â”€â”€â”€â”€â”€â”€â”€â”€â”€â”€â”€â”€â”€â”€â”€â”€â”€â”€â”€â”€â”€â”€â”€â”€â”€â”€â”€â”€â”€â”€â”€â”€â”€â”€â”€â”€â”€â”€â”€â”€â”€â”€â”€â”€â”€â”€â”€â”€â”€â”€â”€â”€â”€â”€â”€â”€â”€â”€â”€â”€â”€â”€â”€â”€â”€â”€â”€â”€â”€â”€â”€â”€â”€â”€â”€â”€â”€â”€â”€â”€â”€â”€â”€â”€â”€â”€
                                                                                                    
  Running:  BaseElementForm.incremental.cy.tsx                                             (2 of 62)
14 assets
274 modules
webpack 5.101.3 compiled [1m[32msuccessfully[39m[22m in 70 ms


  BaseElementForm - Incremental Tests
    1) renders with questions - starting in detailed mode
    - renders with questions - old test
    2) renders with answers
    3) expands category when clicked
    4) shows input values
    5) calls onChange when input changes


  0 passing (21s)
  1 pending
  5 failing

  1) BaseElementForm - Incremental Tests
       renders with questions - starting in detailed mode:
     AssertionError: Timed out retrying after 4000ms: Expected to find element: `[data-cy="mode-toggle"]`, but never found it.
      at Context.<anonymous> (webpack://FantasyWritingApp/./cypress/component/BaseElementForm.incremental.cy.tsx:41:7)

  2) BaseElementForm - Incremental Tests
       renders with answers:
     AssertionError: Timed out retrying after 4000ms: Expected to find content: 'Test Details' but never did.
      at Context.<anonymous> (webpack://FantasyWritingApp/./cypress/component/BaseElementForm.incremental.cy.tsx:73:32)

  3) BaseElementForm - Incremental Tests
       expands category when clicked:
     AssertionError: Timed out retrying after 4000ms: Expected to find content: 'General' but never did.
      at Context.<anonymous> (webpack://FantasyWritingApp/./cypress/component/BaseElementForm.incremental.cy.tsx:88:27)

  4) BaseElementForm - Incremental Tests
       shows input values:
     AssertionError: Timed out retrying after 4000ms: Expected to find element: `[data-cy="category-toggle-general"]`, but never found it.
      at Context.<anonymous> (webpack://FantasyWritingApp/./cypress/component/BaseElementForm.incremental.cy.tsx:110:7)

  5) BaseElementForm - Incremental Tests
       calls onChange when input changes:
     AssertionError: Timed out retrying after 4000ms: Expected to find element: `[data-cy="category-toggle-general"]`, but never found it.
      at Context.<anonymous> (webpack://FantasyWritingApp/./cypress/component/BaseElementForm.incremental.cy.tsx:131:7)




  (Results)

  â”Œâ”€â”€â”€â”€â”€â”€â”€â”€â”€â”€â”€â”€â”€â”€â”€â”€â”€â”€â”€â”€â”€â”€â”€â”€â”€â”€â”€â”€â”€â”€â”€â”€â”€â”€â”€â”€â”€â”€â”€â”€â”€â”€â”€â”€â”€â”€â”€â”€â”€â”€â”€â”€â”€â”€â”€â”€â”€â”€â”€â”€â”€â”€â”€â”€â”€â”€â”€â”€â”€â”€â”€â”€â”€â”€â”€â”€â”€â”€â”€â”€â”€â”€â”€â”€â”€â”€â”€â”€â”€â”€â”€â”€â”€â”€â”€â”€â”
  â”‚ Tests:        6                                                                                â”‚
  â”‚ Passing:      0                                                                                â”‚
  â”‚ Failing:      5                                                                                â”‚
  â”‚ Pending:      1                                                                                â”‚
  â”‚ Skipped:      0                                                                                â”‚
  â”‚ Screenshots:  5                                                                                â”‚
  â”‚ Video:        false                                                                            â”‚
  â”‚ Duration:     20 seconds                                                                       â”‚
  â”‚ Spec Ran:     BaseElementForm.incremental.cy.tsx                                               â”‚
  â””â”€â”€â”€â”€â”€â”€â”€â”€â”€â”€â”€â”€â”€â”€â”€â”€â”€â”€â”€â”€â”€â”€â”€â”€â”€â”€â”€â”€â”€â”€â”€â”€â”€â”€â”€â”€â”€â”€â”€â”€â”€â”€â”€â”€â”€â”€â”€â”€â”€â”€â”€â”€â”€â”€â”€â”€â”€â”€â”€â”€â”€â”€â”€â”€â”€â”€â”€â”€â”€â”€â”€â”€â”€â”€â”€â”€â”€â”€â”€â”€â”€â”€â”€â”€â”€â”€â”€â”€â”€â”€â”€â”€â”€â”€â”€â”€â”˜


  (Screenshots)

  -  /Users/jacobstoragepug/Desktop/FantasyWritingApp/cypress/screenshots/BaseElement    (2560x1440)
     Form.incremental.cy.tsx/BaseElementForm - Incremental Tests -- renders with ques               
     tions - starting in detailed mode (failed).png                                                 
  -  /Users/jacobstoragepug/Desktop/FantasyWritingApp/cypress/screenshots/BaseElement    (2560x1440)
     Form.incremental.cy.tsx/BaseElementForm - Incremental Tests -- renders with answ               
     ers (failed).png                                                                               
  -  /Users/jacobstoragepug/Desktop/FantasyWritingApp/cypress/screenshots/BaseElement    (2560x1440)
     Form.incremental.cy.tsx/BaseElementForm - Incremental Tests -- expands category                
     when clicked (failed).png                                                                      
  -  /Users/jacobstoragepug/Desktop/FantasyWritingApp/cypress/screenshots/BaseElement    (2560x1440)
     Form.incremental.cy.tsx/BaseElementForm - Incremental Tests -- shows input value               
     s (failed).png                                                                                 
  -  /Users/jacobstoragepug/Desktop/FantasyWritingApp/cypress/screenshots/BaseElement    (2560x1440)
     Form.incremental.cy.tsx/BaseElementForm - Incremental Tests -- calls onChange wh               
     en input changes (failed).png                                                                  


â”€â”€â”€â”€â”€â”€â”€â”€â”€â”€â”€â”€â”€â”€â”€â”€â”€â”€â”€â”€â”€â”€â”€â”€â”€â”€â”€â”€â”€â”€â”€â”€â”€â”€â”€â”€â”€â”€â”€â”€â”€â”€â”€â”€â”€â”€â”€â”€â”€â”€â”€â”€â”€â”€â”€â”€â”€â”€â”€â”€â”€â”€â”€â”€â”€â”€â”€â”€â”€â”€â”€â”€â”€â”€â”€â”€â”€â”€â”€â”€â”€â”€â”€â”€â”€â”€â”€â”€â”€â”€â”€â”€â”€â”€â”€â”€â”€â”€â”€â”€
                                                                                                    
  Running:  BaseElementForm.isolated.cy.tsx                                                (3 of 62)
14 assets
274 modules
webpack 5.101.3 compiled [1m[32msuccessfully[39m[22m in 64 ms


  BaseElementForm - Isolated Tests
    1) mounts the component
    2) shows the mode toggle
    3) renders with one simple question


  0 passing (12s)
  3 failing

  1) BaseElementForm - Isolated Tests
       mounts the component:
     AssertionError: Timed out retrying after 4000ms: Expected to find content: 'Test Details' but never did.
      at Context.<anonymous> (webpack://FantasyWritingApp/./cypress/component/BaseElementForm.isolated.cy.tsx:18:32)

  2) BaseElementForm - Isolated Tests
       shows the mode toggle:
     AssertionError: Timed out retrying after 4000ms: Expected to find content: 'Basic' but never did.
      at Context.<anonymous> (webpack://FantasyWritingApp/./cypress/component/BaseElementForm.isolated.cy.tsx:32:25)

  3) BaseElementForm - Isolated Tests
       renders with one simple question:
     AssertionError: Timed out retrying after 4000ms: Expected to find content: 'Test Category' but never did.
      at Context.<anonymous> (webpack://FantasyWritingApp/./cypress/component/BaseElementForm.isolated.cy.tsx:55:33)




  (Results)

  â”Œâ”€â”€â”€â”€â”€â”€â”€â”€â”€â”€â”€â”€â”€â”€â”€â”€â”€â”€â”€â”€â”€â”€â”€â”€â”€â”€â”€â”€â”€â”€â”€â”€â”€â”€â”€â”€â”€â”€â”€â”€â”€â”€â”€â”€â”€â”€â”€â”€â”€â”€â”€â”€â”€â”€â”€â”€â”€â”€â”€â”€â”€â”€â”€â”€â”€â”€â”€â”€â”€â”€â”€â”€â”€â”€â”€â”€â”€â”€â”€â”€â”€â”€â”€â”€â”€â”€â”€â”€â”€â”€â”€â”€â”€â”€â”€â”€â”
  â”‚ Tests:        3                                                                                â”‚
  â”‚ Passing:      0                                                                                â”‚
  â”‚ Failing:      3                                                                                â”‚
  â”‚ Pending:      0                                                                                â”‚
  â”‚ Skipped:      0                                                                                â”‚
  â”‚ Screenshots:  3                                                                                â”‚
  â”‚ Video:        false                                                                            â”‚
  â”‚ Duration:     12 seconds                                                                       â”‚
  â”‚ Spec Ran:     BaseElementForm.isolated.cy.tsx                                                  â”‚
  â””â”€â”€â”€â”€â”€â”€â”€â”€â”€â”€â”€â”€â”€â”€â”€â”€â”€â”€â”€â”€â”€â”€â”€â”€â”€â”€â”€â”€â”€â”€â”€â”€â”€â”€â”€â”€â”€â”€â”€â”€â”€â”€â”€â”€â”€â”€â”€â”€â”€â”€â”€â”€â”€â”€â”€â”€â”€â”€â”€â”€â”€â”€â”€â”€â”€â”€â”€â”€â”€â”€â”€â”€â”€â”€â”€â”€â”€â”€â”€â”€â”€â”€â”€â”€â”€â”€â”€â”€â”€â”€â”€â”€â”€â”€â”€â”€â”˜


  (Screenshots)

  -  /Users/jacobstoragepug/Desktop/FantasyWritingApp/cypress/screenshots/BaseElement    (2560x1440)
     Form.isolated.cy.tsx/BaseElementForm - Isolated Tests -- mounts the component (f               
     ailed).png                                                                                     
  -  /Users/jacobstoragepug/Desktop/FantasyWritingApp/cypress/screenshots/BaseElement    (2560x1440)
     Form.isolated.cy.tsx/BaseElementForm - Isolated Tests -- shows the mode toggle (               
     failed).png                                                                                    
  -  /Users/jacobstoragepug/Desktop/FantasyWritingApp/cypress/screenshots/BaseElement    (2560x1440)
     Form.isolated.cy.tsx/BaseElementForm - Isolated Tests -- renders with one simple               
      question (failed).png                                                                         


â”€â”€â”€â”€â”€â”€â”€â”€â”€â”€â”€â”€â”€â”€â”€â”€â”€â”€â”€â”€â”€â”€â”€â”€â”€â”€â”€â”€â”€â”€â”€â”€â”€â”€â”€â”€â”€â”€â”€â”€â”€â”€â”€â”€â”€â”€â”€â”€â”€â”€â”€â”€â”€â”€â”€â”€â”€â”€â”€â”€â”€â”€â”€â”€â”€â”€â”€â”€â”€â”€â”€â”€â”€â”€â”€â”€â”€â”€â”€â”€â”€â”€â”€â”€â”€â”€â”€â”€â”€â”€â”€â”€â”€â”€â”€â”€â”€â”€â”€â”€
                                                                                                    
  Running:  BaseElementForm.minimal.cy.tsx                                                 (4 of 62)
14 assets
274 modules
webpack 5.101.3 compiled [1m[32msuccessfully[39m[22m in 62 ms


  BaseElementForm - Minimal Test
    1) mounts without crashing
    âœ“ renders with mock div instead of component (28ms)


  1 passing (4s)
  1 failing

  1) BaseElementForm - Minimal Test
       mounts without crashing:
     AssertionError: Timed out retrying after 4000ms: Expected to find content: 'Test Details' but never did.
      at Context.<anonymous> (webpack://FantasyWritingApp/./cypress/component/BaseElementForm.minimal.cy.tsx:28:32)




  (Results)

  â”Œâ”€â”€â”€â”€â”€â”€â”€â”€â”€â”€â”€â”€â”€â”€â”€â”€â”€â”€â”€â”€â”€â”€â”€â”€â”€â”€â”€â”€â”€â”€â”€â”€â”€â”€â”€â”€â”€â”€â”€â”€â”€â”€â”€â”€â”€â”€â”€â”€â”€â”€â”€â”€â”€â”€â”€â”€â”€â”€â”€â”€â”€â”€â”€â”€â”€â”€â”€â”€â”€â”€â”€â”€â”€â”€â”€â”€â”€â”€â”€â”€â”€â”€â”€â”€â”€â”€â”€â”€â”€â”€â”€â”€â”€â”€â”€â”€â”
  â”‚ Tests:        2                                                                                â”‚
  â”‚ Passing:      1                                                                                â”‚
  â”‚ Failing:      1                                                                                â”‚
  â”‚ Pending:      0                                                                                â”‚
  â”‚ Skipped:      0                                                                                â”‚
  â”‚ Screenshots:  1                                                                                â”‚
  â”‚ Video:        false                                                                            â”‚
  â”‚ Duration:     4 seconds                                                                        â”‚
  â”‚ Spec Ran:     BaseElementForm.minimal.cy.tsx                                                   â”‚
  â””â”€â”€â”€â”€â”€â”€â”€â”€â”€â”€â”€â”€â”€â”€â”€â”€â”€â”€â”€â”€â”€â”€â”€â”€â”€â”€â”€â”€â”€â”€â”€â”€â”€â”€â”€â”€â”€â”€â”€â”€â”€â”€â”€â”€â”€â”€â”€â”€â”€â”€â”€â”€â”€â”€â”€â”€â”€â”€â”€â”€â”€â”€â”€â”€â”€â”€â”€â”€â”€â”€â”€â”€â”€â”€â”€â”€â”€â”€â”€â”€â”€â”€â”€â”€â”€â”€â”€â”€â”€â”€â”€â”€â”€â”€â”€â”€â”˜


  (Screenshots)

  -  /Users/jacobstoragepug/Desktop/FantasyWritingApp/cypress/screenshots/BaseElement    (2560x1440)
     Form.minimal.cy.tsx/BaseElementForm - Minimal Test -- mounts without crashing (f               
     ailed).png                                                                                     


â”€â”€â”€â”€â”€â”€â”€â”€â”€â”€â”€â”€â”€â”€â”€â”€â”€â”€â”€â”€â”€â”€â”€â”€â”€â”€â”€â”€â”€â”€â”€â”€â”€â”€â”€â”€â”€â”€â”€â”€â”€â”€â”€â”€â”€â”€â”€â”€â”€â”€â”€â”€â”€â”€â”€â”€â”€â”€â”€â”€â”€â”€â”€â”€â”€â”€â”€â”€â”€â”€â”€â”€â”€â”€â”€â”€â”€â”€â”€â”€â”€â”€â”€â”€â”€â”€â”€â”€â”€â”€â”€â”€â”€â”€â”€â”€â”€â”€â”€â”€
                                                                                                    
  Running:  BaseElementForm.simple.cy.tsx                                                  (5 of 62)
14 assets
274 modules
webpack 5.101.3 compiled [1m[32msuccessfully[39m[22m in 63 ms


  BaseElementForm (Simple Tests)
    1) "before each" hook for "renders form header and basic structure"


  0 passing (163ms)
  1 failing

  1) BaseElementForm (Simple Tests)
       "before each" hook for "renders form header and basic structure":
     TypeError: cy.resetFactories is not a function

Because this error occurred during a `before each` hook we are skipping the remaining tests in the current suite: `BaseElementForm (Simple Tests)`
      at Context.<anonymous> (webpack://FantasyWritingApp/./cypress/component/BaseElementForm.simple.cy.tsx:54:7)
      at runnable.fn (http://localhost:3003/__cypress/runner/cypress_runner.js:141938:19)
      at callFn (http://localhost:3003/__cypress/runner/cypress_runner.js:161016:21)
      at Runnable.run (http://localhost:3003/__cypress/runner/cypress_runner.js:161003:7)
      at <unknown> (http://localhost:3003/__cypress/runner/cypress_runner.js:167096:30)
      at PassThroughHandlerContext.finallyHandler (http://localhost:3003/__cypress/runner/cypress_runner.js:4042:23)
      at PassThroughHandlerContext.tryCatcher (http://localhost:3003/__cypress/runner/cypress_runner.js:1777:23)
      at Promise._settlePromiseFromHandler (http://localhost:3003/__cypress/runner/cypress_runner.js:1489:31)
      at Promise._settlePromise (http://localhost:3003/__cypress/runner/cypress_runner.js:1546:18)




  (Results)

  â”Œâ”€â”€â”€â”€â”€â”€â”€â”€â”€â”€â”€â”€â”€â”€â”€â”€â”€â”€â”€â”€â”€â”€â”€â”€â”€â”€â”€â”€â”€â”€â”€â”€â”€â”€â”€â”€â”€â”€â”€â”€â”€â”€â”€â”€â”€â”€â”€â”€â”€â”€â”€â”€â”€â”€â”€â”€â”€â”€â”€â”€â”€â”€â”€â”€â”€â”€â”€â”€â”€â”€â”€â”€â”€â”€â”€â”€â”€â”€â”€â”€â”€â”€â”€â”€â”€â”€â”€â”€â”€â”€â”€â”€â”€â”€â”€â”€â”
  â”‚ Tests:        11                                                                               â”‚
  â”‚ Passing:      0                                                                                â”‚
  â”‚ Failing:      1                                                                                â”‚
  â”‚ Pending:      0                                                                                â”‚
  â”‚ Skipped:      10                                                                               â”‚
  â”‚ Screenshots:  1                                                                                â”‚
  â”‚ Video:        false                                                                            â”‚
  â”‚ Duration:     0 seconds                                                                        â”‚
  â”‚ Spec Ran:     BaseElementForm.simple.cy.tsx                                                    â”‚
  â””â”€â”€â”€â”€â”€â”€â”€â”€â”€â”€â”€â”€â”€â”€â”€â”€â”€â”€â”€â”€â”€â”€â”€â”€â”€â”€â”€â”€â”€â”€â”€â”€â”€â”€â”€â”€â”€â”€â”€â”€â”€â”€â”€â”€â”€â”€â”€â”€â”€â”€â”€â”€â”€â”€â”€â”€â”€â”€â”€â”€â”€â”€â”€â”€â”€â”€â”€â”€â”€â”€â”€â”€â”€â”€â”€â”€â”€â”€â”€â”€â”€â”€â”€â”€â”€â”€â”€â”€â”€â”€â”€â”€â”€â”€â”€â”€â”˜


  (Screenshots)

  -  /Users/jacobstoragepug/Desktop/FantasyWritingApp/cypress/screenshots/BaseElement    (2560x1440)
     Form.simple.cy.tsx/BaseElementForm (Simple Tests) -- renders form header and bas               
     ic structure -- before each hook (failed).png                                                  


â”€â”€â”€â”€â”€â”€â”€â”€â”€â”€â”€â”€â”€â”€â”€â”€â”€â”€â”€â”€â”€â”€â”€â”€â”€â”€â”€â”€â”€â”€â”€â”€â”€â”€â”€â”€â”€â”€â”€â”€â”€â”€â”€â”€â”€â”€â”€â”€â”€â”€â”€â”€â”€â”€â”€â”€â”€â”€â”€â”€â”€â”€â”€â”€â”€â”€â”€â”€â”€â”€â”€â”€â”€â”€â”€â”€â”€â”€â”€â”€â”€â”€â”€â”€â”€â”€â”€â”€â”€â”€â”€â”€â”€â”€â”€â”€â”€â”€â”€â”€
                                                                                                    
  Running:  BaseElementForm.stateless.cy.tsx                                               (6 of 62)
14 assets
274 modules
webpack 5.101.3 compiled [1m[32msuccessfully[39m[22m in 66 ms


  BaseElementForm - Stateless Tests
    1) renders without any providers
    2) shows categories
    3) expands categories on click
    4) displays existing answers
    5) calls onChange when typing
    6) shows required field indicators
    7) shows help text when clicked
    8) toggles between basic and detailed mode
    9) handles different question types
    10) shows error for required fields without values


  0 passing (41s)
  10 failing

  1) BaseElementForm - Stateless Tests
       renders without any providers:
     AssertionError: Timed out retrying after 4000ms: Expected to find content: 'Test Details' but never did.
      at Context.<anonymous> (webpack://FantasyWritingApp/./cypress/component/BaseElementForm.stateless.cy.tsx:43:32)

  2) BaseElementForm - Stateless Tests
       shows categories:
     AssertionError: Timed out retrying after 4000ms: Expected to find element: `[data-cy="category-toggle-basic"]`, but never found it.
      at Context.<anonymous> (webpack://FantasyWritingApp/./cypress/component/BaseElementForm.stateless.cy.tsx:58:48)

  3) BaseElementForm - Stateless Tests
       expands categories on click:
     AssertionError: Timed out retrying after 4000ms: Expected to find content: 'Name' but never did.
      at Context.<anonymous> (webpack://FantasyWritingApp/./cypress/component/BaseElementForm.stateless.cy.tsx:74:24)

  4) BaseElementForm - Stateless Tests
       displays existing answers:
     AssertionError: Timed out retrying after 4000ms: Expected to find element: `[data-cy="category-toggle-basic"]`, but never found it.
      at Context.<anonymous> (webpack://FantasyWritingApp/./cypress/component/BaseElementForm.stateless.cy.tsx:96:7)

  5) BaseElementForm - Stateless Tests
       calls onChange when typing:
     AssertionError: Timed out retrying after 4000ms: Expected to find element: `[data-cy="category-toggle-basic"]`, but never found it.
      at Context.<anonymous> (webpack://FantasyWritingApp/./cypress/component/BaseElementForm.stateless.cy.tsx:117:7)

  6) BaseElementForm - Stateless Tests
       shows required field indicators:
     AssertionError: Timed out retrying after 4000ms: Expected to find element: `[data-cy="category-toggle-basic"]`, but never found it.
      at Context.<anonymous> (webpack://FantasyWritingApp/./cypress/component/BaseElementForm.stateless.cy.tsx:138:7)

  7) BaseElementForm - Stateless Tests
       shows help text when clicked:
     AssertionError: Timed out retrying after 4000ms: Expected to find element: `[data-cy="category-toggle-basic"]`, but never found it.
      at Context.<anonymous> (webpack://FantasyWritingApp/./cypress/component/BaseElementForm.stateless.cy.tsx:158:7)

  8) BaseElementForm - Stateless Tests
       toggles between basic and detailed mode:
     AssertionError: Timed out retrying after 4000ms: Expected to find content: 'Quick Mode' but never did.
      at Context.<anonymous> (webpack://FantasyWritingApp/./cypress/component/BaseElementForm.stateless.cy.tsx:184:30)

  9) BaseElementForm - Stateless Tests
       handles different question types:
     AssertionError: Timed out retrying after 4000ms: Expected to find element: `[data-cy="category-toggle-info"]`, but never found it.
      at Context.<anonymous> (webpack://FantasyWritingApp/./cypress/component/BaseElementForm.stateless.cy.tsx:236:7)

  10) BaseElementForm - Stateless Tests
       shows error for required fields without values:
     AssertionError: Timed out retrying after 4000ms: Expected to find element: `[data-cy="category-toggle-basic"]`, but never found it.
      at Context.<anonymous> (webpack://FantasyWritingApp/./cypress/component/BaseElementForm.stateless.cy.tsx:256:7)




  (Results)

  â”Œâ”€â”€â”€â”€â”€â”€â”€â”€â”€â”€â”€â”€â”€â”€â”€â”€â”€â”€â”€â”€â”€â”€â”€â”€â”€â”€â”€â”€â”€â”€â”€â”€â”€â”€â”€â”€â”€â”€â”€â”€â”€â”€â”€â”€â”€â”€â”€â”€â”€â”€â”€â”€â”€â”€â”€â”€â”€â”€â”€â”€â”€â”€â”€â”€â”€â”€â”€â”€â”€â”€â”€â”€â”€â”€â”€â”€â”€â”€â”€â”€â”€â”€â”€â”€â”€â”€â”€â”€â”€â”€â”€â”€â”€â”€â”€â”€â”
  â”‚ Tests:        10                                                                               â”‚
  â”‚ Passing:      0                                                                                â”‚
  â”‚ Failing:      10                                                                               â”‚
  â”‚ Pending:      0                                                                                â”‚
  â”‚ Skipped:      0                                                                                â”‚
  â”‚ Screenshots:  10                                                                               â”‚
  â”‚ Video:        false                                                                            â”‚
  â”‚ Duration:     41 seconds                                                                       â”‚
  â”‚ Spec Ran:     BaseElementForm.stateless.cy.tsx                                                 â”‚
  â””â”€â”€â”€â”€â”€â”€â”€â”€â”€â”€â”€â”€â”€â”€â”€â”€â”€â”€â”€â”€â”€â”€â”€â”€â”€â”€â”€â”€â”€â”€â”€â”€â”€â”€â”€â”€â”€â”€â”€â”€â”€â”€â”€â”€â”€â”€â”€â”€â”€â”€â”€â”€â”€â”€â”€â”€â”€â”€â”€â”€â”€â”€â”€â”€â”€â”€â”€â”€â”€â”€â”€â”€â”€â”€â”€â”€â”€â”€â”€â”€â”€â”€â”€â”€â”€â”€â”€â”€â”€â”€â”€â”€â”€â”€â”€â”€â”˜


  (Screenshots)

  -  /Users/jacobstoragepug/Desktop/FantasyWritingApp/cypress/screenshots/BaseElement    (2560x1440)
     Form.stateless.cy.tsx/BaseElementForm - Stateless Tests -- renders without any p               
     roviders (failed).png                                                                          
  -  /Users/jacobstoragepug/Desktop/FantasyWritingApp/cypress/screenshots/BaseElement    (2560x1440)
     Form.stateless.cy.tsx/BaseElementForm - Stateless Tests -- shows categories (fai               
     led).png                                                                                       
  -  /Users/jacobstoragepug/Desktop/FantasyWritingApp/cypress/screenshots/BaseElement    (2560x1440)
     Form.stateless.cy.tsx/BaseElementForm - Stateless Tests -- expands categories on               
      click (failed).png                                                                            
  -  /Users/jacobstoragepug/Desktop/FantasyWritingApp/cypress/screenshots/BaseElement    (2560x1440)
     Form.stateless.cy.tsx/BaseElementForm - Stateless Tests -- displays existing ans               
     wers (failed).png                                                                              
  -  /Users/jacobstoragepug/Desktop/FantasyWritingApp/cypress/screenshots/BaseElement    (2560x1440)
     Form.stateless.cy.tsx/BaseElementForm - Stateless Tests -- calls onChange when t               
     yping (failed).png                                                                             
  -  /Users/jacobstoragepug/Desktop/FantasyWritingApp/cypress/screenshots/BaseElement    (2560x1440)
     Form.stateless.cy.tsx/BaseElementForm - Stateless Tests -- shows required field                
     indicators (failed).png                                                                        
  -  /Users/jacobstoragepug/Desktop/FantasyWritingApp/cypress/screenshots/BaseElement    (2560x1440)
     Form.stateless.cy.tsx/BaseElementForm - Stateless Tests -- shows help text when                
     clicked (failed).png                                                                           
  -  /Users/jacobstoragepug/Desktop/FantasyWritingApp/cypress/screenshots/BaseElement    (2560x1440)
     Form.stateless.cy.tsx/BaseElementForm - Stateless Tests -- toggles between basic               
      and detailed mode (failed).png                                                                
  -  /Users/jacobstoragepug/Desktop/FantasyWritingApp/cypress/screenshots/BaseElement    (2560x1440)
     Form.stateless.cy.tsx/BaseElementForm - Stateless Tests -- handles different que               
     stion types (failed).png                                                                       
  -  /Users/jacobstoragepug/Desktop/FantasyWritingApp/cypress/screenshots/BaseElement    (2560x1440)
     Form.stateless.cy.tsx/BaseElementForm - Stateless Tests -- shows error for requi               
     red fields without values (failed).png                                                         


â”€â”€â”€â”€â”€â”€â”€â”€â”€â”€â”€â”€â”€â”€â”€â”€â”€â”€â”€â”€â”€â”€â”€â”€â”€â”€â”€â”€â”€â”€â”€â”€â”€â”€â”€â”€â”€â”€â”€â”€â”€â”€â”€â”€â”€â”€â”€â”€â”€â”€â”€â”€â”€â”€â”€â”€â”€â”€â”€â”€â”€â”€â”€â”€â”€â”€â”€â”€â”€â”€â”€â”€â”€â”€â”€â”€â”€â”€â”€â”€â”€â”€â”€â”€â”€â”€â”€â”€â”€â”€â”€â”€â”€â”€â”€â”€â”€â”€â”€â”€
                                                                                                    
  Running:  BasicQuestionsSelector.cy.tsx                                                  (7 of 62)
14 assets
274 modules
webpack 5.101.3 compiled [1m[32msuccessfully[39m[22m in 134 ms


  BasicQuestionsSelector Component
    Rendering
      1) renders with title and description
      2) displays question statistics
      3) shows estimated completion times
      4) displays tip info box
      5) groups questions by category
      6) shows required badge for required questions
      7) shows help text when available
      8) shows star icon for suggested questions
    Quick Actions
      9) applies default suggestions when clicked
      10) selects all questions when Select All is clicked
      11) deselects all questions when Select None is clicked
      12) disables Apply Defaults when no suggestions exist
    Question Selection
      - toggles question selection when checkbox is clicked
      13) deselects question when already selected
      - toggles question when label is clicked
      14) maintains selection state across categories
    Visual Feedback
      15) highlights selected questions
      - shows hover effect on unselected questions
      16) shows summary when questions are selected
      - hides summary when no questions are selected
    Initialization
      17) uses provided basicQuestionIds on mount
      - auto-selects suggestions when no basicQuestionIds provided
      - does not auto-select when basicQuestionIds are already set
    Edge Cases
      18) handles empty questions array
      19) handles questions without categories
      âœ“ handles very long question text (27ms)
      20) handles many questions
      21) filters out non-existent question IDs from suggestions
      - handles rapid selection changes
      âœ“ handles special characters in question text (29ms)
    Accessibility
      22) has accessible checkboxes
      - supports keyboard navigation
      - allows space/enter to toggle checkboxes
      23) buttons are keyboard accessible
    Responsive Design
      24) works on mobile viewport
      25) maintains layout on tablet viewport
      26) works on desktop viewport
    Time Calculations
      27) calculates basic mode time correctly
      28) calculates detailed mode time correctly
      - updates time estimates when selection changes


  2 passing (2m)
  10 pending
  28 failing

  1) BasicQuestionsSelector Component
       Rendering
         renders with title and description:
     AssertionError: Timed out retrying after 4000ms: Expected to find content: 'Basic Mode Configuration' but never did.
      at Context.<anonymous> (webpack://FantasyWritingApp/./cypress/component/BasicQuestionsSelector.cy.tsx:30:46)

  2) BasicQuestionsSelector Component
       Rendering
         displays question statistics:
     AssertionError: Timed out retrying after 4000ms: Expected to find content: 'Basic Questions' but never did.
      at Context.<anonymous> (webpack://FantasyWritingApp/./cypress/component/BasicQuestionsSelector.cy.tsx:41:37)

  3) BasicQuestionsSelector Component
       Rendering
         shows estimated completion times:
     AssertionError: Timed out retrying after 4000ms: Expected to find content: '~1 min to complete' but never did.
      at Context.<anonymous> (webpack://FantasyWritingApp/./cypress/component/BasicQuestionsSelector.cy.tsx:54:40)

  4) BasicQuestionsSelector Component
       Rendering
         displays tip info box:
     AssertionError: Timed out retrying after 4000ms: Expected to find content: 'Tip:' but never did.
      at Context.<anonymous> (webpack://FantasyWritingApp/./cypress/component/BasicQuestionsSelector.cy.tsx:65:26)

  5) BasicQuestionsSelector Component
       Rendering
         groups questions by category:
     AssertionError: Timed out retrying after 4000ms: Expected to find content: 'Basic Info' but never did.
      at Context.<anonymous> (webpack://FantasyWritingApp/./cypress/component/BasicQuestionsSelector.cy.tsx:76:32)

  6) BasicQuestionsSelector Component
       Rendering
         shows required badge for required questions:
     AssertionError: Timed out retrying after 4000ms: Expected to find content: 'Name' but never did.
      at Context.<anonymous> (webpack://FantasyWritingApp/./cypress/component/BasicQuestionsSelector.cy.tsx:90:9)

  7) BasicQuestionsSelector Component
       Rendering
         shows help text when available:
     AssertionError: Timed out retrying after 4000ms: Expected to find content: 'Character age' but never did.
      at Context.<anonymous> (webpack://FantasyWritingApp/./cypress/component/BasicQuestionsSelector.cy.tsx:102:35)

  8) BasicQuestionsSelector Component
       Rendering
         shows star icon for suggested questions:
     AssertionError: Timed out retrying after 4000ms: Expected to find content: 'Name' but never did.
      at Context.<anonymous> (webpack://FantasyWritingApp/./cypress/component/BasicQuestionsSelector.cy.tsx:113:9)

  9) BasicQuestionsSelector Component
       Quick Actions
         applies default suggestions when clicked:
     AssertionError: Timed out retrying after 4000ms: Expected to find content: 'Apply Defaults' but never did.
      at Context.<anonymous> (webpack://FantasyWritingApp/./cypress/component/BasicQuestionsSelector.cy.tsx:127:9)

  10) BasicQuestionsSelector Component
       Quick Actions
         selects all questions when Select All is clicked:
     AssertionError: Timed out retrying after 4000ms: Expected to find content: 'Select All' but never did.
      at Context.<anonymous> (webpack://FantasyWritingApp/./cypress/component/BasicQuestionsSelector.cy.tsx:145:9)

  11) BasicQuestionsSelector Component
       Quick Actions
         deselects all questions when Select None is clicked:
     AssertionError: Timed out retrying after 4000ms: Expected to find content: 'Select None' but never did.
      at Context.<anonymous> (webpack://FantasyWritingApp/./cypress/component/BasicQuestionsSelector.cy.tsx:159:9)

  12) BasicQuestionsSelector Component
       Quick Actions
         disables Apply Defaults when no suggestions exist:
     AssertionError: Timed out retrying after 4000ms: expected '<div.css-text-146c3p1>' to be 'disabled'
      at Context.<anonymous> (webpack://FantasyWritingApp/./cypress/component/BasicQuestionsSelector.cy.tsx:173:36)

  13) BasicQuestionsSelector Component
       Question Selection
         deselects question when already selected:
     AssertionError: Timed out retrying after 4000ms: Expected to find content: 'Name' within the selector: 'label' but never did.
      at Context.<anonymous> (webpack://FantasyWritingApp/./cypress/component/BasicQuestionsSelector.cy.tsx:208:9)

  14) BasicQuestionsSelector Component
       Question Selection
         maintains selection state across categories:
     AssertionError: Timed out retrying after 4000ms: Expected to find content: 'Name' within the selector: 'label' but never did.
      at Context.<anonymous> (webpack://FantasyWritingApp/./cypress/component/BasicQuestionsSelector.cy.tsx:238:9)

  15) BasicQuestionsSelector Component
       Visual Feedback
         highlights selected questions:
     AssertionError: Timed out retrying after 4000ms: Expected to find content: 'Name' within the selector: 'label' but never did.
      at Context.<anonymous> (webpack://FantasyWritingApp/./cypress/component/BasicQuestionsSelector.cy.tsx:264:9)

  16) BasicQuestionsSelector Component
       Visual Feedback
         shows summary when questions are selected:
     AssertionError: Timed out retrying after 4000ms: Expected to find content: 'Basic Mode Ready' but never did.
      at Context.<anonymous> (webpack://FantasyWritingApp/./cypress/component/BasicQuestionsSelector.cy.tsx:289:38)

  17) BasicQuestionsSelector Component
       Initialization
         uses provided basicQuestionIds on mount:
     AssertionError: Timed out retrying after 4000ms: Expected to find content: 'Name' within the selector: 'label' but never did.
      at Context.<anonymous> (webpack://FantasyWritingApp/./cypress/component/BasicQuestionsSelector.cy.tsx:315:9)

  18) BasicQuestionsSelector Component
       Edge Cases
         handles empty questions array:
     AssertionError: Timed out retrying after 4000ms: Expected to find content: 'Basic Mode Configuration' but never did.
      at Context.<anonymous> (webpack://FantasyWritingApp/./cypress/component/BasicQuestionsSelector.cy.tsx:374:46)

  19) BasicQuestionsSelector Component
       Edge Cases
         handles questions without categories:
     AssertionError: Timed out retrying after 4000ms: Expected to find content: 'General' but never did.
      at Context.<anonymous> (webpack://FantasyWritingApp/./cypress/component/BasicQuestionsSelector.cy.tsx:392:29)

  20) BasicQuestionsSelector Component
       Edge Cases
         handles many questions:
     AssertionError: Timed out retrying after 4000ms: Expected to find content: '50' but never did.
      at Context.<anonymous> (webpack://FantasyWritingApp/./cypress/component/BasicQuestionsSelector.cy.tsx:436:24)

  21) BasicQuestionsSelector Component
       Edge Cases
         filters out non-existent question IDs from suggestions:
     AssertionError: Timed out retrying after 4000ms: expected onChange to have been called with arguments [name], but it was never called
      at Context.<anonymous> (webpack://FantasyWritingApp/./cypress/component/BasicQuestionsSelector.cy.tsx:458:26)

  22) BasicQuestionsSelector Component
       Accessibility
         has accessible checkboxes:
     AssertionError: Timed out retrying after 4000ms: Expected to find element: `input[type="checkbox"]`, but never found it.
      at Context.<anonymous> (webpack://FantasyWritingApp/./cypress/component/BasicQuestionsSelector.cy.tsx:507:9)

  23) BasicQuestionsSelector Component
       Accessibility
         buttons are keyboard accessible:
     AssertionError: Timed out retrying after 4000ms: Expected to find content: 'Select All' but never did.
      at Context.<anonymous> (webpack://FantasyWritingApp/./cypress/component/BasicQuestionsSelector.cy.tsx:554:9)

  24) BasicQuestionsSelector Component
       Responsive Design
         works on mobile viewport:
     AssertionError: Timed out retrying after 4000ms: Expected to find content: 'Basic Mode Configuration' but never did.
      at Context.<anonymous> (webpack://FantasyWritingApp/./cypress/component/BasicQuestionsSelector.cy.tsx:571:46)

  25) BasicQuestionsSelector Component
       Responsive Design
         maintains layout on tablet viewport:
     AssertionError: Timed out retrying after 4000ms: Expected to find content: 'Basic Mode Configuration' but never did.
      at Context.<anonymous> (webpack://FantasyWritingApp/./cypress/component/BasicQuestionsSelector.cy.tsx:585:46)

  26) BasicQuestionsSelector Component
       Responsive Design
         works on desktop viewport:
     AssertionError: Timed out retrying after 4000ms: Expected to find content: 'Basic Mode Configuration' but never did.
      at Context.<anonymous> (webpack://FantasyWritingApp/./cypress/component/BasicQuestionsSelector.cy.tsx:598:46)

  27) BasicQuestionsSelector Component
       Time Calculations
         calculates basic mode time correctly:
     AssertionError: Timed out retrying after 4000ms: Expected to find content: 'Basic Questions' but never did.
      at Context.<anonymous> (webpack://FantasyWritingApp/./cypress/component/BasicQuestionsSelector.cy.tsx:614:9)

  28) BasicQuestionsSelector Component
       Time Calculations
         calculates detailed mode time correctly:
     AssertionError: Timed out retrying after 4000ms: Expected to find content: 'Detailed Questions' but never did.
      at Context.<anonymous> (webpack://FantasyWritingApp/./cypress/component/BasicQuestionsSelector.cy.tsx:628:9)




  (Results)

  â”Œâ”€â”€â”€â”€â”€â”€â”€â”€â”€â”€â”€â”€â”€â”€â”€â”€â”€â”€â”€â”€â”€â”€â”€â”€â”€â”€â”€â”€â”€â”€â”€â”€â”€â”€â”€â”€â”€â”€â”€â”€â”€â”€â”€â”€â”€â”€â”€â”€â”€â”€â”€â”€â”€â”€â”€â”€â”€â”€â”€â”€â”€â”€â”€â”€â”€â”€â”€â”€â”€â”€â”€â”€â”€â”€â”€â”€â”€â”€â”€â”€â”€â”€â”€â”€â”€â”€â”€â”€â”€â”€â”€â”€â”€â”€â”€â”€â”
  â”‚ Tests:        40                                                                               â”‚
  â”‚ Passing:      2                                                                                â”‚
  â”‚ Failing:      28                                                                               â”‚
  â”‚ Pending:      10                                                                               â”‚
  â”‚ Skipped:      0                                                                                â”‚
  â”‚ Screenshots:  28                                                                               â”‚
  â”‚ Video:        false                                                                            â”‚
  â”‚ Duration:     1 minute, 56 seconds                                                             â”‚
  â”‚ Spec Ran:     BasicQuestionsSelector.cy.tsx                                                    â”‚
  â””â”€â”€â”€â”€â”€â”€â”€â”€â”€â”€â”€â”€â”€â”€â”€â”€â”€â”€â”€â”€â”€â”€â”€â”€â”€â”€â”€â”€â”€â”€â”€â”€â”€â”€â”€â”€â”€â”€â”€â”€â”€â”€â”€â”€â”€â”€â”€â”€â”€â”€â”€â”€â”€â”€â”€â”€â”€â”€â”€â”€â”€â”€â”€â”€â”€â”€â”€â”€â”€â”€â”€â”€â”€â”€â”€â”€â”€â”€â”€â”€â”€â”€â”€â”€â”€â”€â”€â”€â”€â”€â”€â”€â”€â”€â”€â”€â”˜


  (Screenshots)

  -  /Users/jacobstoragepug/Desktop/FantasyWritingApp/cypress/screenshots/BasicQuesti    (2560x1440)
     onsSelector.cy.tsx/BasicQuestionsSelector Component -- Rendering -- renders with               
      title and description (failed).png                                                            
  -  /Users/jacobstoragepug/Desktop/FantasyWritingApp/cypress/screenshots/BasicQuesti    (2560x1440)
     onsSelector.cy.tsx/BasicQuestionsSelector Component -- Rendering -- displays que               
     stion statistics (failed).png                                                                  
  -  /Users/jacobstoragepug/Desktop/FantasyWritingApp/cypress/screenshots/BasicQuesti    (2560x1440)
     onsSelector.cy.tsx/BasicQuestionsSelector Component -- Rendering -- shows estima               
     ted completion times (failed).png                                                              
  -  /Users/jacobstoragepug/Desktop/FantasyWritingApp/cypress/screenshots/BasicQuesti    (2560x1440)
     onsSelector.cy.tsx/BasicQuestionsSelector Component -- Rendering -- displays tip               
      info box (failed).png                                                                         
  -  /Users/jacobstoragepug/Desktop/FantasyWritingApp/cypress/screenshots/BasicQuesti    (2560x1440)
     onsSelector.cy.tsx/BasicQuestionsSelector Component -- Rendering -- groups quest               
     ions by category (failed).png                                                                  
  -  /Users/jacobstoragepug/Desktop/FantasyWritingApp/cypress/screenshots/BasicQuesti    (2560x1440)
     onsSelector.cy.tsx/BasicQuestionsSelector Component -- Rendering -- shows requir               
     ed badge for required questions (failed).png                                                   
  -  /Users/jacobstoragepug/Desktop/FantasyWritingApp/cypress/screenshots/BasicQuesti    (2560x1440)
     onsSelector.cy.tsx/BasicQuestionsSelector Component -- Rendering -- shows help t               
     ext when available (failed).png                                                                
  -  /Users/jacobstoragepug/Desktop/FantasyWritingApp/cypress/screenshots/BasicQuesti    (2560x1440)
     onsSelector.cy.tsx/BasicQuestionsSelector Component -- Rendering -- shows star i               
     con for suggested questions (failed).png                                                       
  -  /Users/jacobstoragepug/Desktop/FantasyWritingApp/cypress/screenshots/BasicQuesti    (2560x1440)
     onsSelector.cy.tsx/BasicQuestionsSelector Component -- Quick Actions -- applies                
     default suggestions when clicked (failed).png                                                  
  -  /Users/jacobstoragepug/Desktop/FantasyWritingApp/cypress/screenshots/BasicQuesti    (2560x1440)
     onsSelector.cy.tsx/BasicQuestionsSelector Component -- Quick Actions -- selects                
     all questions when Select All is clicked (failed).png                                          
  -  /Users/jacobstoragepug/Desktop/FantasyWritingApp/cypress/screenshots/BasicQuesti    (2560x1440)
     onsSelector.cy.tsx/BasicQuestionsSelector Component -- Quick Actions -- deselect               
     s all questions when Select None is clicked (failed).png                                       
  -  /Users/jacobstoragepug/Desktop/FantasyWritingApp/cypress/screenshots/BasicQuesti    (2560x1440)
     onsSelector.cy.tsx/BasicQuestionsSelector Component -- Quick Actions -- disables               
      Apply Defaults when no suggestions exist (failed).png                                         
  -  /Users/jacobstoragepug/Desktop/FantasyWritingApp/cypress/screenshots/BasicQuesti    (2560x1440)
     onsSelector.cy.tsx/BasicQuestionsSelector Component -- Question Selection -- des               
     elects question when already selected (failed).png                                             
  -  /Users/jacobstoragepug/Desktop/FantasyWritingApp/cypress/screenshots/BasicQuesti    (2560x1440)
     onsSelector.cy.tsx/BasicQuestionsSelector Component -- Question Selection -- mai               
     ntains selection state across categories (failed).png                                          
  -  /Users/jacobstoragepug/Desktop/FantasyWritingApp/cypress/screenshots/BasicQuesti    (2560x1440)
     onsSelector.cy.tsx/BasicQuestionsSelector Component -- Visual Feedback -- highli               
     ghts selected questions (failed).png                                                           
  -  /Users/jacobstoragepug/Desktop/FantasyWritingApp/cypress/screenshots/BasicQuesti    (2560x1440)
     onsSelector.cy.tsx/BasicQuestionsSelector Component -- Visual Feedback -- shows                
     summary when questions are selected (failed).png                                               
  -  /Users/jacobstoragepug/Desktop/FantasyWritingApp/cypress/screenshots/BasicQuesti    (2560x1440)
     onsSelector.cy.tsx/BasicQuestionsSelector Component -- Initialization -- uses pr               
     ovided basicQuestionIds on mount (failed).png                                                  
  -  /Users/jacobstoragepug/Desktop/FantasyWritingApp/cypress/screenshots/BasicQuesti    (2560x1440)
     onsSelector.cy.tsx/BasicQuestionsSelector Component -- Edge Cases -- handles emp               
     ty questions array (failed).png                                                                
  -  /Users/jacobstoragepug/Desktop/FantasyWritingApp/cypress/screenshots/BasicQuesti    (2560x1440)
     onsSelector.cy.tsx/BasicQuestionsSelector Component -- Edge Cases -- handles que               
     stions without categories (failed).png                                                         
  -  /Users/jacobstoragepug/Desktop/FantasyWritingApp/cypress/screenshots/BasicQuesti    (2560x1440)
     onsSelector.cy.tsx/BasicQuestionsSelector Component -- Edge Cases -- handles man               
     y questions (failed).png                                                                       
  -  /Users/jacobstoragepug/Desktop/FantasyWritingApp/cypress/screenshots/BasicQuesti    (2560x1440)
     onsSelector.cy.tsx/BasicQuestionsSelector Component -- Edge Cases -- filters out               
      non-existent question IDs from suggestions (failed).png                                       
  -  /Users/jacobstoragepug/Desktop/FantasyWritingApp/cypress/screenshots/BasicQuesti    (2560x1440)
     onsSelector.cy.tsx/BasicQuestionsSelector Component -- Accessibility -- has acce               
     ssible checkboxes (failed).png                                                                 
  -  /Users/jacobstoragepug/Desktop/FantasyWritingApp/cypress/screenshots/BasicQuesti    (2560x1440)
     onsSelector.cy.tsx/BasicQuestionsSelector Component -- Accessibility -- buttons                
     are keyboard accessible (failed).png                                                           
  -  /Users/jacobstoragepug/Desktop/FantasyWritingApp/cypress/screenshots/BasicQuesti    (2560x1440)
     onsSelector.cy.tsx/BasicQuestionsSelector Component -- Responsive Design -- work               
     s on mobile viewport (failed).png                                                              
  -  /Users/jacobstoragepug/Desktop/FantasyWritingApp/cypress/screenshots/BasicQuesti    (2560x1440)
     onsSelector.cy.tsx/BasicQuestionsSelector Component -- Responsive Design -- main               
     tains layout on tablet viewport (failed).png                                                   
  -  /Users/jacobstoragepug/Desktop/FantasyWritingApp/cypress/screenshots/BasicQuesti    (2560x1440)
     onsSelector.cy.tsx/BasicQuestionsSelector Component -- Responsive Design -- work               
     s on desktop viewport (failed).png                                                             
  -  /Users/jacobstoragepug/Desktop/FantasyWritingApp/cypress/screenshots/BasicQuesti    (2560x1440)
     onsSelector.cy.tsx/BasicQuestionsSelector Component -- Time Calculations -- calc               
     ulates basic mode time correctly (failed).png                                                  
  -  /Users/jacobstoragepug/Desktop/FantasyWritingApp/cypress/screenshots/BasicQuesti    (2560x1440)
     onsSelector.cy.tsx/BasicQuestionsSelector Component -- Time Calculations -- calc               
     ulates detailed mode time correctly (failed).png                                               


â”€â”€â”€â”€â”€â”€â”€â”€â”€â”€â”€â”€â”€â”€â”€â”€â”€â”€â”€â”€â”€â”€â”€â”€â”€â”€â”€â”€â”€â”€â”€â”€â”€â”€â”€â”€â”€â”€â”€â”€â”€â”€â”€â”€â”€â”€â”€â”€â”€â”€â”€â”€â”€â”€â”€â”€â”€â”€â”€â”€â”€â”€â”€â”€â”€â”€â”€â”€â”€â”€â”€â”€â”€â”€â”€â”€â”€â”€â”€â”€â”€â”€â”€â”€â”€â”€â”€â”€â”€â”€â”€â”€â”€â”€â”€â”€â”€â”€â”€â”€
                                                                                                    
  Running:  BasicQuestionsSelector.simple.cy.tsx                                           (8 of 62)
13 assets
265 modules

[1m[31mERROR[39m[22m in [1m./cypress/component/BasicQuestionsSelector.simple.cy.tsx[39m[22m [1m[32m2:0-85[39m[22m
[1mModule [1m[31mnot found[39m[22m[1m: [1m[31mError[39m[22m[1m: Can't resolve '../../src/components/BasicQuestionsSelector' in '/Users/jacobstoragepug/Desktop/FantasyWritingApp/cypress/component'[39m[22m

webpack 5.101.3 compiled with [1m[31m1 error[39m[22m in 88 ms


  1) An uncaught error was detected outside of a test

  0 passing (139ms)
  1 failing

  1) An uncaught error was detected outside of a test:
     Error: The following error originated from your test code, not from Cypress.

  > Cannot find module '../../src/components/BasicQuestionsSelector'

When Cypress detects uncaught errors originating from your test code it will automatically fail the current test.

Cypress could not associate this error to any specific test.

We dynamically generated a new test to display this failure.
      at webpackMissingModule (http://localhost:3003/__cypress/src/spec-0.js:13:50)
      at ./cypress/component/BasicQuestionsSelector.simple.cy.tsx (http://localhost:3003/__cypress/src/spec-0.js:13:168)
      at Function.__webpack_require__ (http://localhost:3003/__cypress/src/runtime.js:23:41)




  (Results)

  â”Œâ”€â”€â”€â”€â”€â”€â”€â”€â”€â”€â”€â”€â”€â”€â”€â”€â”€â”€â”€â”€â”€â”€â”€â”€â”€â”€â”€â”€â”€â”€â”€â”€â”€â”€â”€â”€â”€â”€â”€â”€â”€â”€â”€â”€â”€â”€â”€â”€â”€â”€â”€â”€â”€â”€â”€â”€â”€â”€â”€â”€â”€â”€â”€â”€â”€â”€â”€â”€â”€â”€â”€â”€â”€â”€â”€â”€â”€â”€â”€â”€â”€â”€â”€â”€â”€â”€â”€â”€â”€â”€â”€â”€â”€â”€â”€â”€â”
  â”‚ Tests:        1                                                                                â”‚
  â”‚ Passing:      0                                                                                â”‚
  â”‚ Failing:      1                                                                                â”‚
  â”‚ Pending:      0                                                                                â”‚
  â”‚ Skipped:      0                                                                                â”‚
  â”‚ Screenshots:  1                                                                                â”‚
  â”‚ Video:        false                                                                            â”‚
  â”‚ Duration:     0 seconds                                                                        â”‚
  â”‚ Spec Ran:     BasicQuestionsSelector.simple.cy.tsx                                             â”‚
  â””â”€â”€â”€â”€â”€â”€â”€â”€â”€â”€â”€â”€â”€â”€â”€â”€â”€â”€â”€â”€â”€â”€â”€â”€â”€â”€â”€â”€â”€â”€â”€â”€â”€â”€â”€â”€â”€â”€â”€â”€â”€â”€â”€â”€â”€â”€â”€â”€â”€â”€â”€â”€â”€â”€â”€â”€â”€â”€â”€â”€â”€â”€â”€â”€â”€â”€â”€â”€â”€â”€â”€â”€â”€â”€â”€â”€â”€â”€â”€â”€â”€â”€â”€â”€â”€â”€â”€â”€â”€â”€â”€â”€â”€â”€â”€â”€â”˜


  (Screenshots)

  -  /Users/jacobstoragepug/Desktop/FantasyWritingApp/cypress/screenshots/BasicQuesti    (2560x1440)
     onsSelector.simple.cy.tsx/An uncaught error was detected outside of a test (fail               
     ed).png                                                                                        


â”€â”€â”€â”€â”€â”€â”€â”€â”€â”€â”€â”€â”€â”€â”€â”€â”€â”€â”€â”€â”€â”€â”€â”€â”€â”€â”€â”€â”€â”€â”€â”€â”€â”€â”€â”€â”€â”€â”€â”€â”€â”€â”€â”€â”€â”€â”€â”€â”€â”€â”€â”€â”€â”€â”€â”€â”€â”€â”€â”€â”€â”€â”€â”€â”€â”€â”€â”€â”€â”€â”€â”€â”€â”€â”€â”€â”€â”€â”€â”€â”€â”€â”€â”€â”€â”€â”€â”€â”€â”€â”€â”€â”€â”€â”€â”€â”€â”€â”€â”€
                                                                                                    
  Running:  Breadcrumb.cy.tsx                                                              (9 of 62)
13 assets
265 modules

[1m[31mERROR[39m[22m in [1m./cypress/component/Breadcrumb.cy.tsx[39m[22m [1m[32m2:0-61[39m[22m
[1mModule [1m[31mnot found[39m[22m[1m: [1m[31mError[39m[22m[1m: Can't resolve '../../src/components/Breadcrumb' in '/Users/jacobstoragepug/Desktop/FantasyWritingApp/cypress/component'[39m[22m

[1m[31mERROR[39m[22m in [1m./cypress/component/Breadcrumb.cy.tsx[39m[22m [1m[32m3:0-48[39m[22m
[1mModule [1m[31mnot found[39m[22m[1m: [1m[31mError[39m[22m[1m: Can't resolve 'react-router-dom' in '/Users/jacobstoragepug/Desktop/FantasyWritingApp/cypress/component'[39m[22m

webpack 5.101.3 compiled with [1m[31m2 errors[39m[22m in 112 ms


  1) An uncaught error was detected outside of a test

  0 passing (138ms)
  1 failing

  1) An uncaught error was detected outside of a test:
     Error: The following error originated from your test code, not from Cypress.

  > Cannot find module '../../src/components/Breadcrumb'

When Cypress detects uncaught errors originating from your test code it will automatically fail the current test.

Cypress could not associate this error to any specific test.

We dynamically generated a new test to display this failure.
      at webpackMissingModule (http://localhost:3003/__cypress/src/spec-0.js:13:50)
      at ./cypress/component/Breadcrumb.cy.tsx (http://localhost:3003/__cypress/src/spec-0.js:13:156)
      at Function.__webpack_require__ (http://localhost:3003/__cypress/src/runtime.js:23:41)




  (Results)

  â”Œâ”€â”€â”€â”€â”€â”€â”€â”€â”€â”€â”€â”€â”€â”€â”€â”€â”€â”€â”€â”€â”€â”€â”€â”€â”€â”€â”€â”€â”€â”€â”€â”€â”€â”€â”€â”€â”€â”€â”€â”€â”€â”€â”€â”€â”€â”€â”€â”€â”€â”€â”€â”€â”€â”€â”€â”€â”€â”€â”€â”€â”€â”€â”€â”€â”€â”€â”€â”€â”€â”€â”€â”€â”€â”€â”€â”€â”€â”€â”€â”€â”€â”€â”€â”€â”€â”€â”€â”€â”€â”€â”€â”€â”€â”€â”€â”€â”
  â”‚ Tests:        1                                                                                â”‚
  â”‚ Passing:      0                                                                                â”‚
  â”‚ Failing:      1                                                                                â”‚
  â”‚ Pending:      0                                                                                â”‚
  â”‚ Skipped:      0                                                                                â”‚
  â”‚ Screenshots:  1                                                                                â”‚
  â”‚ Video:        false                                                                            â”‚
  â”‚ Duration:     0 seconds                                                                        â”‚
  â”‚ Spec Ran:     Breadcrumb.cy.tsx                                                                â”‚
  â””â”€â”€â”€â”€â”€â”€â”€â”€â”€â”€â”€â”€â”€â”€â”€â”€â”€â”€â”€â”€â”€â”€â”€â”€â”€â”€â”€â”€â”€â”€â”€â”€â”€â”€â”€â”€â”€â”€â”€â”€â”€â”€â”€â”€â”€â”€â”€â”€â”€â”€â”€â”€â”€â”€â”€â”€â”€â”€â”€â”€â”€â”€â”€â”€â”€â”€â”€â”€â”€â”€â”€â”€â”€â”€â”€â”€â”€â”€â”€â”€â”€â”€â”€â”€â”€â”€â”€â”€â”€â”€â”€â”€â”€â”€â”€â”€â”˜


  (Screenshots)

  -  /Users/jacobstoragepug/Desktop/FantasyWritingApp/cypress/screenshots/Breadcrumb.    (2560x1440)
     cy.tsx/An uncaught error was detected outside of a test (failed).png                           


â”€â”€â”€â”€â”€â”€â”€â”€â”€â”€â”€â”€â”€â”€â”€â”€â”€â”€â”€â”€â”€â”€â”€â”€â”€â”€â”€â”€â”€â”€â”€â”€â”€â”€â”€â”€â”€â”€â”€â”€â”€â”€â”€â”€â”€â”€â”€â”€â”€â”€â”€â”€â”€â”€â”€â”€â”€â”€â”€â”€â”€â”€â”€â”€â”€â”€â”€â”€â”€â”€â”€â”€â”€â”€â”€â”€â”€â”€â”€â”€â”€â”€â”€â”€â”€â”€â”€â”€â”€â”€â”€â”€â”€â”€â”€â”€â”€â”€â”€â”€
                                                                                                    
  Running:  Button.cy.tsx                                                                 (10 of 62)
14 assets
276 modules
webpack 5.101.3 compiled [1m[32msuccessfully[39m[22m in 110 ms


  Button Component
    âœ“ should render a button with React Native components (124ms)
    âœ“ should handle different variants (27ms)
    âœ“ should show loading state (26ms)
    âœ“ should be disabled when disabled prop is true (79ms)


  4 passing (304ms)


  (Results)

  â”Œâ”€â”€â”€â”€â”€â”€â”€â”€â”€â”€â”€â”€â”€â”€â”€â”€â”€â”€â”€â”€â”€â”€â”€â”€â”€â”€â”€â”€â”€â”€â”€â”€â”€â”€â”€â”€â”€â”€â”€â”€â”€â”€â”€â”€â”€â”€â”€â”€â”€â”€â”€â”€â”€â”€â”€â”€â”€â”€â”€â”€â”€â”€â”€â”€â”€â”€â”€â”€â”€â”€â”€â”€â”€â”€â”€â”€â”€â”€â”€â”€â”€â”€â”€â”€â”€â”€â”€â”€â”€â”€â”€â”€â”€â”€â”€â”€â”
  â”‚ Tests:        4                                                                                â”‚
  â”‚ Passing:      4                                                                                â”‚
  â”‚ Failing:      0                                                                                â”‚
  â”‚ Pending:      0                                                                                â”‚
  â”‚ Skipped:      0                                                                                â”‚
  â”‚ Screenshots:  0                                                                                â”‚
  â”‚ Video:        false                                                                            â”‚
  â”‚ Duration:     0 seconds                                                                        â”‚
  â”‚ Spec Ran:     Button.cy.tsx                                                                    â”‚
  â””â”€â”€â”€â”€â”€â”€â”€â”€â”€â”€â”€â”€â”€â”€â”€â”€â”€â”€â”€â”€â”€â”€â”€â”€â”€â”€â”€â”€â”€â”€â”€â”€â”€â”€â”€â”€â”€â”€â”€â”€â”€â”€â”€â”€â”€â”€â”€â”€â”€â”€â”€â”€â”€â”€â”€â”€â”€â”€â”€â”€â”€â”€â”€â”€â”€â”€â”€â”€â”€â”€â”€â”€â”€â”€â”€â”€â”€â”€â”€â”€â”€â”€â”€â”€â”€â”€â”€â”€â”€â”€â”€â”€â”€â”€â”€â”€â”˜


â”€â”€â”€â”€â”€â”€â”€â”€â”€â”€â”€â”€â”€â”€â”€â”€â”€â”€â”€â”€â”€â”€â”€â”€â”€â”€â”€â”€â”€â”€â”€â”€â”€â”€â”€â”€â”€â”€â”€â”€â”€â”€â”€â”€â”€â”€â”€â”€â”€â”€â”€â”€â”€â”€â”€â”€â”€â”€â”€â”€â”€â”€â”€â”€â”€â”€â”€â”€â”€â”€â”€â”€â”€â”€â”€â”€â”€â”€â”€â”€â”€â”€â”€â”€â”€â”€â”€â”€â”€â”€â”€â”€â”€â”€â”€â”€â”€â”€â”€â”€
                                                                                                    
  Running:  COMPONENT-TEST-TEMPLATE.cy.tsx                                                (11 of 62)
13 assets
265 modules
webpack 5.101.3 compiled [1m[32msuccessfully[39m[22m in 114 ms


  ComponentName Component
    Rendering
      1) "before each" hook for "renders with required props"

  Modal Behavior
    - opens when triggered
    - closes on escape key
    - traps focus within modal

  Form Behavior
    - validates on blur
    - prevents submission with invalid data
    - clears form on successful submission

  List Behavior
    - sorts by column
    - filters results
    - paginates large datasets


  0 passing (190ms)
  9 pending
  1 failing

  1) ComponentName Component
       Rendering
         "before each" hook for "renders with required props":
     CypressError: `cy.task('factory:reset')` failed with the following error:

The task 'factory:reset' was not handled in the setupNodeEvents method. The following tasks are registered: resetCoverage, combineCoverage, coverageReport

Fix this in your setupNodeEvents method here:
/Users/jacobstoragepug/Desktop/FantasyWritingApp/cypress.config.ts

https://on.cypress.io/api/task

Because this error occurred during a `before each` hook we are skipping the remaining tests in the current suite: `ComponentName Component`
      at <unknown> (http://localhost:3003/__cypress/runner/cypress_runner.js:138735:72)
      at tryCatcher (http://localhost:3003/__cypress/runner/cypress_runner.js:1777:23)
      at Promise._settlePromiseFromHandler (http://localhost:3003/__cypress/runner/cypress_runner.js:1489:31)
      at Promise._settlePromise (http://localhost:3003/__cypress/runner/cypress_runner.js:1546:18)
      at Promise._settlePromise0 (http://localhost:3003/__cypress/runner/cypress_runner.js:1591:10)
      at Promise._settlePromises (http://localhost:3003/__cypress/runner/cypress_runner.js:1667:18)
      at _drainQueueStep (http://localhost:3003/__cypress/runner/cypress_runner.js:2377:12)
      at _drainQueue (http://localhost:3003/__cypress/runner/cypress_runner.js:2370:9)
      at Async._drainQueues (http://localhost:3003/__cypress/runner/cypress_runner.js:2386:5)
      at Async.drainQueues (http://localhost:3003/__cypress/runner/cypress_runner.js:2256:14)
  From Your Spec Code:
      at Context.<anonymous> (webpack://FantasyWritingApp/./cypress/component/COMPONENT-TEST-TEMPLATE.cy.tsx:30:7)




  (Results)

  â”Œâ”€â”€â”€â”€â”€â”€â”€â”€â”€â”€â”€â”€â”€â”€â”€â”€â”€â”€â”€â”€â”€â”€â”€â”€â”€â”€â”€â”€â”€â”€â”€â”€â”€â”€â”€â”€â”€â”€â”€â”€â”€â”€â”€â”€â”€â”€â”€â”€â”€â”€â”€â”€â”€â”€â”€â”€â”€â”€â”€â”€â”€â”€â”€â”€â”€â”€â”€â”€â”€â”€â”€â”€â”€â”€â”€â”€â”€â”€â”€â”€â”€â”€â”€â”€â”€â”€â”€â”€â”€â”€â”€â”€â”€â”€â”€â”€â”
  â”‚ Tests:        41                                                                               â”‚
  â”‚ Passing:      0                                                                                â”‚
  â”‚ Failing:      1                                                                                â”‚
  â”‚ Pending:      9                                                                                â”‚
  â”‚ Skipped:      31                                                                               â”‚
  â”‚ Screenshots:  1                                                                                â”‚
  â”‚ Video:        false                                                                            â”‚
  â”‚ Duration:     0 seconds                                                                        â”‚
  â”‚ Spec Ran:     COMPONENT-TEST-TEMPLATE.cy.tsx                                                   â”‚
  â””â”€â”€â”€â”€â”€â”€â”€â”€â”€â”€â”€â”€â”€â”€â”€â”€â”€â”€â”€â”€â”€â”€â”€â”€â”€â”€â”€â”€â”€â”€â”€â”€â”€â”€â”€â”€â”€â”€â”€â”€â”€â”€â”€â”€â”€â”€â”€â”€â”€â”€â”€â”€â”€â”€â”€â”€â”€â”€â”€â”€â”€â”€â”€â”€â”€â”€â”€â”€â”€â”€â”€â”€â”€â”€â”€â”€â”€â”€â”€â”€â”€â”€â”€â”€â”€â”€â”€â”€â”€â”€â”€â”€â”€â”€â”€â”€â”˜


  (Screenshots)

  -  /Users/jacobstoragepug/Desktop/FantasyWritingApp/cypress/screenshots/COMPONENT-T    (2560x1440)
     EST-TEMPLATE.cy.tsx/ComponentName Component -- renders with required props -- be               
     fore each hook (failed).png                                                                    


â”€â”€â”€â”€â”€â”€â”€â”€â”€â”€â”€â”€â”€â”€â”€â”€â”€â”€â”€â”€â”€â”€â”€â”€â”€â”€â”€â”€â”€â”€â”€â”€â”€â”€â”€â”€â”€â”€â”€â”€â”€â”€â”€â”€â”€â”€â”€â”€â”€â”€â”€â”€â”€â”€â”€â”€â”€â”€â”€â”€â”€â”€â”€â”€â”€â”€â”€â”€â”€â”€â”€â”€â”€â”€â”€â”€â”€â”€â”€â”€â”€â”€â”€â”€â”€â”€â”€â”€â”€â”€â”€â”€â”€â”€â”€â”€â”€â”€â”€â”€
                                                                                                    
  Running:  CompletionHeatmap.core.cy.tsx                                                 (12 of 62)
13 assets
265 modules

[1m[31mERROR[39m[22m in [1m./cypress/component/CompletionHeatmap.core.cy.tsx[39m[22m [1m[32m5:0-75[39m[22m
[1mModule [1m[31mnot found[39m[22m[1m: [1m[31mError[39m[22m[1m: Can't resolve '../../src/components/CompletionHeatmap' in '/Users/jacobstoragepug/Desktop/FantasyWritingApp/cypress/component'[39m[22m

webpack 5.101.3 compiled with [1m[31m1 error[39m[22m in 95 ms


  1) An uncaught error was detected outside of a test

  0 passing (152ms)
  1 failing

  1) An uncaught error was detected outside of a test:
     Error: The following error originated from your test code, not from Cypress.

  > Cannot find module '../../src/components/CompletionHeatmap'

When Cypress detects uncaught errors originating from your test code it will automatically fail the current test.

Cypress could not associate this error to any specific test.

We dynamically generated a new test to display this failure.
      at webpackMissingModule (http://localhost:3003/__cypress/src/spec-0.js:14:50)
      at ./cypress/component/CompletionHeatmap.core.cy.tsx (http://localhost:3003/__cypress/src/spec-0.js:14:163)
      at Function.__webpack_require__ (http://localhost:3003/__cypress/src/runtime.js:23:41)




  (Results)

  â”Œâ”€â”€â”€â”€â”€â”€â”€â”€â”€â”€â”€â”€â”€â”€â”€â”€â”€â”€â”€â”€â”€â”€â”€â”€â”€â”€â”€â”€â”€â”€â”€â”€â”€â”€â”€â”€â”€â”€â”€â”€â”€â”€â”€â”€â”€â”€â”€â”€â”€â”€â”€â”€â”€â”€â”€â”€â”€â”€â”€â”€â”€â”€â”€â”€â”€â”€â”€â”€â”€â”€â”€â”€â”€â”€â”€â”€â”€â”€â”€â”€â”€â”€â”€â”€â”€â”€â”€â”€â”€â”€â”€â”€â”€â”€â”€â”€â”
  â”‚ Tests:        1                                                                                â”‚
  â”‚ Passing:      0                                                                                â”‚
  â”‚ Failing:      1                                                                                â”‚
  â”‚ Pending:      0                                                                                â”‚
  â”‚ Skipped:      0                                                                                â”‚
  â”‚ Screenshots:  1                                                                                â”‚
  â”‚ Video:        false                                                                            â”‚
  â”‚ Duration:     0 seconds                                                                        â”‚
  â”‚ Spec Ran:     CompletionHeatmap.core.cy.tsx                                                    â”‚
  â””â”€â”€â”€â”€â”€â”€â”€â”€â”€â”€â”€â”€â”€â”€â”€â”€â”€â”€â”€â”€â”€â”€â”€â”€â”€â”€â”€â”€â”€â”€â”€â”€â”€â”€â”€â”€â”€â”€â”€â”€â”€â”€â”€â”€â”€â”€â”€â”€â”€â”€â”€â”€â”€â”€â”€â”€â”€â”€â”€â”€â”€â”€â”€â”€â”€â”€â”€â”€â”€â”€â”€â”€â”€â”€â”€â”€â”€â”€â”€â”€â”€â”€â”€â”€â”€â”€â”€â”€â”€â”€â”€â”€â”€â”€â”€â”€â”˜


  (Screenshots)

  -  /Users/jacobstoragepug/Desktop/FantasyWritingApp/cypress/screenshots/CompletionH    (2560x1440)
     eatmap.core.cy.tsx/An uncaught error was detected outside of a test (failed).png               


â”€â”€â”€â”€â”€â”€â”€â”€â”€â”€â”€â”€â”€â”€â”€â”€â”€â”€â”€â”€â”€â”€â”€â”€â”€â”€â”€â”€â”€â”€â”€â”€â”€â”€â”€â”€â”€â”€â”€â”€â”€â”€â”€â”€â”€â”€â”€â”€â”€â”€â”€â”€â”€â”€â”€â”€â”€â”€â”€â”€â”€â”€â”€â”€â”€â”€â”€â”€â”€â”€â”€â”€â”€â”€â”€â”€â”€â”€â”€â”€â”€â”€â”€â”€â”€â”€â”€â”€â”€â”€â”€â”€â”€â”€â”€â”€â”€â”€â”€â”€
                                                                                                    
  Running:  CompletionHeatmap.cy.tsx                                                      (13 of 62)
13 assets
265 modules

[1m[31mERROR[39m[22m in [1m./cypress/component/CompletionHeatmap.cy.tsx[39m[22m [1m[32m5:0-75[39m[22m
[1mModule [1m[31mnot found[39m[22m[1m: [1m[31mError[39m[22m[1m: Can't resolve '../../src/components/CompletionHeatmap' in '/Users/jacobstoragepug/Desktop/FantasyWritingApp/cypress/component'[39m[22m

webpack 5.101.3 compiled with [1m[31m1 error[39m[22m in 101 ms


  1) An uncaught error was detected outside of a test

  0 passing (128ms)
  1 failing

  1) An uncaught error was detected outside of a test:
     Error: The following error originated from your test code, not from Cypress.

  > Cannot find module '../../src/components/CompletionHeatmap'

When Cypress detects uncaught errors originating from your test code it will automatically fail the current test.

Cypress could not associate this error to any specific test.

We dynamically generated a new test to display this failure.
      at webpackMissingModule (http://localhost:3003/__cypress/src/spec-0.js:14:50)
      at ./cypress/component/CompletionHeatmap.cy.tsx (http://localhost:3003/__cypress/src/spec-0.js:14:163)
      at Function.__webpack_require__ (http://localhost:3003/__cypress/src/runtime.js:23:41)




  (Results)

  â”Œâ”€â”€â”€â”€â”€â”€â”€â”€â”€â”€â”€â”€â”€â”€â”€â”€â”€â”€â”€â”€â”€â”€â”€â”€â”€â”€â”€â”€â”€â”€â”€â”€â”€â”€â”€â”€â”€â”€â”€â”€â”€â”€â”€â”€â”€â”€â”€â”€â”€â”€â”€â”€â”€â”€â”€â”€â”€â”€â”€â”€â”€â”€â”€â”€â”€â”€â”€â”€â”€â”€â”€â”€â”€â”€â”€â”€â”€â”€â”€â”€â”€â”€â”€â”€â”€â”€â”€â”€â”€â”€â”€â”€â”€â”€â”€â”€â”
  â”‚ Tests:        1                                                                                â”‚
  â”‚ Passing:      0                                                                                â”‚
  â”‚ Failing:      1                                                                                â”‚
  â”‚ Pending:      0                                                                                â”‚
  â”‚ Skipped:      0                                                                                â”‚
  â”‚ Screenshots:  1                                                                                â”‚
  â”‚ Video:        false                                                                            â”‚
  â”‚ Duration:     0 seconds                                                                        â”‚
  â”‚ Spec Ran:     CompletionHeatmap.cy.tsx                                                         â”‚
  â””â”€â”€â”€â”€â”€â”€â”€â”€â”€â”€â”€â”€â”€â”€â”€â”€â”€â”€â”€â”€â”€â”€â”€â”€â”€â”€â”€â”€â”€â”€â”€â”€â”€â”€â”€â”€â”€â”€â”€â”€â”€â”€â”€â”€â”€â”€â”€â”€â”€â”€â”€â”€â”€â”€â”€â”€â”€â”€â”€â”€â”€â”€â”€â”€â”€â”€â”€â”€â”€â”€â”€â”€â”€â”€â”€â”€â”€â”€â”€â”€â”€â”€â”€â”€â”€â”€â”€â”€â”€â”€â”€â”€â”€â”€â”€â”€â”˜


  (Screenshots)

  -  /Users/jacobstoragepug/Desktop/FantasyWritingApp/cypress/screenshots/CompletionH    (2560x1440)
     eatmap.cy.tsx/An uncaught error was detected outside of a test (failed).png                    


â”€â”€â”€â”€â”€â”€â”€â”€â”€â”€â”€â”€â”€â”€â”€â”€â”€â”€â”€â”€â”€â”€â”€â”€â”€â”€â”€â”€â”€â”€â”€â”€â”€â”€â”€â”€â”€â”€â”€â”€â”€â”€â”€â”€â”€â”€â”€â”€â”€â”€â”€â”€â”€â”€â”€â”€â”€â”€â”€â”€â”€â”€â”€â”€â”€â”€â”€â”€â”€â”€â”€â”€â”€â”€â”€â”€â”€â”€â”€â”€â”€â”€â”€â”€â”€â”€â”€â”€â”€â”€â”€â”€â”€â”€â”€â”€â”€â”€â”€â”€
                                                                                                    
  Running:  CompletionHeatmap.edge.cy.tsx                                                 (14 of 62)
13 assets
265 modules

[1m[31mERROR[39m[22m in [1m./cypress/component/CompletionHeatmap.edge.cy.tsx[39m[22m [1m[32m5:0-75[39m[22m
[1mModule [1m[31mnot found[39m[22m[1m: [1m[31mError[39m[22m[1m: Can't resolve '../../src/components/CompletionHeatmap' in '/Users/jacobstoragepug/Desktop/FantasyWritingApp/cypress/component'[39m[22m

webpack 5.101.3 compiled with [1m[31m1 error[39m[22m in 53 ms


  1) An uncaught error was detected outside of a test

  0 passing (153ms)
  1 failing

  1) An uncaught error was detected outside of a test:
     Error: The following error originated from your test code, not from Cypress.

  > Cannot find module '../../src/components/CompletionHeatmap'

When Cypress detects uncaught errors originating from your test code it will automatically fail the current test.

Cypress could not associate this error to any specific test.

We dynamically generated a new test to display this failure.
      at webpackMissingModule (http://localhost:3003/__cypress/src/spec-0.js:14:50)
      at ./cypress/component/CompletionHeatmap.edge.cy.tsx (http://localhost:3003/__cypress/src/spec-0.js:14:163)
      at Function.__webpack_require__ (http://localhost:3003/__cypress/src/runtime.js:23:41)




  (Results)

  â”Œâ”€â”€â”€â”€â”€â”€â”€â”€â”€â”€â”€â”€â”€â”€â”€â”€â”€â”€â”€â”€â”€â”€â”€â”€â”€â”€â”€â”€â”€â”€â”€â”€â”€â”€â”€â”€â”€â”€â”€â”€â”€â”€â”€â”€â”€â”€â”€â”€â”€â”€â”€â”€â”€â”€â”€â”€â”€â”€â”€â”€â”€â”€â”€â”€â”€â”€â”€â”€â”€â”€â”€â”€â”€â”€â”€â”€â”€â”€â”€â”€â”€â”€â”€â”€â”€â”€â”€â”€â”€â”€â”€â”€â”€â”€â”€â”€â”
  â”‚ Tests:        1                                                                                â”‚
  â”‚ Passing:      0                                                                                â”‚
  â”‚ Failing:      1                                                                                â”‚
  â”‚ Pending:      0                                                                                â”‚
  â”‚ Skipped:      0                                                                                â”‚
  â”‚ Screenshots:  1                                                                                â”‚
  â”‚ Video:        false                                                                            â”‚
  â”‚ Duration:     0 seconds                                                                        â”‚
  â”‚ Spec Ran:     CompletionHeatmap.edge.cy.tsx                                                    â”‚
  â””â”€â”€â”€â”€â”€â”€â”€â”€â”€â”€â”€â”€â”€â”€â”€â”€â”€â”€â”€â”€â”€â”€â”€â”€â”€â”€â”€â”€â”€â”€â”€â”€â”€â”€â”€â”€â”€â”€â”€â”€â”€â”€â”€â”€â”€â”€â”€â”€â”€â”€â”€â”€â”€â”€â”€â”€â”€â”€â”€â”€â”€â”€â”€â”€â”€â”€â”€â”€â”€â”€â”€â”€â”€â”€â”€â”€â”€â”€â”€â”€â”€â”€â”€â”€â”€â”€â”€â”€â”€â”€â”€â”€â”€â”€â”€â”€â”˜


  (Screenshots)

  -  /Users/jacobstoragepug/Desktop/FantasyWritingApp/cypress/screenshots/CompletionH    (2560x1440)
     eatmap.edge.cy.tsx/An uncaught error was detected outside of a test (failed).png               


â”€â”€â”€â”€â”€â”€â”€â”€â”€â”€â”€â”€â”€â”€â”€â”€â”€â”€â”€â”€â”€â”€â”€â”€â”€â”€â”€â”€â”€â”€â”€â”€â”€â”€â”€â”€â”€â”€â”€â”€â”€â”€â”€â”€â”€â”€â”€â”€â”€â”€â”€â”€â”€â”€â”€â”€â”€â”€â”€â”€â”€â”€â”€â”€â”€â”€â”€â”€â”€â”€â”€â”€â”€â”€â”€â”€â”€â”€â”€â”€â”€â”€â”€â”€â”€â”€â”€â”€â”€â”€â”€â”€â”€â”€â”€â”€â”€â”€â”€â”€
                                                                                                    
  Running:  CompletionHeatmap.interactions.cy.tsx                                         (15 of 62)
13 assets
265 modules

[1m[31mERROR[39m[22m in [1m./cypress/component/CompletionHeatmap.interactions.cy.tsx[39m[22m [1m[32m5:0-75[39m[22m
[1mModule [1m[31mnot found[39m[22m[1m: [1m[31mError[39m[22m[1m: Can't resolve '../../src/components/CompletionHeatmap' in '/Users/jacobstoragepug/Desktop/FantasyWritingApp/cypress/component'[39m[22m

webpack 5.101.3 compiled with [1m[31m1 error[39m[22m in 95 ms


  1) An uncaught error was detected outside of a test

  0 passing (130ms)
  1 failing

  1) An uncaught error was detected outside of a test:
     Error: The following error originated from your test code, not from Cypress.

  > Cannot find module '../../src/components/CompletionHeatmap'

When Cypress detects uncaught errors originating from your test code it will automatically fail the current test.

Cypress could not associate this error to any specific test.

We dynamically generated a new test to display this failure.
      at webpackMissingModule (http://localhost:3003/__cypress/src/spec-0.js:14:50)
      at ./cypress/component/CompletionHeatmap.interactions.cy.tsx (http://localhost:3003/__cypress/src/spec-0.js:14:163)
      at Function.__webpack_require__ (http://localhost:3003/__cypress/src/runtime.js:23:41)




  (Results)

  â”Œâ”€â”€â”€â”€â”€â”€â”€â”€â”€â”€â”€â”€â”€â”€â”€â”€â”€â”€â”€â”€â”€â”€â”€â”€â”€â”€â”€â”€â”€â”€â”€â”€â”€â”€â”€â”€â”€â”€â”€â”€â”€â”€â”€â”€â”€â”€â”€â”€â”€â”€â”€â”€â”€â”€â”€â”€â”€â”€â”€â”€â”€â”€â”€â”€â”€â”€â”€â”€â”€â”€â”€â”€â”€â”€â”€â”€â”€â”€â”€â”€â”€â”€â”€â”€â”€â”€â”€â”€â”€â”€â”€â”€â”€â”€â”€â”€â”
  â”‚ Tests:        1                                                                                â”‚
  â”‚ Passing:      0                                                                                â”‚
  â”‚ Failing:      1                                                                                â”‚
  â”‚ Pending:      0                                                                                â”‚
  â”‚ Skipped:      0                                                                                â”‚
  â”‚ Screenshots:  1                                                                                â”‚
  â”‚ Video:        false                                                                            â”‚
  â”‚ Duration:     0 seconds                                                                        â”‚
  â”‚ Spec Ran:     CompletionHeatmap.interactions.cy.tsx                                            â”‚
  â””â”€â”€â”€â”€â”€â”€â”€â”€â”€â”€â”€â”€â”€â”€â”€â”€â”€â”€â”€â”€â”€â”€â”€â”€â”€â”€â”€â”€â”€â”€â”€â”€â”€â”€â”€â”€â”€â”€â”€â”€â”€â”€â”€â”€â”€â”€â”€â”€â”€â”€â”€â”€â”€â”€â”€â”€â”€â”€â”€â”€â”€â”€â”€â”€â”€â”€â”€â”€â”€â”€â”€â”€â”€â”€â”€â”€â”€â”€â”€â”€â”€â”€â”€â”€â”€â”€â”€â”€â”€â”€â”€â”€â”€â”€â”€â”€â”˜


  (Screenshots)

  -  /Users/jacobstoragepug/Desktop/FantasyWritingApp/cypress/screenshots/CompletionH    (2560x1440)
     eatmap.interactions.cy.tsx/An uncaught error was detected outside of a test (fai               
     led).png                                                                                       


â”€â”€â”€â”€â”€â”€â”€â”€â”€â”€â”€â”€â”€â”€â”€â”€â”€â”€â”€â”€â”€â”€â”€â”€â”€â”€â”€â”€â”€â”€â”€â”€â”€â”€â”€â”€â”€â”€â”€â”€â”€â”€â”€â”€â”€â”€â”€â”€â”€â”€â”€â”€â”€â”€â”€â”€â”€â”€â”€â”€â”€â”€â”€â”€â”€â”€â”€â”€â”€â”€â”€â”€â”€â”€â”€â”€â”€â”€â”€â”€â”€â”€â”€â”€â”€â”€â”€â”€â”€â”€â”€â”€â”€â”€â”€â”€â”€â”€â”€â”€
                                                                                                    
  Running:  CompletionHeatmap.simple.cy.tsx                                               (16 of 62)
13 assets
265 modules

[1m[31mERROR[39m[22m in [1m./cypress/component/CompletionHeatmap.simple.cy.tsx[39m[22m [1m[32m2:0-75[39m[22m
[1mModule [1m[31mnot found[39m[22m[1m: [1m[31mError[39m[22m[1m: Can't resolve '../../src/components/CompletionHeatmap' in '/Users/jacobstoragepug/Desktop/FantasyWritingApp/cypress/component'[39m[22m

webpack 5.101.3 compiled with [1m[31m1 error[39m[22m in 91 ms


  1) An uncaught error was detected outside of a test

  0 passing (136ms)
  1 failing

  1) An uncaught error was detected outside of a test:
     Error: The following error originated from your test code, not from Cypress.

  > Cannot find module '../../src/components/CompletionHeatmap'

When Cypress detects uncaught errors originating from your test code it will automatically fail the current test.

Cypress could not associate this error to any specific test.

We dynamically generated a new test to display this failure.
      at webpackMissingModule (http://localhost:3003/__cypress/src/spec-0.js:13:50)
      at ./cypress/component/CompletionHeatmap.simple.cy.tsx (http://localhost:3003/__cypress/src/spec-0.js:13:163)
      at Function.__webpack_require__ (http://localhost:3003/__cypress/src/runtime.js:23:41)




  (Results)

  â”Œâ”€â”€â”€â”€â”€â”€â”€â”€â”€â”€â”€â”€â”€â”€â”€â”€â”€â”€â”€â”€â”€â”€â”€â”€â”€â”€â”€â”€â”€â”€â”€â”€â”€â”€â”€â”€â”€â”€â”€â”€â”€â”€â”€â”€â”€â”€â”€â”€â”€â”€â”€â”€â”€â”€â”€â”€â”€â”€â”€â”€â”€â”€â”€â”€â”€â”€â”€â”€â”€â”€â”€â”€â”€â”€â”€â”€â”€â”€â”€â”€â”€â”€â”€â”€â”€â”€â”€â”€â”€â”€â”€â”€â”€â”€â”€â”€â”
  â”‚ Tests:        1                                                                                â”‚
  â”‚ Passing:      0                                                                                â”‚
  â”‚ Failing:      1                                                                                â”‚
  â”‚ Pending:      0                                                                                â”‚
  â”‚ Skipped:      0                                                                                â”‚
  â”‚ Screenshots:  1                                                                                â”‚
  â”‚ Video:        false                                                                            â”‚
  â”‚ Duration:     0 seconds                                                                        â”‚
  â”‚ Spec Ran:     CompletionHeatmap.simple.cy.tsx                                                  â”‚
  â””â”€â”€â”€â”€â”€â”€â”€â”€â”€â”€â”€â”€â”€â”€â”€â”€â”€â”€â”€â”€â”€â”€â”€â”€â”€â”€â”€â”€â”€â”€â”€â”€â”€â”€â”€â”€â”€â”€â”€â”€â”€â”€â”€â”€â”€â”€â”€â”€â”€â”€â”€â”€â”€â”€â”€â”€â”€â”€â”€â”€â”€â”€â”€â”€â”€â”€â”€â”€â”€â”€â”€â”€â”€â”€â”€â”€â”€â”€â”€â”€â”€â”€â”€â”€â”€â”€â”€â”€â”€â”€â”€â”€â”€â”€â”€â”€â”˜


  (Screenshots)

  -  /Users/jacobstoragepug/Desktop/FantasyWritingApp/cypress/screenshots/CompletionH    (2560x1440)
     eatmap.simple.cy.tsx/An uncaught error was detected outside of a test (failed).p               
     ng                                                                                             


â”€â”€â”€â”€â”€â”€â”€â”€â”€â”€â”€â”€â”€â”€â”€â”€â”€â”€â”€â”€â”€â”€â”€â”€â”€â”€â”€â”€â”€â”€â”€â”€â”€â”€â”€â”€â”€â”€â”€â”€â”€â”€â”€â”€â”€â”€â”€â”€â”€â”€â”€â”€â”€â”€â”€â”€â”€â”€â”€â”€â”€â”€â”€â”€â”€â”€â”€â”€â”€â”€â”€â”€â”€â”€â”€â”€â”€â”€â”€â”€â”€â”€â”€â”€â”€â”€â”€â”€â”€â”€â”€â”€â”€â”€â”€â”€â”€â”€â”€â”€
                                                                                                    
  Running:  CreateElementModal.cy.tsx                                                     (17 of 62)
14 assets
409 modules
webpack 5.101.3 compiled [1m[32msuccessfully[39m[22m in 489 ms


  CreateElementModal Component
    1) should render when visible
    âœ“ should not render when not visible (9ms)
    2) should display all category options
    3) should handle category [data-cy*="select"]ion
    4) should handle close functionality
    5) should create element when category [data-cy*="select"]ed and create [data-cy*="button"] clicked
    6) should show loading state during creation
    7) should call onSuccess after successful creation
    8) should handle creation errors gracefully
    9) should disable create [data-cy*="button"] when no category [data-cy*="select"]ed
