
> FantasyWritingApp@0.0.1 test:component:electron
> npm run pre-test:cleanup && cypress run --component --browser electron --headless


> FantasyWritingApp@0.0.1 pre-test:cleanup
> lsof -ti :3003 | xargs kill -9 2>/dev/null || true && pkill -f webpack || true && pkill -f 'react-scripts' || true && pkill -f 'Google Chrome' || true && sleep 2


DevTools listening on ws://127.0.0.1:56949/devtools/browser/c25080cd-a59e-452f-94b3-c076c33c5c82
Missing baseUrl in compilerOptions. tsconfig-paths will be skipped

ğŸš€ Fantasy Element Builder is running on port 3003
ğŸ“± Open http://localhost:3003 in your browser


Opening `/dev/tty` failed (6): Device not configured
================================================================================

  (Run Starting)

  â”Œâ”€â”€â”€â”€â”€â”€â”€â”€â”€â”€â”€â”€â”€â”€â”€â”€â”€â”€â”€â”€â”€â”€â”€â”€â”€â”€â”€â”€â”€â”€â”€â”€â”€â”€â”€â”€â”€â”€â”€â”€â”€â”€â”€â”€â”€â”€â”€â”€â”€â”€â”€â”€â”€â”€â”€â”€â”€â”€â”€â”€â”€â”€â”€â”€â”€â”€â”€â”€â”€â”€â”€â”€â”€â”€â”€â”€â”€â”€â”€â”€â”€â”€â”€â”€â”€â”€â”€â”€â”€â”€â”€â”€â”€â”€â”€â”€â”
  â”‚ Cypress:        14.5.4                                                                         â”‚
  â”‚ Browser:        Electron 130 (headless)                                                        â”‚
  â”‚ Node Version:   v22.19.0 (/usr/local/bin/node)                                                 â”‚
  â”‚ Specs:          73 found (elements/CreateElementModal.cy.tsx, elements/ElementBrowser.cy.tsx,  â”‚
  â”‚                 elements/ElementBrowser.simple.cy.tsx, elements/ElementCard.cy.tsx, elements/E â”‚
  â”‚                 lementEditor.cy.tsx, elements/ElementEditorComponents.cy.tsx, elements/LinkMod â”‚
  â”‚                 al.cy.tsx, elements/Rel...)                                                    â”‚
  â”‚ Searched:       cypress/component/**/*.cy.{js,jsx,ts,tsx}                                      â”‚
  â””â”€â”€â”€â”€â”€â”€â”€â”€â”€â”€â”€â”€â”€â”€â”€â”€â”€â”€â”€â”€â”€â”€â”€â”€â”€â”€â”€â”€â”€â”€â”€â”€â”€â”€â”€â”€â”€â”€â”€â”€â”€â”€â”€â”€â”€â”€â”€â”€â”€â”€â”€â”€â”€â”€â”€â”€â”€â”€â”€â”€â”€â”€â”€â”€â”€â”€â”€â”€â”€â”€â”€â”€â”€â”€â”€â”€â”€â”€â”€â”€â”€â”€â”€â”€â”€â”€â”€â”€â”€â”€â”€â”€â”€â”€â”€â”€â”˜


â”€â”€â”€â”€â”€â”€â”€â”€â”€â”€â”€â”€â”€â”€â”€â”€â”€â”€â”€â”€â”€â”€â”€â”€â”€â”€â”€â”€â”€â”€â”€â”€â”€â”€â”€â”€â”€â”€â”€â”€â”€â”€â”€â”€â”€â”€â”€â”€â”€â”€â”€â”€â”€â”€â”€â”€â”€â”€â”€â”€â”€â”€â”€â”€â”€â”€â”€â”€â”€â”€â”€â”€â”€â”€â”€â”€â”€â”€â”€â”€â”€â”€â”€â”€â”€â”€â”€â”€â”€â”€â”€â”€â”€â”€â”€â”€â”€â”€â”€â”€
                                                                                                    
  Running:  elements/CreateElementModal.cy.tsx                                             (1 of 73)
11 assets
461 modules
webpack 5.101.3 compiled [1m[32msuccessfully[39m[22m in 4669 ms
14 assets
478 modules
webpack 5.101.3 compiled [1m[32msuccessfully[39m[22m in 690 ms


  CreateElementModal Component
Factory reset called
[2025-09-23T18:13:05.558Z] Test started: should render when visible
Browser: Mozilla/5.0 (Macintosh; Intel Mac OS X 10_15_7) AppleWebKit/537.36 (KHTML, like Gecko) Cypress/14.5.4 Chrome/130.0.6723.137 Electron/33.2.1 Safari/537.36
Viewport: 1280x720
URL: http://localhost:3003/__cypress/iframes/index.html?specPath=/Users/jacobuphoff/Desktop/FantasyWritingApp/cypress/component/elements/CreateElementModal.cy.tsx
State cleaned - localStorage, sessionStorage, cookies, and IndexedDB cleared
    âœ“ should render when visible (247ms)
Factory reset called
[2025-09-23T18:13:05.797Z] Test started: should not render when not visible
Browser: Mozilla/5.0 (Macintosh; Intel Mac OS X 10_15_7) AppleWebKit/537.36 (KHTML, like Gecko) Cypress/14.5.4 Chrome/130.0.6723.137 Electron/33.2.1 Safari/537.36
Viewport: 375x812
URL: http://localhost:3003/__cypress/iframes/index.html?specPath=/Users/jacobuphoff/Desktop/FantasyWritingApp/cypress/component/elements/CreateElementModal.cy.tsx
State cleaned - localStorage, sessionStorage, cookies, and IndexedDB cleared
    âœ“ should not render when not visible (72ms)
Factory reset called
[2025-09-23T18:13:05.882Z] Test started: should display all category options
Browser: Mozilla/5.0 (Macintosh; Intel Mac OS X 10_15_7) AppleWebKit/537.36 (KHTML, like Gecko) Cypress/14.5.4 Chrome/130.0.6723.137 Electron/33.2.1 Safari/537.36
Viewport: 375x812
URL: http://localhost:3003/__cypress/iframes/index.html?specPath=/Users/jacobuphoff/Desktop/FantasyWritingApp/cypress/component/elements/CreateElementModal.cy.tsx
State cleaned - localStorage, sessionStorage, cookies, and IndexedDB cleared
    âœ“ should display all category options (168ms)
Factory reset called
[2025-09-23T18:13:06.084Z] Test started: should handle category selection
Browser: Mozilla/5.0 (Macintosh; Intel Mac OS X 10_15_7) AppleWebKit/537.36 (KHTML, like Gecko) Cypress/14.5.4 Chrome/130.0.6723.137 Electron/33.2.1 Safari/537.36
Viewport: 375x812
URL: http://localhost:3003/__cypress/iframes/index.html?specPath=/Users/jacobuphoff/Desktop/FantasyWritingApp/cypress/component/elements/CreateElementModal.cy.tsx
State cleaned - localStorage, sessionStorage, cookies, and IndexedDB cleared
    âœ“ should handle category selection (248ms)
Factory reset called
[2025-09-23T18:13:06.342Z] Test started: should handle close functionality
Browser: Mozilla/5.0 (Macintosh; Intel Mac OS X 10_15_7) AppleWebKit/537.36 (KHTML, like Gecko) Cypress/14.5.4 Chrome/130.0.6723.137 Electron/33.2.1 Safari/537.36
Viewport: 375x812
URL: http://localhost:3003/__cypress/iframes/index.html?specPath=/Users/jacobuphoff/Desktop/FantasyWritingApp/cypress/component/elements/CreateElementModal.cy.tsx
State cleaned - localStorage, sessionStorage, cookies, and IndexedDB cleared
    (Attempt 1 of 3) should handle close functionality
[TEST FAILURE] Timed out retrying after 10000ms: Expected to find content: 'âœ•' within the element: <button.css-view-g5y9jx.r-transitionProperty-1i6wzkk.r-userSelect-lrvibr.r-pointerEvents-12vffkv> but never did.
[STACK TRACE] AssertionError: Timed out retrying after 10000ms: Expected to find content: 'âœ•' within the element: <button.css-view-g5y9jx.r-transitionProperty-1i6wzkk.r-userSelect-lrvibr.r-pointerEvents-12vffkv> but never did.
    at Context.<anonymous> (webpack://FantasyWritingApp/./cypress/component/elements/CreateElementModal.cy.tsx:118:35)
Screenshot taken: failed-should-handle-close-functionality-1758651196801
Failed at URL: http://localhost:3003/__cypress/iframes/index.html?specPath=/Users/jacobuphoff/Desktop/FantasyWritingApp/cypress/component/elements/CreateElementModal.cy.tsx
Page title: FantasyWritingApp Component Tests
Visible page text (first 1000 chars): 
    Create New Elementâœ•Choose a category for your new elementğŸ‘¤CharacterProtagonists, antagonists, supporting charactersğŸ“LocationCities, buildings, landmarksğŸ—ï¸Item/ObjectWeapons, artifacts, toolsâœ¨Magic/PowerMagical systems, abilitiesğŸ“…EventHistorical events, battlesğŸ›ï¸OrganizationGuilds, governments, groupsğŸ‰Creature/SpeciesAnimals, monsters, racesğŸ‘¥Culture/SocietyCustoms, traditionsâ›ªReligion/BeliefGods, faiths, philosophiesğŸ’¬LanguageTongues, scripts, communicationâš™ï¸TechnologyInventions, mechanismsâœï¸CustomCreate your own categoryCancelSelect a Category
  

Found 13 testable elements: [{"data-cy":null,"data-testid":"category-character","tagName":"BUTTON","text":"ğŸ‘¤CharacterProtagonists, antagonists, supporting c"},{"data-cy":null,"data-testid":"category-location","tagName":"BUTTON","text":"ğŸ“LocationCities, buildings, landmarks"},{"data-cy":null,"data-testid":"category-item-object","tagName":"BUTTON","text":"ğŸ—ï¸Item/ObjectWeapons, artifacts, tools"},{"data-cy":null,"data-testid":"category-magic-power","tagName":"BUTTON","text":"âœ¨Magic/PowerMagical systems, abilities"},{"data-cy":null,"data-testid":"category-event","tagName":"BUTTON","text":"ğŸ“…EventHistorical events, battles"},{"data-cy":null,"data-testid":"category-organization","tagName":"BUTTON","text":"ğŸ›ï¸OrganizationGuilds, governments, groups"},{"data-cy":null,"data-testid":"category-creature-species","tagName":"BUTTON","text":"ğŸ‰Creature/SpeciesAnimals, monsters, races"},{"data-cy":null,"data-testid":"category-culture-society","tagName":"BUTTON","text":"ğŸ‘¥Culture/SocietyCustoms, traditions"},{"data-cy":null,"data-testid":"category-religion-belief","tagName":"BUTTON","text":"â›ªReligion/BeliefGods, faiths, philosophies"},{"data-cy":null,"data-testid":"category-language","tagName":"BUTTON","text":"ğŸ’¬LanguageTongues, scripts, communication"}]
[CONSOLE WARN] props.pointerEvents is deprecated. Use style.pointerEvents
Factory reset called
[2025-09-23T18:13:18.415Z] Test started: should handle close functionality
Browser: Mozilla/5.0 (Macintosh; Intel Mac OS X 10_15_7) AppleWebKit/537.36 (KHTML, like Gecko) Cypress/14.5.4 Chrome/130.0.6723.137 Electron/33.2.1 Safari/537.36
Viewport: 375x812
URL: http://localhost:3003/__cypress/iframes/index.html?specPath=/Users/jacobuphoff/Desktop/FantasyWritingApp/cypress/component/elements/CreateElementModal.cy.tsx
State cleaned - localStorage, sessionStorage, cookies, and IndexedDB cleared
    (Attempt 2 of 3) should handle close functionality
[TEST FAILURE] Timed out retrying after 10000ms: Expected to find content: 'âœ•' within the element: <button.css-view-g5y9jx.r-transitionProperty-1i6wzkk.r-userSelect-lrvibr.r-pointerEvents-12vffkv> but never did.
[STACK TRACE] AssertionError: Timed out retrying after 10000ms: Expected to find content: 'âœ•' within the element: <button.css-view-g5y9jx.r-transitionProperty-1i6wzkk.r-userSelect-lrvibr.r-pointerEvents-12vffkv> but never did.
    at Context.<anonymous> (webpack://FantasyWritingApp/./cypress/component/elements/CreateElementModal.cy.tsx:118:35)
Screenshot taken: failed-should-handle-close-functionality-1758651208868
Failed at URL: http://localhost:3003/__cypress/iframes/index.html?specPath=/Users/jacobuphoff/Desktop/FantasyWritingApp/cypress/component/elements/CreateElementModal.cy.tsx
Page title: FantasyWritingApp Component Tests
Visible page text (first 1000 chars): 
    Create New Elementâœ•Choose a category for your new elementğŸ‘¤CharacterProtagonists, antagonists, supporting charactersğŸ“LocationCities, buildings, landmarksğŸ—ï¸Item/ObjectWeapons, artifacts, toolsâœ¨Magic/PowerMagical systems, abilitiesğŸ“…EventHistorical events, battlesğŸ›ï¸OrganizationGuilds, governments, groupsğŸ‰Creature/SpeciesAnimals, monsters, racesğŸ‘¥Culture/SocietyCustoms, traditionsâ›ªReligion/BeliefGods, faiths, philosophiesğŸ’¬LanguageTongues, scripts, communicationâš™ï¸TechnologyInventions, mechanismsâœï¸CustomCreate your own categoryCancelSelect a Category
  

Found 13 testable elements: [{"data-cy":null,"data-testid":"category-character","tagName":"BUTTON","text":"ğŸ‘¤CharacterProtagonists, antagonists, supporting c"},{"data-cy":null,"data-testid":"category-location","tagName":"BUTTON","text":"ğŸ“LocationCities, buildings, landmarks"},{"data-cy":null,"data-testid":"category-item-object","tagName":"BUTTON","text":"ğŸ—ï¸Item/ObjectWeapons, artifacts, tools"},{"data-cy":null,"data-testid":"category-magic-power","tagName":"BUTTON","text":"âœ¨Magic/PowerMagical systems, abilities"},{"data-cy":null,"data-testid":"category-event","tagName":"BUTTON","text":"ğŸ“…EventHistorical events, battles"},{"data-cy":null,"data-testid":"category-organization","tagName":"BUTTON","text":"ğŸ›ï¸OrganizationGuilds, governments, groups"},{"data-cy":null,"data-testid":"category-creature-species","tagName":"BUTTON","text":"ğŸ‰Creature/SpeciesAnimals, monsters, races"},{"data-cy":null,"data-testid":"category-culture-society","tagName":"BUTTON","text":"ğŸ‘¥Culture/SocietyCustoms, traditions"},{"data-cy":null,"data-testid":"category-religion-belief","tagName":"BUTTON","text":"â›ªReligion/BeliefGods, faiths, philosophies"},{"data-cy":null,"data-testid":"category-language","tagName":"BUTTON","text":"ğŸ’¬LanguageTongues, scripts, communication"}]
[CONSOLE WARN] props.pointerEvents is deprecated. Use style.pointerEvents
Factory reset called
[2025-09-23T18:13:30.478Z] Test started: should handle close functionality
Browser: Mozilla/5.0 (Macintosh; Intel Mac OS X 10_15_7) AppleWebKit/537.36 (KHTML, like Gecko) Cypress/14.5.4 Chrome/130.0.6723.137 Electron/33.2.1 Safari/537.36
Viewport: 375x812
URL: http://localhost:3003/__cypress/iframes/index.html?specPath=/Users/jacobuphoff/Desktop/FantasyWritingApp/cypress/component/elements/CreateElementModal.cy.tsx
State cleaned - localStorage, sessionStorage, cookies, and IndexedDB cleared
    1) should handle close functionality
[TEST FAILURE] Timed out retrying after 10000ms: Expected to find content: 'âœ•' within the element: <button.css-view-g5y9jx.r-transitionProperty-1i6wzkk.r-userSelect-lrvibr.r-pointerEvents-12vffkv> but never did.
[STACK TRACE] AssertionError: Timed out retrying after 10000ms: Expected to find content: 'âœ•' within the element: <button.css-view-g5y9jx.r-transitionProperty-1i6wzkk.r-userSelect-lrvibr.r-pointerEvents-12vffkv> but never did.
    at Context.<anonymous> (webpack://FantasyWritingApp/./cypress/component/elements/CreateElementModal.cy.tsx:118:35)
Screenshot taken: failed-should-handle-close-functionality-1758651221021
Failed at URL: http://localhost:3003/__cypress/iframes/index.html?specPath=/Users/jacobuphoff/Desktop/FantasyWritingApp/cypress/component/elements/CreateElementModal.cy.tsx
Page title: FantasyWritingApp Component Tests
Visible page text (first 1000 chars): 
    Create New Elementâœ•Choose a category for your new elementğŸ‘¤CharacterProtagonists, antagonists, supporting charactersğŸ“LocationCities, buildings, landmarksğŸ—ï¸Item/ObjectWeapons, artifacts, toolsâœ¨Magic/PowerMagical systems, abilitiesğŸ“…EventHistorical events, battlesğŸ›ï¸OrganizationGuilds, governments, groupsğŸ‰Creature/SpeciesAnimals, monsters, racesğŸ‘¥Culture/SocietyCustoms, traditionsâ›ªReligion/BeliefGods, faiths, philosophiesğŸ’¬LanguageTongues, scripts, communicationâš™ï¸TechnologyInventions, mechanismsâœï¸CustomCreate your own categoryCancelSelect a Category
  

Found 13 testable elements: [{"data-cy":null,"data-testid":"category-character","tagName":"BUTTON","text":"ğŸ‘¤CharacterProtagonists, antagonists, supporting c"},{"data-cy":null,"data-testid":"category-location","tagName":"BUTTON","text":"ğŸ“LocationCities, buildings, landmarks"},{"data-cy":null,"data-testid":"category-item-object","tagName":"BUTTON","text":"ğŸ—ï¸Item/ObjectWeapons, artifacts, tools"},{"data-cy":null,"data-testid":"category-magic-power","tagName":"BUTTON","text":"âœ¨Magic/PowerMagical systems, abilities"},{"data-cy":null,"data-testid":"category-event","tagName":"BUTTON","text":"ğŸ“…EventHistorical events, battles"},{"data-cy":null,"data-testid":"category-organization","tagName":"BUTTON","text":"ğŸ›ï¸OrganizationGuilds, governments, groups"},{"data-cy":null,"data-testid":"category-creature-species","tagName":"BUTTON","text":"ğŸ‰Creature/SpeciesAnimals, monsters, races"},{"data-cy":null,"data-testid":"category-culture-society","tagName":"BUTTON","text":"ğŸ‘¥Culture/SocietyCustoms, traditions"},{"data-cy":null,"data-testid":"category-religion-belief","tagName":"BUTTON","text":"â›ªReligion/BeliefGods, faiths, philosophies"},{"data-cy":null,"data-testid":"category-language","tagName":"BUTTON","text":"ğŸ’¬LanguageTongues, scripts, communication"}]
[CONSOLE WARN] props.pointerEvents is deprecated. Use style.pointerEvents
Factory reset called
[2025-09-23T18:13:42.790Z] Test started: should create element when category selected and create button clicked
Browser: Mozilla/5.0 (Macintosh; Intel Mac OS X 10_15_7) AppleWebKit/537.36 (KHTML, like Gecko) Cypress/14.5.4 Chrome/130.0.6723.137 Electron/33.2.1 Safari/537.36
Viewport: 375x812
URL: http://localhost:3003/__cypress/iframes/index.html?specPath=/Users/jacobuphoff/Desktop/FantasyWritingApp/cypress/component/elements/CreateElementModal.cy.tsx
State cleaned - localStorage, sessionStorage, cookies, and IndexedDB cleared
    (Attempt 1 of 3) should create element when category selected and create button clicked
[TEST FAILURE] Timed out retrying after 10000ms: expected stub to have been called at least once, but it was never called
[STACK TRACE] AssertionError: Timed out retrying after 10000ms: expected stub to have been called at least once, but it was never called
    at Context.<anonymous> (webpack://FantasyWritingApp/./cypress/component/elements/CreateElementModal.cy.tsx:141:25)
Screenshot taken: failed-should-create-element-when-category-selected-and-create-button-clicked-1758651233525
Failed at URL: http://localhost:3003/__cypress/iframes/index.html?specPath=/Users/jacobuphoff/Desktop/FantasyWritingApp/cypress/component/elements/CreateElementModal.cy.tsx
Page title: FantasyWritingApp Component Tests
Visible page text (first 1000 chars): 
    Create New Elementâœ•Choose a category for your new elementğŸ‘¤CharacterProtagonists, antagonists, supporting charactersğŸ“LocationCities, buildings, landmarksğŸ—ï¸Item/ObjectWeapons, artifacts, toolsâœ¨Magic/PowerMagical systems, abilitiesğŸ“…EventHistorical events, battlesğŸ›ï¸OrganizationGuilds, governments, groupsğŸ‰Creature/SpeciesAnimals, monsters, racesğŸ‘¥Culture/SocietyCustoms, traditionsâ›ªReligion/BeliefGods, faiths, philosophiesğŸ’¬LanguageTongues, scripts, communicationâš™ï¸TechnologyInventions, mechanismsâœï¸CustomCreate your own categoryCancelCreate Element
  

Found 13 testable elements: [{"data-cy":null,"data-testid":"category-character","tagName":"BUTTON","text":"ğŸ‘¤CharacterProtagonists, antagonists, supporting c"},{"data-cy":null,"data-testid":"category-location","tagName":"BUTTON","text":"ğŸ“LocationCities, buildings, landmarks"},{"data-cy":null,"data-testid":"category-item-object","tagName":"BUTTON","text":"ğŸ—ï¸Item/ObjectWeapons, artifacts, tools"},{"data-cy":null,"data-testid":"category-magic-power","tagName":"BUTTON","text":"âœ¨Magic/PowerMagical systems, abilities"},{"data-cy":null,"data-testid":"category-event","tagName":"BUTTON","text":"ğŸ“…EventHistorical events, battles"},{"data-cy":null,"data-testid":"category-organization","tagName":"BUTTON","text":"ğŸ›ï¸OrganizationGuilds, governments, groups"},{"data-cy":null,"data-testid":"category-creature-species","tagName":"BUTTON","text":"ğŸ‰Creature/SpeciesAnimals, monsters, races"},{"data-cy":null,"data-testid":"category-culture-society","tagName":"BUTTON","text":"ğŸ‘¥Culture/SocietyCustoms, traditions"},{"data-cy":null,"data-testid":"category-religion-belief","tagName":"BUTTON","text":"â›ªReligion/BeliefGods, faiths, philosophies"},{"data-cy":null,"data-testid":"category-language","tagName":"BUTTON","text":"ğŸ’¬LanguageTongues, scripts, communication"}]
[CONSOLE WARN] props.pointerEvents is deprecated. Use style.pointerEvents
[CONSOLE ERROR] Failed to create element: {}
[CONSOLE ERROR] Failed to create element: {}
[CONSOLE ERROR] Failed to create element: {}
[CONSOLE ERROR] Failed to create element: {}
[CONSOLE ERROR] Failed to create element: {}
[CONSOLE ERROR] Failed to create element: {}
[CONSOLE ERROR] Failed to create element: {}
[CONSOLE ERROR] Failed to create element: {}
Factory reset called
[2025-09-23T18:13:55.376Z] Test started: should create element when category selected and create button clicked
Browser: Mozilla/5.0 (Macintosh; Intel Mac OS X 10_15_7) AppleWebKit/537.36 (KHTML, like Gecko) Cypress/14.5.4 Chrome/130.0.6723.137 Electron/33.2.1 Safari/537.36
Viewport: 375x812
URL: http://localhost:3003/__cypress/iframes/index.html?specPath=/Users/jacobuphoff/Desktop/FantasyWritingApp/cypress/component/elements/CreateElementModal.cy.tsx
State cleaned - localStorage, sessionStorage, cookies, and IndexedDB cleared
    (Attempt 2 of 3) should create element when category selected and create button clicked
[TEST FAILURE] Timed out retrying after 10000ms: expected stub to have been called at least once, but it was never called
[STACK TRACE] AssertionError: Timed out retrying after 10000ms: expected stub to have been called at least once, but it was never called
    at Context.<anonymous> (webpack://FantasyWritingApp/./cypress/component/elements/CreateElementModal.cy.tsx:141:25)
Screenshot taken: failed-should-create-element-when-category-selected-and-create-button-clicked-1758651246307
Failed at URL: http://localhost:3003/__cypress/iframes/index.html?specPath=/Users/jacobuphoff/Desktop/FantasyWritingApp/cypress/component/elements/CreateElementModal.cy.tsx
Page title: FantasyWritingApp Component Tests
Visible page text (first 1000 chars): 
    Create New Elementâœ•Choose a category for your new elementğŸ‘¤CharacterProtagonists, antagonists, supporting charactersğŸ“LocationCities, buildings, landmarksğŸ—ï¸Item/ObjectWeapons, artifacts, toolsâœ¨Magic/PowerMagical systems, abilitiesğŸ“…EventHistorical events, battlesğŸ›ï¸OrganizationGuilds, governments, groupsğŸ‰Creature/SpeciesAnimals, monsters, racesğŸ‘¥Culture/SocietyCustoms, traditionsâ›ªReligion/BeliefGods, faiths, philosophiesğŸ’¬LanguageTongues, scripts, communicationâš™ï¸TechnologyInventions, mechanismsâœï¸CustomCreate your own categoryCancelCreate Element
  

Found 13 testable elements: [{"data-cy":null,"data-testid":"category-character","tagName":"BUTTON","text":"ğŸ‘¤CharacterProtagonists, antagonists, supporting c"},{"data-cy":null,"data-testid":"category-location","tagName":"BUTTON","text":"ğŸ“LocationCities, buildings, landmarks"},{"data-cy":null,"data-testid":"category-item-object","tagName":"BUTTON","text":"ğŸ—ï¸Item/ObjectWeapons, artifacts, tools"},{"data-cy":null,"data-testid":"category-magic-power","tagName":"BUTTON","text":"âœ¨Magic/PowerMagical systems, abilities"},{"data-cy":null,"data-testid":"category-event","tagName":"BUTTON","text":"ğŸ“…EventHistorical events, battles"},{"data-cy":null,"data-testid":"category-organization","tagName":"BUTTON","text":"ğŸ›ï¸OrganizationGuilds, governments, groups"},{"data-cy":null,"data-testid":"category-creature-species","tagName":"BUTTON","text":"ğŸ‰Creature/SpeciesAnimals, monsters, races"},{"data-cy":null,"data-testid":"category-culture-society","tagName":"BUTTON","text":"ğŸ‘¥Culture/SocietyCustoms, traditions"},{"data-cy":null,"data-testid":"category-religion-belief","tagName":"BUTTON","text":"â›ªReligion/BeliefGods, faiths, philosophies"},{"data-cy":null,"data-testid":"category-language","tagName":"BUTTON","text":"ğŸ’¬LanguageTongues, scripts, communication"}]
[CONSOLE WARN] props.pointerEvents is deprecated. Use style.pointerEvents
[CONSOLE ERROR] Failed to create element: {}
[CONSOLE ERROR] Failed to create element: {}
[CONSOLE ERROR] Failed to create element: {}
[CONSOLE ERROR] Failed to create element: {}
[CONSOLE ERROR] Failed to create element: {}
[CONSOLE ERROR] Failed to create element: {}
[CONSOLE ERROR] Failed to create element: {}
[CONSOLE ERROR] Failed to create element: {}
[CONSOLE ERROR] Failed to create element: {}
[CONSOLE ERROR] Failed to create element: {}
[CONSOLE ERROR] Failed to create element: {}
[CONSOLE ERROR] Failed to create element: {}
[CONSOLE ERROR] Failed to create element: {}
[CONSOLE ERROR] Failed to create element: {}
[CONSOLE ERROR] Failed to create element: {}
[CONSOLE ERROR] Failed to create element: {}
[CONSOLE ERROR] Failed to create element: {}
Factory reset called
[2025-09-23T18:14:07.839Z] Test started: should create element when category selected and create button clicked
Browser: Mozilla/5.0 (Macintosh; Intel Mac OS X 10_15_7) AppleWebKit/537.36 (KHTML, like Gecko) Cypress/14.5.4 Chrome/130.0.6723.137 Electron/33.2.1 Safari/537.36
Viewport: 375x812
URL: http://localhost:3003/__cypress/iframes/index.html?specPath=/Users/jacobuphoff/Desktop/FantasyWritingApp/cypress/component/elements/CreateElementModal.cy.tsx
State cleaned - localStorage, sessionStorage, cookies, and IndexedDB cleared
    2) should create element when category selected and create button clicked
[TEST FAILURE] Timed out retrying after 10000ms: expected stub to have been called at least once, but it was never called
[STACK TRACE] AssertionError: Timed out retrying after 10000ms: expected stub to have been called at least once, but it was never called
    at Context.<anonymous> (webpack://FantasyWritingApp/./cypress/component/elements/CreateElementModal.cy.tsx:141:25)
Screenshot taken: failed-should-create-element-when-category-selected-and-create-button-clicked-1758651258611
Failed at URL: http://localhost:3003/__cypress/iframes/index.html?specPath=/Users/jacobuphoff/Desktop/FantasyWritingApp/cypress/component/elements/CreateElementModal.cy.tsx
Page title: FantasyWritingApp Component Tests
Visible page text (first 1000 chars): 
    Create New Elementâœ•Choose a category for your new elementğŸ‘¤CharacterProtagonists, antagonists, supporting charactersğŸ“LocationCities, buildings, landmarksğŸ—ï¸Item/ObjectWeapons, artifacts, toolsâœ¨Magic/PowerMagical systems, abilitiesğŸ“…EventHistorical events, battlesğŸ›ï¸OrganizationGuilds, governments, groupsğŸ‰Creature/SpeciesAnimals, monsters, racesğŸ‘¥Culture/SocietyCustoms, traditionsâ›ªReligion/BeliefGods, faiths, philosophiesğŸ’¬LanguageTongues, scripts, communicationâš™ï¸TechnologyInventions, mechanismsâœï¸CustomCreate your own categoryCancelCreate Element
  

Found 13 testable elements: [{"data-cy":null,"data-testid":"category-character","tagName":"BUTTON","text":"ğŸ‘¤CharacterProtagonists, antagonists, supporting c"},{"data-cy":null,"data-testid":"category-location","tagName":"BUTTON","text":"ğŸ“LocationCities, buildings, landmarks"},{"data-cy":null,"data-testid":"category-item-object","tagName":"BUTTON","text":"ğŸ—ï¸Item/ObjectWeapons, artifacts, tools"},{"data-cy":null,"data-testid":"category-magic-power","tagName":"BUTTON","text":"âœ¨Magic/PowerMagical systems, abilities"},{"data-cy":null,"data-testid":"category-event","tagName":"BUTTON","text":"ğŸ“…EventHistorical events, battles"},{"data-cy":null,"data-testid":"category-organization","tagName":"BUTTON","text":"ğŸ›ï¸OrganizationGuilds, governments, groups"},{"data-cy":null,"data-testid":"category-creature-species","tagName":"BUTTON","text":"ğŸ‰Creature/SpeciesAnimals, monsters, races"},{"data-cy":null,"data-testid":"category-culture-society","tagName":"BUTTON","text":"ğŸ‘¥Culture/SocietyCustoms, traditions"},{"data-cy":null,"data-testid":"category-religion-belief","tagName":"BUTTON","text":"â›ªReligion/BeliefGods, faiths, philosophies"},{"data-cy":null,"data-testid":"category-language","tagName":"BUTTON","text":"ğŸ’¬LanguageTongues, scripts, communication"}]
[CONSOLE WARN] props.pointerEvents is deprecated. Use style.pointerEvents
[CONSOLE ERROR] Failed to create element: {}
[CONSOLE ERROR] Failed to create element: {}
[CONSOLE ERROR] Failed to create element: {}
[CONSOLE ERROR] Failed to create element: {}
[CONSOLE ERROR] Failed to create element: {}
[CONSOLE ERROR] Failed to create element: {}
[CONSOLE ERROR] Failed to create element: {}
[CONSOLE ERROR] Failed to create element: {}
[CONSOLE ERROR] Failed to create element: {}
[CONSOLE ERROR] Failed to create element: {}
[CONSOLE ERROR] Failed to create element: {}
[CONSOLE ERROR] Failed to create element: {}
[CONSOLE ERROR] Failed to create element: {}
[CONSOLE ERROR] Failed to create element: {}
[CONSOLE ERROR] Failed to create element: {}
[CONSOLE ERROR] Failed to create element: {}
[CONSOLE ERROR] Failed to create element: {}
[CONSOLE ERROR] Failed to create element: {}
[CONSOLE ERROR] Failed to create element: {}
[CONSOLE ERROR] Failed to create element: {}
[CONSOLE ERROR] Failed to create element: {}
[CONSOLE ERROR] Failed to create element: {}
[CONSOLE ERROR] Failed to create element: {}
[CONSOLE ERROR] Failed to create element: {}
[CONSOLE ERROR] Failed to create element: {}
[CONSOLE ERROR] Failed to create element: {}
[CONSOLE ERROR] Failed to create element: {}
Factory reset called
[2025-09-23T18:14:20.471Z] Test started: should show loading state during creation
Browser: Mozilla/5.0 (Macintosh; Intel Mac OS X 10_15_7) AppleWebKit/537.36 (KHTML, like Gecko) Cypress/14.5.4 Chrome/130.0.6723.137 Electron/33.2.1 Safari/537.36
Viewport: 375x812
URL: http://localhost:3003/__cypress/iframes/index.html?specPath=/Users/jacobuphoff/Desktop/FantasyWritingApp/cypress/component/elements/CreateElementModal.cy.tsx
State cleaned - localStorage, sessionStorage, cookies, and IndexedDB cleared
    âœ“ should show loading state during creation (296ms)
Factory reset called
[2025-09-23T18:14:20.782Z] Test started: should call onSuccess after successful creation
Browser: Mozilla/5.0 (Macintosh; Intel Mac OS X 10_15_7) AppleWebKit/537.36 (KHTML, like Gecko) Cypress/14.5.4 Chrome/130.0.6723.137 Electron/33.2.1 Safari/537.36
Viewport: 375x812
URL: http://localhost:3003/__cypress/iframes/index.html?specPath=/Users/jacobuphoff/Desktop/FantasyWritingApp/cypress/component/elements/CreateElementModal.cy.tsx
State cleaned - localStorage, sessionStorage, cookies, and IndexedDB cleared
    (Attempt 1 of 3) should call onSuccess after successful creation
[TEST FAILURE] Timed out retrying after 10000ms: expected stub to have been called with arguments 'new-element-1', but it was never called
[STACK TRACE] AssertionError: Timed out retrying after 10000ms: expected stub to have been called with arguments 'new-element-1', but it was never called
    at Context.<anonymous> (webpack://FantasyWritingApp/./cypress/component/elements/CreateElementModal.cy.tsx:166:25)
Screenshot taken: failed-should-call-onSuccess-after-successful-creation-1758651271347
Failed at URL: http://localhost:3003/__cypress/iframes/index.html?specPath=/Users/jacobuphoff/Desktop/FantasyWritingApp/cypress/component/elements/CreateElementModal.cy.tsx
Page title: FantasyWritingApp Component Tests
Visible page text (first 1000 chars): 
    Create New Elementâœ•Choose a category for your new elementğŸ‘¤CharacterProtagonists, antagonists, supporting charactersğŸ“LocationCities, buildings, landmarksğŸ—ï¸Item/ObjectWeapons, artifacts, toolsâœ¨Magic/PowerMagical systems, abilitiesğŸ“…EventHistorical events, battlesğŸ›ï¸OrganizationGuilds, governments, groupsğŸ‰Creature/SpeciesAnimals, monsters, racesğŸ‘¥Culture/SocietyCustoms, traditionsâ›ªReligion/BeliefGods, faiths, philosophiesğŸ’¬LanguageTongues, scripts, communicationâš™ï¸TechnologyInventions, mechanismsâœï¸CustomCreate your own categoryCancelCreate Element
  

Found 13 testable elements: [{"data-cy":null,"data-testid":"category-character","tagName":"BUTTON","text":"ğŸ‘¤CharacterProtagonists, antagonists, supporting c"},{"data-cy":null,"data-testid":"category-location","tagName":"BUTTON","text":"ğŸ“LocationCities, buildings, landmarks"},{"data-cy":null,"data-testid":"category-item-object","tagName":"BUTTON","text":"ğŸ—ï¸Item/ObjectWeapons, artifacts, tools"},{"data-cy":null,"data-testid":"category-magic-power","tagName":"BUTTON","text":"âœ¨Magic/PowerMagical systems, abilities"},{"data-cy":null,"data-testid":"category-event","tagName":"BUTTON","text":"ğŸ“…EventHistorical events, battles"},{"data-cy":null,"data-testid":"category-organization","tagName":"BUTTON","text":"ğŸ›ï¸OrganizationGuilds, governments, groups"},{"data-cy":null,"data-testid":"category-creature-species","tagName":"BUTTON","text":"ğŸ‰Creature/SpeciesAnimals, monsters, races"},{"data-cy":null,"data-testid":"category-culture-society","tagName":"BUTTON","text":"ğŸ‘¥Culture/SocietyCustoms, traditions"},{"data-cy":null,"data-testid":"category-religion-belief","tagName":"BUTTON","text":"â›ªReligion/BeliefGods, faiths, philosophies"},{"data-cy":null,"data-testid":"category-language","tagName":"BUTTON","text":"ğŸ’¬LanguageTongues, scripts, communication"}]
[CONSOLE WARN] props.pointerEvents is deprecated. Use style.pointerEvents
[CONSOLE ERROR] Failed to create element: {}
[CONSOLE ERROR] Failed to create element: {}
[CONSOLE ERROR] Failed to create element: {}
[CONSOLE ERROR] Failed to create element: {}
[CONSOLE ERROR] Failed to create element: {}
[CONSOLE ERROR] Failed to create element: {}
[CONSOLE ERROR] Failed to create element: {}
[CONSOLE ERROR] Failed to create element: {}
[CONSOLE ERROR] Failed to create element: {}
[CONSOLE ERROR] Failed to create element: {}
[CONSOLE ERROR] Failed to create element: {}
[CONSOLE ERROR] Failed to create element: {}
[CONSOLE ERROR] Failed to create element: {}
[CONSOLE ERROR] Failed to create element: {}
[CONSOLE ERROR] Failed to create element: {}
[CONSOLE ERROR] Failed to create element: {}
[CONSOLE ERROR] Failed to create element: {}
[CONSOLE ERROR] Failed to create element: {}
[CONSOLE ERROR] Failed to create element: {}
[CONSOLE ERROR] Failed to create element: {}
[CONSOLE ERROR] Failed to create element: {}
[CONSOLE ERROR] Failed to create element: {}
[CONSOLE ERROR] Failed to create element: {}
[CONSOLE ERROR] Failed to create element: {}
[CONSOLE ERROR] Failed to create element: {}
[CONSOLE ERROR] Failed to create element: {}
[CONSOLE ERROR] Failed to create element: {}
[CONSOLE ERROR] Failed to create element: {}
[CONSOLE ERROR] Failed to create element: {}
[CONSOLE ERROR] Failed to create element: {}
[CONSOLE ERROR] Failed to create element: {}
[CONSOLE ERROR] Failed to create element: {}
[CONSOLE ERROR] Failed to create element: {}
[CONSOLE ERROR] Failed to create element: {}
[CONSOLE ERROR] Failed to create element: {}
[CONSOLE ERROR] Failed to create element: {}
[CONSOLE ERROR] Failed to create element: {}
[CONSOLE ERROR] Failed to create element: {}
[CONSOLE ERROR] Failed to create element: {}
[CONSOLE ERROR] Failed to create element: {}
[CONSOLE ERROR] Failed to create element: {}
[CONSOLE ERROR] Failed to create element: {}
[CONSOLE ERROR] Failed to create element: {}
[CONSOLE ERROR] Failed to create element: {}
[CONSOLE ERROR] Failed to create element: {}
[CONSOLE ERROR] Failed to create element: {}
[CONSOLE ERROR] Failed to create element: {}
[CONSOLE ERROR] Failed to create element: {}
[CONSOLE ERROR] Failed to create element: {}
[CONSOLE ERROR] Failed to create element: {}
Factory reset called
[2025-09-23T18:14:33.590Z] Test started: should call onSuccess after successful creation
Browser: Mozilla/5.0 (Macintosh; Intel Mac OS X 10_15_7) AppleWebKit/537.36 (KHTML, like Gecko) Cypress/14.5.4 Chrome/130.0.6723.137 Electron/33.2.1 Safari/537.36
Viewport: 375x812
URL: http://localhost:3003/__cypress/iframes/index.html?specPath=/Users/jacobuphoff/Desktop/FantasyWritingApp/cypress/component/elements/CreateElementModal.cy.tsx
State cleaned - localStorage, sessionStorage, cookies, and IndexedDB cleared
    (Attempt 2 of 3) should call onSuccess after successful creation
[TEST FAILURE] Timed out retrying after 10000ms: expected stub to have been called with arguments 'new-element-1', but it was never called
[STACK TRACE] AssertionError: Timed out retrying after 10000ms: expected stub to have been called with arguments 'new-element-1', but it was never called
    at Context.<anonymous> (webpack://FantasyWritingApp/./cypress/component/elements/CreateElementModal.cy.tsx:166:25)
Screenshot taken: failed-should-call-onSuccess-after-successful-creation-1758651284420
Failed at URL: http://localhost:3003/__cypress/iframes/index.html?specPath=/Users/jacobuphoff/Desktop/FantasyWritingApp/cypress/component/elements/CreateElementModal.cy.tsx
Page title: FantasyWritingApp Component Tests
Visible page text (first 1000 chars): 
    Create New Elementâœ•Choose a category for your new elementğŸ‘¤CharacterProtagonists, antagonists, supporting charactersğŸ“LocationCities, buildings, landmarksğŸ—ï¸Item/ObjectWeapons, artifacts, toolsâœ¨Magic/PowerMagical systems, abilitiesğŸ“…EventHistorical events, battlesğŸ›ï¸OrganizationGuilds, governments, groupsğŸ‰Creature/SpeciesAnimals, monsters, racesğŸ‘¥Culture/SocietyCustoms, traditionsâ›ªReligion/BeliefGods, faiths, philosophiesğŸ’¬LanguageTongues, scripts, communicationâš™ï¸TechnologyInventions, mechanismsâœï¸CustomCreate your own categoryCancelCreate Element
  

Found 13 testable elements: [{"data-cy":null,"data-testid":"category-character","tagName":"BUTTON","text":"ğŸ‘¤CharacterProtagonists, antagonists, supporting c"},{"data-cy":null,"data-testid":"category-location","tagName":"BUTTON","text":"ğŸ“LocationCities, buildings, landmarks"},{"data-cy":null,"data-testid":"category-item-object","tagName":"BUTTON","text":"ğŸ—ï¸Item/ObjectWeapons, artifacts, tools"},{"data-cy":null,"data-testid":"category-magic-power","tagName":"BUTTON","text":"âœ¨Magic/PowerMagical systems, abilities"},{"data-cy":null,"data-testid":"category-event","tagName":"BUTTON","text":"ğŸ“…EventHistorical events, battles"},{"data-cy":null,"data-testid":"category-organization","tagName":"BUTTON","text":"ğŸ›ï¸OrganizationGuilds, governments, groups"},{"data-cy":null,"data-testid":"category-creature-species","tagName":"BUTTON","text":"ğŸ‰Creature/SpeciesAnimals, monsters, races"},{"data-cy":null,"data-testid":"category-culture-society","tagName":"BUTTON","text":"ğŸ‘¥Culture/SocietyCustoms, traditions"},{"data-cy":null,"data-testid":"category-religion-belief","tagName":"BUTTON","text":"â›ªReligion/BeliefGods, faiths, philosophies"},{"data-cy":null,"data-testid":"category-language","tagName":"BUTTON","text":"ğŸ’¬LanguageTongues, scripts, communication"}]
[CONSOLE WARN] props.pointerEvents is deprecated. Use style.pointerEvents
[CONSOLE ERROR] Failed to create element: {}
[CONSOLE ERROR] Failed to create element: {}
[CONSOLE ERROR] Failed to create element: {}
[CONSOLE ERROR] Failed to create element: {}
[CONSOLE ERROR] Failed to create element: {}
[CONSOLE ERROR] Failed to create element: {}
[CONSOLE ERROR] Failed to create element: {}
[CONSOLE ERROR] Failed to create element: {}
[CONSOLE ERROR] Failed to create element: {}
[CONSOLE ERROR] Failed to create element: {}
[CONSOLE ERROR] Failed to create element: {}
[CONSOLE ERROR] Failed to create element: {}
[CONSOLE ERROR] Failed to create element: {}
[CONSOLE ERROR] Failed to create element: {}
[CONSOLE ERROR] Failed to create element: {}
[CONSOLE ERROR] Failed to create element: {}
[CONSOLE ERROR] Failed to create element: {}
[CONSOLE ERROR] Failed to create element: {}
[CONSOLE ERROR] Failed to create element: {}
[CONSOLE ERROR] Failed to create element: {}
[CONSOLE ERROR] Failed to create element: {}
[CONSOLE ERROR] Failed to create element: {}
[CONSOLE ERROR] Failed to create element: {}
[CONSOLE ERROR] Failed to create element: {}
[CONSOLE ERROR] Failed to create element: {}
[CONSOLE ERROR] Failed to create element: {}
[CONSOLE ERROR] Failed to create element: {}
[CONSOLE ERROR] Failed to create element: {}
[CONSOLE ERROR] Failed to create element: {}
[CONSOLE ERROR] Failed to create element: {}
[CONSOLE ERROR] Failed to create element: {}
[CONSOLE ERROR] Failed to create element: {}
[CONSOLE ERROR] Failed to create element: {}
[CONSOLE ERROR] Failed to create element: {}
[CONSOLE ERROR] Failed to create element: {}
[CONSOLE ERROR] Failed to create element: {}
[CONSOLE ERROR] Failed to create element: {}
[CONSOLE ERROR] Failed to create element: {}
[CONSOLE ERROR] Failed to create element: {}
[CONSOLE ERROR] Failed to create element: {}
[CONSOLE ERROR] Failed to create element: {}
[CONSOLE ERROR] Failed to create element: {}
[CONSOLE ERROR] Failed to create element: {}
[CONSOLE ERROR] Failed to create element: {}
[CONSOLE ERROR] Failed to create element: {}
[CONSOLE ERROR] Failed to create element: {}
[CONSOLE ERROR] Failed to create element: {}
[CONSOLE ERROR] Failed to create element: {}
[CONSOLE ERROR] Failed to create element: {}
[CONSOLE ERROR] Failed to create element: {}
[CONSOLE ERROR] Failed to create element: {}
[CONSOLE ERROR] Failed to create element: {}
[CONSOLE ERROR] Failed to create element: {}
[CONSOLE ERROR] Failed to create element: {}
[CONSOLE ERROR] Failed to create element: {}
[CONSOLE ERROR] Failed to create element: {}
[CONSOLE ERROR] Failed to create element: {}
[CONSOLE ERROR] Failed to create element: {}
[CONSOLE ERROR] Failed to create element: {}
[CONSOLE ERROR] Failed to create element: {}
[CONSOLE ERROR] Failed to create element: {}
[CONSOLE ERROR] Failed to create element: {}
[CONSOLE ERROR] Failed to create element: {}
Factory reset called
[2025-09-23T18:14:47.574Z] Test started: should call onSuccess after successful creation
Browser: Mozilla/5.0 (Macintosh; Intel Mac OS X 10_15_7) AppleWebKit/537.36 (KHTML, like Gecko) Cypress/14.5.4 Chrome/130.0.6723.137 Electron/33.2.1 Safari/537.36
Viewport: 375x812
URL: http://localhost:3003/__cypress/iframes/index.html?specPath=/Users/jacobuphoff/Desktop/FantasyWritingApp/cypress/component/elements/CreateElementModal.cy.tsx
State cleaned - localStorage, sessionStorage, cookies, and IndexedDB cleared
    3) should call onSuccess after successful creation
[TEST FAILURE] Timed out retrying after 10000ms: expected stub to have been called with arguments 'new-element-1', but it was never called
[STACK TRACE] AssertionError: Timed out retrying after 10000ms: expected stub to have been called with arguments 'new-element-1', but it was never called
    at Context.<anonymous> (webpack://FantasyWritingApp/./cypress/component/elements/CreateElementModal.cy.tsx:166:25)
Screenshot taken: failed-should-call-onSuccess-after-successful-creation-1758651298819
Failed at URL: http://localhost:3003/__cypress/iframes/index.html?specPath=/Users/jacobuphoff/Desktop/FantasyWritingApp/cypress/component/elements/CreateElementModal.cy.tsx
Page title: FantasyWritingApp Component Tests
Visible page text (first 1000 chars): 
    Create New Elementâœ•Choose a category for your new elementğŸ‘¤CharacterProtagonists, antagonists, supporting charactersğŸ“LocationCities, buildings, landmarksğŸ—ï¸Item/ObjectWeapons, artifacts, toolsâœ¨Magic/PowerMagical systems, abilitiesğŸ“…EventHistorical events, battlesğŸ›ï¸OrganizationGuilds, governments, groupsğŸ‰Creature/SpeciesAnimals, monsters, racesğŸ‘¥Culture/SocietyCustoms, traditionsâ›ªReligion/BeliefGods, faiths, philosophiesğŸ’¬LanguageTongues, scripts, communicationâš™ï¸TechnologyInventions, mechanismsâœï¸CustomCreate your own categoryCancelCreate Element
  

Found 13 testable elements: [{"data-cy":null,"data-testid":"category-character","tagName":"BUTTON","text":"ğŸ‘¤CharacterProtagonists, antagonists, supporting c"},{"data-cy":null,"data-testid":"category-location","tagName":"BUTTON","text":"ğŸ“LocationCities, buildings, landmarks"},{"data-cy":null,"data-testid":"category-item-object","tagName":"BUTTON","text":"ğŸ—ï¸Item/ObjectWeapons, artifacts, tools"},{"data-cy":null,"data-testid":"category-magic-power","tagName":"BUTTON","text":"âœ¨Magic/PowerMagical systems, abilities"},{"data-cy":null,"data-testid":"category-event","tagName":"BUTTON","text":"ğŸ“…EventHistorical events, battles"},{"data-cy":null,"data-testid":"category-organization","tagName":"BUTTON","text":"ğŸ›ï¸OrganizationGuilds, governments, groups"},{"data-cy":null,"data-testid":"category-creature-species","tagName":"BUTTON","text":"ğŸ‰Creature/SpeciesAnimals, monsters, races"},{"data-cy":null,"data-testid":"category-culture-society","tagName":"BUTTON","text":"ğŸ‘¥Culture/SocietyCustoms, traditions"},{"data-cy":null,"data-testid":"category-religion-belief","tagName":"BUTTON","text":"â›ªReligion/BeliefGods, faiths, philosophies"},{"data-cy":null,"data-testid":"category-language","tagName":"BUTTON","text":"ğŸ’¬LanguageTongues, scripts, communication"}]
[CONSOLE WARN] props.pointerEvents is deprecated. Use style.pointerEvents
[CONSOLE ERROR] Failed to create element: {}
[CONSOLE ERROR] Failed to create element: {}
[CONSOLE ERROR] Failed to create element: {}
[CONSOLE ERROR] Failed to create element: {}
[CONSOLE ERROR] Failed to create element: {}
[CONSOLE ERROR] Failed to create element: {}
[CONSOLE ERROR] Failed to create element: {}
[CONSOLE ERROR] Failed to create element: {}
[CONSOLE ERROR] Failed to create element: {}
[CONSOLE ERROR] Failed to create element: {}
[CONSOLE ERROR] Failed to create element: {}
[CONSOLE ERROR] Failed to create element: {}
[CONSOLE ERROR] Failed to create element: {}
[CONSOLE ERROR] Failed to create element: {}
[CONSOLE ERROR] Failed to create element: {}
[CONSOLE ERROR] Failed to create element: {}
[CONSOLE ERROR] Failed to create element: {}
[CONSOLE ERROR] Failed to create element: {}
[CONSOLE ERROR] Failed to create element: {}
[CONSOLE ERROR] Failed to create element: {}
[CONSOLE ERROR] Failed to create element: {}
[CONSOLE ERROR] Failed to create element: {}
[CONSOLE ERROR] Failed to create element: {}
[CONSOLE ERROR] Failed to create element: {}
[CONSOLE ERROR] Failed to create element: {}
[CONSOLE ERROR] Failed to create element: {}
[CONSOLE ERROR] Failed to create element: {}
[CONSOLE ERROR] Failed to create element: {}
[CONSOLE ERROR] Failed to create element: {}
[CONSOLE ERROR] Failed to create element: {}
[CONSOLE ERROR] Failed to create element: {}
[CONSOLE ERROR] Failed to create element: {}
[CONSOLE ERROR] Failed to create element: {}
[CONSOLE ERROR] Failed to create element: {}
[CONSOLE ERROR] Failed to create element: {}
[CONSOLE ERROR] Failed to create element: {}
[CONSOLE ERROR] Failed to create element: {}
[CONSOLE ERROR] Failed to create element: {}
[CONSOLE ERROR] Failed to create element: {}
[CONSOLE ERROR] Failed to create element: {}
[CONSOLE ERROR] Failed to create element: {}
[CONSOLE ERROR] Failed to create element: {}
[CONSOLE ERROR] Failed to create element: {}
[CONSOLE ERROR] Failed to create element: {}
[CONSOLE ERROR] Failed to create element: {}
[CONSOLE ERROR] Failed to create element: {}
[CONSOLE ERROR] Failed to create element: {}
[CONSOLE ERROR] Failed to create element: {}
[CONSOLE ERROR] Failed to create element: {}
[CONSOLE ERROR] Failed to create element: {}
[CONSOLE ERROR] Failed to create element: {}
[CONSOLE ERROR] Failed to create element: {}
[CONSOLE ERROR] Failed to create element: {}
[CONSOLE ERROR] Failed to create element: {}
[CONSOLE ERROR] Failed to create element: {}
[CONSOLE ERROR] Failed to create element: {}
[CONSOLE ERROR] Failed to create element: {}
[CONSOLE ERROR] Failed to create element: {}
[CONSOLE ERROR] Failed to create element: {}
[CONSOLE ERROR] Failed to create element: {}
[CONSOLE ERROR] Failed to create element: {}
[CONSOLE ERROR] Failed to create element: {}
[CONSOLE ERROR] Failed to create element: {}
[CONSOLE ERROR] Failed to create element: {}
[CONSOLE ERROR] Failed to create element: {}
[CONSOLE ERROR] Failed to create element: {}
[CONSOLE ERROR] Failed to create element: {}
[CONSOLE ERROR] Failed to create element: {}
[CONSOLE ERROR] Failed to create element: {}
[CONSOLE ERROR] Failed to create element: {}
[CONSOLE ERROR] Failed to create element: {}
[CONSOLE ERROR] Failed to create element: {}
[CONSOLE ERROR] Failed to create element: {}
[CONSOLE ERROR] Failed to create element: {}
[CONSOLE ERROR] Failed to create element: {}
[CONSOLE ERROR] Failed to create element: {}
[CONSOLE ERROR] Failed to create element: {}
Factory reset called
[2025-09-23T18:15:05.443Z] Test started: should handle creation errors gracefully
Browser: Mozilla/5.0 (Macintosh; Intel Mac OS X 10_15_7) AppleWebKit/537.36 (KHTML, like Gecko) Cypress/14.5.4 Chrome/130.0.6723.137 Electron/33.2.1 Safari/537.36
Viewport: 375x812
URL: http://localhost:3003/__cypress/iframes/index.html?specPath=/Users/jacobuphoff/Desktop/FantasyWritingApp/cypress/component/elements/CreateElementModal.cy.tsx
State cleaned - localStorage, sessionStorage, cookies, and IndexedDB cleared
    âœ“ should handle creation errors gracefully (373ms)
Factory reset called
[2025-09-23T18:15:05.804Z] Test started: should disable create button when no category selected
Browser: Mozilla/5.0 (Macintosh; Intel Mac OS X 10_15_7) AppleWebKit/537.36 (KHTML, like Gecko) Cypress/14.5.4 Chrome/130.0.6723.137 Electron/33.2.1 Safari/537.36
Viewport: 375x812
URL: http://localhost:3003/__cypress/iframes/index.html?specPath=/Users/jacobuphoff/Desktop/FantasyWritingApp/cypress/component/elements/CreateElementModal.cy.tsx
State cleaned - localStorage, sessionStorage, cookies, and IndexedDB cleared
    (Attempt 1 of 3) should disable create button when no category selected
Screenshot taken: failed-should-disable-create-button-when-no-category-selected-1758651306162
Failed at URL: http://localhost:3003/__cypress/iframes/index.html?specPath=/Users/jacobuphoff/Desktop/FantasyWritingApp/cypress/component/elements/CreateElementModal.cy.tsx
Page title: FantasyWritingApp Component Tests
Visible page text (first 1000 chars): 
    
  

    (Attempt 1 of 3) should disable create button when no category selected
[TEST FAILURE] Timed out retrying after 10000ms: Expected to find element: `[data-cy], [data-testid]`, but never found it.
[STACK TRACE] AssertionError: Timed out retrying after 10000ms: Expected to find element: `[data-cy], [data-testid]`, but never found it.
    at Context.<anonymous> (webpack://FantasyWritingApp/./cypress/support/commands/debug.ts:162:5)
    at wrapped (http://localhost:3003/__cypress/runner/cypress_runner.js:141663:43)
Factory reset called
[2025-09-23T18:15:18.309Z] Test started: should disable create button when no category selected
Browser: Mozilla/5.0 (Macintosh; Intel Mac OS X 10_15_7) AppleWebKit/537.36 (KHTML, like Gecko) Cypress/14.5.4 Chrome/130.0.6723.137 Electron/33.2.1 Safari/537.36
Viewport: 375x812
URL: http://localhost:3003/__cypress/iframes/index.html?specPath=/Users/jacobuphoff/Desktop/FantasyWritingApp/cypress/component/elements/CreateElementModal.cy.tsx
State cleaned - localStorage, sessionStorage, cookies, and IndexedDB cleared
    (Attempt 2 of 3) should disable create button when no category selected
Screenshot taken: failed-should-disable-create-button-when-no-category-selected-1758651318916
Failed at URL: http://localhost:3003/__cypress/iframes/index.html?specPath=/Users/jacobuphoff/Desktop/FantasyWritingApp/cypress/component/elements/CreateElementModal.cy.tsx
Page title: FantasyWritingApp Component Tests
Visible page text (first 1000 chars): 
    
  

    (Attempt 2 of 3) should disable create button when no category selected
[TEST FAILURE] Timed out retrying after 10000ms: Expected to find element: `[data-cy], [data-testid]`, but never found it.
[STACK TRACE] AssertionError: Timed out retrying after 10000ms: Expected to find element: `[data-cy], [data-testid]`, but never found it.
    at Context.<anonymous> (webpack://FantasyWritingApp/./cypress/support/commands/debug.ts:162:5)
    at wrapped (http://localhost:3003/__cypress/runner/cypress_runner.js:141663:43)
Factory reset called
[2025-09-23T18:15:31.135Z] Test started: should disable create button when no category selected
Browser: Mozilla/5.0 (Macintosh; Intel Mac OS X 10_15_7) AppleWebKit/537.36 (KHTML, like Gecko) Cypress/14.5.4 Chrome/130.0.6723.137 Electron/33.2.1 Safari/537.36
Viewport: 375x812
URL: http://localhost:3003/__cypress/iframes/index.html?specPath=/Users/jacobuphoff/Desktop/FantasyWritingApp/cypress/component/elements/CreateElementModal.cy.tsx
State cleaned - localStorage, sessionStorage, cookies, and IndexedDB cleared
    4) should disable create button when no category selected
Screenshot taken: failed-should-disable-create-button-when-no-category-selected-1758651331814
Failed at URL: http://localhost:3003/__cypress/iframes/index.html?specPath=/Users/jacobuphoff/Desktop/FantasyWritingApp/cypress/component/elements/CreateElementModal.cy.tsx
Page title: FantasyWritingApp Component Tests
Visible page text (first 1000 chars): 
    
  

    5) "after each" hook for "should disable create button when no category selected"
[TEST FAILURE] Timed out retrying after 10000ms: Expected to find element: `[data-cy], [data-testid]`, but never found it.
[STACK TRACE] AssertionError: Timed out retrying after 10000ms: Expected to find element: `[data-cy], [data-testid]`, but never found it.
    at Context.<anonymous> (webpack://FantasyWritingApp/./cypress/support/commands/debug.ts:162:5)
    at wrapped (http://localhost:3003/__cypress/runner/cypress_runner.js:141663:43)


  6 passing (3m)
  5 failing

  1) CreateElementModal Component
       should handle close functionality:
     AssertionError: Timed out retrying after 10000ms: Expected to find content: 'âœ•' within the element: <button.css-view-g5y9jx.r-transitionProperty-1i6wzkk.r-userSelect-lrvibr.r-pointerEvents-12vffkv> but never did.
      at Context.<anonymous> (webpack://FantasyWritingApp/./cypress/component/elements/CreateElementModal.cy.tsx:118:35)

  2) CreateElementModal Component
       should create element when category selected and create button clicked:
     AssertionError: Timed out retrying after 10000ms: expected stub to have been called at least once, but it was never called
      at Context.<anonymous> (webpack://FantasyWritingApp/./cypress/component/elements/CreateElementModal.cy.tsx:141:25)

  3) CreateElementModal Component
       should call onSuccess after successful creation:
     AssertionError: Timed out retrying after 10000ms: expected stub to have been called with arguments 'new-element-1', but it was never called
      at Context.<anonymous> (webpack://FantasyWritingApp/./cypress/component/elements/CreateElementModal.cy.tsx:166:25)

  4) CreateElementModal Component
       should disable create button when no category selected:
     TypeError: button.should(...).or is not a function
      at Context.<anonymous> (webpack://FantasyWritingApp/./cypress/component/elements/CreateElementModal.cy.tsx:190:7)
      at runnable.fn (http://localhost:3003/__cypress/runner/cypress_runner.js:141938:19)
      at callFn (http://localhost:3003/__cypress/runner/cypress_runner.js:161016:21)
      at Runnable.run (http://localhost:3003/__cypress/runner/cypress_runner.js:161003:7)
      at <unknown> (http://localhost:3003/__cypress/runner/cypress_runner.js:167096:30)
      at PassThroughHandlerContext.finallyHandler (http://localhost:3003/__cypress/runner/cypress_runner.js:4042:23)
      at PassThroughHandlerContext.tryCatcher (http://localhost:3003/__cypress/runner/cypress_runner.js:1777:23)
      at Promise._settlePromiseFromHandler (http://localhost:3003/__cypress/runner/cypress_runner.js:1489:31)
      at Promise._settlePromise (http://localhost:3003/__cypress/runner/cypress_runner.js:1546:18)

  5) CreateElementModal Component
       "after each" hook for "should disable create button when no category selected":
     AssertionError: Timed out retrying after 10000ms: Expected to find element: `[data-cy], [data-testid]`, but never found it.

Because this error occurred during a `after each` hook we are skipping the remaining tests in the current suite: `CreateElementModal Component`
      at Context.<anonymous> (webpack://FantasyWritingApp/./cypress/support/commands/debug.ts:162:5)
      at wrapped (http://localhost:3003/__cypress/runner/cypress_runner.js:141663:43)




  (Results)

  â”Œâ”€â”€â”€â”€â”€â”€â”€â”€â”€â”€â”€â”€â”€â”€â”€â”€â”€â”€â”€â”€â”€â”€â”€â”€â”€â”€â”€â”€â”€â”€â”€â”€â”€â”€â”€â”€â”€â”€â”€â”€â”€â”€â”€â”€â”€â”€â”€â”€â”€â”€â”€â”€â”€â”€â”€â”€â”€â”€â”€â”€â”€â”€â”€â”€â”€â”€â”€â”€â”€â”€â”€â”€â”€â”€â”€â”€â”€â”€â”€â”€â”€â”€â”€â”€â”€â”€â”€â”€â”€â”€â”€â”€â”€â”€â”€â”€â”
  â”‚ Tests:        15                                                                               â”‚
  â”‚ Passing:      6                                                                                â”‚
  â”‚ Failing:      4                                                                                â”‚
  â”‚ Pending:      0                                                                                â”‚
  â”‚ Skipped:      5                                                                                â”‚
  â”‚ Screenshots:  27                                                                               â”‚
  â”‚ Video:        false                                                                            â”‚
  â”‚ Duration:     2 minutes, 38 seconds                                                            â”‚
  â”‚ Spec Ran:     elements/CreateElementModal.cy.tsx                                               â”‚
  â””â”€â”€â”€â”€â”€â”€â”€â”€â”€â”€â”€â”€â”€â”€â”€â”€â”€â”€â”€â”€â”€â”€â”€â”€â”€â”€â”€â”€â”€â”€â”€â”€â”€â”€â”€â”€â”€â”€â”€â”€â”€â”€â”€â”€â”€â”€â”€â”€â”€â”€â”€â”€â”€â”€â”€â”€â”€â”€â”€â”€â”€â”€â”€â”€â”€â”€â”€â”€â”€â”€â”€â”€â”€â”€â”€â”€â”€â”€â”€â”€â”€â”€â”€â”€â”€â”€â”€â”€â”€â”€â”€â”€â”€â”€â”€â”€â”˜


  (Screenshots)

  -  /Users/jacobuphoff/Desktop/FantasyWritingApp/cypress/screenshots/elements/Create    (2560x1440)
     ElementModal.cy.tsx/CreateElementModal Component -- should handle close function               
     ality (failed).png                                                                             
  -  /Users/jacobuphoff/Desktop/FantasyWritingApp/cypress/screenshots/elements/Create     (750x1718)
     ElementModal.cy.tsx/failed-should-handle-close-functionality-1758651196801.png                 
  -  /Users/jacobuphoff/Desktop/FantasyWritingApp/cypress/screenshots/elements/Create    (2560x1440)
     ElementModal.cy.tsx/CreateElementModal Component -- should handle close function               
     ality (failed) (attempt 2).png                                                                 
  -  /Users/jacobuphoff/Desktop/FantasyWritingApp/cypress/screenshots/elements/Create     (750x1718)
     ElementModal.cy.tsx/failed-should-handle-close-functionality-1758651208868 (atte               
     mpt 2).png                                                                                     
  -  /Users/jacobuphoff/Desktop/FantasyWritingApp/cypress/screenshots/elements/Create    (2560x1440)
     ElementModal.cy.tsx/CreateElementModal Component -- should handle close function               
     ality (failed) (attempt 3).png                                                                 
  -  /Users/jacobuphoff/Desktop/FantasyWritingApp/cypress/screenshots/elements/Create     (750x1718)
     ElementModal.cy.tsx/failed-should-handle-close-functionality-1758651221021 (atte               
     mpt 3).png                                                                                     
  -  /Users/jacobuphoff/Desktop/FantasyWritingApp/cypress/screenshots/elements/Create    (2560x1440)
     ElementModal.cy.tsx/CreateElementModal Component -- should create element when c               
     ategory selected and create button clicked (failed).png                                        
  -  /Users/jacobuphoff/Desktop/FantasyWritingApp/cypress/screenshots/elements/Create     (750x1718)
     ElementModal.cy.tsx/failed-should-create-element-when-category-selected-and-crea               
     te-button-clicked-1758651233525.png                                                            
  -  /Users/jacobuphoff/Desktop/FantasyWritingApp/cypress/screenshots/elements/Create    (2560x1440)
     ElementModal.cy.tsx/CreateElementModal Component -- should create element when c               
     ategory selected and create button clicked (failed) (attempt 2).png                            
  -  /Users/jacobuphoff/Desktop/FantasyWritingApp/cypress/screenshots/elements/Create     (750x1718)
     ElementModal.cy.tsx/failed-should-create-element-when-category-selected-and-crea               
     te-button-clicked-1758651246307 (attempt 2).png                                                
  -  /Users/jacobuphoff/Desktop/FantasyWritingApp/cypress/screenshots/elements/Create    (2560x1440)
     ElementModal.cy.tsx/CreateElementModal Component -- should create element when c               
     ategory selected and create button clicked (failed) (attempt 3).png                            
  -  /Users/jacobuphoff/Desktop/FantasyWritingApp/cypress/screenshots/elements/Create     (750x1718)
     ElementModal.cy.tsx/failed-should-create-element-when-category-selected-and-crea               
     te-button-clicked-1758651258611 (attempt 3).png                                                
  -  /Users/jacobuphoff/Desktop/FantasyWritingApp/cypress/screenshots/elements/Create    (2560x1440)
     ElementModal.cy.tsx/CreateElementModal Component -- should call onSuccess after                
     successful creation (failed).png                                                               
  -  /Users/jacobuphoff/Desktop/FantasyWritingApp/cypress/screenshots/elements/Create     (750x1718)
     ElementModal.cy.tsx/failed-should-call-onSuccess-after-successful-creation-17586               
     51271347.png                                                                                   
  -  /Users/jacobuphoff/Desktop/FantasyWritingApp/cypress/screenshots/elements/Create    (2560x1440)
     ElementModal.cy.tsx/CreateElementModal Component -- should call onSuccess after                
     successful creation (failed) (attempt 2).png                                                   
  -  /Users/jacobuphoff/Desktop/FantasyWritingApp/cypress/screenshots/elements/Create     (750x1718)
     ElementModal.cy.tsx/failed-should-call-onSuccess-after-successful-creation-17586               
     51284420 (attempt 2).png                                                                       
  -  /Users/jacobuphoff/Desktop/FantasyWritingApp/cypress/screenshots/elements/Create    (2560x1440)
     ElementModal.cy.tsx/CreateElementModal Component -- should call onSuccess after                
     successful creation (failed) (attempt 3).png                                                   
  -  /Users/jacobuphoff/Desktop/FantasyWritingApp/cypress/screenshots/elements/Create     (750x1718)
     ElementModal.cy.tsx/failed-should-call-onSuccess-after-successful-creation-17586               
     51298819 (attempt 3).png                                                                       
  -  /Users/jacobuphoff/Desktop/FantasyWritingApp/cypress/screenshots/elements/Create    (2560x1440)
     ElementModal.cy.tsx/CreateElementModal Component -- should disable create button               
      when no category selected (failed).png                                                        
  -  /Users/jacobuphoff/Desktop/FantasyWritingApp/cypress/screenshots/elements/Create     (750x1440)
     ElementModal.cy.tsx/failed-should-disable-create-button-when-no-category-selecte               
     d-1758651306162.png                                                                            
  -  /Users/jacobuphoff/Desktop/FantasyWritingApp/cypress/screenshots/elements/Create    (2560x1440)
     ElementModal.cy.tsx/CreateElementModal Component -- should disable create button               
      when no category selected -- after each hook (failed).png                                     
  -  /Users/jacobuphoff/Desktop/FantasyWritingApp/cypress/screenshots/elements/Create    (2560x1440)
     ElementModal.cy.tsx/CreateElementModal Component -- should disable create button               
      when no category selected (failed) (attempt 2).png                                            
  -  /Users/jacobuphoff/Desktop/FantasyWritingApp/cypress/screenshots/elements/Create     (750x1440)
     ElementModal.cy.tsx/failed-should-disable-create-button-when-no-category-selecte               
     d-1758651318916 (attempt 2).png                                                                
  -  /Users/jacobuphoff/Desktop/FantasyWritingApp/cypress/screenshots/elements/Create    (2560x1440)
     ElementModal.cy.tsx/CreateElementModal Component -- should disable create button               
      when no category selected -- after each hook (failed) (attempt 2).png                         
  -  /Users/jacobuphoff/Desktop/FantasyWritingApp/cypress/screenshots/elements/Create    (2560x1440)
     ElementModal.cy.tsx/CreateElementModal Component -- should disable create button               
      when no category selected (failed) (attempt 3).png                                            
  -  /Users/jacobuphoff/Desktop/FantasyWritingApp/cypress/screenshots/elements/Create     (750x1440)
     ElementModal.cy.tsx/failed-should-disable-create-button-when-no-category-selecte               
     d-1758651331814 (attempt 3).png                                                                
  -  /Users/jacobuphoff/Desktop/FantasyWritingApp/cypress/screenshots/elements/Create    (2560x1440)
     ElementModal.cy.tsx/CreateElementModal Component -- should disable create button               
      when no category selected -- after each hook (failed) (attempt 3).png                         


â”€â”€â”€â”€â”€â”€â”€â”€â”€â”€â”€â”€â”€â”€â”€â”€â”€â”€â”€â”€â”€â”€â”€â”€â”€â”€â”€â”€â”€â”€â”€â”€â”€â”€â”€â”€â”€â”€â”€â”€â”€â”€â”€â”€â”€â”€â”€â”€â”€â”€â”€â”€â”€â”€â”€â”€â”€â”€â”€â”€â”€â”€â”€â”€â”€â”€â”€â”€â”€â”€â”€â”€â”€â”€â”€â”€â”€â”€â”€â”€â”€â”€â”€â”€â”€â”€â”€â”€â”€â”€â”€â”€â”€â”€â”€â”€â”€â”€â”€â”€
                                                                                                    
  Running:  elements/ElementBrowser.cy.tsx                                                 (2 of 73)
14 assets
478 modules
webpack 5.101.3 compiled [1m[32msuccessfully[39m[22m in 454 ms


  ElementBrowser Component
Factory reset called
[2025-09-23T18:15:48.037Z] Test started: should render list of elements
Browser: Mozilla/5.0 (Macintosh; Intel Mac OS X 10_15_7) AppleWebKit/537.36 (KHTML, like Gecko) Cypress/14.5.4 Chrome/130.0.6723.137 Electron/33.2.1 Safari/537.36
Viewport: 1280x720
URL: http://localhost:3003/__cypress/iframes/index.html?specPath=/Users/jacobuphoff/Desktop/FantasyWritingApp/cypress/component/elements/ElementBrowser.cy.tsx
State cleaned - localStorage, sessionStorage, cookies, and IndexedDB cleared
    âœ“ should render list of elements (247ms)
Factory reset called
[2025-09-23T18:15:48.283Z] Test started: should handle search functionality
Browser: Mozilla/5.0 (Macintosh; Intel Mac OS X 10_15_7) AppleWebKit/537.36 (KHTML, like Gecko) Cypress/14.5.4 Chrome/130.0.6723.137 Electron/33.2.1 Safari/537.36
Viewport: 375x812
URL: http://localhost:3003/__cypress/iframes/index.html?specPath=/Users/jacobuphoff/Desktop/FantasyWritingApp/cypress/component/elements/ElementBrowser.cy.tsx
State cleaned - localStorage, sessionStorage, cookies, and IndexedDB cleared
    âœ“ should handle search functionality (479ms)
Factory reset called
[2025-09-23T18:15:48.793Z] Test started: should handle search by description
Browser: Mozilla/5.0 (Macintosh; Intel Mac OS X 10_15_7) AppleWebKit/537.36 (KHTML, like Gecko) Cypress/14.5.4 Chrome/130.0.6723.137 Electron/33.2.1 Safari/537.36
Viewport: 375x812
URL: http://localhost:3003/__cypress/iframes/index.html?specPath=/Users/jacobuphoff/Desktop/FantasyWritingApp/cypress/component/elements/ElementBrowser.cy.tsx
State cleaned - localStorage, sessionStorage, cookies, and IndexedDB cleared
    âœ“ should handle search by description (379ms)
Factory reset called
[2025-09-23T18:15:49.196Z] Test started: should handle search by tags
Browser: Mozilla/5.0 (Macintosh; Intel Mac OS X 10_15_7) AppleWebKit/537.36 (KHTML, like Gecko) Cypress/14.5.4 Chrome/130.0.6723.137 Electron/33.2.1 Safari/537.36
Viewport: 375x812
URL: http://localhost:3003/__cypress/iframes/index.html?specPath=/Users/jacobuphoff/Desktop/FantasyWritingApp/cypress/component/elements/ElementBrowser.cy.tsx
State cleaned - localStorage, sessionStorage, cookies, and IndexedDB cleared
    âœ“ should handle search by tags (425ms)
Factory reset called
[2025-09-23T18:15:49.643Z] Test started: should clear search when clear button clicked
Browser: Mozilla/5.0 (Macintosh; Intel Mac OS X 10_15_7) AppleWebKit/537.36 (KHTML, like Gecko) Cypress/14.5.4 Chrome/130.0.6723.137 Electron/33.2.1 Safari/537.36
Viewport: 375x812
URL: http://localhost:3003/__cypress/iframes/index.html?specPath=/Users/jacobuphoff/Desktop/FantasyWritingApp/cypress/component/elements/ElementBrowser.cy.tsx
State cleaned - localStorage, sessionStorage, cookies, and IndexedDB cleared
    âœ“ should clear search when clear button clicked (480ms)
Factory reset called
[2025-09-23T18:15:50.141Z] Test started: should handle category filtering
Browser: Mozilla/5.0 (Macintosh; Intel Mac OS X 10_15_7) AppleWebKit/537.36 (KHTML, like Gecko) Cypress/14.5.4 Chrome/130.0.6723.137 Electron/33.2.1 Safari/537.36
Viewport: 375x812
URL: http://localhost:3003/__cypress/iframes/index.html?specPath=/Users/jacobuphoff/Desktop/FantasyWritingApp/cypress/component/elements/ElementBrowser.cy.tsx
State cleaned - localStorage, sessionStorage, cookies, and IndexedDB cleared
    âœ“ should handle category filtering (196ms)
Factory reset called
[2025-09-23T18:15:50.386Z] Test started: should handle location category filtering
Browser: Mozilla/5.0 (Macintosh; Intel Mac OS X 10_15_7) AppleWebKit/537.36 (KHTML, like Gecko) Cypress/14.5.4 Chrome/130.0.6723.137 Electron/33.2.1 Safari/537.36
Viewport: 375x812
URL: http://localhost:3003/__cypress/iframes/index.html?specPath=/Users/jacobuphoff/Desktop/FantasyWritingApp/cypress/component/elements/ElementBrowser.cy.tsx
State cleaned - localStorage, sessionStorage, cookies, and IndexedDB cleared
    âœ“ should handle location category filtering (205ms)
Factory reset called
[2025-09-23T18:15:50.619Z] Test started: should reset to all elements when All filter selected
Browser: Mozilla/5.0 (Macintosh; Intel Mac OS X 10_15_7) AppleWebKit/537.36 (KHTML, like Gecko) Cypress/14.5.4 Chrome/130.0.6723.137 Electron/33.2.1 Safari/537.36
Viewport: 375x812
URL: http://localhost:3003/__cypress/iframes/index.html?specPath=/Users/jacobuphoff/Desktop/FantasyWritingApp/cypress/component/elements/ElementBrowser.cy.tsx
State cleaned - localStorage, sessionStorage, cookies, and IndexedDB cleared
    âœ“ should reset to all elements when All filter selected (283ms)
Factory reset called
[2025-09-23T18:15:50.918Z] Test started: should handle sorting by name
Browser: Mozilla/5.0 (Macintosh; Intel Mac OS X 10_15_7) AppleWebKit/537.36 (KHTML, like Gecko) Cypress/14.5.4 Chrome/130.0.6723.137 Electron/33.2.1 Safari/537.36
Viewport: 375x812
URL: http://localhost:3003/__cypress/iframes/index.html?specPath=/Users/jacobuphoff/Desktop/FantasyWritingApp/cypress/component/elements/ElementBrowser.cy.tsx
State cleaned - localStorage, sessionStorage, cookies, and IndexedDB cleared
    âœ“ should handle sorting by name (231ms)
Factory reset called
[2025-09-23T18:15:51.175Z] Test started: should handle sorting by completion percentage
Browser: Mozilla/5.0 (Macintosh; Intel Mac OS X 10_15_7) AppleWebKit/537.36 (KHTML, like Gecko) Cypress/14.5.4 Chrome/130.0.6723.137 Electron/33.2.1 Safari/537.36
Viewport: 375x812
URL: http://localhost:3003/__cypress/iframes/index.html?specPath=/Users/jacobuphoff/Desktop/FantasyWritingApp/cypress/component/elements/ElementBrowser.cy.tsx
State cleaned - localStorage, sessionStorage, cookies, and IndexedDB cleared
    âœ“ should handle sorting by completion percentage (263ms)
Factory reset called
[2025-09-23T18:15:51.464Z] Test started: should handle element click navigation
Browser: Mozilla/5.0 (Macintosh; Intel Mac OS X 10_15_7) AppleWebKit/537.36 (KHTML, like Gecko) Cypress/14.5.4 Chrome/130.0.6723.137 Electron/33.2.1 Safari/537.36
Viewport: 375x812
URL: http://localhost:3003/__cypress/iframes/index.html?specPath=/Users/jacobuphoff/Desktop/FantasyWritingApp/cypress/component/elements/ElementBrowser.cy.tsx
State cleaned - localStorage, sessionStorage, cookies, and IndexedDB cleared
    (Attempt 1 of 3) should handle element click navigation
Screenshot taken: failed-should-handle-element-click-navigation-1758651351942
Failed at URL: http://localhost:3003/__cypress/iframes/index.html?specPath=/Users/jacobuphoff/Desktop/FantasyWritingApp/cypress/component/elements/ElementBrowser.cy.tsx
Page title: FantasyWritingApp Component Tests
Visible page text (first 1000 chars): 
    AllğŸ‘¤ CharactersğŸ“ LocationsğŸ—ï¸ Itemsâœ¨ MagicSort by Recently Updated4 elementsStingitem-objectA glowing elven sword90% completeAragorncharacterA brave ranger from the north85% completeRivendelllocationThe beautiful elven city60% completeFireballmagic-powerA powerful fire spell45% complete
  

Found 1 testable elements: [{"data-cy":null,"data-testid":"element-browser","tagName":"DIV","text":"AllğŸ‘¤ CharactersğŸ“ LocationsğŸ—ï¸ Itemsâœ¨ MagicSort b"}]
Factory reset called
[2025-09-23T18:15:53.056Z] Test started: should handle element click navigation
Browser: Mozilla/5.0 (Macintosh; Intel Mac OS X 10_15_7) AppleWebKit/537.36 (KHTML, like Gecko) Cypress/14.5.4 Chrome/130.0.6723.137 Electron/33.2.1 Safari/537.36
Viewport: 375x812
URL: http://localhost:3003/__cypress/iframes/index.html?specPath=/Users/jacobuphoff/Desktop/FantasyWritingApp/cypress/component/elements/ElementBrowser.cy.tsx
State cleaned - localStorage, sessionStorage, cookies, and IndexedDB cleared
    (Attempt 2 of 3) should handle element click navigation
Screenshot taken: failed-should-handle-element-click-navigation-1758651353427
Failed at URL: http://localhost:3003/__cypress/iframes/index.html?specPath=/Users/jacobuphoff/Desktop/FantasyWritingApp/cypress/component/elements/ElementBrowser.cy.tsx
Page title: FantasyWritingApp Component Tests
Visible page text (first 1000 chars): 
    AllğŸ‘¤ CharactersğŸ“ LocationsğŸ—ï¸ Itemsâœ¨ MagicSort by Recently Updated4 elementsStingitem-objectA glowing elven sword90% completeAragorncharacterA brave ranger from the north85% completeRivendelllocationThe beautiful elven city60% completeFireballmagic-powerA powerful fire spell45% complete
  

Found 1 testable elements: [{"data-cy":null,"data-testid":"element-browser","tagName":"DIV","text":"AllğŸ‘¤ CharactersğŸ“ LocationsğŸ—ï¸ Itemsâœ¨ MagicSort b"}]
Factory reset called
[2025-09-23T18:15:54.511Z] Test started: should handle element click navigation
Browser: Mozilla/5.0 (Macintosh; Intel Mac OS X 10_15_7) AppleWebKit/537.36 (KHTML, like Gecko) Cypress/14.5.4 Chrome/130.0.6723.137 Electron/33.2.1 Safari/537.36
Viewport: 375x812
URL: http://localhost:3003/__cypress/iframes/index.html?specPath=/Users/jacobuphoff/Desktop/FantasyWritingApp/cypress/component/elements/ElementBrowser.cy.tsx
State cleaned - localStorage, sessionStorage, cookies, and IndexedDB cleared
    1) should handle element click navigation
Screenshot taken: failed-should-handle-element-click-navigation-1758651354962
Failed at URL: http://localhost:3003/__cypress/iframes/index.html?specPath=/Users/jacobuphoff/Desktop/FantasyWritingApp/cypress/component/elements/ElementBrowser.cy.tsx
Page title: FantasyWritingApp Component Tests
Visible page text (first 1000 chars): 
    AllğŸ‘¤ CharactersğŸ“ LocationsğŸ—ï¸ Itemsâœ¨ MagicSort by Recently Updated4 elementsStingitem-objectA glowing elven sword90% completeAragorncharacterA brave ranger from the north85% completeRivendelllocationThe beautiful elven city60% completeFireballmagic-powerA powerful fire spell45% complete
  

Found 1 testable elements: [{"data-cy":null,"data-testid":"element-browser","tagName":"DIV","text":"AllğŸ‘¤ CharactersğŸ“ LocationsğŸ—ï¸ Itemsâœ¨ MagicSort b"}]
Factory reset called
[2025-09-23T18:15:55.998Z] Test started: should show empty state when no elements
Browser: Mozilla/5.0 (Macintosh; Intel Mac OS X 10_15_7) AppleWebKit/537.36 (KHTML, like Gecko) Cypress/14.5.4 Chrome/130.0.6723.137 Electron/33.2.1 Safari/537.36
Viewport: 375x812
URL: http://localhost:3003/__cypress/iframes/index.html?specPath=/Users/jacobuphoff/Desktop/FantasyWritingApp/cypress/component/elements/ElementBrowser.cy.tsx
State cleaned - localStorage, sessionStorage, cookies, and IndexedDB cleared
    âœ“ should show empty state when no elements (72ms)
Factory reset called
[2025-09-23T18:15:56.077Z] Test started: should show filtered empty state when search has no results
Browser: Mozilla/5.0 (Macintosh; Intel Mac OS X 10_15_7) AppleWebKit/537.36 (KHTML, like Gecko) Cypress/14.5.4 Chrome/130.0.6723.137 Electron/33.2.1 Safari/537.36
Viewport: 375x812
URL: http://localhost:3003/__cypress/iframes/index.html?specPath=/Users/jacobuphoff/Desktop/FantasyWritingApp/cypress/component/elements/ElementBrowser.cy.tsx
State cleaned - localStorage, sessionStorage, cookies, and IndexedDB cleared
    âœ“ should show filtered empty state when search has no results (487ms)
Factory reset called
[2025-09-23T18:15:56.588Z] Test started: should handle create element from empty state
Browser: Mozilla/5.0 (Macintosh; Intel Mac OS X 10_15_7) AppleWebKit/537.36 (KHTML, like Gecko) Cypress/14.5.4 Chrome/130.0.6723.137 Electron/33.2.1 Safari/537.36
Viewport: 375x812
URL: http://localhost:3003/__cypress/iframes/index.html?specPath=/Users/jacobuphoff/Desktop/FantasyWritingApp/cypress/component/elements/ElementBrowser.cy.tsx
State cleaned - localStorage, sessionStorage, cookies, and IndexedDB cleared
    (Attempt 1 of 3) should handle create element from empty state
Screenshot taken: failed-should-handle-create-element-from-empty-state-1758651356858
Failed at URL: http://localhost:3003/__cypress/iframes/index.html?specPath=/Users/jacobuphoff/Desktop/FantasyWritingApp/cypress/component/elements/ElementBrowser.cy.tsx
Page title: FantasyWritingApp Component Tests
Visible page text (first 1000 chars): 
    AllğŸ‘¤ CharactersğŸ“ LocationsğŸ—ï¸ Itemsâœ¨ MagicSort by Recently Updated0 elementsğŸ“No elements yetCreate your first element to get startedCreate Element
  

Found 1 testable elements: [{"data-cy":null,"data-testid":"element-browser","tagName":"DIV","text":"AllğŸ‘¤ CharactersğŸ“ LocationsğŸ—ï¸ Itemsâœ¨ MagicSort b"}]
Factory reset called
[2025-09-23T18:15:57.494Z] Test started: should handle create element from empty state
Browser: Mozilla/5.0 (Macintosh; Intel Mac OS X 10_15_7) AppleWebKit/537.36 (KHTML, like Gecko) Cypress/14.5.4 Chrome/130.0.6723.137 Electron/33.2.1 Safari/537.36
Viewport: 375x812
URL: http://localhost:3003/__cypress/iframes/index.html?specPath=/Users/jacobuphoff/Desktop/FantasyWritingApp/cypress/component/elements/ElementBrowser.cy.tsx
State cleaned - localStorage, sessionStorage, cookies, and IndexedDB cleared
    (Attempt 2 of 3) should handle create element from empty state
Screenshot taken: failed-should-handle-create-element-from-empty-state-1758651357877
Failed at URL: http://localhost:3003/__cypress/iframes/index.html?specPath=/Users/jacobuphoff/Desktop/FantasyWritingApp/cypress/component/elements/ElementBrowser.cy.tsx
Page title: FantasyWritingApp Component Tests
Visible page text (first 1000 chars): 
    AllğŸ‘¤ CharactersğŸ“ LocationsğŸ—ï¸ Itemsâœ¨ MagicSort by Recently Updated0 elementsğŸ“No elements yetCreate your first element to get startedCreate Element
  

Found 1 testable elements: [{"data-cy":null,"data-testid":"element-browser","tagName":"DIV","text":"AllğŸ‘¤ CharactersğŸ“ LocationsğŸ—ï¸ Itemsâœ¨ MagicSort b"}]
Factory reset called
[2025-09-23T18:15:58.559Z] Test started: should handle create element from empty state
Browser: Mozilla/5.0 (Macintosh; Intel Mac OS X 10_15_7) AppleWebKit/537.36 (KHTML, like Gecko) Cypress/14.5.4 Chrome/130.0.6723.137 Electron/33.2.1 Safari/537.36
Viewport: 375x812
URL: http://localhost:3003/__cypress/iframes/index.html?specPath=/Users/jacobuphoff/Desktop/FantasyWritingApp/cypress/component/elements/ElementBrowser.cy.tsx
State cleaned - localStorage, sessionStorage, cookies, and IndexedDB cleared
    2) should handle create element from empty state
Screenshot taken: failed-should-handle-create-element-from-empty-state-1758651358993
Failed at URL: http://localhost:3003/__cypress/iframes/index.html?specPath=/Users/jacobuphoff/Desktop/FantasyWritingApp/cypress/component/elements/ElementBrowser.cy.tsx
Page title: FantasyWritingApp Component Tests
Visible page text (first 1000 chars): 
    AllğŸ‘¤ CharactersğŸ“ LocationsğŸ—ï¸ Itemsâœ¨ MagicSort by Recently Updated0 elementsğŸ“No elements yetCreate your first element to get startedCreate Element
  

Found 1 testable elements: [{"data-cy":null,"data-testid":"element-browser","tagName":"DIV","text":"AllğŸ‘¤ CharactersğŸ“ LocationsğŸ—ï¸ Itemsâœ¨ MagicSort b"}]
Factory reset called
[2025-09-23T18:15:59.662Z] Test started: should show floating action button when elements exist
Browser: Mozilla/5.0 (Macintosh; Intel Mac OS X 10_15_7) AppleWebKit/537.36 (KHTML, like Gecko) Cypress/14.5.4 Chrome/130.0.6723.137 Electron/33.2.1 Safari/537.36
Viewport: 375x812
URL: http://localhost:3003/__cypress/iframes/index.html?specPath=/Users/jacobuphoff/Desktop/FantasyWritingApp/cypress/component/elements/ElementBrowser.cy.tsx
State cleaned - localStorage, sessionStorage, cookies, and IndexedDB cleared
    âœ“ should show floating action button when elements exist (61ms)
Factory reset called
[2025-09-23T18:15:59.727Z] Test started: should handle floating action button click
Browser: Mozilla/5.0 (Macintosh; Intel Mac OS X 10_15_7) AppleWebKit/537.36 (KHTML, like Gecko) Cypress/14.5.4 Chrome/130.0.6723.137 Electron/33.2.1 Safari/537.36
Viewport: 375x812
URL: http://localhost:3003/__cypress/iframes/index.html?specPath=/Users/jacobuphoff/Desktop/FantasyWritingApp/cypress/component/elements/ElementBrowser.cy.tsx
State cleaned - localStorage, sessionStorage, cookies, and IndexedDB cleared
    (Attempt 1 of 3) should handle floating action button click
Screenshot taken: failed-should-handle-floating-action-button-click-1758651359998
Failed at URL: http://localhost:3003/__cypress/iframes/index.html?specPath=/Users/jacobuphoff/Desktop/FantasyWritingApp/cypress/component/elements/ElementBrowser.cy.tsx
Page title: FantasyWritingApp Component Tests
Visible page text (first 1000 chars): 
    AllğŸ‘¤ CharactersğŸ“ LocationsğŸ—ï¸ Itemsâœ¨ MagicSort by Recently Updated4 elementsStingitem-objectA glowing elven sword90% completeAragorncharacterA brave ranger from the north85% completeRivendelllocationThe beautiful elven city60% completeFireballmagic-powerA powerful fire spell45% complete+
  

Found 1 testable elements: [{"data-cy":null,"data-testid":"element-browser","tagName":"DIV","text":"AllğŸ‘¤ CharactersğŸ“ LocationsğŸ—ï¸ Itemsâœ¨ MagicSort b"}]
Factory reset called
[2025-09-23T18:16:01.045Z] Test started: should handle floating action button click
Browser: Mozilla/5.0 (Macintosh; Intel Mac OS X 10_15_7) AppleWebKit/537.36 (KHTML, like Gecko) Cypress/14.5.4 Chrome/130.0.6723.137 Electron/33.2.1 Safari/537.36
Viewport: 375x812
URL: http://localhost:3003/__cypress/iframes/index.html?specPath=/Users/jacobuphoff/Desktop/FantasyWritingApp/cypress/component/elements/ElementBrowser.cy.tsx
State cleaned - localStorage, sessionStorage, cookies, and IndexedDB cleared
    (Attempt 2 of 3) should handle floating action button click
Screenshot taken: failed-should-handle-floating-action-button-click-1758651361461
Failed at URL: http://localhost:3003/__cypress/iframes/index.html?specPath=/Users/jacobuphoff/Desktop/FantasyWritingApp/cypress/component/elements/ElementBrowser.cy.tsx
Page title: FantasyWritingApp Component Tests
Visible page text (first 1000 chars): 
    AllğŸ‘¤ CharactersğŸ“ LocationsğŸ—ï¸ Itemsâœ¨ MagicSort by Recently Updated4 elementsStingitem-objectA glowing elven sword90% completeAragorncharacterA brave ranger from the north85% completeRivendelllocationThe beautiful elven city60% completeFireballmagic-powerA powerful fire spell45% complete+
  

Found 1 testable elements: [{"data-cy":null,"data-testid":"element-browser","tagName":"DIV","text":"AllğŸ‘¤ CharactersğŸ“ LocationsğŸ—ï¸ Itemsâœ¨ MagicSort b"}]
Factory reset called
[2025-09-23T18:16:02.569Z] Test started: should handle floating action button click
Browser: Mozilla/5.0 (Macintosh; Intel Mac OS X 10_15_7) AppleWebKit/537.36 (KHTML, like Gecko) Cypress/14.5.4 Chrome/130.0.6723.137 Electron/33.2.1 Safari/537.36
Viewport: 375x812
URL: http://localhost:3003/__cypress/iframes/index.html?specPath=/Users/jacobuphoff/Desktop/FantasyWritingApp/cypress/component/elements/ElementBrowser.cy.tsx
State cleaned - localStorage, sessionStorage, cookies, and IndexedDB cleared
    3) should handle floating action button click
Screenshot taken: failed-should-handle-floating-action-button-click-1758651363049
Failed at URL: http://localhost:3003/__cypress/iframes/index.html?specPath=/Users/jacobuphoff/Desktop/FantasyWritingApp/cypress/component/elements/ElementBrowser.cy.tsx
Page title: FantasyWritingApp Component Tests
Visible page text (first 1000 chars): 
    AllğŸ‘¤ CharactersğŸ“ LocationsğŸ—ï¸ Itemsâœ¨ MagicSort by Recently Updated4 elementsStingitem-objectA glowing elven sword90% completeAragorncharacterA brave ranger from the north85% completeRivendelllocationThe beautiful elven city60% completeFireballmagic-powerA powerful fire spell45% complete+
  

Found 1 testable elements: [{"data-cy":null,"data-testid":"element-browser","tagName":"DIV","text":"AllğŸ‘¤ CharactersğŸ“ LocationsğŸ—ï¸ Itemsâœ¨ MagicSort b"}]
Factory reset called
[2025-09-23T18:16:04.154Z] Test started: should show loading state
Browser: Mozilla/5.0 (Macintosh; Intel Mac OS X 10_15_7) AppleWebKit/537.36 (KHTML, like Gecko) Cypress/14.5.4 Chrome/130.0.6723.137 Electron/33.2.1 Safari/537.36
Viewport: 375x812
URL: http://localhost:3003/__cypress/iframes/index.html?specPath=/Users/jacobuphoff/Desktop/FantasyWritingApp/cypress/component/elements/ElementBrowser.cy.tsx
State cleaned - localStorage, sessionStorage, cookies, and IndexedDB cleared
    âœ“ should show loading state (63ms)
Factory reset called
[2025-09-23T18:16:04.222Z] Test started: should handle refresh functionality
Browser: Mozilla/5.0 (Macintosh; Intel Mac OS X 10_15_7) AppleWebKit/537.36 (KHTML, like Gecko) Cypress/14.5.4 Chrome/130.0.6723.137 Electron/33.2.1 Safari/537.36
Viewport: 375x812
URL: http://localhost:3003/__cypress/iframes/index.html?specPath=/Users/jacobuphoff/Desktop/FantasyWritingApp/cypress/component/elements/ElementBrowser.cy.tsx
State cleaned - localStorage, sessionStorage, cookies, and IndexedDB cleared
    âœ“ should handle refresh functionality (58ms)
Factory reset called
[2025-09-23T18:16:04.300Z] Test started: should handle combined search and filter
Browser: Mozilla/5.0 (Macintosh; Intel Mac OS X 10_15_7) AppleWebKit/537.36 (KHTML, like Gecko) Cypress/14.5.4 Chrome/130.0.6723.137 Electron/33.2.1 Safari/537.36
Viewport: 375x812
URL: http://localhost:3003/__cypress/iframes/index.html?specPath=/Users/jacobuphoff/Desktop/FantasyWritingApp/cypress/component/elements/ElementBrowser.cy.tsx
State cleaned - localStorage, sessionStorage, cookies, and IndexedDB cleared
    âœ“ should handle combined search and filter (362ms)
Factory reset called
[2025-09-23T18:16:04.680Z] Test started: should handle case-insensitive search
Browser: Mozilla/5.0 (Macintosh; Intel Mac OS X 10_15_7) AppleWebKit/537.36 (KHTML, like Gecko) Cypress/14.5.4 Chrome/130.0.6723.137 Electron/33.2.1 Safari/537.36
Viewport: 375x812
URL: http://localhost:3003/__cypress/iframes/index.html?specPath=/Users/jacobuphoff/Desktop/FantasyWritingApp/cypress/component/elements/ElementBrowser.cy.tsx
State cleaned - localStorage, sessionStorage, cookies, and IndexedDB cleared
    âœ“ should handle case-insensitive search (676ms)
Factory reset called
[2025-09-23T18:16:05.372Z] Test started: should maintain filter state during search
Browser: Mozilla/5.0 (Macintosh; Intel Mac OS X 10_15_7) AppleWebKit/537.36 (KHTML, like Gecko) Cypress/14.5.4 Chrome/130.0.6723.137 Electron/33.2.1 Safari/537.36
Viewport: 375x812
URL: http://localhost:3003/__cypress/iframes/index.html?specPath=/Users/jacobuphoff/Desktop/FantasyWritingApp/cypress/component/elements/ElementBrowser.cy.tsx
State cleaned - localStorage, sessionStorage, cookies, and IndexedDB cleared
    âœ“ should maintain filter state during search (407ms)
Factory reset called
[2025-09-23T18:16:05.816Z] Test started: should close sort dropdown when option selected
Browser: Mozilla/5.0 (Macintosh; Intel Mac OS X 10_15_7) AppleWebKit/537.36 (KHTML, like Gecko) Cypress/14.5.4 Chrome/130.0.6723.137 Electron/33.2.1 Safari/537.36
Viewport: 375x812
URL: http://localhost:3003/__cypress/iframes/index.html?specPath=/Users/jacobuphoff/Desktop/FantasyWritingApp/cypress/component/elements/ElementBrowser.cy.tsx
State cleaned - localStorage, sessionStorage, cookies, and IndexedDB cleared
    âœ“ should close sort dropdown when option selected (201ms)
Factory reset called
[2025-09-23T18:16:06.033Z] Test started: should show correct category icons
Browser: Mozilla/5.0 (Macintosh; Intel Mac OS X 10_15_7) AppleWebKit/537.36 (KHTML, like Gecko) Cypress/14.5.4 Chrome/130.0.6723.137 Electron/33.2.1 Safari/537.36
Viewport: 375x812
URL: http://localhost:3003/__cypress/iframes/index.html?specPath=/Users/jacobuphoff/Desktop/FantasyWritingApp/cypress/component/elements/ElementBrowser.cy.tsx
State cleaned - localStorage, sessionStorage, cookies, and IndexedDB cleared
    âœ“ should show correct category icons (69ms)


  20 passing (18s)
  3 failing

  1) ElementBrowser Component
       should handle element click navigation:
     TypeError: The following error originated from your application code, not from Cypress.

  > onElementPress is not a function

When Cypress detects uncaught errors originating from your application it will automatically fail the current test.

This behavior is configurable, and you can choose to turn this off by listening to the `uncaught:exception` event.

https://on.cypress.io/uncaught-exception-from-application
      at onPress (webpack://FantasyWritingApp/./cypress/support/component-test-helpers.tsx:1427:29)
      at onClick (http://localhost:3003/__cypress/src/vendors-node_modules_react-native-web_dist_exports_ActivityIndicator_index_js-node_modules_re-faeecd.js:2447:15)
      at executeDispatch (http://localhost:3003/__cypress/src/vendors-node_modules_cypress_react_dist_cypress-react_esm-bundler_js-node_modules_supabase_su-49d528.js:40531:9)
      at runWithFiberInDEV (http://localhost:3003/__cypress/src/vendors-node_modules_cypress_react_dist_cypress-react_esm-bundler_js-node_modules_supabase_su-49d528.js:25683:30)
      at processDispatchQueue (http://localhost:3003/__cypress/src/vendors-node_modules_cypress_react_dist_cypress-react_esm-bundler_js-node_modules_supabase_su-49d528.js:40581:19)
      at <unknown> (http://localhost:3003/__cypress/src/vendors-node_modules_cypress_react_dist_cypress-react_esm-bundler_js-node_modules_supabase_su-49d528.js:41179:9)
      at batchedUpdates$1 (http://localhost:3003/__cypress/src/vendors-node_modules_cypress_react_dist_cypress-react_esm-bundler_js-node_modules_supabase_su-49d528.js:27425:40)
      at dispatchEventForPluginEventSystem (http://localhost:3003/__cypress/src/vendors-node_modules_cypress_react_dist_cypress-react_esm-bundler_js-node_modules_supabase_su-49d528.js:40735:7)
      at dispatchEvent (http://localhost:3003/__cypress/src/vendors-node_modules_cypress_react_dist_cypress-react_esm-bundler_js-node_modules_supabase_su-49d528.js:44821:11)
      at dispatchDiscreteEvent (http://localhost:3003/__cypress/src/vendors-node_modules_cypress_react_dist_cypress-react_esm-bundler_js-node_modules_supabase_su-49d528.js:44789:11)

  2) ElementBrowser Component
       should handle create element from empty state:
     TypeError: The following error originated from your application code, not from Cypress.

  > onPress is not a function

When Cypress detects uncaught errors originating from your application it will automatically fail the current test.

This behavior is configurable, and you can choose to turn this off by listening to the `uncaught:exception` event.

https://on.cypress.io/uncaught-exception-from-application
      at onClick (http://localhost:3003/__cypress/src/vendors-node_modules_react-native-web_dist_exports_ActivityIndicator_index_js-node_modules_re-faeecd.js:2447:15)
      at executeDispatch (http://localhost:3003/__cypress/src/vendors-node_modules_cypress_react_dist_cypress-react_esm-bundler_js-node_modules_supabase_su-49d528.js:40531:9)
      at runWithFiberInDEV (http://localhost:3003/__cypress/src/vendors-node_modules_cypress_react_dist_cypress-react_esm-bundler_js-node_modules_supabase_su-49d528.js:25683:30)
      at processDispatchQueue (http://localhost:3003/__cypress/src/vendors-node_modules_cypress_react_dist_cypress-react_esm-bundler_js-node_modules_supabase_su-49d528.js:40581:19)
      at <unknown> (http://localhost:3003/__cypress/src/vendors-node_modules_cypress_react_dist_cypress-react_esm-bundler_js-node_modules_supabase_su-49d528.js:41179:9)
      at batchedUpdates$1 (http://localhost:3003/__cypress/src/vendors-node_modules_cypress_react_dist_cypress-react_esm-bundler_js-node_modules_supabase_su-49d528.js:27425:40)
      at dispatchEventForPluginEventSystem (http://localhost:3003/__cypress/src/vendors-node_modules_cypress_react_dist_cypress-react_esm-bundler_js-node_modules_supabase_su-49d528.js:40735:7)
      at dispatchEvent (http://localhost:3003/__cypress/src/vendors-node_modules_cypress_react_dist_cypress-react_esm-bundler_js-node_modules_supabase_su-49d528.js:44821:11)
      at dispatchDiscreteEvent (http://localhost:3003/__cypress/src/vendors-node_modules_cypress_react_dist_cypress-react_esm-bundler_js-node_modules_supabase_su-49d528.js:44789:11)
      at sendEvent (http://localhost:3003/__cypress/runner/cypress_runner.js:146374:32)

  3) ElementBrowser Component
       should handle floating action button click:
     TypeError: The following error originated from your application code, not from Cypress.

  > onPress is not a function

When Cypress detects uncaught errors originating from your application it will automatically fail the current test.

This behavior is configurable, and you can choose to turn this off by listening to the `uncaught:exception` event.

https://on.cypress.io/uncaught-exception-from-application
      at onClick (http://localhost:3003/__cypress/src/vendors-node_modules_react-native-web_dist_exports_ActivityIndicator_index_js-node_modules_re-faeecd.js:2447:15)
      at executeDispatch (http://localhost:3003/__cypress/src/vendors-node_modules_cypress_react_dist_cypress-react_esm-bundler_js-node_modules_supabase_su-49d528.js:40531:9)
      at runWithFiberInDEV (http://localhost:3003/__cypress/src/vendors-node_modules_cypress_react_dist_cypress-react_esm-bundler_js-node_modules_supabase_su-49d528.js:25683:30)
      at processDispatchQueue (http://localhost:3003/__cypress/src/vendors-node_modules_cypress_react_dist_cypress-react_esm-bundler_js-node_modules_supabase_su-49d528.js:40581:19)
      at <unknown> (http://localhost:3003/__cypress/src/vendors-node_modules_cypress_react_dist_cypress-react_esm-bundler_js-node_modules_supabase_su-49d528.js:41179:9)
      at batchedUpdates$1 (http://localhost:3003/__cypress/src/vendors-node_modules_cypress_react_dist_cypress-react_esm-bundler_js-node_modules_supabase_su-49d528.js:27425:40)
      at dispatchEventForPluginEventSystem (http://localhost:3003/__cypress/src/vendors-node_modules_cypress_react_dist_cypress-react_esm-bundler_js-node_modules_supabase_su-49d528.js:40735:7)
      at dispatchEvent (http://localhost:3003/__cypress/src/vendors-node_modules_cypress_react_dist_cypress-react_esm-bundler_js-node_modules_supabase_su-49d528.js:44821:11)
      at dispatchDiscreteEvent (http://localhost:3003/__cypress/src/vendors-node_modules_cypress_react_dist_cypress-react_esm-bundler_js-node_modules_supabase_su-49d528.js:44789:11)
      at sendEvent (http://localhost:3003/__cypress/runner/cypress_runner.js:146374:32)




  (Results)

  â”Œâ”€â”€â”€â”€â”€â”€â”€â”€â”€â”€â”€â”€â”€â”€â”€â”€â”€â”€â”€â”€â”€â”€â”€â”€â”€â”€â”€â”€â”€â”€â”€â”€â”€â”€â”€â”€â”€â”€â”€â”€â”€â”€â”€â”€â”€â”€â”€â”€â”€â”€â”€â”€â”€â”€â”€â”€â”€â”€â”€â”€â”€â”€â”€â”€â”€â”€â”€â”€â”€â”€â”€â”€â”€â”€â”€â”€â”€â”€â”€â”€â”€â”€â”€â”€â”€â”€â”€â”€â”€â”€â”€â”€â”€â”€â”€â”€â”
  â”‚ Tests:        23                                                                               â”‚
  â”‚ Passing:      20                                                                               â”‚
  â”‚ Failing:      3                                                                                â”‚
  â”‚ Pending:      0                                                                                â”‚
  â”‚ Skipped:      0                                                                                â”‚
  â”‚ Screenshots:  18                                                                               â”‚
  â”‚ Video:        false                                                                            â”‚
  â”‚ Duration:     18 seconds                                                                       â”‚
  â”‚ Spec Ran:     elements/ElementBrowser.cy.tsx                                                   â”‚
  â””â”€â”€â”€â”€â”€â”€â”€â”€â”€â”€â”€â”€â”€â”€â”€â”€â”€â”€â”€â”€â”€â”€â”€â”€â”€â”€â”€â”€â”€â”€â”€â”€â”€â”€â”€â”€â”€â”€â”€â”€â”€â”€â”€â”€â”€â”€â”€â”€â”€â”€â”€â”€â”€â”€â”€â”€â”€â”€â”€â”€â”€â”€â”€â”€â”€â”€â”€â”€â”€â”€â”€â”€â”€â”€â”€â”€â”€â”€â”€â”€â”€â”€â”€â”€â”€â”€â”€â”€â”€â”€â”€â”€â”€â”€â”€â”€â”˜


  (Screenshots)

  -  /Users/jacobuphoff/Desktop/FantasyWritingApp/cypress/screenshots/elements/Elemen    (2560x1440)
     tBrowser.cy.tsx/ElementBrowser Component -- should handle element click navigati               
     on (failed).png                                                                                
  -  /Users/jacobuphoff/Desktop/FantasyWritingApp/cypress/screenshots/elements/Elemen     (750x1534)
     tBrowser.cy.tsx/failed-should-handle-element-click-navigation-1758651351942.png                
  -  /Users/jacobuphoff/Desktop/FantasyWritingApp/cypress/screenshots/elements/Elemen    (2560x1440)
     tBrowser.cy.tsx/ElementBrowser Component -- should handle element click navigati               
     on (failed) (attempt 2).png                                                                    
  -  /Users/jacobuphoff/Desktop/FantasyWritingApp/cypress/screenshots/elements/Elemen     (750x1534)
     tBrowser.cy.tsx/failed-should-handle-element-click-navigation-1758651353427 (att               
     empt 2).png                                                                                    
  -  /Users/jacobuphoff/Desktop/FantasyWritingApp/cypress/screenshots/elements/Elemen    (2560x1440)
     tBrowser.cy.tsx/ElementBrowser Component -- should handle element click navigati               
     on (failed) (attempt 3).png                                                                    
  -  /Users/jacobuphoff/Desktop/FantasyWritingApp/cypress/screenshots/elements/Elemen     (750x1534)
     tBrowser.cy.tsx/failed-should-handle-element-click-navigation-1758651354962 (att               
     empt 3).png                                                                                    
  -  /Users/jacobuphoff/Desktop/FantasyWritingApp/cypress/screenshots/elements/Elemen    (2560x1440)
     tBrowser.cy.tsx/ElementBrowser Component -- should handle create element from em               
     pty state (failed).png                                                                         
  -  /Users/jacobuphoff/Desktop/FantasyWritingApp/cypress/screenshots/elements/Elemen     (750x1440)
     tBrowser.cy.tsx/failed-should-handle-create-element-from-empty-state-17586513568               
     58.png                                                                                         
  -  /Users/jacobuphoff/Desktop/FantasyWritingApp/cypress/screenshots/elements/Elemen    (2560x1440)
     tBrowser.cy.tsx/ElementBrowser Component -- should handle create element from em               
     pty state (failed) (attempt 2).png                                                             
  -  /Users/jacobuphoff/Desktop/FantasyWritingApp/cypress/screenshots/elements/Elemen     (750x1440)
     tBrowser.cy.tsx/failed-should-handle-create-element-from-empty-state-17586513578               
     77 (attempt 2).png                                                                             
  -  /Users/jacobuphoff/Desktop/FantasyWritingApp/cypress/screenshots/elements/Elemen    (2560x1440)
     tBrowser.cy.tsx/ElementBrowser Component -- should handle create element from em               
     pty state (failed) (attempt 3).png                                                             
  -  /Users/jacobuphoff/Desktop/FantasyWritingApp/cypress/screenshots/elements/Elemen     (750x1440)
     tBrowser.cy.tsx/failed-should-handle-create-element-from-empty-state-17586513589               
     93 (attempt 3).png                                                                             
  -  /Users/jacobuphoff/Desktop/FantasyWritingApp/cypress/screenshots/elements/Elemen    (2560x1440)
     tBrowser.cy.tsx/ElementBrowser Component -- should handle floating action button               
      click (failed).png                                                                            
  -  /Users/jacobuphoff/Desktop/FantasyWritingApp/cypress/screenshots/elements/Elemen     (750x1534)
     tBrowser.cy.tsx/failed-should-handle-floating-action-button-click-1758651359998.               
     png                                                                                            
  -  /Users/jacobuphoff/Desktop/FantasyWritingApp/cypress/screenshots/elements/Elemen    (2560x1440)
     tBrowser.cy.tsx/ElementBrowser Component -- should handle floating action button               
      click (failed) (attempt 2).png                                                                
  -  /Users/jacobuphoff/Desktop/FantasyWritingApp/cypress/screenshots/elements/Elemen     (750x1534)
     tBrowser.cy.tsx/failed-should-handle-floating-action-button-click-1758651361461                
     (attempt 2).png                                                                                
  -  /Users/jacobuphoff/Desktop/FantasyWritingApp/cypress/screenshots/elements/Elemen    (2560x1440)
     tBrowser.cy.tsx/ElementBrowser Component -- should handle floating action button               
      click (failed) (attempt 3).png                                                                
  -  /Users/jacobuphoff/Desktop/FantasyWritingApp/cypress/screenshots/elements/Elemen     (750x1534)
     tBrowser.cy.tsx/failed-should-handle-floating-action-button-click-1758651363049                
     (attempt 3).png                                                                                


â”€â”€â”€â”€â”€â”€â”€â”€â”€â”€â”€â”€â”€â”€â”€â”€â”€â”€â”€â”€â”€â”€â”€â”€â”€â”€â”€â”€â”€â”€â”€â”€â”€â”€â”€â”€â”€â”€â”€â”€â”€â”€â”€â”€â”€â”€â”€â”€â”€â”€â”€â”€â”€â”€â”€â”€â”€â”€â”€â”€â”€â”€â”€â”€â”€â”€â”€â”€â”€â”€â”€â”€â”€â”€â”€â”€â”€â”€â”€â”€â”€â”€â”€â”€â”€â”€â”€â”€â”€â”€â”€â”€â”€â”€â”€â”€â”€â”€â”€â”€
                                                                                                    
  Running:  elements/ElementBrowser.simple.cy.tsx                                          (3 of 73)
14 assets
478 modules
webpack 5.101.3 compiled [1m[32msuccessfully[39m[22m in 129 ms


  ElementBrowser Component - Simplified
Factory reset called
[2025-09-23T18:16:08.294Z] Test started: should mount component without errors
Browser: Mozilla/5.0 (Macintosh; Intel Mac OS X 10_15_7) AppleWebKit/537.36 (KHTML, like Gecko) Cypress/14.5.4 Chrome/130.0.6723.137 Electron/33.2.1 Safari/537.36
Viewport: 1280x720
URL: http://localhost:3003/__cypress/iframes/index.html?specPath=/Users/jacobuphoff/Desktop/FantasyWritingApp/cypress/component/elements/ElementBrowser.simple.cy.tsx
State cleaned - localStorage, sessionStorage, cookies, and IndexedDB cleared
    âœ“ should mount component without errors (158ms)
Factory reset called
[2025-09-23T18:16:08.447Z] Test started: should show empty state with no elements
Browser: Mozilla/5.0 (Macintosh; Intel Mac OS X 10_15_7) AppleWebKit/537.36 (KHTML, like Gecko) Cypress/14.5.4 Chrome/130.0.6723.137 Electron/33.2.1 Safari/537.36
Viewport: 375x812
URL: http://localhost:3003/__cypress/iframes/index.html?specPath=/Users/jacobuphoff/Desktop/FantasyWritingApp/cypress/component/elements/ElementBrowser.simple.cy.tsx
State cleaned - localStorage, sessionStorage, cookies, and IndexedDB cleared
    âœ“ should show empty state with no elements (66ms)
Factory reset called
[2025-09-23T18:16:08.522Z] Test started: should display single element
Browser: Mozilla/5.0 (Macintosh; Intel Mac OS X 10_15_7) AppleWebKit/537.36 (KHTML, like Gecko) Cypress/14.5.4 Chrome/130.0.6723.137 Electron/33.2.1 Safari/537.36
Viewport: 375x812
URL: http://localhost:3003/__cypress/iframes/index.html?specPath=/Users/jacobuphoff/Desktop/FantasyWritingApp/cypress/component/elements/ElementBrowser.simple.cy.tsx
State cleaned - localStorage, sessionStorage, cookies, and IndexedDB cleared
    âœ“ should display single element (56ms)


  3 passing (317ms)


  (Results)

  â”Œâ”€â”€â”€â”€â”€â”€â”€â”€â”€â”€â”€â”€â”€â”€â”€â”€â”€â”€â”€â”€â”€â”€â”€â”€â”€â”€â”€â”€â”€â”€â”€â”€â”€â”€â”€â”€â”€â”€â”€â”€â”€â”€â”€â”€â”€â”€â”€â”€â”€â”€â”€â”€â”€â”€â”€â”€â”€â”€â”€â”€â”€â”€â”€â”€â”€â”€â”€â”€â”€â”€â”€â”€â”€â”€â”€â”€â”€â”€â”€â”€â”€â”€â”€â”€â”€â”€â”€â”€â”€â”€â”€â”€â”€â”€â”€â”€â”
  â”‚ Tests:        3                                                                                â”‚
  â”‚ Passing:      3                                                                                â”‚
  â”‚ Failing:      0                                                                                â”‚
  â”‚ Pending:      0                                                                                â”‚
  â”‚ Skipped:      0                                                                                â”‚
  â”‚ Screenshots:  0                                                                                â”‚
  â”‚ Video:        false                                                                            â”‚
  â”‚ Duration:     0 seconds                                                                        â”‚
  â”‚ Spec Ran:     elements/ElementBrowser.simple.cy.tsx                                            â”‚
  â””â”€â”€â”€â”€â”€â”€â”€â”€â”€â”€â”€â”€â”€â”€â”€â”€â”€â”€â”€â”€â”€â”€â”€â”€â”€â”€â”€â”€â”€â”€â”€â”€â”€â”€â”€â”€â”€â”€â”€â”€â”€â”€â”€â”€â”€â”€â”€â”€â”€â”€â”€â”€â”€â”€â”€â”€â”€â”€â”€â”€â”€â”€â”€â”€â”€â”€â”€â”€â”€â”€â”€â”€â”€â”€â”€â”€â”€â”€â”€â”€â”€â”€â”€â”€â”€â”€â”€â”€â”€â”€â”€â”€â”€â”€â”€â”€â”˜


â”€â”€â”€â”€â”€â”€â”€â”€â”€â”€â”€â”€â”€â”€â”€â”€â”€â”€â”€â”€â”€â”€â”€â”€â”€â”€â”€â”€â”€â”€â”€â”€â”€â”€â”€â”€â”€â”€â”€â”€â”€â”€â”€â”€â”€â”€â”€â”€â”€â”€â”€â”€â”€â”€â”€â”€â”€â”€â”€â”€â”€â”€â”€â”€â”€â”€â”€â”€â”€â”€â”€â”€â”€â”€â”€â”€â”€â”€â”€â”€â”€â”€â”€â”€â”€â”€â”€â”€â”€â”€â”€â”€â”€â”€â”€â”€â”€â”€â”€â”€
                                                                                                    
  Running:  elements/ElementCard.cy.tsx                                                    (4 of 73)
Though the "loose" option was set to "false" in your @babel/preset-env config, it will not be used for @babel/plugin-transform-private-methods since the "loose" mode option was set to "true" for @babel/plugin-transform-class-properties.
The "loose" option must be the same for @babel/plugin-transform-class-properties, @babel/plugin-transform-private-methods and @babel/plugin-transform-private-property-in-object (when they are enabled): you can silence this warning by explicitly adding
	["@babel/plugin-transform-private-methods", { "loose": true }]
to the "plugins" section of your Babel config.

If you already set the same 'loose' mode for these plugins in your config, it's possible that they are enabled multiple times with different options.
You can re-run Babel with the BABEL_SHOW_CONFIG_FOR environment variable to show the loaded configuration:
	npx cross-env BABEL_SHOW_CONFIG_FOR=/Users/jacobuphoff/Desktop/FantasyWritingApp/node_modules/react-native-svg/lib/commonjs/index.js <your build command>
See https://babeljs.io/docs/configuration#print-effective-configs for more info.
Though the "loose" option was set to "false" in your @babel/preset-env config, it will not be used for @babel/plugin-transform-private-property-in-object since the "loose" mode option was set to "true" for @babel/plugin-transform-class-properties.
The "loose" option must be the same for @babel/plugin-transform-class-properties, @babel/plugin-transform-private-methods and @babel/plugin-transform-private-property-in-object (when they are enabled): you can silence this warning by explicitly adding
	["@babel/plugin-transform-private-property-in-object", { "loose": true }]
to the "plugins" section of your Babel config.

If you already set the same 'loose' mode for these plugins in your config, it's possible that they are enabled multiple times with different options.
You can re-run Babel with the BABEL_SHOW_CONFIG_FOR environment variable to show the loaded configuration:
	npx cross-env BABEL_SHOW_CONFIG_FOR=/Users/jacobuphoff/Desktop/FantasyWritingApp/node_modules/react-native-svg/lib/commonjs/index.js <your build command>
See https://babeljs.io/docs/configuration#print-effective-configs for more info.
Though the "loose" option was set to "false" in your @babel/preset-env config, it will not be used for @babel/plugin-transform-private-methods since the "loose" mode option was set to "true" for @babel/plugin-transform-class-properties.
The "loose" option must be the same for @babel/plugin-transform-class-properties, @babel/plugin-transform-private-methods and @babel/plugin-transform-private-property-in-object (when they are enabled): you can silence this warning by explicitly adding
	["@babel/plugin-transform-private-methods", { "loose": true }]
to the "plugins" section of your Babel config.

If you already set the same 'loose' mode for these plugins in your config, it's possible that they are enabled multiple times with different options.
You can re-run Babel with the BABEL_SHOW_CONFIG_FOR environment variable to show the loaded configuration:
	npx cross-env BABEL_SHOW_CONFIG_FOR=/Users/jacobuphoff/Desktop/FantasyWritingApp/node_modules/react-native-svg/lib/commonjs/ReactNativeSVG.web.js <your build command>
See https://babeljs.io/docs/configuration#print-effective-configs for more info.
Though the "loose" option was set to "false" in your @babel/preset-env config, it will not be used for @babel/plugin-transform-private-property-in-object since the "loose" mode option was set to "true" for @babel/plugin-transform-class-properties.
The "loose" option must be the same for @babel/plugin-transform-class-properties, @babel/plugin-transform-private-methods and @babel/plugin-transform-private-property-in-object (when they are enabled): you can silence this warning by explicitly adding
	["@babel/plugin-transform-private-property-in-object", { "loose": true }]
to the "plugins" section of your Babel config.

If you already set the same 'loose' mode for these plugins in your config, it's possible that they are enabled multiple times with different options.
You can re-run Babel with the BABEL_SHOW_CONFIG_FOR environment variable to show the loaded configuration:
	npx cross-env BABEL_SHOW_CONFIG_FOR=/Users/jacobuphoff/Desktop/FantasyWritingApp/node_modules/react-native-svg/lib/commonjs/ReactNativeSVG.web.js <your build command>
See https://babeljs.io/docs/configuration#print-effective-configs for more info.
Though the "loose" option was set to "false" in your @babel/preset-env config, it will not be used for @babel/plugin-transform-private-methods since the "loose" mode option was set to "true" for @babel/plugin-transform-class-properties.
The "loose" option must be the same for @babel/plugin-transform-class-properties, @babel/plugin-transform-private-methods and @babel/plugin-transform-private-property-in-object (when they are enabled): you can silence this warning by explicitly adding
	["@babel/plugin-transform-private-methods", { "loose": true }]
to the "plugins" section of your Babel config.

If you already set the same 'loose' mode for these plugins in your config, it's possible that they are enabled multiple times with different options.
You can re-run Babel with the BABEL_SHOW_CONFIG_FOR environment variable to show the loaded configuration:
	npx cross-env BABEL_SHOW_CONFIG_FOR=/Users/jacobuphoff/Desktop/FantasyWritingApp/node_modules/react-native-svg/lib/commonjs/elements.web.js <your build command>
See https://babeljs.io/docs/configuration#print-effective-configs for more info.
Though the "loose" option was set to "false" in your @babel/preset-env config, it will not be used for @babel/plugin-transform-private-property-in-object since the "loose" mode option was set to "true" for @babel/plugin-transform-class-properties.
The "loose" option must be the same for @babel/plugin-transform-class-properties, @babel/plugin-transform-private-methods and @babel/plugin-transform-private-property-in-object (when they are enabled): you can silence this warning by explicitly adding
	["@babel/plugin-transform-private-property-in-object", { "loose": true }]
to the "plugins" section of your Babel config.

If you already set the same 'loose' mode for these plugins in your config, it's possible that they are enabled multiple times with different options.
You can re-run Babel with the BABEL_SHOW_CONFIG_FOR environment variable to show the loaded configuration:
	npx cross-env BABEL_SHOW_CONFIG_FOR=/Users/jacobuphoff/Desktop/FantasyWritingApp/node_modules/react-native-svg/lib/commonjs/elements.web.js <your build command>
See https://babeljs.io/docs/configuration#print-effective-configs for more info.
Though the "loose" option was set to "false" in your @babel/preset-env config, it will not be used for @babel/plugin-transform-private-methods since the "loose" mode option was set to "true" for @babel/plugin-transform-class-properties.
The "loose" option must be the same for @babel/plugin-transform-class-properties, @babel/plugin-transform-private-methods and @babel/plugin-transform-private-property-in-object (when they are enabled): you can silence this warning by explicitly adding
	["@babel/plugin-transform-private-methods", { "loose": true }]
to the "plugins" section of your Babel config.

If you already set the same 'loose' mode for these plugins in your config, it's possible that they are enabled multiple times with different options.
You can re-run Babel with the BABEL_SHOW_CONFIG_FOR environment variable to show the loaded configuration:
	npx cross-env BABEL_SHOW_CONFIG_FOR=/Users/jacobuphoff/Desktop/FantasyWritingApp/node_modules/react-native-svg/lib/commonjs/lib/extract/types.js <your build command>
See https://babeljs.io/docs/configuration#print-effective-configs for more info.
Though the "loose" option was set to "false" in your @babel/preset-env config, it will not be used for @babel/plugin-transform-private-property-in-object since the "loose" mode option was set to "true" for @babel/plugin-transform-class-properties.
The "loose" option must be the same for @babel/plugin-transform-class-properties, @babel/plugin-transform-private-methods and @babel/plugin-transform-private-property-in-object (when they are enabled): you can silence this warning by explicitly adding
	["@babel/plugin-transform-private-property-in-object", { "loose": true }]
to the "plugins" section of your Babel config.

If you already set the same 'loose' mode for these plugins in your config, it's possible that they are enabled multiple times with different options.
You can re-run Babel with the BABEL_SHOW_CONFIG_FOR environment variable to show the loaded configuration:
	npx cross-env BABEL_SHOW_CONFIG_FOR=/Users/jacobuphoff/Desktop/FantasyWritingApp/node_modules/react-native-svg/lib/commonjs/lib/extract/types.js <your build command>
See https://babeljs.io/docs/configuration#print-effective-configs for more info.
Though the "loose" option was set to "false" in your @babel/preset-env config, it will not be used for @babel/plugin-transform-private-methods since the "loose" mode option was set to "true" for @babel/plugin-transform-class-properties.
The "loose" option must be the same for @babel/plugin-transform-class-properties, @babel/plugin-transform-private-methods and @babel/plugin-transform-private-property-in-object (when they are enabled): you can silence this warning by explicitly adding
	["@babel/plugin-transform-private-methods", { "loose": true }]
to the "plugins" section of your Babel config.

If you already set the same 'loose' mode for these plugins in your config, it's possible that they are enabled multiple times with different options.
You can re-run Babel with the BABEL_SHOW_CONFIG_FOR environment variable to show the loaded configuration:
	npx cross-env BABEL_SHOW_CONFIG_FOR=/Users/jacobuphoff/Desktop/FantasyWritingApp/node_modules/react-native-svg/lib/commonjs/deprecated.js <your build command>
See https://babeljs.io/docs/configuration#print-effective-configs for more info.
Though the "loose" option was set to "false" in your @babel/preset-env config, it will not be used for @babel/plugin-transform-private-property-in-object since the "loose" mode option was set to "true" for @babel/plugin-transform-class-properties.
The "loose" option must be the same for @babel/plugin-transform-class-properties, @babel/plugin-transform-private-methods and @babel/plugin-transform-private-property-in-object (when they are enabled): you can silence this warning by explicitly adding
	["@babel/plugin-transform-private-property-in-object", { "loose": true }]
to the "plugins" section of your Babel config.

If you already set the same 'loose' mode for these plugins in your config, it's possible that they are enabled multiple times with different options.
You can re-run Babel with the BABEL_SHOW_CONFIG_FOR environment variable to show the loaded configuration:
	npx cross-env BABEL_SHOW_CONFIG_FOR=/Users/jacobuphoff/Desktop/FantasyWritingApp/node_modules/react-native-svg/lib/commonjs/deprecated.js <your build command>
See https://babeljs.io/docs/configuration#print-effective-configs for more info.
Though the "loose" option was set to "false" in your @babel/preset-env config, it will not be used for @babel/plugin-transform-private-methods since the "loose" mode option was set to "true" for @babel/plugin-transform-class-properties.
The "loose" option must be the same for @babel/plugin-transform-class-properties, @babel/plugin-transform-private-methods and @babel/plugin-transform-private-property-in-object (when they are enabled): you can silence this warning by explicitly adding
	["@babel/plugin-transform-private-methods", { "loose": true }]
to the "plugins" section of your Babel config.

If you already set the same 'loose' mode for these plugins in your config, it's possible that they are enabled multiple times with different options.
You can re-run Babel with the BABEL_SHOW_CONFIG_FOR environment variable to show the loaded configuration:
	npx cross-env BABEL_SHOW_CONFIG_FOR=/Users/jacobuphoff/Desktop/FantasyWritingApp/node_modules/react-native-svg/lib/commonjs/utils/fetchData.js <your build command>
See https://babeljs.io/docs/configuration#print-effective-configs for more info.
Though the "loose" option was set to "false" in your @babel/preset-env config, it will not be used for @babel/plugin-transform-private-property-in-object since the "loose" mode option was set to "true" for @babel/plugin-transform-class-properties.
The "loose" option must be the same for @babel/plugin-transform-class-properties, @babel/plugin-transform-private-methods and @babel/plugin-transform-private-property-in-object (when they are enabled): you can silence this warning by explicitly adding
	["@babel/plugin-transform-private-property-in-object", { "loose": true }]
to the "plugins" section of your Babel config.

If you already set the same 'loose' mode for these plugins in your config, it's possible that they are enabled multiple times with different options.
You can re-run Babel with the BABEL_SHOW_CONFIG_FOR environment variable to show the loaded configuration:
	npx cross-env BABEL_SHOW_CONFIG_FOR=/Users/jacobuphoff/Desktop/FantasyWritingApp/node_modules/react-native-svg/lib/commonjs/utils/fetchData.js <your build command>
See https://babeljs.io/docs/configuration#print-effective-configs for more info.
Though the "loose" option was set to "false" in your @babel/preset-env config, it will not be used for @babel/plugin-transform-private-methods since the "loose" mode option was set to "true" for @babel/plugin-transform-class-properties.
The "loose" option must be the same for @babel/plugin-transform-class-properties, @babel/plugin-transform-private-methods and @babel/plugin-transform-private-property-in-object (when they are enabled): you can silence this warning by explicitly adding
	["@babel/plugin-transform-private-methods", { "loose": true }]
to the "plugins" section of your Babel config.

If you already set the same 'loose' mode for these plugins in your config, it's possible that they are enabled multiple times with different options.
You can re-run Babel with the BABEL_SHOW_CONFIG_FOR environment variable to show the loaded configuration:
	npx cross-env BABEL_SHOW_CONFIG_FOR=/Users/jacobuphoff/Desktop/FantasyWritingApp/node_modules/react-native-svg/lib/commonjs/xml.js <your build command>
See https://babeljs.io/docs/configuration#print-effective-configs for more info.
Though the "loose" option was set to "false" in your @babel/preset-env config, it will not be used for @babel/plugin-transform-private-property-in-object since the "loose" mode option was set to "true" for @babel/plugin-transform-class-properties.
The "loose" option must be the same for @babel/plugin-transform-class-properties, @babel/plugin-transform-private-methods and @babel/plugin-transform-private-property-in-object (when they are enabled): you can silence this warning by explicitly adding
	["@babel/plugin-transform-private-property-in-object", { "loose": true }]
to the "plugins" section of your Babel config.

If you already set the same 'loose' mode for these plugins in your config, it's possible that they are enabled multiple times with different options.
You can re-run Babel with the BABEL_SHOW_CONFIG_FOR environment variable to show the loaded configuration:
	npx cross-env BABEL_SHOW_CONFIG_FOR=/Users/jacobuphoff/Desktop/FantasyWritingApp/node_modules/react-native-svg/lib/commonjs/xml.js <your build command>
See https://babeljs.io/docs/configuration#print-effective-configs for more info.
Though the "loose" option was set to "false" in your @babel/preset-env config, it will not be used for @babel/plugin-transform-private-methods since the "loose" mode option was set to "true" for @babel/plugin-transform-class-properties.
The "loose" option must be the same for @babel/plugin-transform-class-properties, @babel/plugin-transform-private-methods and @babel/plugin-transform-private-property-in-object (when they are enabled): you can silence this warning by explicitly adding
	["@babel/plugin-transform-private-methods", { "loose": true }]
to the "plugins" section of your Babel config.

If you already set the same 'loose' mode for these plugins in your config, it's possible that they are enabled multiple times with different options.
You can re-run Babel with the BABEL_SHOW_CONFIG_FOR environment variable to show the loaded configuration:
	npx cross-env BABEL_SHOW_CONFIG_FOR=/Users/jacobuphoff/Desktop/FantasyWritingApp/node_modules/react-native-svg/lib/commonjs/web/WebShape.js <your build command>
See https://babeljs.io/docs/configuration#print-effective-configs for more info.
Though the "loose" option was set to "false" in your @babel/preset-env config, it will not be used for @babel/plugin-transform-private-property-in-object since the "loose" mode option was set to "true" for @babel/plugin-transform-class-properties.
The "loose" option must be the same for @babel/plugin-transform-class-properties, @babel/plugin-transform-private-methods and @babel/plugin-transform-private-property-in-object (when they are enabled): you can silence this warning by explicitly adding
	["@babel/plugin-transform-private-property-in-object", { "loose": true }]
to the "plugins" section of your Babel config.

If you already set the same 'loose' mode for these plugins in your config, it's possible that they are enabled multiple times with different options.
You can re-run Babel with the BABEL_SHOW_CONFIG_FOR environment variable to show the loaded configuration:
	npx cross-env BABEL_SHOW_CONFIG_FOR=/Users/jacobuphoff/Desktop/FantasyWritingApp/node_modules/react-native-svg/lib/commonjs/web/WebShape.js <your build command>
See https://babeljs.io/docs/configuration#print-effective-configs for more info.
Though the "loose" option was set to "false" in your @babel/preset-env config, it will not be used for @babel/plugin-transform-private-methods since the "loose" mode option was set to "true" for @babel/plugin-transform-class-properties.
The "loose" option must be the same for @babel/plugin-transform-class-properties, @babel/plugin-transform-private-methods and @babel/plugin-transform-private-property-in-object (when they are enabled): you can silence this warning by explicitly adding
	["@babel/plugin-transform-private-methods", { "loose": true }]
to the "plugins" section of your Babel config.

If you already set the same 'loose' mode for these plugins in your config, it's possible that they are enabled multiple times with different options.
You can re-run Babel with the BABEL_SHOW_CONFIG_FOR environment variable to show the loaded configuration:
	npx cross-env BABEL_SHOW_CONFIG_FOR=/Users/jacobuphoff/Desktop/FantasyWritingApp/node_modules/react-native-svg/lib/commonjs/xmlTags.js <your build command>
See https://babeljs.io/docs/configuration#print-effective-configs for more info.
Though the "loose" option was set to "false" in your @babel/preset-env config, it will not be used for @babel/plugin-transform-private-property-in-object since the "loose" mode option was set to "true" for @babel/plugin-transform-class-properties.
The "loose" option must be the same for @babel/plugin-transform-class-properties, @babel/plugin-transform-private-methods and @babel/plugin-transform-private-property-in-object (when they are enabled): you can silence this warning by explicitly adding
	["@babel/plugin-transform-private-property-in-object", { "loose": true }]
to the "plugins" section of your Babel config.

If you already set the same 'loose' mode for these plugins in your config, it's possible that they are enabled multiple times with different options.
You can re-run Babel with the BABEL_SHOW_CONFIG_FOR environment variable to show the loaded configuration:
	npx cross-env BABEL_SHOW_CONFIG_FOR=/Users/jacobuphoff/Desktop/FantasyWritingApp/node_modules/react-native-svg/lib/commonjs/xmlTags.js <your build command>
See https://babeljs.io/docs/configuration#print-effective-configs for more info.
Though the "loose" option was set to "false" in your @babel/preset-env config, it will not be used for @babel/plugin-transform-private-methods since the "loose" mode option was set to "true" for @babel/plugin-transform-class-properties.
The "loose" option must be the same for @babel/plugin-transform-class-properties, @babel/plugin-transform-private-methods and @babel/plugin-transform-private-property-in-object (when they are enabled): you can silence this warning by explicitly adding
	["@babel/plugin-transform-private-methods", { "loose": true }]
to the "plugins" section of your Babel config.

If you already set the same 'loose' mode for these plugins in your config, it's possible that they are enabled multiple times with different options.
You can re-run Babel with the BABEL_SHOW_CONFIG_FOR environment variable to show the loaded configuration:
	npx cross-env BABEL_SHOW_CONFIG_FOR=/Users/jacobuphoff/Desktop/FantasyWritingApp/node_modules/react-native-svg/lib/commonjs/web/utils/index.js <your build command>
See https://babeljs.io/docs/configuration#print-effective-configs for more info.
Though the "loose" option was set to "false" in your @babel/preset-env config, it will not be used for @babel/plugin-transform-private-property-in-object since the "loose" mode option was set to "true" for @babel/plugin-transform-class-properties.
The "loose" option must be the same for @babel/plugin-transform-class-properties, @babel/plugin-transform-private-methods and @babel/plugin-transform-private-property-in-object (when they are enabled): you can silence this warning by explicitly adding
	["@babel/plugin-transform-private-property-in-object", { "loose": true }]
to the "plugins" section of your Babel config.

If you already set the same 'loose' mode for these plugins in your config, it's possible that they are enabled multiple times with different options.
You can re-run Babel with the BABEL_SHOW_CONFIG_FOR environment variable to show the loaded configuration:
	npx cross-env BABEL_SHOW_CONFIG_FOR=/Users/jacobuphoff/Desktop/FantasyWritingApp/node_modules/react-native-svg/lib/commonjs/web/utils/index.js <your build command>
See https://babeljs.io/docs/configuration#print-effective-configs for more info.
Though the "loose" option was set to "false" in your @babel/preset-env config, it will not be used for @babel/plugin-transform-private-methods since the "loose" mode option was set to "true" for @babel/plugin-transform-class-properties.
The "loose" option must be the same for @babel/plugin-transform-class-properties, @babel/plugin-transform-private-methods and @babel/plugin-transform-private-property-in-object (when they are enabled): you can silence this warning by explicitly adding
	["@babel/plugin-transform-private-methods", { "loose": true }]
to the "plugins" section of your Babel config.

If you already set the same 'loose' mode for these plugins in your config, it's possible that they are enabled multiple times with different options.
You can re-run Babel with the BABEL_SHOW_CONFIG_FOR environment variable to show the loaded configuration:
	npx cross-env BABEL_SHOW_CONFIG_FOR=/Users/jacobuphoff/Desktop/FantasyWritingApp/node_modules/react-native-svg/lib/commonjs/lib/SvgTouchableMixin.js <your build command>
See https://babeljs.io/docs/configuration#print-effective-configs for more info.
Though the "loose" option was set to "false" in your @babel/preset-env config, it will not be used for @babel/plugin-transform-private-property-in-object since the "loose" mode option was set to "true" for @babel/plugin-transform-class-properties.
The "loose" option must be the same for @babel/plugin-transform-class-properties, @babel/plugin-transform-private-methods and @babel/plugin-transform-private-property-in-object (when they are enabled): you can silence this warning by explicitly adding
	["@babel/plugin-transform-private-property-in-object", { "loose": true }]
to the "plugins" section of your Babel config.

If you already set the same 'loose' mode for these plugins in your config, it's possible that they are enabled multiple times with different options.
You can re-run Babel with the BABEL_SHOW_CONFIG_FOR environment variable to show the loaded configuration:
	npx cross-env BABEL_SHOW_CONFIG_FOR=/Users/jacobuphoff/Desktop/FantasyWritingApp/node_modules/react-native-svg/lib/commonjs/lib/SvgTouchableMixin.js <your build command>
See https://babeljs.io/docs/configuration#print-effective-configs for more info.
Though the "loose" option was set to "false" in your @babel/preset-env config, it will not be used for @babel/plugin-transform-private-methods since the "loose" mode option was set to "true" for @babel/plugin-transform-class-properties.
The "loose" option must be the same for @babel/plugin-transform-class-properties, @babel/plugin-transform-private-methods and @babel/plugin-transform-private-property-in-object (when they are enabled): you can silence this warning by explicitly adding
	["@babel/plugin-transform-private-methods", { "loose": true }]
to the "plugins" section of your Babel config.

If you already set the same 'loose' mode for these plugins in your config, it's possible that they are enabled multiple times with different options.
You can re-run Babel with the BABEL_SHOW_CONFIG_FOR environment variable to show the loaded configuration:
	npx cross-env BABEL_SHOW_CONFIG_FOR=/Users/jacobuphoff/Desktop/FantasyWritingApp/node_modules/react-native-svg/lib/commonjs/web/utils/convertInt32Color.js <your build command>
See https://babeljs.io/docs/configuration#print-effective-configs for more info.
Though the "loose" option was set to "false" in your @babel/preset-env config, it will not be used for @babel/plugin-transform-private-property-in-object since the "loose" mode option was set to "true" for @babel/plugin-transform-class-properties.
The "loose" option must be the same for @babel/plugin-transform-class-properties, @babel/plugin-transform-private-methods and @babel/plugin-transform-private-property-in-object (when they are enabled): you can silence this warning by explicitly adding
	["@babel/plugin-transform-private-property-in-object", { "loose": true }]
to the "plugins" section of your Babel config.

If you already set the same 'loose' mode for these plugins in your config, it's possible that they are enabled multiple times with different options.
You can re-run Babel with the BABEL_SHOW_CONFIG_FOR environment variable to show the loaded configuration:
	npx cross-env BABEL_SHOW_CONFIG_FOR=/Users/jacobuphoff/Desktop/FantasyWritingApp/node_modules/react-native-svg/lib/commonjs/web/utils/convertInt32Color.js <your build command>
See https://babeljs.io/docs/configuration#print-effective-configs for more info.
Though the "loose" option was set to "false" in your @babel/preset-env config, it will not be used for @babel/plugin-transform-private-methods since the "loose" mode option was set to "true" for @babel/plugin-transform-class-properties.
The "loose" option must be the same for @babel/plugin-transform-class-properties, @babel/plugin-transform-private-methods and @babel/plugin-transform-private-property-in-object (when they are enabled): you can silence this warning by explicitly adding
	["@babel/plugin-transform-private-methods", { "loose": true }]
to the "plugins" section of your Babel config.

If you already set the same 'loose' mode for these plugins in your config, it's possible that they are enabled multiple times with different options.
You can re-run Babel with the BABEL_SHOW_CONFIG_FOR environment variable to show the loaded configuration:
	npx cross-env BABEL_SHOW_CONFIG_FOR=/Users/jacobuphoff/Desktop/FantasyWritingApp/node_modules/react-native-svg/lib/commonjs/web/utils/prepare.js <your build command>
See https://babeljs.io/docs/configuration#print-effective-configs for more info.
Though the "loose" option was set to "false" in your @babel/preset-env config, it will not be used for @babel/plugin-transform-private-property-in-object since the "loose" mode option was set to "true" for @babel/plugin-transform-class-properties.
The "loose" option must be the same for @babel/plugin-transform-class-properties, @babel/plugin-transform-private-methods and @babel/plugin-transform-private-property-in-object (when they are enabled): you can silence this warning by explicitly adding
	["@babel/plugin-transform-private-property-in-object", { "loose": true }]
to the "plugins" section of your Babel config.

If you already set the same 'loose' mode for these plugins in your config, it's possible that they are enabled multiple times with different options.
You can re-run Babel with the BABEL_SHOW_CONFIG_FOR environment variable to show the loaded configuration:
	npx cross-env BABEL_SHOW_CONFIG_FOR=/Users/jacobuphoff/Desktop/FantasyWritingApp/node_modules/react-native-svg/lib/commonjs/web/utils/prepare.js <your build command>
See https://babeljs.io/docs/configuration#print-effective-configs for more info.
Though the "loose" option was set to "false" in your @babel/preset-env config, it will not be used for @babel/plugin-transform-private-methods since the "loose" mode option was set to "true" for @babel/plugin-transform-class-properties.
The "loose" option must be the same for @babel/plugin-transform-class-properties, @babel/plugin-transform-private-methods and @babel/plugin-transform-private-property-in-object (when they are enabled): you can silence this warning by explicitly adding
	["@babel/plugin-transform-private-methods", { "loose": true }]
to the "plugins" section of your Babel config.

If you already set the same 'loose' mode for these plugins in your config, it's possible that they are enabled multiple times with different options.
You can re-run Babel with the BABEL_SHOW_CONFIG_FOR environment variable to show the loaded configuration:
	npx cross-env BABEL_SHOW_CONFIG_FOR=/Users/jacobuphoff/Desktop/FantasyWritingApp/node_modules/react-native-svg/lib/commonjs/web/utils/hasProperty.js <your build command>
See https://babeljs.io/docs/configuration#print-effective-configs for more info.
Though the "loose" option was set to "false" in your @babel/preset-env config, it will not be used for @babel/plugin-transform-private-property-in-object since the "loose" mode option was set to "true" for @babel/plugin-transform-class-properties.
The "loose" option must be the same for @babel/plugin-transform-class-properties, @babel/plugin-transform-private-methods and @babel/plugin-transform-private-property-in-object (when they are enabled): you can silence this warning by explicitly adding
	["@babel/plugin-transform-private-property-in-object", { "loose": true }]
to the "plugins" section of your Babel config.

If you already set the same 'loose' mode for these plugins in your config, it's possible that they are enabled multiple times with different options.
You can re-run Babel with the BABEL_SHOW_CONFIG_FOR environment variable to show the loaded configuration:
	npx cross-env BABEL_SHOW_CONFIG_FOR=/Users/jacobuphoff/Desktop/FantasyWritingApp/node_modules/react-native-svg/lib/commonjs/web/utils/hasProperty.js <your build command>
See https://babeljs.io/docs/configuration#print-effective-configs for more info.
Though the "loose" option was set to "false" in your @babel/preset-env config, it will not be used for @babel/plugin-transform-private-methods since the "loose" mode option was set to "true" for @babel/plugin-transform-class-properties.
The "loose" option must be the same for @babel/plugin-transform-class-properties, @babel/plugin-transform-private-methods and @babel/plugin-transform-private-property-in-object (when they are enabled): you can silence this warning by explicitly adding
	["@babel/plugin-transform-private-methods", { "loose": true }]
to the "plugins" section of your Babel config.

If you already set the same 'loose' mode for these plugins in your config, it's possible that they are enabled multiple times with different options.
You can re-run Babel with the BABEL_SHOW_CONFIG_FOR environment variable to show the loaded configuration:
	npx cross-env BABEL_SHOW_CONFIG_FOR=/Users/jacobuphoff/Desktop/FantasyWritingApp/node_modules/react-native-svg/lib/commonjs/lib/resolveAssetUri.js <your build command>
See https://babeljs.io/docs/configuration#print-effective-configs for more info.
Though the "loose" option was set to "false" in your @babel/preset-env config, it will not be used for @babel/plugin-transform-private-property-in-object since the "loose" mode option was set to "true" for @babel/plugin-transform-class-properties.
The "loose" option must be the same for @babel/plugin-transform-class-properties, @babel/plugin-transform-private-methods and @babel/plugin-transform-private-property-in-object (when they are enabled): you can silence this warning by explicitly adding
	["@babel/plugin-transform-private-property-in-object", { "loose": true }]
to the "plugins" section of your Babel config.

If you already set the same 'loose' mode for these plugins in your config, it's possible that they are enabled multiple times with different options.
You can re-run Babel with the BABEL_SHOW_CONFIG_FOR environment variable to show the loaded configuration:
	npx cross-env BABEL_SHOW_CONFIG_FOR=/Users/jacobuphoff/Desktop/FantasyWritingApp/node_modules/react-native-svg/lib/commonjs/lib/resolveAssetUri.js <your build command>
See https://babeljs.io/docs/configuration#print-effective-configs for more info.
Though the "loose" option was set to "false" in your @babel/preset-env config, it will not be used for @babel/plugin-transform-private-methods since the "loose" mode option was set to "true" for @babel/plugin-transform-class-properties.
The "loose" option must be the same for @babel/plugin-transform-class-properties, @babel/plugin-transform-private-methods and @babel/plugin-transform-private-property-in-object (when they are enabled): you can silence this warning by explicitly adding
	["@babel/plugin-transform-private-methods", { "loose": true }]
to the "plugins" section of your Babel config.

If you already set the same 'loose' mode for these plugins in your config, it's possible that they are enabled multiple times with different options.
You can re-run Babel with the BABEL_SHOW_CONFIG_FOR environment variable to show the loaded configuration:
	npx cross-env BABEL_SHOW_CONFIG_FOR=/Users/jacobuphoff/Desktop/FantasyWritingApp/node_modules/react-native-svg/lib/commonjs/web/utils/parseTransform.js <your build command>
See https://babeljs.io/docs/configuration#print-effective-configs for more info.
Though the "loose" option was set to "false" in your @babel/preset-env config, it will not be used for @babel/plugin-transform-private-property-in-object since the "loose" mode option was set to "true" for @babel/plugin-transform-class-properties.
The "loose" option must be the same for @babel/plugin-transform-class-properties, @babel/plugin-transform-private-methods and @babel/plugin-transform-private-property-in-object (when they are enabled): you can silence this warning by explicitly adding
	["@babel/plugin-transform-private-property-in-object", { "loose": true }]
to the "plugins" section of your Babel config.

If you already set the same 'loose' mode for these plugins in your config, it's possible that they are enabled multiple times with different options.
You can re-run Babel with the BABEL_SHOW_CONFIG_FOR environment variable to show the loaded configuration:
	npx cross-env BABEL_SHOW_CONFIG_FOR=/Users/jacobuphoff/Desktop/FantasyWritingApp/node_modules/react-native-svg/lib/commonjs/web/utils/parseTransform.js <your build command>
See https://babeljs.io/docs/configuration#print-effective-configs for more info.
Though the "loose" option was set to "false" in your @babel/preset-env config, it will not be used for @babel/plugin-transform-private-methods since the "loose" mode option was set to "true" for @babel/plugin-transform-class-properties.
The "loose" option must be the same for @babel/plugin-transform-class-properties, @babel/plugin-transform-private-methods and @babel/plugin-transform-private-property-in-object (when they are enabled): you can silence this warning by explicitly adding
	["@babel/plugin-transform-private-methods", { "loose": true }]
to the "plugins" section of your Babel config.

If you already set the same 'loose' mode for these plugins in your config, it's possible that they are enabled multiple times with different options.
You can re-run Babel with the BABEL_SHOW_CONFIG_FOR environment variable to show the loaded configuration:
	npx cross-env BABEL_SHOW_CONFIG_FOR=/Users/jacobuphoff/Desktop/FantasyWritingApp/node_modules/react-native-svg/lib/commonjs/lib/resolve.js <your build command>
See https://babeljs.io/docs/configuration#print-effective-configs for more info.
Though the "loose" option was set to "false" in your @babel/preset-env config, it will not be used for @babel/plugin-transform-private-property-in-object since the "loose" mode option was set to "true" for @babel/plugin-transform-class-properties.
The "loose" option must be the same for @babel/plugin-transform-class-properties, @babel/plugin-transform-private-methods and @babel/plugin-transform-private-property-in-object (when they are enabled): you can silence this warning by explicitly adding
	["@babel/plugin-transform-private-property-in-object", { "loose": true }]
to the "plugins" section of your Babel config.

If you already set the same 'loose' mode for these plugins in your config, it's possible that they are enabled multiple times with different options.
You can re-run Babel with the BABEL_SHOW_CONFIG_FOR environment variable to show the loaded configuration:
	npx cross-env BABEL_SHOW_CONFIG_FOR=/Users/jacobuphoff/Desktop/FantasyWritingApp/node_modules/react-native-svg/lib/commonjs/lib/resolve.js <your build command>
See https://babeljs.io/docs/configuration#print-effective-configs for more info.
Though the "loose" option was set to "false" in your @babel/preset-env config, it will not be used for @babel/plugin-transform-private-methods since the "loose" mode option was set to "true" for @babel/plugin-transform-class-properties.
The "loose" option must be the same for @babel/plugin-transform-class-properties, @babel/plugin-transform-private-methods and @babel/plugin-transform-private-property-in-object (when they are enabled): you can silence this warning by explicitly adding
	["@babel/plugin-transform-private-methods", { "loose": true }]
to the "plugins" section of your Babel config.

If you already set the same 'loose' mode for these plugins in your config, it's possible that they are enabled multiple times with different options.
You can re-run Babel with the BABEL_SHOW_CONFIG_FOR environment variable to show the loaded configuration:
	npx cross-env BABEL_SHOW_CONFIG_FOR=/Users/jacobuphoff/Desktop/FantasyWritingApp/node_modules/react-native-svg/lib/commonjs/lib/extract/extractTransform.js <your build command>
See https://babeljs.io/docs/configuration#print-effective-configs for more info.
Though the "loose" option was set to "false" in your @babel/preset-env config, it will not be used for @babel/plugin-transform-private-property-in-object since the "loose" mode option was set to "true" for @babel/plugin-transform-class-properties.
The "loose" option must be the same for @babel/plugin-transform-class-properties, @babel/plugin-transform-private-methods and @babel/plugin-transform-private-property-in-object (when they are enabled): you can silence this warning by explicitly adding
	["@babel/plugin-transform-private-property-in-object", { "loose": true }]
to the "plugins" section of your Babel config.

If you already set the same 'loose' mode for these plugins in your config, it's possible that they are enabled multiple times with different options.
You can re-run Babel with the BABEL_SHOW_CONFIG_FOR environment variable to show the loaded configuration:
	npx cross-env BABEL_SHOW_CONFIG_FOR=/Users/jacobuphoff/Desktop/FantasyWritingApp/node_modules/react-native-svg/lib/commonjs/lib/extract/extractTransform.js <your build command>
See https://babeljs.io/docs/configuration#print-effective-configs for more info.
Though the "loose" option was set to "false" in your @babel/preset-env config, it will not be used for @babel/plugin-transform-private-methods since the "loose" mode option was set to "true" for @babel/plugin-transform-class-properties.
The "loose" option must be the same for @babel/plugin-transform-class-properties, @babel/plugin-transform-private-methods and @babel/plugin-transform-private-property-in-object (when they are enabled): you can silence this warning by explicitly adding
	["@babel/plugin-transform-private-methods", { "loose": true }]
to the "plugins" section of your Babel config.

If you already set the same 'loose' mode for these plugins in your config, it's possible that they are enabled multiple times with different options.
You can re-run Babel with the BABEL_SHOW_CONFIG_FOR environment variable to show the loaded configuration:
	npx cross-env BABEL_SHOW_CONFIG_FOR=/Users/jacobuphoff/Desktop/FantasyWritingApp/node_modules/react-native-svg/lib/commonjs/lib/Matrix2D.js <your build command>
See https://babeljs.io/docs/configuration#print-effective-configs for more info.
Though the "loose" option was set to "false" in your @babel/preset-env config, it will not be used for @babel/plugin-transform-private-property-in-object since the "loose" mode option was set to "true" for @babel/plugin-transform-class-properties.
The "loose" option must be the same for @babel/plugin-transform-class-properties, @babel/plugin-transform-private-methods and @babel/plugin-transform-private-property-in-object (when they are enabled): you can silence this warning by explicitly adding
	["@babel/plugin-transform-private-property-in-object", { "loose": true }]
to the "plugins" section of your Babel config.

If you already set the same 'loose' mode for these plugins in your config, it's possible that they are enabled multiple times with different options.
You can re-run Babel with the BABEL_SHOW_CONFIG_FOR environment variable to show the loaded configuration:
	npx cross-env BABEL_SHOW_CONFIG_FOR=/Users/jacobuphoff/Desktop/FantasyWritingApp/node_modules/react-native-svg/lib/commonjs/lib/Matrix2D.js <your build command>
See https://babeljs.io/docs/configuration#print-effective-configs for more info.
Though the "loose" option was set to "false" in your @babel/preset-env config, it will not be used for @babel/plugin-transform-private-methods since the "loose" mode option was set to "true" for @babel/plugin-transform-class-properties.
The "loose" option must be the same for @babel/plugin-transform-class-properties, @babel/plugin-transform-private-methods and @babel/plugin-transform-private-property-in-object (when they are enabled): you can silence this warning by explicitly adding
	["@babel/plugin-transform-private-methods", { "loose": true }]
to the "plugins" section of your Babel config.

If you already set the same 'loose' mode for these plugins in your config, it's possible that they are enabled multiple times with different options.
You can re-run Babel with the BABEL_SHOW_CONFIG_FOR environment variable to show the loaded configuration:
	npx cross-env BABEL_SHOW_CONFIG_FOR=/Users/jacobuphoff/Desktop/FantasyWritingApp/node_modules/react-native-svg/lib/commonjs/lib/extract/transform.js <your build command>
See https://babeljs.io/docs/configuration#print-effective-configs for more info.
Though the "loose" option was set to "false" in your @babel/preset-env config, it will not be used for @babel/plugin-transform-private-property-in-object since the "loose" mode option was set to "true" for @babel/plugin-transform-class-properties.
The "loose" option must be the same for @babel/plugin-transform-class-properties, @babel/plugin-transform-private-methods and @babel/plugin-transform-private-property-in-object (when they are enabled): you can silence this warning by explicitly adding
	["@babel/plugin-transform-private-property-in-object", { "loose": true }]
to the "plugins" section of your Babel config.

If you already set the same 'loose' mode for these plugins in your config, it's possible that they are enabled multiple times with different options.
You can re-run Babel with the BABEL_SHOW_CONFIG_FOR environment variable to show the loaded configuration:
	npx cross-env BABEL_SHOW_CONFIG_FOR=/Users/jacobuphoff/Desktop/FantasyWritingApp/node_modules/react-native-svg/lib/commonjs/lib/extract/transform.js <your build command>
See https://babeljs.io/docs/configuration#print-effective-configs for more info.
Though the "loose" option was set to "false" in your @babel/preset-env config, it will not be used for @babel/plugin-transform-private-methods since the "loose" mode option was set to "true" for @babel/plugin-transform-class-properties.
The "loose" option must be the same for @babel/plugin-transform-class-properties, @babel/plugin-transform-private-methods and @babel/plugin-transform-private-property-in-object (when they are enabled): you can silence this warning by explicitly adding
	["@babel/plugin-transform-private-methods", { "loose": true }]
to the "plugins" section of your Babel config.

If you already set the same 'loose' mode for these plugins in your config, it's possible that they are enabled multiple times with different options.
You can re-run Babel with the BABEL_SHOW_CONFIG_FOR environment variable to show the loaded configuration:
	npx cross-env BABEL_SHOW_CONFIG_FOR=/Users/jacobuphoff/Desktop/FantasyWritingApp/node_modules/react-native-svg/lib/commonjs/lib/extract/transformToRn.js <your build command>
See https://babeljs.io/docs/configuration#print-effective-configs for more info.
Though the "loose" option was set to "false" in your @babel/preset-env config, it will not be used for @babel/plugin-transform-private-property-in-object since the "loose" mode option was set to "true" for @babel/plugin-transform-class-properties.
The "loose" option must be the same for @babel/plugin-transform-class-properties, @babel/plugin-transform-private-methods and @babel/plugin-transform-private-property-in-object (when they are enabled): you can silence this warning by explicitly adding
	["@babel/plugin-transform-private-property-in-object", { "loose": true }]
to the "plugins" section of your Babel config.

If you already set the same 'loose' mode for these plugins in your config, it's possible that they are enabled multiple times with different options.
You can re-run Babel with the BABEL_SHOW_CONFIG_FOR environment variable to show the loaded configuration:
	npx cross-env BABEL_SHOW_CONFIG_FOR=/Users/jacobuphoff/Desktop/FantasyWritingApp/node_modules/react-native-svg/lib/commonjs/lib/extract/transformToRn.js <your build command>
See https://babeljs.io/docs/configuration#print-effective-configs for more info.
14 assets
665 modules
webpack 5.101.3 compiled [1m[32msuccessfully[39m[22m in 2359 ms


  ElementCard Component
Factory reset called
[2025-09-23T18:16:12.178Z] Test started: should render correctly with element data
Browser: Mozilla/5.0 (Macintosh; Intel Mac OS X 10_15_7) AppleWebKit/537.36 (KHTML, like Gecko) Cypress/14.5.4 Chrome/130.0.6723.137 Electron/33.2.1 Safari/537.36
Viewport: 1280x720
URL: http://localhost:3003/__cypress/iframes/index.html?specPath=/Users/jacobuphoff/Desktop/FantasyWritingApp/cypress/component/elements/ElementCard.cy.tsx
State cleaned - localStorage, sessionStorage, cookies, and IndexedDB cleared
    (Attempt 1 of 3) should render correctly with element data
[TEST FAILURE] Timed out retrying after 10000ms: Expected to find element: `[data-cy="element-card"], [data-testid="element-card"]`, but never found it.
[STACK TRACE] AssertionError: Timed out retrying after 10000ms: Expected to find element: `[data-cy="element-card"], [data-testid="element-card"]`, but never found it.
    at Context.<anonymous> (webpack://FantasyWritingApp/./cypress/component/elements/ElementCard.cy.tsx:76:39)
Screenshot taken: failed-should-render-correctly-with-element-data-1758651382427
Failed at URL: http://localhost:3003/__cypress/iframes/index.html?specPath=/Users/jacobuphoff/Desktop/FantasyWritingApp/cypress/component/elements/ElementCard.cy.tsx
Page title: FantasyWritingApp Component Tests
Visible page text (first 1000 chars): 
    ğŸ‘¤Test Charactercharacter â€¢ general0%A brave warrior from the northern kingdomsğŸš€Progressing1 connections
  

Found 4 testable elements: [{"data-cy":"element-card-test-element-1","data-testid":"element-card-test-element-1","tagName":"DIV","text":"ğŸ‘¤Test Charactercharacter â€¢ general0%A brave warri"},{"data-cy":null,"data-testid":"progress-ring","tagName":"DIV","text":"0%"},{"data-cy":null,"data-testid":"progress-ring-progress-circle","tagName":"circle","text":""},{"data-cy":null,"data-testid":"progress-ring-percentage","tagName":"DIV","text":"0%"}]
[CONSOLE ERROR] Received NaN for the `%s` attribute. If this is expected, cast the value to a string. cx
[CONSOLE ERROR] Received NaN for the `%s` attribute. If this is expected, cast the value to a string. cy
[CONSOLE ERROR] Received NaN for the `%s` attribute. If this is expected, cast the value to a string. r
[CONSOLE ERROR] Received NaN for the `%s` attribute. If this is expected, cast the value to a string. strokeDashoffset
[CONSOLE ERROR] Received `%s` for a non-boolean attribute `%s`.

If you want to write it to the DOM, pass a string instead: %s="%s" or %s={value.toString()}.

If you used to conditionally omit it with %s={condition && value}, pass %s={condition ? value : undefined} instead. false collapsable collapsable false collapsable collapsable collapsable
[CONSOLE ERROR] Invalid DOM property `%s`. Did you mean `%s`? transform-origin transformOrigin
[CONSOLE ERROR] React does not recognize the `%s` prop on a DOM element. If you intentionally want it to appear in the DOM as a custom attribute, spell it as lowercase `%s` instead. If you accidentally passed it from a parent component, remove it from the DOM element. testID testid
[CONSOLE ERROR] React does not recognize the `%s` prop on a DOM element. If you intentionally want it to appear in the DOM as a custom attribute, spell it as lowercase `%s` instead. If you accidentally passed it from a parent component, remove it from the DOM element. accessibilityTestID accessibilitytestid
[CONSOLE ERROR] Received `%s` for a non-boolean attribute `%s`.

If you want to write it to the DOM, pass a string instead: %s="%s" or %s={value.toString()}. true accessible accessible true accessible
[CONSOLE ERROR] Expected `%s` listener to be a function, instead got a value of `%s` type. onClick object
Factory reset called
[2025-09-23T18:16:24.846Z] Test started: should render correctly with element data
Browser: Mozilla/5.0 (Macintosh; Intel Mac OS X 10_15_7) AppleWebKit/537.36 (KHTML, like Gecko) Cypress/14.5.4 Chrome/130.0.6723.137 Electron/33.2.1 Safari/537.36
Viewport: 375x812
URL: http://localhost:3003/__cypress/iframes/index.html?specPath=/Users/jacobuphoff/Desktop/FantasyWritingApp/cypress/component/elements/ElementCard.cy.tsx
State cleaned - localStorage, sessionStorage, cookies, and IndexedDB cleared
    (Attempt 2 of 3) should render correctly with element data
[TEST FAILURE] Timed out retrying after 10000ms: Expected to find element: `[data-cy="element-card"], [data-testid="element-card"]`, but never found it.
[STACK TRACE] AssertionError: Timed out retrying after 10000ms: Expected to find element: `[data-cy="element-card"], [data-testid="element-card"]`, but never found it.
    at Context.<anonymous> (webpack://FantasyWritingApp/./cypress/component/elements/ElementCard.cy.tsx:76:39)
Screenshot taken: failed-should-render-correctly-with-element-data-1758651395134
Failed at URL: http://localhost:3003/__cypress/iframes/index.html?specPath=/Users/jacobuphoff/Desktop/FantasyWritingApp/cypress/component/elements/ElementCard.cy.tsx
Page title: FantasyWritingApp Component Tests
Visible page text (first 1000 chars): 
    ğŸ‘¤Test Charactercharacter â€¢ general0%A brave warrior from the northern kingdomsğŸš€Progressing1 connections
  

Found 4 testable elements: [{"data-cy":"element-card-test-element-1","data-testid":"element-card-test-element-1","tagName":"DIV","text":"ğŸ‘¤Test Charactercharacter â€¢ general0%A brave warri"},{"data-cy":null,"data-testid":"progress-ring","tagName":"DIV","text":"0%"},{"data-cy":null,"data-testid":"progress-ring-progress-circle","tagName":"circle","text":""},{"data-cy":null,"data-testid":"progress-ring-percentage","tagName":"DIV","text":"0%"}]
[CONSOLE ERROR] Received NaN for the `%s` attribute. If this is expected, cast the value to a string. cx
[CONSOLE ERROR] Received NaN for the `%s` attribute. If this is expected, cast the value to a string. cy
[CONSOLE ERROR] Received NaN for the `%s` attribute. If this is expected, cast the value to a string. r
[CONSOLE ERROR] Received NaN for the `%s` attribute. If this is expected, cast the value to a string. strokeDashoffset
[CONSOLE ERROR] Received `%s` for a non-boolean attribute `%s`.

If you want to write it to the DOM, pass a string instead: %s="%s" or %s={value.toString()}.

If you used to conditionally omit it with %s={condition && value}, pass %s={condition ? value : undefined} instead. false collapsable collapsable false collapsable collapsable collapsable
[CONSOLE ERROR] Invalid DOM property `%s`. Did you mean `%s`? transform-origin transformOrigin
[CONSOLE ERROR] React does not recognize the `%s` prop on a DOM element. If you intentionally want it to appear in the DOM as a custom attribute, spell it as lowercase `%s` instead. If you accidentally passed it from a parent component, remove it from the DOM element. testID testid
[CONSOLE ERROR] React does not recognize the `%s` prop on a DOM element. If you intentionally want it to appear in the DOM as a custom attribute, spell it as lowercase `%s` instead. If you accidentally passed it from a parent component, remove it from the DOM element. accessibilityTestID accessibilitytestid
[CONSOLE ERROR] Received `%s` for a non-boolean attribute `%s`.

If you want to write it to the DOM, pass a string instead: %s="%s" or %s={value.toString()}. true accessible accessible true accessible
[CONSOLE ERROR] Expected `%s` listener to be a function, instead got a value of `%s` type. onClick object
[CONSOLE ERROR] Expected `%s` listener to be a function, instead got a value of `%s` type. onClick object
[CONSOLE ERROR] Expected `%s` listener to be a function, instead got a value of `%s` type. onClick object
Factory reset called
[2025-09-23T18:16:35.969Z] Test started: should render correctly with element data
Browser: Mozilla/5.0 (Macintosh; Intel Mac OS X 10_15_7) AppleWebKit/537.36 (KHTML, like Gecko) Cypress/14.5.4 Chrome/130.0.6723.137 Electron/33.2.1 Safari/537.36
Viewport: 375x812
URL: http://localhost:3003/__cypress/iframes/index.html?specPath=/Users/jacobuphoff/Desktop/FantasyWritingApp/cypress/component/elements/ElementCard.cy.tsx
State cleaned - localStorage, sessionStorage, cookies, and IndexedDB cleared
    1) should render correctly with element data
[TEST FAILURE] Timed out retrying after 10000ms: Expected to find element: `[data-cy="element-card"], [data-testid="element-card"]`, but never found it.
[STACK TRACE] AssertionError: Timed out retrying after 10000ms: Expected to find element: `[data-cy="element-card"], [data-testid="element-card"]`, but never found it.
    at Context.<anonymous> (webpack://FantasyWritingApp/./cypress/component/elements/ElementCard.cy.tsx:76:39)
Screenshot taken: failed-should-render-correctly-with-element-data-1758651406325
Failed at URL: http://localhost:3003/__cypress/iframes/index.html?specPath=/Users/jacobuphoff/Desktop/FantasyWritingApp/cypress/component/elements/ElementCard.cy.tsx
Page title: FantasyWritingApp Component Tests
Visible page text (first 1000 chars): 
    ğŸ‘¤Test Charactercharacter â€¢ general0%A brave warrior from the northern kingdomsğŸš€Progressing1 connections
  

Found 4 testable elements: [{"data-cy":"element-card-test-element-1","data-testid":"element-card-test-element-1","tagName":"DIV","text":"ğŸ‘¤Test Charactercharacter â€¢ general0%A brave warri"},{"data-cy":null,"data-testid":"progress-ring","tagName":"DIV","text":"0%"},{"data-cy":null,"data-testid":"progress-ring-progress-circle","tagName":"circle","text":""},{"data-cy":null,"data-testid":"progress-ring-percentage","tagName":"DIV","text":"0%"}]
[CONSOLE ERROR] Received NaN for the `%s` attribute. If this is expected, cast the value to a string. cx
[CONSOLE ERROR] Received NaN for the `%s` attribute. If this is expected, cast the value to a string. cy
[CONSOLE ERROR] Received NaN for the `%s` attribute. If this is expected, cast the value to a string. r
[CONSOLE ERROR] Received NaN for the `%s` attribute. If this is expected, cast the value to a string. strokeDashoffset
[CONSOLE ERROR] Received `%s` for a non-boolean attribute `%s`.

If you want to write it to the DOM, pass a string instead: %s="%s" or %s={value.toString()}.

If you used to conditionally omit it with %s={condition && value}, pass %s={condition ? value : undefined} instead. false collapsable collapsable false collapsable collapsable collapsable
[CONSOLE ERROR] Invalid DOM property `%s`. Did you mean `%s`? transform-origin transformOrigin
[CONSOLE ERROR] React does not recognize the `%s` prop on a DOM element. If you intentionally want it to appear in the DOM as a custom attribute, spell it as lowercase `%s` instead. If you accidentally passed it from a parent component, remove it from the DOM element. testID testid
[CONSOLE ERROR] React does not recognize the `%s` prop on a DOM element. If you intentionally want it to appear in the DOM as a custom attribute, spell it as lowercase `%s` instead. If you accidentally passed it from a parent component, remove it from the DOM element. accessibilityTestID accessibilitytestid
[CONSOLE ERROR] Received `%s` for a non-boolean attribute `%s`.

If you want to write it to the DOM, pass a string instead: %s="%s" or %s={value.toString()}. true accessible accessible true accessible
[CONSOLE ERROR] Expected `%s` listener to be a function, instead got a value of `%s` type. onClick object
[CONSOLE ERROR] Expected `%s` listener to be a function, instead got a value of `%s` type. onClick object
[CONSOLE ERROR] Expected `%s` listener to be a function, instead got a value of `%s` type. onClick object
[CONSOLE ERROR] Expected `%s` listener to be a function, instead got a value of `%s` type. onClick object
[CONSOLE ERROR] Expected `%s` listener to be a function, instead got a value of `%s` type. onClick object
[CONSOLE ERROR] Expected `%s` listener to be a function, instead got a value of `%s` type. onClick object
Factory reset called
[2025-09-23T18:16:47.328Z] Test started: should handle click interaction
Browser: Mozilla/5.0 (Macintosh; Intel Mac OS X 10_15_7) AppleWebKit/537.36 (KHTML, like Gecko) Cypress/14.5.4 Chrome/130.0.6723.137 Electron/33.2.1 Safari/537.36
Viewport: 375x812
URL: http://localhost:3003/__cypress/iframes/index.html?specPath=/Users/jacobuphoff/Desktop/FantasyWritingApp/cypress/component/elements/ElementCard.cy.tsx
State cleaned - localStorage, sessionStorage, cookies, and IndexedDB cleared
    (Attempt 1 of 3) should handle click interaction
[TEST FAILURE] Timed out retrying after 10000ms: Expected to find element: `[data-cy="element-card"], [data-testid="element-card"]`, but never found it.
[STACK TRACE] AssertionError: Timed out retrying after 10000ms: Expected to find element: `[data-cy="element-card"], [data-testid="element-card"]`, but never found it.
    at Context.<anonymous> (webpack://FantasyWritingApp/./cypress/component/elements/ElementCard.cy.tsx:103:7)
Screenshot taken: failed-should-handle-click-interaction-1758651417645
Failed at URL: http://localhost:3003/__cypress/iframes/index.html?specPath=/Users/jacobuphoff/Desktop/FantasyWritingApp/cypress/component/elements/ElementCard.cy.tsx
Page title: FantasyWritingApp Component Tests
Visible page text (first 1000 chars): 
    ğŸ‘¤Test Charactercharacter â€¢ general0%A brave warrior from the northern kingdomsğŸš€Progressing1 connections
  

Found 4 testable elements: [{"data-cy":"element-card-test-element-1","data-testid":"element-card-test-element-1","tagName":"DIV","text":"ğŸ‘¤Test Charactercharacter â€¢ general0%A brave warri"},{"data-cy":null,"data-testid":"progress-ring","tagName":"DIV","text":"0%"},{"data-cy":null,"data-testid":"progress-ring-progress-circle","tagName":"circle","text":""},{"data-cy":null,"data-testid":"progress-ring-percentage","tagName":"DIV","text":"0%"}]
[CONSOLE ERROR] Received NaN for the `%s` attribute. If this is expected, cast the value to a string. cx
[CONSOLE ERROR] Received NaN for the `%s` attribute. If this is expected, cast the value to a string. cy
[CONSOLE ERROR] Received NaN for the `%s` attribute. If this is expected, cast the value to a string. r
[CONSOLE ERROR] Received NaN for the `%s` attribute. If this is expected, cast the value to a string. strokeDashoffset
[CONSOLE ERROR] Received `%s` for a non-boolean attribute `%s`.

If you want to write it to the DOM, pass a string instead: %s="%s" or %s={value.toString()}.

If you used to conditionally omit it with %s={condition && value}, pass %s={condition ? value : undefined} instead. false collapsable collapsable false collapsable collapsable collapsable
[CONSOLE ERROR] Invalid DOM property `%s`. Did you mean `%s`? transform-origin transformOrigin
[CONSOLE ERROR] React does not recognize the `%s` prop on a DOM element. If you intentionally want it to appear in the DOM as a custom attribute, spell it as lowercase `%s` instead. If you accidentally passed it from a parent component, remove it from the DOM element. testID testid
[CONSOLE ERROR] React does not recognize the `%s` prop on a DOM element. If you intentionally want it to appear in the DOM as a custom attribute, spell it as lowercase `%s` instead. If you accidentally passed it from a parent component, remove it from the DOM element. accessibilityTestID accessibilitytestid
[CONSOLE ERROR] Received `%s` for a non-boolean attribute `%s`.

If you want to write it to the DOM, pass a string instead: %s="%s" or %s={value.toString()}. true accessible accessible true accessible
[CONSOLE ERROR] Expected `%s` listener to be a function, instead got a value of `%s` type. onClick object
[CONSOLE ERROR] Expected `%s` listener to be a function, instead got a value of `%s` type. onClick object
[CONSOLE ERROR] Expected `%s` listener to be a function, instead got a value of `%s` type. onClick object
[CONSOLE ERROR] Expected `%s` listener to be a function, instead got a value of `%s` type. onClick object
[CONSOLE ERROR] Expected `%s` listener to be a function, instead got a value of `%s` type. onClick object
[CONSOLE ERROR] Expected `%s` listener to be a function, instead got a value of `%s` type. onClick object
[CONSOLE ERROR] Expected `%s` listener to be a function, instead got a value of `%s` type. onClick object
[CONSOLE ERROR] Expected `%s` listener to be a function, instead got a value of `%s` type. onClick object
[CONSOLE ERROR] Expected `%s` listener to be a function, instead got a value of `%s` type. onClick object
[CONSOLE ERROR] Expected `%s` listener to be a function, instead got a value of `%s` type. onClick object
Factory reset called
[2025-09-23T18:16:59.131Z] Test started: should handle click interaction
Browser: Mozilla/5.0 (Macintosh; Intel Mac OS X 10_15_7) AppleWebKit/537.36 (KHTML, like Gecko) Cypress/14.5.4 Chrome/130.0.6723.137 Electron/33.2.1 Safari/537.36
Viewport: 375x812
URL: http://localhost:3003/__cypress/iframes/index.html?specPath=/Users/jacobuphoff/Desktop/FantasyWritingApp/cypress/component/elements/ElementCard.cy.tsx
State cleaned - localStorage, sessionStorage, cookies, and IndexedDB cleared
    (Attempt 2 of 3) should handle click interaction
[TEST FAILURE] Timed out retrying after 10000ms: Expected to find element: `[data-cy="element-card"], [data-testid="element-card"]`, but never found it.
[STACK TRACE] AssertionError: Timed out retrying after 10000ms: Expected to find element: `[data-cy="element-card"], [data-testid="element-card"]`, but never found it.
    at Context.<anonymous> (webpack://FantasyWritingApp/./cypress/component/elements/ElementCard.cy.tsx:103:7)
Screenshot taken: failed-should-handle-click-interaction-1758651429562
Failed at URL: http://localhost:3003/__cypress/iframes/index.html?specPath=/Users/jacobuphoff/Desktop/FantasyWritingApp/cypress/component/elements/ElementCard.cy.tsx
Page title: FantasyWritingApp Component Tests
Visible page text (first 1000 chars): 
    ğŸ‘¤Test Charactercharacter â€¢ general0%A brave warrior from the northern kingdomsğŸš€Progressing1 connections
  

Found 4 testable elements: [{"data-cy":"element-card-test-element-1","data-testid":"element-card-test-element-1","tagName":"DIV","text":"ğŸ‘¤Test Charactercharacter â€¢ general0%A brave warri"},{"data-cy":null,"data-testid":"progress-ring","tagName":"DIV","text":"0%"},{"data-cy":null,"data-testid":"progress-ring-progress-circle","tagName":"circle","text":""},{"data-cy":null,"data-testid":"progress-ring-percentage","tagName":"DIV","text":"0%"}]
[CONSOLE ERROR] Received NaN for the `%s` attribute. If this is expected, cast the value to a string. cx
[CONSOLE ERROR] Received NaN for the `%s` attribute. If this is expected, cast the value to a string. cy
[CONSOLE ERROR] Received NaN for the `%s` attribute. If this is expected, cast the value to a string. r
[CONSOLE ERROR] Received NaN for the `%s` attribute. If this is expected, cast the value to a string. strokeDashoffset
[CONSOLE ERROR] Received `%s` for a non-boolean attribute `%s`.

If you want to write it to the DOM, pass a string instead: %s="%s" or %s={value.toString()}.

If you used to conditionally omit it with %s={condition && value}, pass %s={condition ? value : undefined} instead. false collapsable collapsable false collapsable collapsable collapsable
[CONSOLE ERROR] Invalid DOM property `%s`. Did you mean `%s`? transform-origin transformOrigin
[CONSOLE ERROR] React does not recognize the `%s` prop on a DOM element. If you intentionally want it to appear in the DOM as a custom attribute, spell it as lowercase `%s` instead. If you accidentally passed it from a parent component, remove it from the DOM element. testID testid
[CONSOLE ERROR] React does not recognize the `%s` prop on a DOM element. If you intentionally want it to appear in the DOM as a custom attribute, spell it as lowercase `%s` instead. If you accidentally passed it from a parent component, remove it from the DOM element. accessibilityTestID accessibilitytestid
[CONSOLE ERROR] Received `%s` for a non-boolean attribute `%s`.

If you want to write it to the DOM, pass a string instead: %s="%s" or %s={value.toString()}. true accessible accessible true accessible
[CONSOLE ERROR] Expected `%s` listener to be a function, instead got a value of `%s` type. onClick object
[CONSOLE ERROR] Expected `%s` listener to be a function, instead got a value of `%s` type. onClick object
[CONSOLE ERROR] Expected `%s` listener to be a function, instead got a value of `%s` type. onClick object
[CONSOLE ERROR] Expected `%s` listener to be a function, instead got a value of `%s` type. onClick object
[CONSOLE ERROR] Expected `%s` listener to be a function, instead got a value of `%s` type. onClick object
[CONSOLE ERROR] Expected `%s` listener to be a function, instead got a value of `%s` type. onClick object
[CONSOLE ERROR] Expected `%s` listener to be a function, instead got a value of `%s` type. onClick object
[CONSOLE ERROR] Expected `%s` listener to be a function, instead got a value of `%s` type. onClick object
[CONSOLE ERROR] Expected `%s` listener to be a function, instead got a value of `%s` type. onClick object
[CONSOLE ERROR] Expected `%s` listener to be a function, instead got a value of `%s` type. onClick object
[CONSOLE ERROR] Expected `%s` listener to be a function, instead got a value of `%s` type. onClick object
[CONSOLE ERROR] Expected `%s` listener to be a function, instead got a value of `%s` type. onClick object
[CONSOLE ERROR] Expected `%s` listener to be a function, instead got a value of `%s` type. onClick object
[CONSOLE ERROR] Expected `%s` listener to be a function, instead got a value of `%s` type. onClick object
[CONSOLE ERROR] Expected `%s` listener to be a function, instead got a value of `%s` type. onClick object
Factory reset called
[2025-09-23T18:17:10.775Z] Test started: should handle click interaction
Browser: Mozilla/5.0 (Macintosh; Intel Mac OS X 10_15_7) AppleWebKit/537.36 (KHTML, like Gecko) Cypress/14.5.4 Chrome/130.0.6723.137 Electron/33.2.1 Safari/537.36
Viewport: 375x812
URL: http://localhost:3003/__cypress/iframes/index.html?specPath=/Users/jacobuphoff/Desktop/FantasyWritingApp/cypress/component/elements/ElementCard.cy.tsx
State cleaned - localStorage, sessionStorage, cookies, and IndexedDB cleared
    2) should handle click interaction
[TEST FAILURE] Timed out retrying after 10000ms: Expected to find element: `[data-cy="element-card"], [data-testid="element-card"]`, but never found it.
[STACK TRACE] AssertionError: Timed out retrying after 10000ms: Expected to find element: `[data-cy="element-card"], [data-testid="element-card"]`, but never found it.
    at Context.<anonymous> (webpack://FantasyWritingApp/./cypress/component/elements/ElementCard.cy.tsx:103:7)
Screenshot taken: failed-should-handle-click-interaction-1758651441155
Failed at URL: http://localhost:3003/__cypress/iframes/index.html?specPath=/Users/jacobuphoff/Desktop/FantasyWritingApp/cypress/component/elements/ElementCard.cy.tsx
Page title: FantasyWritingApp Component Tests
Visible page text (first 1000 chars): 
    ğŸ‘¤Test Charactercharacter â€¢ general0%A brave warrior from the northern kingdomsğŸš€Progressing1 connections
  

Found 4 testable elements: [{"data-cy":"element-card-test-element-1","data-testid":"element-card-test-element-1","tagName":"DIV","text":"ğŸ‘¤Test Charactercharacter â€¢ general0%A brave warri"},{"data-cy":null,"data-testid":"progress-ring","tagName":"DIV","text":"0%"},{"data-cy":null,"data-testid":"progress-ring-progress-circle","tagName":"circle","text":""},{"data-cy":null,"data-testid":"progress-ring-percentage","tagName":"DIV","text":"0%"}]
[CONSOLE ERROR] Received NaN for the `%s` attribute. If this is expected, cast the value to a string. cx
[CONSOLE ERROR] Received NaN for the `%s` attribute. If this is expected, cast the value to a string. cy
[CONSOLE ERROR] Received NaN for the `%s` attribute. If this is expected, cast the value to a string. r
[CONSOLE ERROR] Received NaN for the `%s` attribute. If this is expected, cast the value to a string. strokeDashoffset
[CONSOLE ERROR] Received `%s` for a non-boolean attribute `%s`.

If you want to write it to the DOM, pass a string instead: %s="%s" or %s={value.toString()}.

If you used to conditionally omit it with %s={condition && value}, pass %s={condition ? value : undefined} instead. false collapsable collapsable false collapsable collapsable collapsable
[CONSOLE ERROR] Invalid DOM property `%s`. Did you mean `%s`? transform-origin transformOrigin
[CONSOLE ERROR] React does not recognize the `%s` prop on a DOM element. If you intentionally want it to appear in the DOM as a custom attribute, spell it as lowercase `%s` instead. If you accidentally passed it from a parent component, remove it from the DOM element. testID testid
[CONSOLE ERROR] React does not recognize the `%s` prop on a DOM element. If you intentionally want it to appear in the DOM as a custom attribute, spell it as lowercase `%s` instead. If you accidentally passed it from a parent component, remove it from the DOM element. accessibilityTestID accessibilitytestid
[CONSOLE ERROR] Received `%s` for a non-boolean attribute `%s`.

If you want to write it to the DOM, pass a string instead: %s="%s" or %s={value.toString()}. true accessible accessible true accessible
[CONSOLE ERROR] Expected `%s` listener to be a function, instead got a value of `%s` type. onClick object
[CONSOLE ERROR] Expected `%s` listener to be a function, instead got a value of `%s` type. onClick object
[CONSOLE ERROR] Expected `%s` listener to be a function, instead got a value of `%s` type. onClick object
[CONSOLE ERROR] Expected `%s` listener to be a function, instead got a value of `%s` type. onClick object
[CONSOLE ERROR] Expected `%s` listener to be a function, instead got a value of `%s` type. onClick object
[CONSOLE ERROR] Expected `%s` listener to be a function, instead got a value of `%s` type. onClick object
[CONSOLE ERROR] Expected `%s` listener to be a function, instead got a value of `%s` type. onClick object
[CONSOLE ERROR] Expected `%s` listener to be a function, instead got a value of `%s` type. onClick object
[CONSOLE ERROR] Expected `%s` listener to be a function, instead got a value of `%s` type. onClick object
[CONSOLE ERROR] Expected `%s` listener to be a function, instead got a value of `%s` type. onClick object
[CONSOLE ERROR] Expected `%s` listener to be a function, instead got a value of `%s` type. onClick object
[CONSOLE ERROR] Expected `%s` listener to be a function, instead got a value of `%s` type. onClick object
[CONSOLE ERROR] Expected `%s` listener to be a function, instead got a value of `%s` type. onClick object
[CONSOLE ERROR] Expected `%s` listener to be a function, instead got a value of `%s` type. onClick object
[CONSOLE ERROR] Expected `%s` listener to be a function, instead got a value of `%s` type. onClick object
[CONSOLE ERROR] Expected `%s` listener to be a function, instead got a value of `%s` type. onClick object
[CONSOLE ERROR] Expected `%s` listener to be a function, instead got a value of `%s` type. onClick object
[CONSOLE ERROR] Expected `%s` listener to be a function, instead got a value of `%s` type. onClick object
[CONSOLE ERROR] Expected `%s` listener to be a function, instead got a value of `%s` type. onClick object
[CONSOLE ERROR] Expected `%s` listener to be a function, instead got a value of `%s` type. onClick object
[CONSOLE ERROR] Expected `%s` listener to be a function, instead got a value of `%s` type. onClick object
Factory reset called
[2025-09-23T18:17:22.727Z] Test started: should display completion badge based on percentage
Browser: Mozilla/5.0 (Macintosh; Intel Mac OS X 10_15_7) AppleWebKit/537.36 (KHTML, like Gecko) Cypress/14.5.4 Chrome/130.0.6723.137 Electron/33.2.1 Safari/537.36
Viewport: 375x812
URL: http://localhost:3003/__cypress/iframes/index.html?specPath=/Users/jacobuphoff/Desktop/FantasyWritingApp/cypress/component/elements/ElementCard.cy.tsx
State cleaned - localStorage, sessionStorage, cookies, and IndexedDB cleared
    (Attempt 1 of 3) should display completion badge based on percentage
[TEST FAILURE] Timed out retrying after 10000ms: Expected to find element: `[data-cy="element-card"], [data-testid="element-card"]`, but never found it.
[STACK TRACE] AssertionError: Timed out retrying after 10000ms: Expected to find element: `[data-cy="element-card"], [data-testid="element-card"]`, but never found it.
    at <unknown> (webpack://FantasyWritingApp/./cypress/component/elements/ElementCard.cy.tsx:133:41)
at Array.forEach (<anonymous>)
    at Context.<anonymous> (webpack://FantasyWritingApp/./cypress/component/elements/ElementCard.cy.tsx:117:14)
Screenshot taken: failed-should-display-completion-badge-based-on-percentage-1758651453005
Failed at URL: http://localhost:3003/__cypress/iframes/index.html?specPath=/Users/jacobuphoff/Desktop/FantasyWritingApp/cypress/component/elements/ElementCard.cy.tsx
Page title: FantasyWritingApp Component Tests
Visible page text (first 1000 chars): 
    ğŸ‘¤Test Element 100%character â€¢ general0%A brave warrior from the northern kingdomsğŸ…Complete1 connections
  

Found 4 testable elements: [{"data-cy":"element-card-test-element-1","data-testid":"element-card-test-element-1","tagName":"DIV","text":"ğŸ‘¤Test Element 100%character â€¢ general0%A brave wa"},{"data-cy":null,"data-testid":"progress-ring","tagName":"DIV","text":"0%"},{"data-cy":null,"data-testid":"progress-ring-progress-circle","tagName":"circle","text":""},{"data-cy":null,"data-testid":"progress-ring-percentage","tagName":"DIV","text":"0%"}]
[CONSOLE ERROR] Received NaN for the `%s` attribute. If this is expected, cast the value to a string. cx
[CONSOLE ERROR] Received NaN for the `%s` attribute. If this is expected, cast the value to a string. cy
[CONSOLE ERROR] Received NaN for the `%s` attribute. If this is expected, cast the value to a string. r
[CONSOLE ERROR] Received NaN for the `%s` attribute. If this is expected, cast the value to a string. strokeDashoffset
[CONSOLE ERROR] Received `%s` for a non-boolean attribute `%s`.

If you want to write it to the DOM, pass a string instead: %s="%s" or %s={value.toString()}.

If you used to conditionally omit it with %s={condition && value}, pass %s={condition ? value : undefined} instead. false collapsable collapsable false collapsable collapsable collapsable
[CONSOLE ERROR] Invalid DOM property `%s`. Did you mean `%s`? transform-origin transformOrigin
[CONSOLE ERROR] React does not recognize the `%s` prop on a DOM element. If you intentionally want it to appear in the DOM as a custom attribute, spell it as lowercase `%s` instead. If you accidentally passed it from a parent component, remove it from the DOM element. testID testid
[CONSOLE ERROR] React does not recognize the `%s` prop on a DOM element. If you intentionally want it to appear in the DOM as a custom attribute, spell it as lowercase `%s` instead. If you accidentally passed it from a parent component, remove it from the DOM element. accessibilityTestID accessibilitytestid
[CONSOLE ERROR] Received `%s` for a non-boolean attribute `%s`.

If you want to write it to the DOM, pass a string instead: %s="%s" or %s={value.toString()}. true accessible accessible true accessible
[CONSOLE ERROR] Expected `%s` listener to be a function, instead got a value of `%s` type. onClick object
[CONSOLE ERROR] Expected `%s` listener to be a function, instead got a value of `%s` type. onClick object
[CONSOLE ERROR] Expected `%s` listener to be a function, instead got a value of `%s` type. onClick object
[CONSOLE ERROR] Expected `%s` listener to be a function, instead got a value of `%s` type. onClick object
[CONSOLE ERROR] Expected `%s` listener to be a function, instead got a value of `%s` type. onClick object
[CONSOLE ERROR] Expected `%s` listener to be a function, instead got a value of `%s` type. onClick object
[CONSOLE ERROR] Expected `%s` listener to be a function, instead got a value of `%s` type. onClick object
[CONSOLE ERROR] Expected `%s` listener to be a function, instead got a value of `%s` type. onClick object
[CONSOLE ERROR] Expected `%s` listener to be a function, instead got a value of `%s` type. onClick object
[CONSOLE ERROR] Expected `%s` listener to be a function, instead got a value of `%s` type. onClick object
[CONSOLE ERROR] Expected `%s` listener to be a function, instead got a value of `%s` type. onClick object
[CONSOLE ERROR] Expected `%s` listener to be a function, instead got a value of `%s` type. onClick object
[CONSOLE ERROR] Expected `%s` listener to be a function, instead got a value of `%s` type. onClick object
[CONSOLE ERROR] Expected `%s` listener to be a function, instead got a value of `%s` type. onClick object
[CONSOLE ERROR] Expected `%s` listener to be a function, instead got a value of `%s` type. onClick object
[CONSOLE ERROR] Expected `%s` listener to be a function, instead got a value of `%s` type. onClick object
[CONSOLE ERROR] Expected `%s` listener to be a function, instead got a value of `%s` type. onClick object
[CONSOLE ERROR] Expected `%s` listener to be a function, instead got a value of `%s` type. onClick object
[CONSOLE ERROR] Expected `%s` listener to be a function, instead got a value of `%s` type. onClick object
[CONSOLE ERROR] Expected `%s` listener to be a function, instead got a value of `%s` type. onClick object
[CONSOLE ERROR] Expected `%s` listener to be a function, instead got a value of `%s` type. onClick object
[CONSOLE ERROR] Expected `%s` listener to be a function, instead got a value of `%s` type. onClick object
[CONSOLE ERROR] Expected `%s` listener to be a function, instead got a value of `%s` type. onClick object
[CONSOLE ERROR] Expected `%s` listener to be a function, instead got a value of `%s` type. onClick object
[CONSOLE ERROR] Expected `%s` listener to be a function, instead got a value of `%s` type. onClick object
[CONSOLE ERROR] Expected `%s` listener to be a function, instead got a value of `%s` type. onClick object
[CONSOLE ERROR] Expected `%s` listener to be a function, instead got a value of `%s` type. onClick object
[CONSOLE ERROR] Expected `%s` listener to be a function, instead got a value of `%s` type. onClick object
Factory reset called
[2025-09-23T18:17:34.498Z] Test started: should display completion badge based on percentage
Browser: Mozilla/5.0 (Macintosh; Intel Mac OS X 10_15_7) AppleWebKit/537.36 (KHTML, like Gecko) Cypress/14.5.4 Chrome/130.0.6723.137 Electron/33.2.1 Safari/537.36
Viewport: 375x812
URL: http://localhost:3003/__cypress/iframes/index.html?specPath=/Users/jacobuphoff/Desktop/FantasyWritingApp/cypress/component/elements/ElementCard.cy.tsx
State cleaned - localStorage, sessionStorage, cookies, and IndexedDB cleared
    (Attempt 2 of 3) should display completion badge based on percentage
[TEST FAILURE] Timed out retrying after 10000ms: Expected to find element: `[data-cy="element-card"], [data-testid="element-card"]`, but never found it.
[STACK TRACE] AssertionError: Timed out retrying after 10000ms: Expected to find element: `[data-cy="element-card"], [data-testid="element-card"]`, but never found it.
    at <unknown> (webpack://FantasyWritingApp/./cypress/component/elements/ElementCard.cy.tsx:133:41)
at Array.forEach (<anonymous>)
    at Context.<anonymous> (webpack://FantasyWritingApp/./cypress/component/elements/ElementCard.cy.tsx:117:14)
Screenshot taken: failed-should-display-completion-badge-based-on-percentage-1758651464914
Failed at URL: http://localhost:3003/__cypress/iframes/index.html?specPath=/Users/jacobuphoff/Desktop/FantasyWritingApp/cypress/component/elements/ElementCard.cy.tsx
Page title: FantasyWritingApp Component Tests
Visible page text (first 1000 chars): 
    ğŸ‘¤Test Element 100%character â€¢ general0%A brave warrior from the northern kingdomsğŸ…Complete1 connections
  

Found 4 testable elements: [{"data-cy":"element-card-test-element-1","data-testid":"element-card-test-element-1","tagName":"DIV","text":"ğŸ‘¤Test Element 100%character â€¢ general0%A brave wa"},{"data-cy":null,"data-testid":"progress-ring","tagName":"DIV","text":"0%"},{"data-cy":null,"data-testid":"progress-ring-progress-circle","tagName":"circle","text":""},{"data-cy":null,"data-testid":"progress-ring-percentage","tagName":"DIV","text":"0%"}]
[CONSOLE ERROR] Received NaN for the `%s` attribute. If this is expected, cast the value to a string. cx
[CONSOLE ERROR] Received NaN for the `%s` attribute. If this is expected, cast the value to a string. cy
[CONSOLE ERROR] Received NaN for the `%s` attribute. If this is expected, cast the value to a string. r
[CONSOLE ERROR] Received NaN for the `%s` attribute. If this is expected, cast the value to a string. strokeDashoffset
[CONSOLE ERROR] Received `%s` for a non-boolean attribute `%s`.

If you want to write it to the DOM, pass a string instead: %s="%s" or %s={value.toString()}.

If you used to conditionally omit it with %s={condition && value}, pass %s={condition ? value : undefined} instead. false collapsable collapsable false collapsable collapsable collapsable
[CONSOLE ERROR] Invalid DOM property `%s`. Did you mean `%s`? transform-origin transformOrigin
[CONSOLE ERROR] React does not recognize the `%s` prop on a DOM element. If you intentionally want it to appear in the DOM as a custom attribute, spell it as lowercase `%s` instead. If you accidentally passed it from a parent component, remove it from the DOM element. testID testid
[CONSOLE ERROR] React does not recognize the `%s` prop on a DOM element. If you intentionally want it to appear in the DOM as a custom attribute, spell it as lowercase `%s` instead. If you accidentally passed it from a parent component, remove it from the DOM element. accessibilityTestID accessibilitytestid
[CONSOLE ERROR] Received `%s` for a non-boolean attribute `%s`.

If you want to write it to the DOM, pass a string instead: %s="%s" or %s={value.toString()}. true accessible accessible true accessible
[CONSOLE ERROR] Expected `%s` listener to be a function, instead got a value of `%s` type. onClick object
[CONSOLE ERROR] Expected `%s` listener to be a function, instead got a value of `%s` type. onClick object
[CONSOLE ERROR] Expected `%s` listener to be a function, instead got a value of `%s` type. onClick object
[CONSOLE ERROR] Expected `%s` listener to be a function, instead got a value of `%s` type. onClick object
[CONSOLE ERROR] Expected `%s` listener to be a function, instead got a value of `%s` type. onClick object
[CONSOLE ERROR] Expected `%s` listener to be a function, instead got a value of `%s` type. onClick object
[CONSOLE ERROR] Expected `%s` listener to be a function, instead got a value of `%s` type. onClick object
[CONSOLE ERROR] Expected `%s` listener to be a function, instead got a value of `%s` type. onClick object
[CONSOLE ERROR] Expected `%s` listener to be a function, instead got a value of `%s` type. onClick object
[CONSOLE ERROR] Expected `%s` listener to be a function, instead got a value of `%s` type. onClick object
[CONSOLE ERROR] Expected `%s` listener to be a function, instead got a value of `%s` type. onClick object
[CONSOLE ERROR] Expected `%s` listener to be a function, instead got a value of `%s` type. onClick object
[CONSOLE ERROR] Expected `%s` listener to be a function, instead got a value of `%s` type. onClick object
[CONSOLE ERROR] Expected `%s` listener to be a function, instead got a value of `%s` type. onClick object
[CONSOLE ERROR] Expected `%s` listener to be a function, instead got a value of `%s` type. onClick object
[CONSOLE ERROR] Expected `%s` listener to be a function, instead got a value of `%s` type. onClick object
[CONSOLE ERROR] Expected `%s` listener to be a function, instead got a value of `%s` type. onClick object
[CONSOLE ERROR] Expected `%s` listener to be a function, instead got a value of `%s` type. onClick object
[CONSOLE ERROR] Expected `%s` listener to be a function, instead got a value of `%s` type. onClick object
[CONSOLE ERROR] Expected `%s` listener to be a function, instead got a value of `%s` type. onClick object
[CONSOLE ERROR] Expected `%s` listener to be a function, instead got a value of `%s` type. onClick object
[CONSOLE ERROR] Expected `%s` listener to be a function, instead got a value of `%s` type. onClick object
[CONSOLE ERROR] Expected `%s` listener to be a function, instead got a value of `%s` type. onClick object
[CONSOLE ERROR] Expected `%s` listener to be a function, instead got a value of `%s` type. onClick object
[CONSOLE ERROR] Expected `%s` listener to be a function, instead got a value of `%s` type. onClick object
[CONSOLE ERROR] Expected `%s` listener to be a function, instead got a value of `%s` type. onClick object
[CONSOLE ERROR] Expected `%s` listener to be a function, instead got a value of `%s` type. onClick object
[CONSOLE ERROR] Expected `%s` listener to be a function, instead got a value of `%s` type. onClick object
[CONSOLE ERROR] Expected `%s` listener to be a function, instead got a value of `%s` type. onClick object
[CONSOLE ERROR] Expected `%s` listener to be a function, instead got a value of `%s` type. onClick object
[CONSOLE ERROR] Expected `%s` listener to be a function, instead got a value of `%s` type. onClick object
[CONSOLE ERROR] Expected `%s` listener to be a function, instead got a value of `%s` type. onClick object
[CONSOLE ERROR] Expected `%s` listener to be a function, instead got a value of `%s` type. onClick object
[CONSOLE ERROR] Expected `%s` listener to be a function, instead got a value of `%s` type. onClick object
[CONSOLE ERROR] Expected `%s` listener to be a function, instead got a value of `%s` type. onClick object
[CONSOLE ERROR] Expected `%s` listener to be a function, instead got a value of `%s` type. onClick object
Factory reset called
[2025-09-23T18:17:47.005Z] Test started: should display completion badge based on percentage
Browser: Mozilla/5.0 (Macintosh; Intel Mac OS X 10_15_7) AppleWebKit/537.36 (KHTML, like Gecko) Cypress/14.5.4 Chrome/130.0.6723.137 Electron/33.2.1 Safari/537.36
Viewport: 375x812
URL: http://localhost:3003/__cypress/iframes/index.html?specPath=/Users/jacobuphoff/Desktop/FantasyWritingApp/cypress/component/elements/ElementCard.cy.tsx
State cleaned - localStorage, sessionStorage, cookies, and IndexedDB cleared
