
DevTools listening on ws://127.0.0.1:59715/devtools/browser/1098cae4-6f77-4d0d-8b9a-1b3c464914e0
Missing baseUrl in compilerOptions. tsconfig-paths will be skipped

ğŸš€ Fantasy Element Builder is running on port 3003
ğŸ“± Open http://localhost:3003 in your browser


Opening `/dev/tty` failed (6): Device not configured
================================================================================

  (Run Starting)

  â”Œâ”€â”€â”€â”€â”€â”€â”€â”€â”€â”€â”€â”€â”€â”€â”€â”€â”€â”€â”€â”€â”€â”€â”€â”€â”€â”€â”€â”€â”€â”€â”€â”€â”€â”€â”€â”€â”€â”€â”€â”€â”€â”€â”€â”€â”€â”€â”€â”€â”€â”€â”€â”€â”€â”€â”€â”€â”€â”€â”€â”€â”€â”€â”€â”€â”€â”€â”€â”€â”€â”€â”€â”€â”€â”€â”€â”€â”€â”€â”€â”€â”€â”€â”€â”€â”€â”€â”€â”€â”€â”€â”€â”€â”€â”€â”€â”€â”
  â”‚ Cypress:        14.5.4                                                                         â”‚
  â”‚ Browser:        Electron 130 (headless)                                                        â”‚
  â”‚ Node Version:   v20.19.3 (/Users/jacobstoragepug/.nvm/versions/node/v20.19.3/bin/node)         â”‚
  â”‚ Specs:          65 found (AutoSaveIndicator.cy.tsx, BaseElementForm.debug.cy.tsx, BaseElementF â”‚
  â”‚                 orm.incremental.cy.tsx, BaseElementForm.isolated.cy.tsx, BaseElementForm.minim â”‚
  â”‚                 al.cy.tsx, BaseElementForm.simple.cy.tsx, BaseElementForm.stateless.cy.tsx, Ba â”‚
  â”‚                 sicQuestionsSelector.cy...)                                                    â”‚
  â”‚ Searched:       cypress/component/**/*.cy.{js,jsx,ts,tsx}                                      â”‚
  â””â”€â”€â”€â”€â”€â”€â”€â”€â”€â”€â”€â”€â”€â”€â”€â”€â”€â”€â”€â”€â”€â”€â”€â”€â”€â”€â”€â”€â”€â”€â”€â”€â”€â”€â”€â”€â”€â”€â”€â”€â”€â”€â”€â”€â”€â”€â”€â”€â”€â”€â”€â”€â”€â”€â”€â”€â”€â”€â”€â”€â”€â”€â”€â”€â”€â”€â”€â”€â”€â”€â”€â”€â”€â”€â”€â”€â”€â”€â”€â”€â”€â”€â”€â”€â”€â”€â”€â”€â”€â”€â”€â”€â”€â”€â”€â”€â”˜


â”€â”€â”€â”€â”€â”€â”€â”€â”€â”€â”€â”€â”€â”€â”€â”€â”€â”€â”€â”€â”€â”€â”€â”€â”€â”€â”€â”€â”€â”€â”€â”€â”€â”€â”€â”€â”€â”€â”€â”€â”€â”€â”€â”€â”€â”€â”€â”€â”€â”€â”€â”€â”€â”€â”€â”€â”€â”€â”€â”€â”€â”€â”€â”€â”€â”€â”€â”€â”€â”€â”€â”€â”€â”€â”€â”€â”€â”€â”€â”€â”€â”€â”€â”€â”€â”€â”€â”€â”€â”€â”€â”€â”€â”€â”€â”€â”€â”€â”€â”€
                                                                                                    
  Running:  AutoSaveIndicator.cy.tsx                                                       (1 of 65)
11 assets
271 modules
webpack 5.101.3 compiled [1m[32msuccessfully[39m[22m in 989 ms
14 assets
289 modules
webpack 5.101.3 compiled [1m[32msuccessfully[39m[22m in 212 ms


  AutoSaveIndicator Component
    âœ“ should render idle state by default (27ms)
    âœ“ should show saving state (34ms)
    âœ“ should show saved state (30ms)
    âœ“ should show error state (28ms)
    âœ“ should show custom error message (25ms)
    âœ“ should show timestamp for saved state (27ms)
    âœ“ should update timestamp text over time (24ms)
    âœ“ should handle click on retry for error state (105ms)
    âœ“ should apply custom className (27ms)
    âœ“ should transition between states smoothly (20ms)
    âœ“ should auto-hide saved state after delay (46ms)
    âœ“ should be accessible (29ms)


  12 passing (581ms)


  (Results)

  â”Œâ”€â”€â”€â”€â”€â”€â”€â”€â”€â”€â”€â”€â”€â”€â”€â”€â”€â”€â”€â”€â”€â”€â”€â”€â”€â”€â”€â”€â”€â”€â”€â”€â”€â”€â”€â”€â”€â”€â”€â”€â”€â”€â”€â”€â”€â”€â”€â”€â”€â”€â”€â”€â”€â”€â”€â”€â”€â”€â”€â”€â”€â”€â”€â”€â”€â”€â”€â”€â”€â”€â”€â”€â”€â”€â”€â”€â”€â”€â”€â”€â”€â”€â”€â”€â”€â”€â”€â”€â”€â”€â”€â”€â”€â”€â”€â”€â”
  â”‚ Tests:        12                                                                               â”‚
  â”‚ Passing:      12                                                                               â”‚
  â”‚ Failing:      0                                                                                â”‚
  â”‚ Pending:      0                                                                                â”‚
  â”‚ Skipped:      0                                                                                â”‚
  â”‚ Screenshots:  0                                                                                â”‚
  â”‚ Video:        false                                                                            â”‚
  â”‚ Duration:     0 seconds                                                                        â”‚
  â”‚ Spec Ran:     AutoSaveIndicator.cy.tsx                                                         â”‚
  â””â”€â”€â”€â”€â”€â”€â”€â”€â”€â”€â”€â”€â”€â”€â”€â”€â”€â”€â”€â”€â”€â”€â”€â”€â”€â”€â”€â”€â”€â”€â”€â”€â”€â”€â”€â”€â”€â”€â”€â”€â”€â”€â”€â”€â”€â”€â”€â”€â”€â”€â”€â”€â”€â”€â”€â”€â”€â”€â”€â”€â”€â”€â”€â”€â”€â”€â”€â”€â”€â”€â”€â”€â”€â”€â”€â”€â”€â”€â”€â”€â”€â”€â”€â”€â”€â”€â”€â”€â”€â”€â”€â”€â”€â”€â”€â”€â”˜


â”€â”€â”€â”€â”€â”€â”€â”€â”€â”€â”€â”€â”€â”€â”€â”€â”€â”€â”€â”€â”€â”€â”€â”€â”€â”€â”€â”€â”€â”€â”€â”€â”€â”€â”€â”€â”€â”€â”€â”€â”€â”€â”€â”€â”€â”€â”€â”€â”€â”€â”€â”€â”€â”€â”€â”€â”€â”€â”€â”€â”€â”€â”€â”€â”€â”€â”€â”€â”€â”€â”€â”€â”€â”€â”€â”€â”€â”€â”€â”€â”€â”€â”€â”€â”€â”€â”€â”€â”€â”€â”€â”€â”€â”€â”€â”€â”€â”€â”€â”€
                                                                                                    
  Running:  BaseElementForm.debug.cy.tsx                                                   (2 of 65)
14 assets
289 modules
webpack 5.101.3 compiled [1m[32msuccessfully[39m[22m in 52 ms


  BaseElementForm - Debug Tests
    âœ“ debug: shows category initially (49ms)
    (Attempt 1 of 4) debug: category expands on click
    (Attempt 2 of 4) debug: category expands on click
    (Attempt 3 of 4) debug: category expands on click
    1) debug: category expands on click
    (Attempt 1 of 4) debug: question labels appear when expanded
    (Attempt 2 of 4) debug: question labels appear when expanded
    (Attempt 3 of 4) debug: question labels appear when expanded
    2) debug: question labels appear when expanded
    (Attempt 1 of 4) debug: inputs appear when expanded
    (Attempt 2 of 4) debug: inputs appear when expanded
    (Attempt 3 of 4) debug: inputs appear when expanded
    3) debug: inputs appear when expanded


  1 passing (3m)
  3 failing

  1) BaseElementForm - Debug Tests
       debug: category expands on click:
     AssertionError: Timed out retrying after 12000ms: Expected to find element: `[data-testid="category-general-questions"]`, but never found it.
      at Context.<anonymous> (webpack://FantasyWritingApp/./cypress/component/BaseElementForm.debug.cy.tsx:68:57)

  2) BaseElementForm - Debug Tests
       debug: question labels appear when expanded:
     AssertionError: Timed out retrying after 12000ms: Expected to find element: `[data-testid="question-label-name"]`, but never found it.
      at Context.<anonymous> (webpack://FantasyWritingApp/./cypress/component/BaseElementForm.debug.cy.tsx:92:50)

  3) BaseElementForm - Debug Tests
       debug: inputs appear when expanded:
     AssertionError: Timed out retrying after 12000ms: Expected to find element: `[data-testid="question-name-input"]`, but never found it.
      at Context.<anonymous> (webpack://FantasyWritingApp/./cypress/component/BaseElementForm.debug.cy.tsx:116:50)




  (Results)

  â”Œâ”€â”€â”€â”€â”€â”€â”€â”€â”€â”€â”€â”€â”€â”€â”€â”€â”€â”€â”€â”€â”€â”€â”€â”€â”€â”€â”€â”€â”€â”€â”€â”€â”€â”€â”€â”€â”€â”€â”€â”€â”€â”€â”€â”€â”€â”€â”€â”€â”€â”€â”€â”€â”€â”€â”€â”€â”€â”€â”€â”€â”€â”€â”€â”€â”€â”€â”€â”€â”€â”€â”€â”€â”€â”€â”€â”€â”€â”€â”€â”€â”€â”€â”€â”€â”€â”€â”€â”€â”€â”€â”€â”€â”€â”€â”€â”€â”
  â”‚ Tests:        4                                                                                â”‚
  â”‚ Passing:      1                                                                                â”‚
  â”‚ Failing:      3                                                                                â”‚
  â”‚ Pending:      0                                                                                â”‚
  â”‚ Skipped:      0                                                                                â”‚
  â”‚ Screenshots:  12                                                                               â”‚
  â”‚ Video:        false                                                                            â”‚
  â”‚ Duration:     2 minutes, 33 seconds                                                            â”‚
  â”‚ Spec Ran:     BaseElementForm.debug.cy.tsx                                                     â”‚
  â””â”€â”€â”€â”€â”€â”€â”€â”€â”€â”€â”€â”€â”€â”€â”€â”€â”€â”€â”€â”€â”€â”€â”€â”€â”€â”€â”€â”€â”€â”€â”€â”€â”€â”€â”€â”€â”€â”€â”€â”€â”€â”€â”€â”€â”€â”€â”€â”€â”€â”€â”€â”€â”€â”€â”€â”€â”€â”€â”€â”€â”€â”€â”€â”€â”€â”€â”€â”€â”€â”€â”€â”€â”€â”€â”€â”€â”€â”€â”€â”€â”€â”€â”€â”€â”€â”€â”€â”€â”€â”€â”€â”€â”€â”€â”€â”€â”˜


  (Screenshots)

  -  /Users/jacobstoragepug/Desktop/FantasyWritingApp/cypress/screenshots/BaseElement    (2560x1440)
     Form.debug.cy.tsx/BaseElementForm - Debug Tests -- debug category expands on cli               
     ck (failed).png                                                                                
  -  /Users/jacobstoragepug/Desktop/FantasyWritingApp/cypress/screenshots/BaseElement    (2560x1440)
     Form.debug.cy.tsx/BaseElementForm - Debug Tests -- debug category expands on cli               
     ck (failed) (attempt 2).png                                                                    
  -  /Users/jacobstoragepug/Desktop/FantasyWritingApp/cypress/screenshots/BaseElement    (2560x1440)
     Form.debug.cy.tsx/BaseElementForm - Debug Tests -- debug category expands on cli               
     ck (failed) (attempt 3).png                                                                    
  -  /Users/jacobstoragepug/Desktop/FantasyWritingApp/cypress/screenshots/BaseElement    (2560x1440)
     Form.debug.cy.tsx/BaseElementForm - Debug Tests -- debug category expands on cli               
     ck (failed) (attempt 4).png                                                                    
  -  /Users/jacobstoragepug/Desktop/FantasyWritingApp/cypress/screenshots/BaseElement    (2560x1440)
     Form.debug.cy.tsx/BaseElementForm - Debug Tests -- debug question labels appear                
     when expanded (failed).png                                                                     
  -  /Users/jacobstoragepug/Desktop/FantasyWritingApp/cypress/screenshots/BaseElement    (2560x1440)
     Form.debug.cy.tsx/BaseElementForm - Debug Tests -- debug question labels appear                
     when expanded (failed) (attempt 2).png                                                         
  -  /Users/jacobstoragepug/Desktop/FantasyWritingApp/cypress/screenshots/BaseElement    (2560x1440)
     Form.debug.cy.tsx/BaseElementForm - Debug Tests -- debug question labels appear                
     when expanded (failed) (attempt 3).png                                                         
  -  /Users/jacobstoragepug/Desktop/FantasyWritingApp/cypress/screenshots/BaseElement    (2560x1440)
     Form.debug.cy.tsx/BaseElementForm - Debug Tests -- debug question labels appear                
     when expanded (failed) (attempt 4).png                                                         
  -  /Users/jacobstoragepug/Desktop/FantasyWritingApp/cypress/screenshots/BaseElement    (2560x1440)
     Form.debug.cy.tsx/BaseElementForm - Debug Tests -- debug inputs appear when expa               
     nded (failed).png                                                                              
  -  /Users/jacobstoragepug/Desktop/FantasyWritingApp/cypress/screenshots/BaseElement    (2560x1440)
     Form.debug.cy.tsx/BaseElementForm - Debug Tests -- debug inputs appear when expa               
     nded (failed) (attempt 2).png                                                                  
  -  /Users/jacobstoragepug/Desktop/FantasyWritingApp/cypress/screenshots/BaseElement    (2560x1440)
     Form.debug.cy.tsx/BaseElementForm - Debug Tests -- debug inputs appear when expa               
     nded (failed) (attempt 3).png                                                                  
  -  /Users/jacobstoragepug/Desktop/FantasyWritingApp/cypress/screenshots/BaseElement    (2560x1440)
     Form.debug.cy.tsx/BaseElementForm - Debug Tests -- debug inputs appear when expa               
     nded (failed) (attempt 4).png                                                                  


â”€â”€â”€â”€â”€â”€â”€â”€â”€â”€â”€â”€â”€â”€â”€â”€â”€â”€â”€â”€â”€â”€â”€â”€â”€â”€â”€â”€â”€â”€â”€â”€â”€â”€â”€â”€â”€â”€â”€â”€â”€â”€â”€â”€â”€â”€â”€â”€â”€â”€â”€â”€â”€â”€â”€â”€â”€â”€â”€â”€â”€â”€â”€â”€â”€â”€â”€â”€â”€â”€â”€â”€â”€â”€â”€â”€â”€â”€â”€â”€â”€â”€â”€â”€â”€â”€â”€â”€â”€â”€â”€â”€â”€â”€â”€â”€â”€â”€â”€â”€
                                                                                                    
  Running:  BaseElementForm.incremental.cy.tsx                                             (3 of 65)
14 assets
289 modules
webpack 5.101.3 compiled [1m[32msuccessfully[39m[22m in 64 ms


  BaseElementForm - Incremental Tests
    âœ“ renders with questions - starting in detailed mode (126ms)
    - renders with questions - old test
    âœ“ renders with answers (30ms)
    (Attempt 1 of 4) expands category when clicked
    (Attempt 2 of 4) expands category when clicked
    (Attempt 3 of 4) expands category when clicked
    1) expands category when clicked
    (Attempt 1 of 4) shows input values
    (Attempt 2 of 4) shows input values
    (Attempt 3 of 4) shows input values
    2) shows input values
    (Attempt 1 of 4) calls onChange when input changes
    (Attempt 2 of 4) calls onChange when input changes
    (Attempt 3 of 4) calls onChange when input changes
    3) calls onChange when input changes


  2 passing (2m)
  1 pending
  3 failing

  1) BaseElementForm - Incremental Tests
       expands category when clicked:
     AssertionError: Timed out retrying after 12000ms: Expected to find content: 'Name' but never did.
      at Context.<anonymous> (webpack://FantasyWritingApp/./cypress/component/BaseElementForm.incremental.cy.tsx:97:24)

  2) BaseElementForm - Incremental Tests
       shows input values:
     AssertionError: Timed out retrying after 12000ms: Expected to find element: `[data-testid="text-input"]`, but never found it.
      at Context.<anonymous> (webpack://FantasyWritingApp/./cypress/support/react-native-commands.ts:153:12)
      at wrapped (http://localhost:3003/__cypress/runner/cypress_runner.js:141663:43)

  3) BaseElementForm - Incremental Tests
       calls onChange when input changes:
     AssertionError: Timed out retrying after 12000ms: Expected to find element: `[data-testid="text-input"]`, but never found it.
      at Context.<anonymous> (webpack://FantasyWritingApp/./cypress/support/react-native-commands.ts:153:12)
      at wrapped (http://localhost:3003/__cypress/runner/cypress_runner.js:141663:43)




  (Results)

  â”Œâ”€â”€â”€â”€â”€â”€â”€â”€â”€â”€â”€â”€â”€â”€â”€â”€â”€â”€â”€â”€â”€â”€â”€â”€â”€â”€â”€â”€â”€â”€â”€â”€â”€â”€â”€â”€â”€â”€â”€â”€â”€â”€â”€â”€â”€â”€â”€â”€â”€â”€â”€â”€â”€â”€â”€â”€â”€â”€â”€â”€â”€â”€â”€â”€â”€â”€â”€â”€â”€â”€â”€â”€â”€â”€â”€â”€â”€â”€â”€â”€â”€â”€â”€â”€â”€â”€â”€â”€â”€â”€â”€â”€â”€â”€â”€â”€â”
  â”‚ Tests:        6                                                                                â”‚
  â”‚ Passing:      2                                                                                â”‚
  â”‚ Failing:      3                                                                                â”‚
  â”‚ Pending:      1                                                                                â”‚
  â”‚ Skipped:      0                                                                                â”‚
  â”‚ Screenshots:  12                                                                               â”‚
  â”‚ Video:        false                                                                            â”‚
  â”‚ Duration:     2 minutes, 28 seconds                                                            â”‚
  â”‚ Spec Ran:     BaseElementForm.incremental.cy.tsx                                               â”‚
  â””â”€â”€â”€â”€â”€â”€â”€â”€â”€â”€â”€â”€â”€â”€â”€â”€â”€â”€â”€â”€â”€â”€â”€â”€â”€â”€â”€â”€â”€â”€â”€â”€â”€â”€â”€â”€â”€â”€â”€â”€â”€â”€â”€â”€â”€â”€â”€â”€â”€â”€â”€â”€â”€â”€â”€â”€â”€â”€â”€â”€â”€â”€â”€â”€â”€â”€â”€â”€â”€â”€â”€â”€â”€â”€â”€â”€â”€â”€â”€â”€â”€â”€â”€â”€â”€â”€â”€â”€â”€â”€â”€â”€â”€â”€â”€â”€â”˜


  (Screenshots)

  -  /Users/jacobstoragepug/Desktop/FantasyWritingApp/cypress/screenshots/BaseElement    (2560x1440)
     Form.incremental.cy.tsx/BaseElementForm - Incremental Tests -- expands category                
     when clicked (failed).png                                                                      
  -  /Users/jacobstoragepug/Desktop/FantasyWritingApp/cypress/screenshots/BaseElement    (2560x1440)
     Form.incremental.cy.tsx/BaseElementForm - Incremental Tests -- expands category                
     when clicked (failed) (attempt 2).png                                                          
  -  /Users/jacobstoragepug/Desktop/FantasyWritingApp/cypress/screenshots/BaseElement    (2560x1440)
     Form.incremental.cy.tsx/BaseElementForm - Incremental Tests -- expands category                
     when clicked (failed) (attempt 3).png                                                          
  -  /Users/jacobstoragepug/Desktop/FantasyWritingApp/cypress/screenshots/BaseElement    (2560x1440)
     Form.incremental.cy.tsx/BaseElementForm - Incremental Tests -- expands category                
     when clicked (failed) (attempt 4).png                                                          
  -  /Users/jacobstoragepug/Desktop/FantasyWritingApp/cypress/screenshots/BaseElement    (2560x1440)
     Form.incremental.cy.tsx/BaseElementForm - Incremental Tests -- shows input value               
     s (failed).png                                                                                 
  -  /Users/jacobstoragepug/Desktop/FantasyWritingApp/cypress/screenshots/BaseElement    (2560x1440)
     Form.incremental.cy.tsx/BaseElementForm - Incremental Tests -- shows input value               
     s (failed) (attempt 2).png                                                                     
  -  /Users/jacobstoragepug/Desktop/FantasyWritingApp/cypress/screenshots/BaseElement    (2560x1440)
     Form.incremental.cy.tsx/BaseElementForm - Incremental Tests -- shows input value               
     s (failed) (attempt 3).png                                                                     
  -  /Users/jacobstoragepug/Desktop/FantasyWritingApp/cypress/screenshots/BaseElement    (2560x1440)
     Form.incremental.cy.tsx/BaseElementForm - Incremental Tests -- shows input value               
     s (failed) (attempt 4).png                                                                     
  -  /Users/jacobstoragepug/Desktop/FantasyWritingApp/cypress/screenshots/BaseElement    (2560x1440)
     Form.incremental.cy.tsx/BaseElementForm - Incremental Tests -- calls onChange wh               
     en input changes (failed).png                                                                  
  -  /Users/jacobstoragepug/Desktop/FantasyWritingApp/cypress/screenshots/BaseElement    (2560x1440)
     Form.incremental.cy.tsx/BaseElementForm - Incremental Tests -- calls onChange wh               
     en input changes (failed) (attempt 2).png                                                      
  -  /Users/jacobstoragepug/Desktop/FantasyWritingApp/cypress/screenshots/BaseElement    (2560x1440)
     Form.incremental.cy.tsx/BaseElementForm - Incremental Tests -- calls onChange wh               
     en input changes (failed) (attempt 3).png                                                      
  -  /Users/jacobstoragepug/Desktop/FantasyWritingApp/cypress/screenshots/BaseElement    (2560x1440)
     Form.incremental.cy.tsx/BaseElementForm - Incremental Tests -- calls onChange wh               
     en input changes (failed) (attempt 4).png                                                      


â”€â”€â”€â”€â”€â”€â”€â”€â”€â”€â”€â”€â”€â”€â”€â”€â”€â”€â”€â”€â”€â”€â”€â”€â”€â”€â”€â”€â”€â”€â”€â”€â”€â”€â”€â”€â”€â”€â”€â”€â”€â”€â”€â”€â”€â”€â”€â”€â”€â”€â”€â”€â”€â”€â”€â”€â”€â”€â”€â”€â”€â”€â”€â”€â”€â”€â”€â”€â”€â”€â”€â”€â”€â”€â”€â”€â”€â”€â”€â”€â”€â”€â”€â”€â”€â”€â”€â”€â”€â”€â”€â”€â”€â”€â”€â”€â”€â”€â”€â”€
                                                                                                    
  Running:  BaseElementForm.isolated.cy.tsx                                                (4 of 65)
14 assets
289 modules
webpack 5.101.3 compiled [1m[32msuccessfully[39m[22m in 75 ms


  BaseElementForm - Isolated Tests
    âœ“ mounts the component (43ms)
    âœ“ shows the mode toggle (32ms)
    âœ“ renders with one simple question (27ms)


  3 passing (147ms)


  (Results)

  â”Œâ”€â”€â”€â”€â”€â”€â”€â”€â”€â”€â”€â”€â”€â”€â”€â”€â”€â”€â”€â”€â”€â”€â”€â”€â”€â”€â”€â”€â”€â”€â”€â”€â”€â”€â”€â”€â”€â”€â”€â”€â”€â”€â”€â”€â”€â”€â”€â”€â”€â”€â”€â”€â”€â”€â”€â”€â”€â”€â”€â”€â”€â”€â”€â”€â”€â”€â”€â”€â”€â”€â”€â”€â”€â”€â”€â”€â”€â”€â”€â”€â”€â”€â”€â”€â”€â”€â”€â”€â”€â”€â”€â”€â”€â”€â”€â”€â”
  â”‚ Tests:        3                                                                                â”‚
  â”‚ Passing:      3                                                                                â”‚
  â”‚ Failing:      0                                                                                â”‚
  â”‚ Pending:      0                                                                                â”‚
  â”‚ Skipped:      0                                                                                â”‚
  â”‚ Screenshots:  0                                                                                â”‚
  â”‚ Video:        false                                                                            â”‚
  â”‚ Duration:     0 seconds                                                                        â”‚
  â”‚ Spec Ran:     BaseElementForm.isolated.cy.tsx                                                  â”‚
  â””â”€â”€â”€â”€â”€â”€â”€â”€â”€â”€â”€â”€â”€â”€â”€â”€â”€â”€â”€â”€â”€â”€â”€â”€â”€â”€â”€â”€â”€â”€â”€â”€â”€â”€â”€â”€â”€â”€â”€â”€â”€â”€â”€â”€â”€â”€â”€â”€â”€â”€â”€â”€â”€â”€â”€â”€â”€â”€â”€â”€â”€â”€â”€â”€â”€â”€â”€â”€â”€â”€â”€â”€â”€â”€â”€â”€â”€â”€â”€â”€â”€â”€â”€â”€â”€â”€â”€â”€â”€â”€â”€â”€â”€â”€â”€â”€â”˜


â”€â”€â”€â”€â”€â”€â”€â”€â”€â”€â”€â”€â”€â”€â”€â”€â”€â”€â”€â”€â”€â”€â”€â”€â”€â”€â”€â”€â”€â”€â”€â”€â”€â”€â”€â”€â”€â”€â”€â”€â”€â”€â”€â”€â”€â”€â”€â”€â”€â”€â”€â”€â”€â”€â”€â”€â”€â”€â”€â”€â”€â”€â”€â”€â”€â”€â”€â”€â”€â”€â”€â”€â”€â”€â”€â”€â”€â”€â”€â”€â”€â”€â”€â”€â”€â”€â”€â”€â”€â”€â”€â”€â”€â”€â”€â”€â”€â”€â”€â”€
                                                                                                    
  Running:  BaseElementForm.minimal.cy.tsx                                                 (5 of 65)
14 assets
289 modules
webpack 5.101.3 compiled [1m[32msuccessfully[39m[22m in 70 ms


  BaseElementForm - Minimal Test
    âœ“ mounts without crashing (46ms)
    âœ“ renders with mock div instead of component (28ms)


  2 passing (104ms)


  (Results)

  â”Œâ”€â”€â”€â”€â”€â”€â”€â”€â”€â”€â”€â”€â”€â”€â”€â”€â”€â”€â”€â”€â”€â”€â”€â”€â”€â”€â”€â”€â”€â”€â”€â”€â”€â”€â”€â”€â”€â”€â”€â”€â”€â”€â”€â”€â”€â”€â”€â”€â”€â”€â”€â”€â”€â”€â”€â”€â”€â”€â”€â”€â”€â”€â”€â”€â”€â”€â”€â”€â”€â”€â”€â”€â”€â”€â”€â”€â”€â”€â”€â”€â”€â”€â”€â”€â”€â”€â”€â”€â”€â”€â”€â”€â”€â”€â”€â”€â”
  â”‚ Tests:        2                                                                                â”‚
  â”‚ Passing:      2                                                                                â”‚
  â”‚ Failing:      0                                                                                â”‚
  â”‚ Pending:      0                                                                                â”‚
  â”‚ Skipped:      0                                                                                â”‚
  â”‚ Screenshots:  0                                                                                â”‚
  â”‚ Video:        false                                                                            â”‚
  â”‚ Duration:     0 seconds                                                                        â”‚
  â”‚ Spec Ran:     BaseElementForm.minimal.cy.tsx                                                   â”‚
  â””â”€â”€â”€â”€â”€â”€â”€â”€â”€â”€â”€â”€â”€â”€â”€â”€â”€â”€â”€â”€â”€â”€â”€â”€â”€â”€â”€â”€â”€â”€â”€â”€â”€â”€â”€â”€â”€â”€â”€â”€â”€â”€â”€â”€â”€â”€â”€â”€â”€â”€â”€â”€â”€â”€â”€â”€â”€â”€â”€â”€â”€â”€â”€â”€â”€â”€â”€â”€â”€â”€â”€â”€â”€â”€â”€â”€â”€â”€â”€â”€â”€â”€â”€â”€â”€â”€â”€â”€â”€â”€â”€â”€â”€â”€â”€â”€â”˜


â”€â”€â”€â”€â”€â”€â”€â”€â”€â”€â”€â”€â”€â”€â”€â”€â”€â”€â”€â”€â”€â”€â”€â”€â”€â”€â”€â”€â”€â”€â”€â”€â”€â”€â”€â”€â”€â”€â”€â”€â”€â”€â”€â”€â”€â”€â”€â”€â”€â”€â”€â”€â”€â”€â”€â”€â”€â”€â”€â”€â”€â”€â”€â”€â”€â”€â”€â”€â”€â”€â”€â”€â”€â”€â”€â”€â”€â”€â”€â”€â”€â”€â”€â”€â”€â”€â”€â”€â”€â”€â”€â”€â”€â”€â”€â”€â”€â”€â”€â”€
                                                                                                    
  Running:  BaseElementForm.simple.cy.tsx                                                  (6 of 65)
14 assets
289 modules
webpack 5.101.3 compiled [1m[32msuccessfully[39m[22m in 81 ms


  BaseElementForm (Simple Tests)
    âœ“ renders form header and basic structure (57ms)
    (Attempt 1 of 4) shows categories that can be expanded
    (Attempt 2 of 4) shows categories that can be expanded
    (Attempt 3 of 4) shows categories that can be expanded
    1) shows categories that can be expanded
    (Attempt 1 of 4) displays answers correctly
    (Attempt 2 of 4) displays answers correctly
    (Attempt 3 of 4) displays answers correctly
    2) displays answers correctly
    (Attempt 1 of 4) handles basic interactions
    (Attempt 2 of 4) handles basic interactions
    (Attempt 3 of 4) handles basic interactions
    3) handles basic interactions
    (Attempt 1 of 4) shows required field indicators
    (Attempt 2 of 4) shows required field indicators
    (Attempt 3 of 4) shows required field indicators
    4) shows required field indicators
    (Attempt 1 of 4) displays help text when clicked
    (Attempt 2 of 4) displays help text when clicked
    (Attempt 3 of 4) displays help text when clicked
    5) displays help text when clicked
    (Attempt 1 of 4) handles mode switching
    (Attempt 2 of 4) handles mode switching
    (Attempt 3 of 4) handles mode switching
    6) handles mode switching
    âœ“ handles empty questions gracefully (34ms)
    (Attempt 1 of 4) handles number input changes
    (Attempt 2 of 4) handles number input changes
    (Attempt 3 of 4) handles number input changes
    7) handles number input changes
    (Attempt 1 of 4) handles [data-cy*="select"] changes
    (Attempt 2 of 4) handles [data-cy*="select"] changes
    (Attempt 3 of 4) handles [data-cy*="select"] changes
14 assets
290 modules
webpack 5.101.3 compiled [1m[32msuccessfully[39m[22m in 213 ms
    8) handles [data-cy*="select"] changes
    (Attempt 1 of 4) respects number input validation attributes
    (Attempt 2 of 4) respects number input validation attributes
    (Attempt 3 of 4) respects number input validation attributes
    9) respects number input validation attributes


  2 passing (7m)
  9 failing

  1) BaseElementForm (Simple Tests)
       shows categories that can be expanded:
     AssertionError: Timed out retrying after 12000ms: expected '<div.css-text-146c3p1>' not to be 'visible'
      at Context.<anonymous> (webpack://FantasyWritingApp/./cypress/component/BaseElementForm.simple.cy.tsx:99:24)

  2) BaseElementForm (Simple Tests)
       displays answers correctly:
     AssertionError: Timed out retrying after 12000ms: Expected to find element: `[data-testid="question-q1-input"]`, but never found it.
      at Context.<anonymous> (webpack://FantasyWritingApp/./cypress/component/BaseElementForm.simple.cy.tsx:124:48)

  3) BaseElementForm (Simple Tests)
       handles basic interactions:
     AssertionError: Timed out retrying after 12000ms: Expected to find element: `[data-testid="question-q1-input"]`, but never found it.
      at Context.<anonymous> (webpack://FantasyWritingApp/./cypress/component/BaseElementForm.simple.cy.tsx:155:7)

  4) BaseElementForm (Simple Tests)
       shows required field indicators:
     AssertionError: Timed out retrying after 12000ms: Expected to find content: 'Name' but never did.
      at Context.<anonymous> (webpack://FantasyWritingApp/./cypress/component/BaseElementForm.simple.cy.tsx:177:7)

  5) BaseElementForm (Simple Tests)
       displays help text when clicked:
     AssertionError: Timed out retrying after 12000ms: Expected to find element: `[data-testid="question-q2-help-button"]`, but never found it.
      at Context.<anonymous> (webpack://FantasyWritingApp/./cypress/component/BaseElementForm.simple.cy.tsx:199:7)

  6) BaseElementForm (Simple Tests)
       handles mode switching:
     AssertionError: Timed out retrying after 12000ms: Expected not to find content: 'Quick Mode' but continuously found it.
      at Context.<anonymous> (webpack://FantasyWritingApp/./cypress/component/BaseElementForm.simple.cy.tsx:225:30)

  7) BaseElementForm (Simple Tests)
       handles number input changes:
     AssertionError: Timed out retrying after 12000ms: Expected to find element: `[data-testid="question-q3-input"]`, but never found it.
      at Context.<anonymous> (webpack://FantasyWritingApp/./cypress/component/BaseElementForm.simple.cy.tsx:268:7)

  8) BaseElementForm (Simple Tests)
       handles [data-cy*="select"] changes:
     AssertionError: Timed out retrying after 12000ms: Expected to find element: `[data-testid="question-q4-input"]`, but never found it.
      at Context.<anonymous> (webpack://FantasyWritingApp/./cypress/component/BaseElementForm.simple.cy.tsx:293:7)

  9) BaseElementForm (Simple Tests)
       respects number input validation attributes:
     AssertionError: Timed out retrying after 12000ms: Expected to find element: `[data-testid="question-q3-input"]`, but never found it.
      at Context.<anonymous> (webpack://FantasyWritingApp/./cypress/component/BaseElementForm.simple.cy.tsx:316:7)




  (Results)

  â”Œâ”€â”€â”€â”€â”€â”€â”€â”€â”€â”€â”€â”€â”€â”€â”€â”€â”€â”€â”€â”€â”€â”€â”€â”€â”€â”€â”€â”€â”€â”€â”€â”€â”€â”€â”€â”€â”€â”€â”€â”€â”€â”€â”€â”€â”€â”€â”€â”€â”€â”€â”€â”€â”€â”€â”€â”€â”€â”€â”€â”€â”€â”€â”€â”€â”€â”€â”€â”€â”€â”€â”€â”€â”€â”€â”€â”€â”€â”€â”€â”€â”€â”€â”€â”€â”€â”€â”€â”€â”€â”€â”€â”€â”€â”€â”€â”€â”
  â”‚ Tests:        11                                                                               â”‚
  â”‚ Passing:      2                                                                                â”‚
  â”‚ Failing:      9                                                                                â”‚
  â”‚ Pending:      0                                                                                â”‚
  â”‚ Skipped:      0                                                                                â”‚
  â”‚ Screenshots:  36                                                                               â”‚
  â”‚ Video:        false                                                                            â”‚
  â”‚ Duration:     7 minutes, 21 seconds                                                            â”‚
  â”‚ Spec Ran:     BaseElementForm.simple.cy.tsx                                                    â”‚
  â””â”€â”€â”€â”€â”€â”€â”€â”€â”€â”€â”€â”€â”€â”€â”€â”€â”€â”€â”€â”€â”€â”€â”€â”€â”€â”€â”€â”€â”€â”€â”€â”€â”€â”€â”€â”€â”€â”€â”€â”€â”€â”€â”€â”€â”€â”€â”€â”€â”€â”€â”€â”€â”€â”€â”€â”€â”€â”€â”€â”€â”€â”€â”€â”€â”€â”€â”€â”€â”€â”€â”€â”€â”€â”€â”€â”€â”€â”€â”€â”€â”€â”€â”€â”€â”€â”€â”€â”€â”€â”€â”€â”€â”€â”€â”€â”€â”˜


  (Screenshots)

  -  /Users/jacobstoragepug/Desktop/FantasyWritingApp/cypress/screenshots/BaseElement    (2560x1440)
     Form.simple.cy.tsx/BaseElementForm (Simple Tests) -- shows categories that can b               
     e expanded (failed).png                                                                        
  -  /Users/jacobstoragepug/Desktop/FantasyWritingApp/cypress/screenshots/BaseElement    (2560x1440)
     Form.simple.cy.tsx/BaseElementForm (Simple Tests) -- shows categories that can b               
     e expanded (failed) (attempt 2).png                                                            
  -  /Users/jacobstoragepug/Desktop/FantasyWritingApp/cypress/screenshots/BaseElement    (2560x1440)
     Form.simple.cy.tsx/BaseElementForm (Simple Tests) -- shows categories that can b               
     e expanded (failed) (attempt 3).png                                                            
  -  /Users/jacobstoragepug/Desktop/FantasyWritingApp/cypress/screenshots/BaseElement    (2560x1440)
     Form.simple.cy.tsx/BaseElementForm (Simple Tests) -- shows categories that can b               
     e expanded (failed) (attempt 4).png                                                            
  -  /Users/jacobstoragepug/Desktop/FantasyWritingApp/cypress/screenshots/BaseElement    (2560x1440)
     Form.simple.cy.tsx/BaseElementForm (Simple Tests) -- displays answers correctly                
     (failed).png                                                                                   
  -  /Users/jacobstoragepug/Desktop/FantasyWritingApp/cypress/screenshots/BaseElement    (2560x1440)
     Form.simple.cy.tsx/BaseElementForm (Simple Tests) -- displays answers correctly                
     (failed) (attempt 2).png                                                                       
  -  /Users/jacobstoragepug/Desktop/FantasyWritingApp/cypress/screenshots/BaseElement    (2560x1440)
     Form.simple.cy.tsx/BaseElementForm (Simple Tests) -- displays answers correctly                
     (failed) (attempt 3).png                                                                       
  -  /Users/jacobstoragepug/Desktop/FantasyWritingApp/cypress/screenshots/BaseElement    (2560x1440)
     Form.simple.cy.tsx/BaseElementForm (Simple Tests) -- displays answers correctly                
     (failed) (attempt 4).png                                                                       
  -  /Users/jacobstoragepug/Desktop/FantasyWritingApp/cypress/screenshots/BaseElement    (2560x1440)
     Form.simple.cy.tsx/BaseElementForm (Simple Tests) -- handles basic interactions                
     (failed).png                                                                                   
  -  /Users/jacobstoragepug/Desktop/FantasyWritingApp/cypress/screenshots/BaseElement    (2560x1440)
     Form.simple.cy.tsx/BaseElementForm (Simple Tests) -- handles basic interactions                
     (failed) (attempt 2).png                                                                       
  -  /Users/jacobstoragepug/Desktop/FantasyWritingApp/cypress/screenshots/BaseElement    (2560x1440)
     Form.simple.cy.tsx/BaseElementForm (Simple Tests) -- handles basic interactions                
     (failed) (attempt 3).png                                                                       
  -  /Users/jacobstoragepug/Desktop/FantasyWritingApp/cypress/screenshots/BaseElement    (2560x1440)
     Form.simple.cy.tsx/BaseElementForm (Simple Tests) -- handles basic interactions                
     (failed) (attempt 4).png                                                                       
  -  /Users/jacobstoragepug/Desktop/FantasyWritingApp/cypress/screenshots/BaseElement    (2560x1440)
     Form.simple.cy.tsx/BaseElementForm (Simple Tests) -- shows required field indica               
     tors (failed).png                                                                              
  -  /Users/jacobstoragepug/Desktop/FantasyWritingApp/cypress/screenshots/BaseElement    (2560x1440)
     Form.simple.cy.tsx/BaseElementForm (Simple Tests) -- shows required field indica               
     tors (failed) (attempt 2).png                                                                  
  -  /Users/jacobstoragepug/Desktop/FantasyWritingApp/cypress/screenshots/BaseElement    (2560x1440)
     Form.simple.cy.tsx/BaseElementForm (Simple Tests) -- shows required field indica               
     tors (failed) (attempt 3).png                                                                  
  -  /Users/jacobstoragepug/Desktop/FantasyWritingApp/cypress/screenshots/BaseElement    (2560x1440)
     Form.simple.cy.tsx/BaseElementForm (Simple Tests) -- shows required field indica               
     tors (failed) (attempt 4).png                                                                  
  -  /Users/jacobstoragepug/Desktop/FantasyWritingApp/cypress/screenshots/BaseElement    (2560x1440)
     Form.simple.cy.tsx/BaseElementForm (Simple Tests) -- displays help text when cli               
     cked (failed).png                                                                              
  -  /Users/jacobstoragepug/Desktop/FantasyWritingApp/cypress/screenshots/BaseElement    (2560x1440)
     Form.simple.cy.tsx/BaseElementForm (Simple Tests) -- displays help text when cli               
     cked (failed) (attempt 2).png                                                                  
  -  /Users/jacobstoragepug/Desktop/FantasyWritingApp/cypress/screenshots/BaseElement    (2560x1440)
     Form.simple.cy.tsx/BaseElementForm (Simple Tests) -- displays help text when cli               
     cked (failed) (attempt 3).png                                                                  
  -  /Users/jacobstoragepug/Desktop/FantasyWritingApp/cypress/screenshots/BaseElement    (2560x1440)
     Form.simple.cy.tsx/BaseElementForm (Simple Tests) -- displays help text when cli               
     cked (failed) (attempt 4).png                                                                  
  -  /Users/jacobstoragepug/Desktop/FantasyWritingApp/cypress/screenshots/BaseElement    (2560x1440)
     Form.simple.cy.tsx/BaseElementForm (Simple Tests) -- handles mode switching (fai               
     led).png                                                                                       
  -  /Users/jacobstoragepug/Desktop/FantasyWritingApp/cypress/screenshots/BaseElement    (2560x1440)
     Form.simple.cy.tsx/BaseElementForm (Simple Tests) -- handles mode switching (fai               
     led) (attempt 2).png                                                                           
  -  /Users/jacobstoragepug/Desktop/FantasyWritingApp/cypress/screenshots/BaseElement    (2560x1440)
     Form.simple.cy.tsx/BaseElementForm (Simple Tests) -- handles mode switching (fai               
     led) (attempt 3).png                                                                           
  -  /Users/jacobstoragepug/Desktop/FantasyWritingApp/cypress/screenshots/BaseElement    (2560x1440)
     Form.simple.cy.tsx/BaseElementForm (Simple Tests) -- handles mode switching (fai               
     led) (attempt 4).png                                                                           
  -  /Users/jacobstoragepug/Desktop/FantasyWritingApp/cypress/screenshots/BaseElement    (2560x1440)
     Form.simple.cy.tsx/BaseElementForm (Simple Tests) -- handles number input change               
     s (failed).png                                                                                 
  -  /Users/jacobstoragepug/Desktop/FantasyWritingApp/cypress/screenshots/BaseElement    (2560x1440)
     Form.simple.cy.tsx/BaseElementForm (Simple Tests) -- handles number input change               
     s (failed) (attempt 2).png                                                                     
  -  /Users/jacobstoragepug/Desktop/FantasyWritingApp/cypress/screenshots/BaseElement    (2560x1440)
     Form.simple.cy.tsx/BaseElementForm (Simple Tests) -- handles number input change               
     s (failed) (attempt 3).png                                                                     
  -  /Users/jacobstoragepug/Desktop/FantasyWritingApp/cypress/screenshots/BaseElement    (2560x1440)
     Form.simple.cy.tsx/BaseElementForm (Simple Tests) -- handles number input change               
     s (failed) (attempt 4).png                                                                     
  -  /Users/jacobstoragepug/Desktop/FantasyWritingApp/cypress/screenshots/BaseElement    (2560x1440)
     Form.simple.cy.tsx/BaseElementForm (Simple Tests) -- handles [data-cy=select] ch               
     anges (failed).png                                                                             
  -  /Users/jacobstoragepug/Desktop/FantasyWritingApp/cypress/screenshots/BaseElement    (2560x1440)
     Form.simple.cy.tsx/BaseElementForm (Simple Tests) -- handles [data-cy=select] ch               
     anges (failed) (attempt 2).png                                                                 
  -  /Users/jacobstoragepug/Desktop/FantasyWritingApp/cypress/screenshots/BaseElement    (2560x1440)
     Form.simple.cy.tsx/BaseElementForm (Simple Tests) -- handles [data-cy=select] ch               
     anges (failed) (attempt 3).png                                                                 
  -  /Users/jacobstoragepug/Desktop/FantasyWritingApp/cypress/screenshots/BaseElement    (2560x1440)
     Form.simple.cy.tsx/BaseElementForm (Simple Tests) -- handles [data-cy=select] ch               
     anges (failed) (attempt 4).png                                                                 
  -  /Users/jacobstoragepug/Desktop/FantasyWritingApp/cypress/screenshots/BaseElement    (2560x1440)
     Form.simple.cy.tsx/BaseElementForm (Simple Tests) -- respects number input valid               
     ation attributes (failed).png                                                                  
  -  /Users/jacobstoragepug/Desktop/FantasyWritingApp/cypress/screenshots/BaseElement    (2560x1440)
     Form.simple.cy.tsx/BaseElementForm (Simple Tests) -- respects number input valid               
     ation attributes (failed) (attempt 2).png                                                      
  -  /Users/jacobstoragepug/Desktop/FantasyWritingApp/cypress/screenshots/BaseElement    (2560x1440)
     Form.simple.cy.tsx/BaseElementForm (Simple Tests) -- respects number input valid               
     ation attributes (failed) (attempt 3).png                                                      
  -  /Users/jacobstoragepug/Desktop/FantasyWritingApp/cypress/screenshots/BaseElement    (2560x1440)
     Form.simple.cy.tsx/BaseElementForm (Simple Tests) -- respects number input valid               
     ation attributes (failed) (attempt 4).png                                                      


â”€â”€â”€â”€â”€â”€â”€â”€â”€â”€â”€â”€â”€â”€â”€â”€â”€â”€â”€â”€â”€â”€â”€â”€â”€â”€â”€â”€â”€â”€â”€â”€â”€â”€â”€â”€â”€â”€â”€â”€â”€â”€â”€â”€â”€â”€â”€â”€â”€â”€â”€â”€â”€â”€â”€â”€â”€â”€â”€â”€â”€â”€â”€â”€â”€â”€â”€â”€â”€â”€â”€â”€â”€â”€â”€â”€â”€â”€â”€â”€â”€â”€â”€â”€â”€â”€â”€â”€â”€â”€â”€â”€â”€â”€â”€â”€â”€â”€â”€â”€
                                                                                                    
  Running:  BaseElementForm.stateless.cy.tsx                                               (7 of 65)
14 assets
290 modules
webpack 5.101.3 compiled [1m[32msuccessfully[39m[22m in 60 ms


  BaseElementForm - Stateless Tests
    âœ“ renders without any providers (46ms)
    âœ“ shows categories (29ms)
    (Attempt 1 of 4) expands categories on click
    (Attempt 2 of 4) expands categories on click
    (Attempt 3 of 4) expands categories on click
    1) expands categories on click
    (Attempt 1 of 4) displays existing answers
    (Attempt 2 of 4) displays existing answers
    (Attempt 3 of 4) displays existing answers
    2) displays existing answers
    (Attempt 1 of 4) calls onChange when typing
    (Attempt 2 of 4) calls onChange when typing
    (Attempt 3 of 4) calls onChange when typing
    3) calls onChange when typing
    âœ“ shows required field indicators (113ms)
    (Attempt 1 of 4) shows help text when clicked
    (Attempt 2 of 4) shows help text when clicked
    (Attempt 3 of 4) shows help text when clicked
14 assets
291 modules
webpack 5.101.3 compiled [1m[32msuccessfully[39m[22m in 122 ms
    4) shows help text when clicked
    (Attempt 1 of 4) toggles between basic and detailed mode
    (Attempt 2 of 4) toggles between basic and detailed mode
    (Attempt 3 of 4) toggles between basic and detailed mode
    5) toggles between basic and detailed mode
    (Attempt 1 of 4) handles different question types
    (Attempt 2 of 4) handles different question types
    (Attempt 3 of 4) handles different question types
    6) handles different question types
    (Attempt 1 of 4) shows error for required fields without values
    (Attempt 2 of 4) shows error for required fields without values
    (Attempt 3 of 4) shows error for required fields without values
14 assets
292 modules
webpack 5.101.3 compiled [1m[32msuccessfully[39m[22m in 119 ms
    7) shows error for required fields without values


  3 passing (6m)
  7 failing

  1) BaseElementForm - Stateless Tests
       expands categories on click:
     AssertionError: Timed out retrying after 12000ms: Expected to find content: 'Name' but never did.
      at Context.<anonymous> (webpack://FantasyWritingApp/./cypress/component/BaseElementForm.stateless.cy.tsx:74:24)

  2) BaseElementForm - Stateless Tests
       displays existing answers:
     AssertionError: Timed out retrying after 12000ms: Expected to find element: `[data-testid="question-name-input"]`, but never found it.
      at Context.<anonymous> (webpack://FantasyWritingApp/./cypress/component/BaseElementForm.stateless.cy.tsx:99:50)

  3) BaseElementForm - Stateless Tests
       calls onChange when typing:
     AssertionError: Timed out retrying after 12000ms: Expected to find element: `[data-testid="question-name-input"]`, but never found it.
      at Context.<anonymous> (webpack://FantasyWritingApp/./cypress/component/BaseElementForm.stateless.cy.tsx:120:7)

  4) BaseElementForm - Stateless Tests
       shows help text when clicked:
     AssertionError: Timed out retrying after 12000ms: Expected <div.css-view-g5y9jx> not to exist in the DOM, but it was continuously found.
      at Context.<anonymous> (webpack://FantasyWritingApp/./cypress/component/BaseElementForm.stateless.cy.tsx:161:56)

  5) BaseElementForm - Stateless Tests
       toggles between basic and detailed mode:
     AssertionError: Timed out retrying after 12000ms: Expected not to find content: 'Quick Mode' but continuously found it.
      at Context.<anonymous> (webpack://FantasyWritingApp/./cypress/component/BaseElementForm.stateless.cy.tsx:190:30)

  6) BaseElementForm - Stateless Tests
       handles different question types:
     AssertionError: Timed out retrying after 12000ms: Expected to find element: `[data-testid="question-name-input"]`, but never found it.
      at Context.<anonymous> (webpack://FantasyWritingApp/./cypress/component/BaseElementForm.stateless.cy.tsx:239:50)

  7) BaseElementForm - Stateless Tests
       shows error for required fields without values:
     AssertionError: Timed out retrying after 12000ms: Expected to find element: `[data-testid="question-name-error"]`, but never found it.
      at Context.<anonymous> (webpack://FantasyWritingApp/./cypress/component/BaseElementForm.stateless.cy.tsx:260:7)




  (Results)

  â”Œâ”€â”€â”€â”€â”€â”€â”€â”€â”€â”€â”€â”€â”€â”€â”€â”€â”€â”€â”€â”€â”€â”€â”€â”€â”€â”€â”€â”€â”€â”€â”€â”€â”€â”€â”€â”€â”€â”€â”€â”€â”€â”€â”€â”€â”€â”€â”€â”€â”€â”€â”€â”€â”€â”€â”€â”€â”€â”€â”€â”€â”€â”€â”€â”€â”€â”€â”€â”€â”€â”€â”€â”€â”€â”€â”€â”€â”€â”€â”€â”€â”€â”€â”€â”€â”€â”€â”€â”€â”€â”€â”€â”€â”€â”€â”€â”€â”
  â”‚ Tests:        10                                                                               â”‚
  â”‚ Passing:      3                                                                                â”‚
  â”‚ Failing:      7                                                                                â”‚
  â”‚ Pending:      0                                                                                â”‚
  â”‚ Skipped:      0                                                                                â”‚
  â”‚ Screenshots:  28                                                                               â”‚
  â”‚ Video:        false                                                                            â”‚
  â”‚ Duration:     5 minutes, 43 seconds                                                            â”‚
  â”‚ Spec Ran:     BaseElementForm.stateless.cy.tsx                                                 â”‚
  â””â”€â”€â”€â”€â”€â”€â”€â”€â”€â”€â”€â”€â”€â”€â”€â”€â”€â”€â”€â”€â”€â”€â”€â”€â”€â”€â”€â”€â”€â”€â”€â”€â”€â”€â”€â”€â”€â”€â”€â”€â”€â”€â”€â”€â”€â”€â”€â”€â”€â”€â”€â”€â”€â”€â”€â”€â”€â”€â”€â”€â”€â”€â”€â”€â”€â”€â”€â”€â”€â”€â”€â”€â”€â”€â”€â”€â”€â”€â”€â”€â”€â”€â”€â”€â”€â”€â”€â”€â”€â”€â”€â”€â”€â”€â”€â”€â”˜


  (Screenshots)

  -  /Users/jacobstoragepug/Desktop/FantasyWritingApp/cypress/screenshots/BaseElement    (2560x1440)
     Form.stateless.cy.tsx/BaseElementForm - Stateless Tests -- expands categories on               
      click (failed).png                                                                            
  -  /Users/jacobstoragepug/Desktop/FantasyWritingApp/cypress/screenshots/BaseElement    (2560x1440)
     Form.stateless.cy.tsx/BaseElementForm - Stateless Tests -- expands categories on               
      click (failed) (attempt 2).png                                                                
  -  /Users/jacobstoragepug/Desktop/FantasyWritingApp/cypress/screenshots/BaseElement    (2560x1440)
     Form.stateless.cy.tsx/BaseElementForm - Stateless Tests -- expands categories on               
      click (failed) (attempt 3).png                                                                
  -  /Users/jacobstoragepug/Desktop/FantasyWritingApp/cypress/screenshots/BaseElement    (2560x1440)
     Form.stateless.cy.tsx/BaseElementForm - Stateless Tests -- expands categories on               
      click (failed) (attempt 4).png                                                                
  -  /Users/jacobstoragepug/Desktop/FantasyWritingApp/cypress/screenshots/BaseElement    (2560x1440)
     Form.stateless.cy.tsx/BaseElementForm - Stateless Tests -- displays existing ans               
     wers (failed).png                                                                              
  -  /Users/jacobstoragepug/Desktop/FantasyWritingApp/cypress/screenshots/BaseElement    (2560x1440)
     Form.stateless.cy.tsx/BaseElementForm - Stateless Tests -- displays existing ans               
     wers (failed) (attempt 2).png                                                                  
  -  /Users/jacobstoragepug/Desktop/FantasyWritingApp/cypress/screenshots/BaseElement    (2560x1440)
     Form.stateless.cy.tsx/BaseElementForm - Stateless Tests -- displays existing ans               
     wers (failed) (attempt 3).png                                                                  
  -  /Users/jacobstoragepug/Desktop/FantasyWritingApp/cypress/screenshots/BaseElement    (2560x1440)
     Form.stateless.cy.tsx/BaseElementForm - Stateless Tests -- displays existing ans               
     wers (failed) (attempt 4).png                                                                  
  -  /Users/jacobstoragepug/Desktop/FantasyWritingApp/cypress/screenshots/BaseElement    (2560x1440)
     Form.stateless.cy.tsx/BaseElementForm - Stateless Tests -- calls onChange when t               
     yping (failed).png                                                                             
  -  /Users/jacobstoragepug/Desktop/FantasyWritingApp/cypress/screenshots/BaseElement    (2560x1440)
     Form.stateless.cy.tsx/BaseElementForm - Stateless Tests -- calls onChange when t               
     yping (failed) (attempt 2).png                                                                 
  -  /Users/jacobstoragepug/Desktop/FantasyWritingApp/cypress/screenshots/BaseElement    (2560x1440)
     Form.stateless.cy.tsx/BaseElementForm - Stateless Tests -- calls onChange when t               
     yping (failed) (attempt 3).png                                                                 
  -  /Users/jacobstoragepug/Desktop/FantasyWritingApp/cypress/screenshots/BaseElement    (2560x1440)
     Form.stateless.cy.tsx/BaseElementForm - Stateless Tests -- calls onChange when t               
     yping (failed) (attempt 4).png                                                                 
  -  /Users/jacobstoragepug/Desktop/FantasyWritingApp/cypress/screenshots/BaseElement    (2560x1440)
     Form.stateless.cy.tsx/BaseElementForm - Stateless Tests -- shows help text when                
     clicked (failed).png                                                                           
  -  /Users/jacobstoragepug/Desktop/FantasyWritingApp/cypress/screenshots/BaseElement    (2560x1440)
     Form.stateless.cy.tsx/BaseElementForm - Stateless Tests -- shows help text when                
     clicked (failed) (attempt 2).png                                                               
  -  /Users/jacobstoragepug/Desktop/FantasyWritingApp/cypress/screenshots/BaseElement    (2560x1440)
     Form.stateless.cy.tsx/BaseElementForm - Stateless Tests -- shows help text when                
     clicked (failed) (attempt 3).png                                                               
  -  /Users/jacobstoragepug/Desktop/FantasyWritingApp/cypress/screenshots/BaseElement    (2560x1440)
     Form.stateless.cy.tsx/BaseElementForm - Stateless Tests -- shows help text when                
     clicked (failed) (attempt 4).png                                                               
  -  /Users/jacobstoragepug/Desktop/FantasyWritingApp/cypress/screenshots/BaseElement    (2560x1440)
     Form.stateless.cy.tsx/BaseElementForm - Stateless Tests -- toggles between basic               
      and detailed mode (failed).png                                                                
  -  /Users/jacobstoragepug/Desktop/FantasyWritingApp/cypress/screenshots/BaseElement    (2560x1440)
     Form.stateless.cy.tsx/BaseElementForm - Stateless Tests -- toggles between basic               
      and detailed mode (failed) (attempt 2).png                                                    
  -  /Users/jacobstoragepug/Desktop/FantasyWritingApp/cypress/screenshots/BaseElement    (2560x1440)
     Form.stateless.cy.tsx/BaseElementForm - Stateless Tests -- toggles between basic               
      and detailed mode (failed) (attempt 3).png                                                    
  -  /Users/jacobstoragepug/Desktop/FantasyWritingApp/cypress/screenshots/BaseElement    (2560x1440)
     Form.stateless.cy.tsx/BaseElementForm - Stateless Tests -- toggles between basic               
      and detailed mode (failed) (attempt 4).png                                                    
  -  /Users/jacobstoragepug/Desktop/FantasyWritingApp/cypress/screenshots/BaseElement    (2560x1440)
     Form.stateless.cy.tsx/BaseElementForm - Stateless Tests -- handles different que               
     stion types (failed).png                                                                       
  -  /Users/jacobstoragepug/Desktop/FantasyWritingApp/cypress/screenshots/BaseElement    (2560x1440)
     Form.stateless.cy.tsx/BaseElementForm - Stateless Tests -- handles different que               
     stion types (failed) (attempt 2).png                                                           
  -  /Users/jacobstoragepug/Desktop/FantasyWritingApp/cypress/screenshots/BaseElement    (2560x1440)
     Form.stateless.cy.tsx/BaseElementForm - Stateless Tests -- handles different que               
     stion types (failed) (attempt 3).png                                                           
  -  /Users/jacobstoragepug/Desktop/FantasyWritingApp/cypress/screenshots/BaseElement    (2560x1440)
     Form.stateless.cy.tsx/BaseElementForm - Stateless Tests -- handles different que               
     stion types (failed) (attempt 4).png                                                           
  -  /Users/jacobstoragepug/Desktop/FantasyWritingApp/cypress/screenshots/BaseElement    (2560x1440)
     Form.stateless.cy.tsx/BaseElementForm - Stateless Tests -- shows error for requi               
     red fields without values (failed).png                                                         
  -  /Users/jacobstoragepug/Desktop/FantasyWritingApp/cypress/screenshots/BaseElement    (2560x1440)
     Form.stateless.cy.tsx/BaseElementForm - Stateless Tests -- shows error for requi               
     red fields without values (failed) (attempt 2).png                                             
  -  /Users/jacobstoragepug/Desktop/FantasyWritingApp/cypress/screenshots/BaseElement    (2560x1440)
     Form.stateless.cy.tsx/BaseElementForm - Stateless Tests -- shows error for requi               
     red fields without values (failed) (attempt 3).png                                             
  -  /Users/jacobstoragepug/Desktop/FantasyWritingApp/cypress/screenshots/BaseElement    (2560x1440)
     Form.stateless.cy.tsx/BaseElementForm - Stateless Tests -- shows error for requi               
     red fields without values (failed) (attempt 4).png                                             


â”€â”€â”€â”€â”€â”€â”€â”€â”€â”€â”€â”€â”€â”€â”€â”€â”€â”€â”€â”€â”€â”€â”€â”€â”€â”€â”€â”€â”€â”€â”€â”€â”€â”€â”€â”€â”€â”€â”€â”€â”€â”€â”€â”€â”€â”€â”€â”€â”€â”€â”€â”€â”€â”€â”€â”€â”€â”€â”€â”€â”€â”€â”€â”€â”€â”€â”€â”€â”€â”€â”€â”€â”€â”€â”€â”€â”€â”€â”€â”€â”€â”€â”€â”€â”€â”€â”€â”€â”€â”€â”€â”€â”€â”€â”€â”€â”€â”€â”€â”€
                                                                                                    
  Running:  BasicQuestionsSelector.cy.tsx                                                  (8 of 65)
14 assets
292 modules
webpack 5.101.3 compiled [1m[32msuccessfully[39m[22m in 56 ms


  BasicQuestionsSelector Component
    Rendering
      âœ“ renders with title and description (62ms)
      âœ“ displays question statistics (42ms)
      âœ“ shows estimated completion times (30ms)
      âœ“ displays tip info box (31ms)
      âœ“ groups questions by category (37ms)
      âœ“ shows required badge for required questions (34ms)
      âœ“ shows help text when available (30ms)
      (Attempt 1 of 4) shows star icon for suggested questions
      (Attempt 2 of 4) shows star icon for suggested questions
      (Attempt 3 of 4) shows star icon for suggested questions
      1) shows star icon for suggested questions
    Quick Actions
      âœ“ applies default suggestions when clicked (122ms)
      âœ“ selects all questions when Select All is clicked (111ms)
      âœ“ deselects all questions when Select None is clicked (110ms)
      (Attempt 1 of 4) disables Apply Defaults when no suggestions exist
      (Attempt 2 of 4) disables Apply Defaults when no suggestions exist
      (Attempt 3 of 4) disables Apply Defaults when no suggestions exist
      2) disables Apply Defaults when no suggestions exist
    Question Selection
      - toggles question selection when checkbox is clicked
      (Attempt 1 of 4) deselects question when already selected
      (Attempt 2 of 4) deselects question when already selected
      (Attempt 3 of 4) deselects question when already selected
      3) deselects question when already selected
      - toggles question when label is clicked
      (Attempt 1 of 4) maintains selection state across categories
      (Attempt 2 of 4) maintains selection state across categories
      (Attempt 3 of 4) maintains selection state across categories
      4) maintains selection state across categories
    Visual Feedback
14 assets
292 modules
webpack 5.101.3 compiled [1m[32msuccessfully[39m[22m in 128 ms
      (Attempt 1 of 4) highlights selected questions
      (Attempt 2 of 4) highlights selected questions
      (Attempt 3 of 4) highlights selected questions
      5) highlights selected questions
      - shows hover effect on unselected questions
      âœ“ shows summary when questions are selected (29ms)
      - hides summary when no questions are selected
    Initialization
      (Attempt 1 of 4) uses provided basicQuestionIds on mount
      (Attempt 2 of 4) uses provided basicQuestionIds on mount
      (Attempt 3 of 4) uses provided basicQuestionIds on mount
      6) uses provided basicQuestionIds on mount
      - auto-selects suggestions when no basicQuestionIds provided
      - does not auto-select when basicQuestionIds are already set
    Edge Cases
      âœ“ handles empty questions array (30ms)
      âœ“ handles questions without categories (29ms)
      âœ“ handles very long question text (29ms)
      âœ“ handles many questions (54ms)
      âœ“ filters out non-existent question IDs from suggestions (105ms)
      - handles rapid selection changes
      âœ“ handles special characters in question text (31ms)
    Accessibility
14 assets
314 modules

[1m[33mWARNING[39m[22m in [1m./node_modules/cypress-axe/dist/index.js[39m[22m [1m[32m17:37-44[39m[22m
[1mCritical dependency: require function is used in a way in which dependencies cannot be statically extracted[39m[22m

[1m[33mWARNING[39m[22m in [1m./node_modules/cypress-axe/dist/index.js[39m[22m [1m[32m17:67-74[39m[22m
[1mCritical dependency: require function is used in a way in which dependencies cannot be statically extracted[39m[22m

webpack 5.101.3 compiled with [1m[33m2 warnings[39m[22m in 438 ms
      (Attempt 1 of 4) has accessible checkboxes
      (Attempt 2 of 4) has accessible checkboxes
      (Attempt 3 of 4) has accessible checkboxes
      7) has accessible checkboxes
      - supports keyboard navigation
      - allows space/enter to toggle checkboxes
      (Attempt 1 of 4) buttons are keyboard accessible
      (Attempt 2 of 4) buttons are keyboard accessible
      (Attempt 3 of 4) buttons are keyboard accessible
      8) buttons are keyboard accessible
    Responsive Design
      âœ“ works on mobile viewport (33ms)
      (Attempt 1 of 4) maintains layout on tablet viewport
      (Attempt 2 of 4) maintains layout on tablet viewport
      (Attempt 3 of 4) maintains layout on tablet viewport
      9) maintains layout on tablet viewport
      âœ“ works on desktop viewport (41ms)
    Time Calculations
      âœ“ calculates basic mode time correctly (30ms)
      âœ“ calculates detailed mode time correctly (30ms)
      - updates time estimates when selection changes


  21 passing (7m)
  10 pending
  9 failing

  1) BasicQuestionsSelector Component
       Rendering
         shows star icon for suggested questions:
     AssertionError: Timed out retrying after 12000ms: Expected to find element: `svg`, but never found it.
      at Context.<anonymous> (webpack://FantasyWritingApp/./cypress/component/BasicQuestionsSelector.cy.tsx:131:22)
      at withinFn (http://localhost:3003/__cypress/runner/cypress_runner.js:136019:8)
      at <unknown> (http://localhost:3003/__cypress/runner/cypress_runner.js:136100:16)
      at __WEBPACK_DEFAULT_EXPORT__ (http://localhost:3003/__cypress/runner/cypress_runner.js:133958:10)
      at Context.within (http://localhost:3003/__cypress/runner/cypress_runner.js:136086:67)
      at wrapped (http://localhost:3003/__cypress/runner/cypress_runner.js:141671:19)

  2) BasicQuestionsSelector Component
       Quick Actions
         disables Apply Defaults when no suggestions exist:
     AssertionError: Timed out retrying after 12000ms: expected '<div.css-text-146c3p1>' to be 'disabled'
      at Context.<anonymous> (webpack://FantasyWritingApp/./cypress/component/BasicQuestionsSelector.cy.tsx:196:36)

  3) BasicQuestionsSelector Component
       Question Selection
         deselects question when already selected:
     AssertionError: Timed out retrying after 12000ms: Expected to find content: 'Name' within the selector: 'label' but never did.
      at Context.<anonymous> (webpack://FantasyWritingApp/./cypress/component/BasicQuestionsSelector.cy.tsx:236:9)

  4) BasicQuestionsSelector Component
       Question Selection
         maintains selection state across categories:
     AssertionError: Timed out retrying after 12000ms: Expected to find content: 'Name' within the selector: 'label' but never did.
      at Context.<anonymous> (webpack://FantasyWritingApp/./cypress/component/BasicQuestionsSelector.cy.tsx:268:9)

  5) BasicQuestionsSelector Component
       Visual Feedback
         highlights selected questions:
     AssertionError: Timed out retrying after 12000ms: Expected to find content: 'Name' within the selector: 'label' but never did.
      at Context.<anonymous> (webpack://FantasyWritingApp/./cypress/component/BasicQuestionsSelector.cy.tsx:294:9)

  6) BasicQuestionsSelector Component
       Initialization
         uses provided basicQuestionIds on mount:
     AssertionError: Timed out retrying after 12000ms: Expected to find content: 'Name' within the selector: 'label' but never did.
      at Context.<anonymous> (webpack://FantasyWritingApp/./cypress/component/BasicQuestionsSelector.cy.tsx:353:9)

  7) BasicQuestionsSelector Component
       Accessibility
         has accessible checkboxes:
     AssertionError: Timed out retrying after 12000ms: Expected to find element: `input[type="checkbox"]`, but never found it.
      at Context.<anonymous> (webpack://FantasyWritingApp/./cypress/component/BasicQuestionsSelector.cy.tsx:551:9)

  8) BasicQuestionsSelector Component
       Accessibility
         buttons are keyboard accessible:
     CypressError: `cy.focus()` can only be called on a valid focusable element. Your subject is a: `<div dir="auto" class="css-text-146c3p1" style="color: rgb(255, 255, 255);">Select All</div>`

https://on.cypress.io/focus
      at Context.focus (http://localhost:3003/__cypress/runner/cypress_runner.js:115011:70)
      at wrapped (http://localhost:3003/__cypress/runner/cypress_runner.js:141671:19)
      at <unknown> (http://localhost:3003/__cypress/runner/cypress_runner.js:147616:15)
      at tryCatcher (http://localhost:3003/__cypress/runner/cypress_runner.js:1777:23)
      at Promise._settlePromiseFromHandler (http://localhost:3003/__cypress/runner/cypress_runner.js:1489:31)
      at Promise._settlePromise (http://localhost:3003/__cypress/runner/cypress_runner.js:1546:18)
      at Promise._settlePromiseCtx (http://localhost:3003/__cypress/runner/cypress_runner.js:1583:10)
      at _drainQueueStep (http://localhost:3003/__cypress/runner/cypress_runner.js:2381:12)
      at _drainQueue (http://localhost:3003/__cypress/runner/cypress_runner.js:2370:9)
      at Async._drainQueues (http://localhost:3003/__cypress/runner/cypress_runner.js:2386:5)
      at Async.drainQueues (http://localhost:3003/__cypress/runner/cypress_runner.js:2256:14)

  9) BasicQuestionsSelector Component
       Responsive Design
         maintains layout on tablet viewport:
     AssertionError: Timed out retrying after 12000ms: Expected to find element: `grid-cols-2`, but never found it.
      at Context.<anonymous> (webpack://FantasyWritingApp/./cypress/component/BasicQuestionsSelector.cy.tsx:640:28)




  (Results)

  â”Œâ”€â”€â”€â”€â”€â”€â”€â”€â”€â”€â”€â”€â”€â”€â”€â”€â”€â”€â”€â”€â”€â”€â”€â”€â”€â”€â”€â”€â”€â”€â”€â”€â”€â”€â”€â”€â”€â”€â”€â”€â”€â”€â”€â”€â”€â”€â”€â”€â”€â”€â”€â”€â”€â”€â”€â”€â”€â”€â”€â”€â”€â”€â”€â”€â”€â”€â”€â”€â”€â”€â”€â”€â”€â”€â”€â”€â”€â”€â”€â”€â”€â”€â”€â”€â”€â”€â”€â”€â”€â”€â”€â”€â”€â”€â”€â”€â”
  â”‚ Tests:        40                                                                               â”‚
  â”‚ Passing:      21                                                                               â”‚
  â”‚ Failing:      9                                                                                â”‚
  â”‚ Pending:      10                                                                               â”‚
  â”‚ Skipped:      0                                                                                â”‚
  â”‚ Screenshots:  36                                                                               â”‚
  â”‚ Video:        false                                                                            â”‚
  â”‚ Duration:     6 minutes, 31 seconds                                                            â”‚
  â”‚ Spec Ran:     BasicQuestionsSelector.cy.tsx                                                    â”‚
  â””â”€â”€â”€â”€â”€â”€â”€â”€â”€â”€â”€â”€â”€â”€â”€â”€â”€â”€â”€â”€â”€â”€â”€â”€â”€â”€â”€â”€â”€â”€â”€â”€â”€â”€â”€â”€â”€â”€â”€â”€â”€â”€â”€â”€â”€â”€â”€â”€â”€â”€â”€â”€â”€â”€â”€â”€â”€â”€â”€â”€â”€â”€â”€â”€â”€â”€â”€â”€â”€â”€â”€â”€â”€â”€â”€â”€â”€â”€â”€â”€â”€â”€â”€â”€â”€â”€â”€â”€â”€â”€â”€â”€â”€â”€â”€â”€â”˜


  (Screenshots)

  -  /Users/jacobstoragepug/Desktop/FantasyWritingApp/cypress/screenshots/BasicQuesti    (2560x1440)
     onsSelector.cy.tsx/BasicQuestionsSelector Component -- Rendering -- shows star i               
     con for suggested questions (failed).png                                                       
  -  /Users/jacobstoragepug/Desktop/FantasyWritingApp/cypress/screenshots/BasicQuesti    (2560x1440)
     onsSelector.cy.tsx/BasicQuestionsSelector Component -- Rendering -- shows star i               
     con for suggested questions (failed) (attempt 2).png                                           
  -  /Users/jacobstoragepug/Desktop/FantasyWritingApp/cypress/screenshots/BasicQuesti    (2560x1440)
     onsSelector.cy.tsx/BasicQuestionsSelector Component -- Rendering -- shows star i               
     con for suggested questions (failed) (attempt 3).png                                           
  -  /Users/jacobstoragepug/Desktop/FantasyWritingApp/cypress/screenshots/BasicQuesti    (2560x1440)
     onsSelector.cy.tsx/BasicQuestionsSelector Component -- Rendering -- shows star i               
     con for suggested questions (failed) (attempt 4).png                                           
  -  /Users/jacobstoragepug/Desktop/FantasyWritingApp/cypress/screenshots/BasicQuesti    (2560x1440)
     onsSelector.cy.tsx/BasicQuestionsSelector Component -- Quick Actions -- disables               
      Apply Defaults when no suggestions exist (failed).png                                         
  -  /Users/jacobstoragepug/Desktop/FantasyWritingApp/cypress/screenshots/BasicQuesti    (2560x1440)
     onsSelector.cy.tsx/BasicQuestionsSelector Component -- Quick Actions -- disables               
      Apply Defaults when no suggestions exist (failed) (attempt 2).png                             
  -  /Users/jacobstoragepug/Desktop/FantasyWritingApp/cypress/screenshots/BasicQuesti    (2560x1440)
     onsSelector.cy.tsx/BasicQuestionsSelector Component -- Quick Actions -- disables               
      Apply Defaults when no suggestions exist (failed) (attempt 3).png                             
  -  /Users/jacobstoragepug/Desktop/FantasyWritingApp/cypress/screenshots/BasicQuesti    (2560x1440)
     onsSelector.cy.tsx/BasicQuestionsSelector Component -- Quick Actions -- disables               
      Apply Defaults when no suggestions exist (failed) (attempt 4).png                             
  -  /Users/jacobstoragepug/Desktop/FantasyWritingApp/cypress/screenshots/BasicQuesti    (2560x1440)
     onsSelector.cy.tsx/BasicQuestionsSelector Component -- Question Selection -- des               
     elects question when already selected (failed).png                                             
  -  /Users/jacobstoragepug/Desktop/FantasyWritingApp/cypress/screenshots/BasicQuesti    (2560x1440)
     onsSelector.cy.tsx/BasicQuestionsSelector Component -- Question Selection -- des               
     elects question when already selected (failed) (attempt 2).png                                 
  -  /Users/jacobstoragepug/Desktop/FantasyWritingApp/cypress/screenshots/BasicQuesti    (2560x1440)
     onsSelector.cy.tsx/BasicQuestionsSelector Component -- Question Selection -- des               
     elects question when already selected (failed) (attempt 3).png                                 
  -  /Users/jacobstoragepug/Desktop/FantasyWritingApp/cypress/screenshots/BasicQuesti    (2560x1440)
     onsSelector.cy.tsx/BasicQuestionsSelector Component -- Question Selection -- des               
     elects question when already selected (failed) (attempt 4).png                                 
  -  /Users/jacobstoragepug/Desktop/FantasyWritingApp/cypress/screenshots/BasicQuesti    (2560x1440)
     onsSelector.cy.tsx/BasicQuestionsSelector Component -- Question Selection -- mai               
     ntains selection state across categories (failed).png                                          
  -  /Users/jacobstoragepug/Desktop/FantasyWritingApp/cypress/screenshots/BasicQuesti    (2560x1440)
     onsSelector.cy.tsx/BasicQuestionsSelector Component -- Question Selection -- mai               
     ntains selection state across categories (failed) (attempt 2).png                              
  -  /Users/jacobstoragepug/Desktop/FantasyWritingApp/cypress/screenshots/BasicQuesti    (2560x1440)
     onsSelector.cy.tsx/BasicQuestionsSelector Component -- Question Selection -- mai               
     ntains selection state across categories (failed) (attempt 3).png                              
  -  /Users/jacobstoragepug/Desktop/FantasyWritingApp/cypress/screenshots/BasicQuesti    (2560x1440)
     onsSelector.cy.tsx/BasicQuestionsSelector Component -- Question Selection -- mai               
     ntains selection state across categories (failed) (attempt 4).png                              
  -  /Users/jacobstoragepug/Desktop/FantasyWritingApp/cypress/screenshots/BasicQuesti    (2560x1440)
     onsSelector.cy.tsx/BasicQuestionsSelector Component -- Visual Feedback -- highli               
     ghts selected questions (failed).png                                                           
  -  /Users/jacobstoragepug/Desktop/FantasyWritingApp/cypress/screenshots/BasicQuesti    (2560x1440)
     onsSelector.cy.tsx/BasicQuestionsSelector Component -- Visual Feedback -- highli               
     ghts selected questions (failed) (attempt 2).png                                               
  -  /Users/jacobstoragepug/Desktop/FantasyWritingApp/cypress/screenshots/BasicQuesti    (2560x1440)
     onsSelector.cy.tsx/BasicQuestionsSelector Component -- Visual Feedback -- highli               
     ghts selected questions (failed) (attempt 3).png                                               
  -  /Users/jacobstoragepug/Desktop/FantasyWritingApp/cypress/screenshots/BasicQuesti    (2560x1440)
     onsSelector.cy.tsx/BasicQuestionsSelector Component -- Visual Feedback -- highli               
     ghts selected questions (failed) (attempt 4).png                                               
  -  /Users/jacobstoragepug/Desktop/FantasyWritingApp/cypress/screenshots/BasicQuesti    (2560x1440)
     onsSelector.cy.tsx/BasicQuestionsSelector Component -- Initialization -- uses pr               
     ovided basicQuestionIds on mount (failed).png                                                  
  -  /Users/jacobstoragepug/Desktop/FantasyWritingApp/cypress/screenshots/BasicQuesti    (2560x1440)
     onsSelector.cy.tsx/BasicQuestionsSelector Component -- Initialization -- uses pr               
     ovided basicQuestionIds on mount (failed) (attempt 2).png                                      
  -  /Users/jacobstoragepug/Desktop/FantasyWritingApp/cypress/screenshots/BasicQuesti    (2560x1440)
     onsSelector.cy.tsx/BasicQuestionsSelector Component -- Initialization -- uses pr               
     ovided basicQuestionIds on mount (failed) (attempt 3).png                                      
  -  /Users/jacobstoragepug/Desktop/FantasyWritingApp/cypress/screenshots/BasicQuesti    (2560x1440)
     onsSelector.cy.tsx/BasicQuestionsSelector Component -- Initialization -- uses pr               
     ovided basicQuestionIds on mount (failed) (attempt 4).png                                      
  -  /Users/jacobstoragepug/Desktop/FantasyWritingApp/cypress/screenshots/BasicQuesti    (2560x1440)
     onsSelector.cy.tsx/BasicQuestionsSelector Component -- Accessibility -- has acce               
     ssible checkboxes (failed).png                                                                 
  -  /Users/jacobstoragepug/Desktop/FantasyWritingApp/cypress/screenshots/BasicQuesti    (2560x1440)
     onsSelector.cy.tsx/BasicQuestionsSelector Component -- Accessibility -- has acce               
     ssible checkboxes (failed) (attempt 2).png                                                     
  -  /Users/jacobstoragepug/Desktop/FantasyWritingApp/cypress/screenshots/BasicQuesti    (2560x1440)
     onsSelector.cy.tsx/BasicQuestionsSelector Component -- Accessibility -- has acce               
     ssible checkboxes (failed) (attempt 3).png                                                     
  -  /Users/jacobstoragepug/Desktop/FantasyWritingApp/cypress/screenshots/BasicQuesti    (2560x1440)
     onsSelector.cy.tsx/BasicQuestionsSelector Component -- Accessibility -- has acce               
     ssible checkboxes (failed) (attempt 4).png                                                     
  -  /Users/jacobstoragepug/Desktop/FantasyWritingApp/cypress/screenshots/BasicQuesti    (2560x1440)
     onsSelector.cy.tsx/BasicQuestionsSelector Component -- Accessibility -- buttons                
     are keyboard accessible (failed).png                                                           
  -  /Users/jacobstoragepug/Desktop/FantasyWritingApp/cypress/screenshots/BasicQuesti    (2560x1440)
     onsSelector.cy.tsx/BasicQuestionsSelector Component -- Accessibility -- buttons                
     are keyboard accessible (failed) (attempt 2).png                                               
  -  /Users/jacobstoragepug/Desktop/FantasyWritingApp/cypress/screenshots/BasicQuesti    (2560x1440)
     onsSelector.cy.tsx/BasicQuestionsSelector Component -- Accessibility -- buttons                
     are keyboard accessible (failed) (attempt 3).png                                               
  -  /Users/jacobstoragepug/Desktop/FantasyWritingApp/cypress/screenshots/BasicQuesti    (2560x1440)
     onsSelector.cy.tsx/BasicQuestionsSelector Component -- Accessibility -- buttons                
     are keyboard accessible (failed) (attempt 4).png                                               
  -  /Users/jacobstoragepug/Desktop/FantasyWritingApp/cypress/screenshots/BasicQuesti    (2560x1440)
     onsSelector.cy.tsx/BasicQuestionsSelector Component -- Responsive Design -- main               
     tains layout on tablet viewport (failed).png                                                   
  -  /Users/jacobstoragepug/Desktop/FantasyWritingApp/cypress/screenshots/BasicQuesti    (2560x1440)
     onsSelector.cy.tsx/BasicQuestionsSelector Component -- Responsive Design -- main               
     tains layout on tablet viewport (failed) (attempt 2).png                                       
  -  /Users/jacobstoragepug/Desktop/FantasyWritingApp/cypress/screenshots/BasicQuesti    (2560x1440)
     onsSelector.cy.tsx/BasicQuestionsSelector Component -- Responsive Design -- main               
     tains layout on tablet viewport (failed) (attempt 3).png                                       
  -  /Users/jacobstoragepug/Desktop/FantasyWritingApp/cypress/screenshots/BasicQuesti    (2560x1440)
     onsSelector.cy.tsx/BasicQuestionsSelector Component -- Responsive Design -- main               
     tains layout on tablet viewport (failed) (attempt 4).png                                       


â”€â”€â”€â”€â”€â”€â”€â”€â”€â”€â”€â”€â”€â”€â”€â”€â”€â”€â”€â”€â”€â”€â”€â”€â”€â”€â”€â”€â”€â”€â”€â”€â”€â”€â”€â”€â”€â”€â”€â”€â”€â”€â”€â”€â”€â”€â”€â”€â”€â”€â”€â”€â”€â”€â”€â”€â”€â”€â”€â”€â”€â”€â”€â”€â”€â”€â”€â”€â”€â”€â”€â”€â”€â”€â”€â”€â”€â”€â”€â”€â”€â”€â”€â”€â”€â”€â”€â”€â”€â”€â”€â”€â”€â”€â”€â”€â”€â”€â”€â”€
                                                                                                    
  Running:  BasicQuestionsSelector.fixed.cy.tsx                                            (9 of 65)
14 assets
314 modules

[1m[33mWARNING[39m[22m in [1m./node_modules/cypress-axe/dist/index.js[39m[22m [1m[32m17:37-44[39m[22m
[1mCritical dependency: require function is used in a way in which dependencies cannot be statically extracted[39m[22m

[1m[33mWARNING[39m[22m in [1m./node_modules/cypress-axe/dist/index.js[39m[22m [1m[32m17:67-74[39m[22m
[1mCritical dependency: require function is used in a way in which dependencies cannot be statically extracted[39m[22m

webpack 5.101.3 compiled with [1m[33m2 warnings[39m[22m in 63 ms


  BasicQuestionsSelector Component - Fixed
    Rendering
      âœ“ renders with title and description (59ms)
      âœ“ displays question statistics (36ms)
      âœ“ shows estimated completion times (30ms)
      âœ“ groups questions by category (34ms)
    Quick Actions
      (Attempt 1 of 4) applies default suggestions when clicked
      (Attempt 2 of 4) applies default suggestions when clicked
      (Attempt 3 of 4) applies default suggestions when clicked
      1) applies default suggestions when clicked
      (Attempt 1 of 4) selects all questions when Select All is clicked
      (Attempt 2 of 4) selects all questions when Select All is clicked
      (Attempt 3 of 4) selects all questions when Select All is clicked
      2) selects all questions when Select All is clicked
      (Attempt 1 of 4) deselects all questions when Select None is clicked
      (Attempt 2 of 4) deselects all questions when Select None is clicked
      (Attempt 3 of 4) deselects all questions when Select None is clicked
      3) deselects all questions when Select None is clicked
    Question Selection
      (Attempt 1 of 4) toggles question selection when checkbox is clicked
      (Attempt 2 of 4) toggles question selection when checkbox is clicked
      (Attempt 3 of 4) toggles question selection when checkbox is clicked
      4) toggles question selection when checkbox is clicked
      (Attempt 1 of 4) maintains selection state across categories
      (Attempt 2 of 4) maintains selection state across categories
      (Attempt 3 of 4) maintains selection state across categories
      5) maintains selection state across categories
    Visual Feedback
      âœ“ shows summary when questions are selected (33ms)
    Initialization
      (Attempt 1 of 4) uses provided basicQuestionIds on mount
      (Attempt 2 of 4) uses provided basicQuestionIds on mount
      (Attempt 3 of 4) uses provided basicQuestionIds on mount
      6) uses provided basicQuestionIds on mount
    Edge Cases
      âœ“ handles empty questions array (41ms)
      âœ“ handles questions without categories (33ms)
    Responsive Design
      âœ“ works on mobile viewport (32ms)
      âœ“ maintains layout on tablet viewport (31ms)
    Time Calculations
      âœ“ calculates basic mode time correctly (31ms)
      âœ“ calculates detailed mode time correctly (32ms)


  11 passing (5m)
  6 failing

  1) BasicQuestionsSelector Component - Fixed
       Quick Actions
         applies default suggestions when clicked:
     AssertionError: Timed out retrying after 12000ms: Expected to find element: `[data-testid="Apply Defaults"]`, but never found it.
      at Context.<anonymous> (webpack://FantasyWritingApp/./cypress/support/react-native-commands.ts:153:12)
      at wrapped (http://localhost:3003/__cypress/runner/cypress_runner.js:141663:43)

  2) BasicQuestionsSelector Component - Fixed
       Quick Actions
         selects all questions when Select All is clicked:
     AssertionError: Timed out retrying after 12000ms: Expected to find element: `[data-testid="Select All"]`, but never found it.
      at Context.<anonymous> (webpack://FantasyWritingApp/./cypress/support/react-native-commands.ts:153:12)
      at wrapped (http://localhost:3003/__cypress/runner/cypress_runner.js:141663:43)

  3) BasicQuestionsSelector Component - Fixed
       Quick Actions
         deselects all questions when Select None is clicked:
     AssertionError: Timed out retrying after 12000ms: Expected to find element: `[data-testid="Select None"]`, but never found it.
      at Context.<anonymous> (webpack://FantasyWritingApp/./cypress/support/react-native-commands.ts:153:12)
      at wrapped (http://localhost:3003/__cypress/runner/cypress_runner.js:141663:43)

  4) BasicQuestionsSelector Component - Fixed
       Question Selection
         toggles question selection when checkbox is clicked:
     AssertionError: Timed out retrying after 12000ms: Expected to find element: `[data-testid="question-checkbox-name"]`, but never found it.
      at Context.<anonymous> (webpack://FantasyWritingApp/./cypress/support/react-native-commands.ts:153:12)
      at wrapped (http://localhost:3003/__cypress/runner/cypress_runner.js:141663:43)

  5) BasicQuestionsSelector Component - Fixed
       Question Selection
         maintains selection state across categories:
     AssertionError: Timed out retrying after 12000ms: Expected to find element: `[data-testid="question-checkbox-name"]`, but never found it.
      at Context.<anonymous> (webpack://FantasyWritingApp/./cypress/component/BasicQuestionsSelector.fixed.cy.tsx:173:41)

  6) BasicQuestionsSelector Component - Fixed
       Initialization
         uses provided basicQuestionIds on mount:
     AssertionError: Timed out retrying after 12000ms: Expected to find element: `[data-testid="question-checkbox-name"]`, but never found it.
      at Context.<anonymous> (webpack://FantasyWritingApp/./cypress/component/BasicQuestionsSelector.fixed.cy.tsx:206:41)




  (Results)

  â”Œâ”€â”€â”€â”€â”€â”€â”€â”€â”€â”€â”€â”€â”€â”€â”€â”€â”€â”€â”€â”€â”€â”€â”€â”€â”€â”€â”€â”€â”€â”€â”€â”€â”€â”€â”€â”€â”€â”€â”€â”€â”€â”€â”€â”€â”€â”€â”€â”€â”€â”€â”€â”€â”€â”€â”€â”€â”€â”€â”€â”€â”€â”€â”€â”€â”€â”€â”€â”€â”€â”€â”€â”€â”€â”€â”€â”€â”€â”€â”€â”€â”€â”€â”€â”€â”€â”€â”€â”€â”€â”€â”€â”€â”€â”€â”€â”€â”
  â”‚ Tests:        17                                                                               â”‚
  â”‚ Passing:      11                                                                               â”‚
  â”‚ Failing:      6                                                                                â”‚
  â”‚ Pending:      0                                                                                â”‚
  â”‚ Skipped:      0                                                                                â”‚
  â”‚ Screenshots:  24                                                                               â”‚
  â”‚ Video:        false                                                                            â”‚
  â”‚ Duration:     4 minutes, 52 seconds                                                            â”‚
  â”‚ Spec Ran:     BasicQuestionsSelector.fixed.cy.tsx                                              â”‚
  â””â”€â”€â”€â”€â”€â”€â”€â”€â”€â”€â”€â”€â”€â”€â”€â”€â”€â”€â”€â”€â”€â”€â”€â”€â”€â”€â”€â”€â”€â”€â”€â”€â”€â”€â”€â”€â”€â”€â”€â”€â”€â”€â”€â”€â”€â”€â”€â”€â”€â”€â”€â”€â”€â”€â”€â”€â”€â”€â”€â”€â”€â”€â”€â”€â”€â”€â”€â”€â”€â”€â”€â”€â”€â”€â”€â”€â”€â”€â”€â”€â”€â”€â”€â”€â”€â”€â”€â”€â”€â”€â”€â”€â”€â”€â”€â”€â”˜


  (Screenshots)

  -  /Users/jacobstoragepug/Desktop/FantasyWritingApp/cypress/screenshots/BasicQuesti    (2560x1440)
     onsSelector.fixed.cy.tsx/BasicQuestionsSelector Component - Fixed -- Quick Actio               
     ns -- applies default suggestions when clicked (failed).png                                    
  -  /Users/jacobstoragepug/Desktop/FantasyWritingApp/cypress/screenshots/BasicQuesti    (2560x1440)
     onsSelector.fixed.cy.tsx/BasicQuestionsSelector Component - Fixed -- Quick Actio               
     ns -- applies default suggestions when clicked (failed) (attempt 2).png                        
  -  /Users/jacobstoragepug/Desktop/FantasyWritingApp/cypress/screenshots/BasicQuesti    (2560x1440)
     onsSelector.fixed.cy.tsx/BasicQuestionsSelector Component - Fixed -- Quick Actio               
     ns -- applies default suggestions when clicked (failed) (attempt 3).png                        
  -  /Users/jacobstoragepug/Desktop/FantasyWritingApp/cypress/screenshots/BasicQuesti    (2560x1440)
     onsSelector.fixed.cy.tsx/BasicQuestionsSelector Component - Fixed -- Quick Actio               
     ns -- applies default suggestions when clicked (failed) (attempt 4).png                        
  -  /Users/jacobstoragepug/Desktop/FantasyWritingApp/cypress/screenshots/BasicQuesti    (2560x1440)
     onsSelector.fixed.cy.tsx/BasicQuestionsSelector Component - Fixed -- Quick Actio               
     ns -- selects all questions when Select All is clicked (failed).png                            
  -  /Users/jacobstoragepug/Desktop/FantasyWritingApp/cypress/screenshots/BasicQuesti    (2560x1440)
     onsSelector.fixed.cy.tsx/BasicQuestionsSelector Component - Fixed -- Quick Actio               
     ns -- selects all questions when Select All is clicked (failed) (attempt 2).png                
  -  /Users/jacobstoragepug/Desktop/FantasyWritingApp/cypress/screenshots/BasicQuesti    (2560x1440)
     onsSelector.fixed.cy.tsx/BasicQuestionsSelector Component - Fixed -- Quick Actio               
     ns -- selects all questions when Select All is clicked (failed) (attempt 3).png                
  -  /Users/jacobstoragepug/Desktop/FantasyWritingApp/cypress/screenshots/BasicQuesti    (2560x1440)
     onsSelector.fixed.cy.tsx/BasicQuestionsSelector Component - Fixed -- Quick Actio               
     ns -- selects all questions when Select All is clicked (failed) (attempt 4).png                
  -  /Users/jacobstoragepug/Desktop/FantasyWritingApp/cypress/screenshots/BasicQuesti    (2560x1440)
     onsSelector.fixed.cy.tsx/BasicQuestionsSelector Component - Fixed -- Quick Actio               
     ns -- deselects all questions when Select None is clicked (failed).png                         
  -  /Users/jacobstoragepug/Desktop/FantasyWritingApp/cypress/screenshots/BasicQuesti    (2560x1440)
     onsSelector.fixed.cy.tsx/BasicQuestionsSelector Component - Fixed -- Quick Actio               
     ns -- deselects all questions when Select None is clicked (failed) (attempt 2).p               
     ng                                                                                             
  -  /Users/jacobstoragepug/Desktop/FantasyWritingApp/cypress/screenshots/BasicQuesti    (2560x1440)
     onsSelector.fixed.cy.tsx/BasicQuestionsSelector Component - Fixed -- Quick Actio               
     ns -- deselects all questions when Select None is clicked (failed) (attempt 3).p               
     ng                                                                                             
  -  /Users/jacobstoragepug/Desktop/FantasyWritingApp/cypress/screenshots/BasicQuesti    (2560x1440)
     onsSelector.fixed.cy.tsx/BasicQuestionsSelector Component - Fixed -- Quick Actio               
     ns -- deselects all questions when Select None is clicked (failed) (attempt 4).p               
     ng                                                                                             
  -  /Users/jacobstoragepug/Desktop/FantasyWritingApp/cypress/screenshots/BasicQuesti    (2560x1440)
     onsSelector.fixed.cy.tsx/BasicQuestionsSelector Component - Fixed -- Question Se               
     lection -- toggles question selection when checkbox is clicked (failed).png                    
  -  /Users/jacobstoragepug/Desktop/FantasyWritingApp/cypress/screenshots/BasicQuesti    (2560x1440)
     onsSelector.fixed.cy.tsx/BasicQuestionsSelector Component - Fixed -- Question Se               
     lection -- toggles question selection when checkbox is clicked (failed) (attempt               
      2).png                                                                                        
  -  /Users/jacobstoragepug/Desktop/FantasyWritingApp/cypress/screenshots/BasicQuesti    (2560x1440)
     onsSelector.fixed.cy.tsx/BasicQuestionsSelector Component - Fixed -- Question Se               
     lection -- toggles question selection when checkbox is clicked (failed) (attempt               
      3).png                                                                                        
  -  /Users/jacobstoragepug/Desktop/FantasyWritingApp/cypress/screenshots/BasicQuesti    (2560x1440)
     onsSelector.fixed.cy.tsx/BasicQuestionsSelector Component - Fixed -- Question Se               
     lection -- toggles question selection when checkbox is clicked (failed) (attempt               
      4).png                                                                                        
  -  /Users/jacobstoragepug/Desktop/FantasyWritingApp/cypress/screenshots/BasicQuesti    (2560x1440)
     onsSelector.fixed.cy.tsx/BasicQuestionsSelector Component - Fixed -- Question Se               
     lection -- maintains selection state across categories (failed).png                            
  -  /Users/jacobstoragepug/Desktop/FantasyWritingApp/cypress/screenshots/BasicQuesti    (2560x1440)
     onsSelector.fixed.cy.tsx/BasicQuestionsSelector Component - Fixed -- Question Se               
     lection -- maintains selection state across categories (failed) (attempt 2).png                
  -  /Users/jacobstoragepug/Desktop/FantasyWritingApp/cypress/screenshots/BasicQuesti    (2560x1440)
     onsSelector.fixed.cy.tsx/BasicQuestionsSelector Component - Fixed -- Question Se               
     lection -- maintains selection state across categories (failed) (attempt 3).png                
  -  /Users/jacobstoragepug/Desktop/FantasyWritingApp/cypress/screenshots/BasicQuesti    (2560x1440)
     onsSelector.fixed.cy.tsx/BasicQuestionsSelector Component - Fixed -- Question Se               
     lection -- maintains selection state across categories (failed) (attempt 4).png                
  -  /Users/jacobstoragepug/Desktop/FantasyWritingApp/cypress/screenshots/BasicQuesti    (2560x1440)
     onsSelector.fixed.cy.tsx/BasicQuestionsSelector Component - Fixed -- Initializat               
     ion -- uses provided basicQuestionIds on mount (failed).png                                    
  -  /Users/jacobstoragepug/Desktop/FantasyWritingApp/cypress/screenshots/BasicQuesti    (2560x1440)
     onsSelector.fixed.cy.tsx/BasicQuestionsSelector Component - Fixed -- Initializat               
     ion -- uses provided basicQuestionIds on mount (failed) (attempt 2).png                        
  -  /Users/jacobstoragepug/Desktop/FantasyWritingApp/cypress/screenshots/BasicQuesti    (2560x1440)
     onsSelector.fixed.cy.tsx/BasicQuestionsSelector Component - Fixed -- Initializat               
     ion -- uses provided basicQuestionIds on mount (failed) (attempt 3).png                        
  -  /Users/jacobstoragepug/Desktop/FantasyWritingApp/cypress/screenshots/BasicQuesti    (2560x1440)
     onsSelector.fixed.cy.tsx/BasicQuestionsSelector Component - Fixed -- Initializat               
     ion -- uses provided basicQuestionIds on mount (failed) (attempt 4).png                        


â”€â”€â”€â”€â”€â”€â”€â”€â”€â”€â”€â”€â”€â”€â”€â”€â”€â”€â”€â”€â”€â”€â”€â”€â”€â”€â”€â”€â”€â”€â”€â”€â”€â”€â”€â”€â”€â”€â”€â”€â”€â”€â”€â”€â”€â”€â”€â”€â”€â”€â”€â”€â”€â”€â”€â”€â”€â”€â”€â”€â”€â”€â”€â”€â”€â”€â”€â”€â”€â”€â”€â”€â”€â”€â”€â”€â”€â”€â”€â”€â”€â”€â”€â”€â”€â”€â”€â”€â”€â”€â”€â”€â”€â”€â”€â”€â”€â”€â”€â”€
                                                                                                    
  Running:  BasicQuestionsSelector.simple.cy.tsx                                          (10 of 65)
14 assets
315 modules

[1m[33mWARNING[39m[22m in [1m./node_modules/cypress-axe/dist/index.js[39m[22m [1m[32m17:37-44[39m[22m
[1mCritical dependency: require function is used in a way in which dependencies cannot be statically extracted[39m[22m

[1m[33mWARNING[39m[22m in [1m./node_modules/cypress-axe/dist/index.js[39m[22m [1m[32m17:67-74[39m[22m
[1mCritical dependency: require function is used in a way in which dependencies cannot be statically extracted[39m[22m

webpack 5.101.3 compiled with [1m[33m2 warnings[39m[22m in 77 ms


  BasicQuestionsSelector Simplified Tests
    Core Functionality
      âœ“ renders without crashing (50ms)
      âœ“ displays question count (30ms)
      (Attempt 1 of 4) toggles question [data-cy*="select"]ion
      (Attempt 2 of 4) toggles question [data-cy*="select"]ion
      (Attempt 3 of 4) toggles question [data-cy*="select"]ion
      1) toggles question [data-cy*="select"]ion
      âœ“ [data-cy*="select"]s all questions (113ms)
      âœ“ clears all [data-cy*="select"]ions (105ms)
      (Attempt 1 of 4) maintains [data-cy*="select"]ed state
      (Attempt 2 of 4) maintains [data-cy*="select"]ed state
      (Attempt 3 of 4) maintains [data-cy*="select"]ed state
      2) maintains [data-cy*="select"]ed state


  4 passing (2m)
  2 failing

  1) BasicQuestionsSelector Simplified Tests
       Core Functionality
         toggles question [data-cy*="select"]ion:
     AssertionError: Timed out retrying after 12000ms: Expected to find content: 'Name' within the selector: 'label' but never did.
      at Context.<anonymous> (webpack://FantasyWritingApp/./cypress/component/BasicQuestionsSelector.simple.cy.tsx:56:9)

  2) BasicQuestionsSelector Simplified Tests
       Core Functionality
         maintains [data-cy*="select"]ed state:
     AssertionError: Timed out retrying after 12000ms: Expected to find content: 'Name' within the selector: 'label' but never did.
      at Context.<anonymous> (webpack://FantasyWritingApp/./cypress/component/BasicQuestionsSelector.simple.cy.tsx:109:9)




  (Results)

  â”Œâ”€â”€â”€â”€â”€â”€â”€â”€â”€â”€â”€â”€â”€â”€â”€â”€â”€â”€â”€â”€â”€â”€â”€â”€â”€â”€â”€â”€â”€â”€â”€â”€â”€â”€â”€â”€â”€â”€â”€â”€â”€â”€â”€â”€â”€â”€â”€â”€â”€â”€â”€â”€â”€â”€â”€â”€â”€â”€â”€â”€â”€â”€â”€â”€â”€â”€â”€â”€â”€â”€â”€â”€â”€â”€â”€â”€â”€â”€â”€â”€â”€â”€â”€â”€â”€â”€â”€â”€â”€â”€â”€â”€â”€â”€â”€â”€â”
  â”‚ Tests:        6                                                                                â”‚
  â”‚ Passing:      4                                                                                â”‚
  â”‚ Failing:      2                                                                                â”‚
  â”‚ Pending:      0                                                                                â”‚
  â”‚ Skipped:      0                                                                                â”‚
  â”‚ Screenshots:  8                                                                                â”‚
  â”‚ Video:        false                                                                            â”‚
  â”‚ Duration:     1 minute, 37 seconds                                                             â”‚
  â”‚ Spec Ran:     BasicQuestionsSelector.simple.cy.tsx                                             â”‚
  â””â”€â”€â”€â”€â”€â”€â”€â”€â”€â”€â”€â”€â”€â”€â”€â”€â”€â”€â”€â”€â”€â”€â”€â”€â”€â”€â”€â”€â”€â”€â”€â”€â”€â”€â”€â”€â”€â”€â”€â”€â”€â”€â”€â”€â”€â”€â”€â”€â”€â”€â”€â”€â”€â”€â”€â”€â”€â”€â”€â”€â”€â”€â”€â”€â”€â”€â”€â”€â”€â”€â”€â”€â”€â”€â”€â”€â”€â”€â”€â”€â”€â”€â”€â”€â”€â”€â”€â”€â”€â”€â”€â”€â”€â”€â”€â”€â”˜


  (Screenshots)

  -  /Users/jacobstoragepug/Desktop/FantasyWritingApp/cypress/screenshots/BasicQuesti    (2560x1440)
     onsSelector.simple.cy.tsx/BasicQuestionsSelector Simplified Tests -- Core Functi               
     onality -- toggles question [data-cy=select]ion (failed).png                                   
  -  /Users/jacobstoragepug/Desktop/FantasyWritingApp/cypress/screenshots/BasicQuesti    (2560x1440)
     onsSelector.simple.cy.tsx/BasicQuestionsSelector Simplified Tests -- Core Functi               
     onality -- toggles question [data-cy=select]ion (failed) (attempt 2).png                       
  -  /Users/jacobstoragepug/Desktop/FantasyWritingApp/cypress/screenshots/BasicQuesti    (2560x1440)
     onsSelector.simple.cy.tsx/BasicQuestionsSelector Simplified Tests -- Core Functi               
     onality -- toggles question [data-cy=select]ion (failed) (attempt 3).png                       
  -  /Users/jacobstoragepug/Desktop/FantasyWritingApp/cypress/screenshots/BasicQuesti    (2560x1440)
     onsSelector.simple.cy.tsx/BasicQuestionsSelector Simplified Tests -- Core Functi               
     onality -- toggles question [data-cy=select]ion (failed) (attempt 4).png                       
  -  /Users/jacobstoragepug/Desktop/FantasyWritingApp/cypress/screenshots/BasicQuesti    (2560x1440)
     onsSelector.simple.cy.tsx/BasicQuestionsSelector Simplified Tests -- Core Functi               
     onality -- maintains [data-cy=select]ed state (failed).png                                     
  -  /Users/jacobstoragepug/Desktop/FantasyWritingApp/cypress/screenshots/BasicQuesti    (2560x1440)
     onsSelector.simple.cy.tsx/BasicQuestionsSelector Simplified Tests -- Core Functi               
     onality -- maintains [data-cy=select]ed state (failed) (attempt 2).png                         
  -  /Users/jacobstoragepug/Desktop/FantasyWritingApp/cypress/screenshots/BasicQuesti    (2560x1440)
     onsSelector.simple.cy.tsx/BasicQuestionsSelector Simplified Tests -- Core Functi               
     onality -- maintains [data-cy=select]ed state (failed) (attempt 3).png                         
  -  /Users/jacobstoragepug/Desktop/FantasyWritingApp/cypress/screenshots/BasicQuesti    (2560x1440)
     onsSelector.simple.cy.tsx/BasicQuestionsSelector Simplified Tests -- Core Functi               
     onality -- maintains [data-cy=select]ed state (failed) (attempt 4).png                         


â”€â”€â”€â”€â”€â”€â”€â”€â”€â”€â”€â”€â”€â”€â”€â”€â”€â”€â”€â”€â”€â”€â”€â”€â”€â”€â”€â”€â”€â”€â”€â”€â”€â”€â”€â”€â”€â”€â”€â”€â”€â”€â”€â”€â”€â”€â”€â”€â”€â”€â”€â”€â”€â”€â”€â”€â”€â”€â”€â”€â”€â”€â”€â”€â”€â”€â”€â”€â”€â”€â”€â”€â”€â”€â”€â”€â”€â”€â”€â”€â”€â”€â”€â”€â”€â”€â”€â”€â”€â”€â”€â”€â”€â”€â”€â”€â”€â”€â”€â”€
                                                                                                    
  Running:  Breadcrumb.cy.tsx                                                             (11 of 65)
14 assets
323 modules

[1m[33mWARNING[39m[22m in [1m./node_modules/cypress-axe/dist/index.js[39m[22m [1m[32m17:37-44[39m[22m
[1mCritical dependency: require function is used in a way in which dependencies cannot be statically extracted[39m[22m

[1m[33mWARNING[39m[22m in [1m./node_modules/cypress-axe/dist/index.js[39m[22m [1m[32m17:67-74[39m[22m
[1mCritical dependency: require function is used in a way in which dependencies cannot be statically extracted[39m[22m

webpack 5.101.3 compiled with [1m[33m2 warnings[39m[22m in 308 ms


  Breadcrumb Component
    Rendering
      âœ“ renders breadcrumb navigation (50ms)
      âœ“ renders single item without chevron (29ms)
      (Attempt 1 of 4) renders chevron separators between items
      (Attempt 2 of 4) renders chevron separators between items
      (Attempt 3 of 4) renders chevron separators between items
      1) renders chevron separators between items
      (Attempt 1 of 4) renders last item as plain text
      (Attempt 2 of 4) renders last item as plain text
      (Attempt 3 of 4) renders last item as plain text
      2) renders last item as plain text
      (Attempt 1 of 4) renders non-last items as links when href provided
      (Attempt 2 of 4) renders non-last items as links when href provided
      (Attempt 3 of 4) renders non-last items as links when href provided
      3) renders non-last items as links when href provided
      (Attempt 1 of 4) renders items without href as plain text
      (Attempt 2 of 4) renders items without href as plain text
      (Attempt 3 of 4) renders items without href as plain text
      4) renders items without href as plain text
    Navigation
      (Attempt 1 of 4) makes links clickable
      (Attempt 2 of 4) makes links clickable
      (Attempt 3 of 4) makes links clickable
      5) makes links clickable
      (Attempt 1 of 4) last item is not clickable
      (Attempt 2 of 4) last item is not clickable
      (Attempt 3 of 4) last item is not clickable
      6) last item is not clickable
    Styling
      (Attempt 1 of 4) applies hover effect to links
      (Attempt 2 of 4) applies hover effect to links
      (Attempt 3 of 4) applies hover effect to links
      7) applies hover effect to links
      (Attempt 1 of 4) applies correct text color to items
      (Attempt 2 of 4) applies correct text color to items
      (Attempt 3 of 4) applies correct text color to items
      8) applies correct text color to items
      (Attempt 1 of 4) applies correct spacing
The Test Runner unexpectedly exited via a exit event with signal SIGKILL

Please search Cypress documentation for possible solutions:

https://on.cypress.io

Check if there is a GitHub issue describing this crash:

https://github.com/cypress-io/cypress/issues

Consider opening a new issue.

----------

Platform: darwin-arm64 (24.4.0)
Cypress Version: 14.5.4
